#
# A fatal error has been detected by the Java Runtime Environment:
#
#  EXCEPTION_ACCESS_VIOLATION (0xc0000005) at pc=0x00007fffc583faad, pid=2444, tid=2976
#
# JRE version: Java(TM) SE Runtime Environment (20.0+36) (build 20+36-2344)
# Java VM: Java HotSpot(TM) 64-Bit Server VM (20+36-2344, mixed mode, sharing, tiered, compressed oops, compressed class ptrs, g1 gc, windows-amd64)
# Problematic frame:
# C  [ntdll.dll+0x2faad]
#
# No core dump will be written. Minidumps are not enabled by default on client versions of Windows
#
# If you would like to submit a bug report, please visit:
#   https://bugreport.java.com/bugreport/crash.jsp
#

---------------  S U M M A R Y ------------

Command Line: -Dfile.encoding=UTF-8 --module-path=C:\Users\Elvis\Documents\NetBeansProjects\SofwareMatricula\build\classes SoftwareAsistencia.SoftwareMatriculaAppliation

Host: Intel(R) Core(TM) i5-3337U CPU @ 1.80GHz, 4 cores, 7G,  Windows 10 , 64 bit Build 19041 (10.0.19041.3636)
Time: Sat Nov 18 15:14:15 2023 Hora est. Pacífico, Sudamérica elapsed time: 23.284481 seconds (0d 0h 0m 23s)

---------------  T H R E A D  ---------------

Current thread (0x000001e3f8ebab50):  VMThread "VM Thread" [stack: 0x000000289e000000,0x000000289e100000] [id=2976]

Stack: [0x000000289e000000,0x000000289e100000],  sp=0x000000289e0fed10,  free space=1019k
Native frames: (J=compiled Java code, j=interpreted, Vv=VM code, C=native code)
C  [ntdll.dll+0x2faad]
C  [igdrcl64.dll+0x36542]


siginfo: EXCEPTION_ACCESS_VIOLATION (0xc0000005), writing address 0x0000000000000018


Registers:
RAX=0x000000289d53a000, RBX=0x0000000000000000, RCX=0x0000000000000010, RDX=0x000001e3fd253f10
RSP=0x000000289e0fed10, RBP=0x000001e3fd8ab9c0, RSI=0x0000000000000010, RDI=0x000001e3fd253f10
R8 =0x0000000000000032, R9 =0x0000000000000032, R10=0x0000000000000032, R11=0x000000289e0fed50
R12=0x00007fff81eb623c, R13=0x00007fff4c8dea90, R14=0x000055990ba6cd9e, R15=0x000001e3fd8ab290
RIP=0x00007fffc583faad, EFLAGS=0x0000000000010202


Register to memory mapping:

RIP=0x00007fffc583faad ntdll.dll
RAX=0x000000289d53a000 points into unknown readable memory: 0x0000000000000000 | 00 00 00 00 00 00 00 00
RBX=0x0 is NULL
RCX=0x0000000000000010 is an unknown value
RDX=0x000001e3fd253f10 points into unknown readable memory: 0x00007fff7ee1ffa0 | a0 ff e1 7e ff 7f 00 00
RSP=0x000000289e0fed10 points into unknown readable memory: 0x000001e3fd126090 | 90 60 12 fd e3 01 00 00
RBP=0x000001e3fd8ab9c0 points into unknown readable memory: 0x000055990ba6cd9e | 9e cd a6 0b 99 55 00 00
RSI=0x0000000000000010 is an unknown value
RDI=0x000001e3fd253f10 points into unknown readable memory: 0x00007fff7ee1ffa0 | a0 ff e1 7e ff 7f 00 00
R8 =0x0000000000000032 is an unknown value
R9 =0x0000000000000032 is an unknown value
R10=0x0000000000000032 is an unknown value
R11=0x000000289e0fed50 points into unknown readable memory: 0x000055990ba6cd9e | 9e cd a6 0b 99 55 00 00
R12=0x00007fff81eb623c opencv_java480.dll
R13=0x00007fff4c8dea90 jvm.dll
R14=0x000055990ba6cd9e is an unknown value
R15=0x000001e3fd8ab290 points into unknown readable memory: 0xe07a82810ba6d261 | 61 d2 a6 0b 81 82 7a e0


Top of Stack: (sp=0x000000289e0fed10)
0x000000289e0fed10:   000001e3fd126090 0000000000000175
0x000000289e0fed20:   0000000000000175 0000000000000175
0x000000289e0fed30:   0000000000000074 00007fff7ec76542
0x000000289e0fed40:   000055b195a9266e 0000000000000100
0x000000289e0fed50:   000055990ba6cd9e 000001e3fefea7b0
0x000000289e0fed60:   000001e3fef70d00 00007fff7ec71145
0x000000289e0fed70:   000000010000017e 000001e3fd253f10
0x000000289e0fed80:   000000289e0fef00 0000000000000000
0x000000289e0fed90:   000001e3fefea7b0 00007fff811bc109
0x000000289e0feda0:   000001e3fef709d0 0000002802000002
0x000000289e0fedb0:   0000000000000000 000001e3fd126090
0x000000289e0fedc0:   0000000000000000 0000000000000000
0x000000289e0fedd0:   000001e3fef709d0 0000000000000000
0x000000289e0fede0:   000001e3dab99db4 00000000000001fd
0x000000289e0fedf0:   000001e3fd126920 000055b195a9203e
0x000000289e0fee00:   000001e3fefea7b0 00007fff811a4061
0x000000289e0fee10:   000001e3dab90000 000001e3fefea7a0
0x000000289e0fee20:   0000000000000000 000001e374000175
0x000000289e0fee30:   00000000ffffffff 00007fff81fe8ac0
0x000000289e0fee40:   000001e3fefea7b0 000001e3fefea7a0
0x000000289e0fee50:   000000289e0ff008 000001e3f70801fe
0x000000289e0fee60:   000001e3fd8ab9b0 00007fff81f0442f
0x000000289e0fee70:   000001e3fd8ab290 00007fffc5810000
0x000000289e0fee80:   0000000000000001 000001e3fd126090
0x000000289e0fee90:   0000000000000001 00007fff7fab0000
0x000000289e0feea0:   000000289e0fef00 00007fff81f041dd
0x000000289e0feeb0:   000000289e0fef30 000000289e0fefd0
0x000000289e0feec0:   0000000000000001 000001e3dab90000
0x000000289e0feed0:   000000289e0fefb0 00007fff81f04501
0x000000289e0feee0:   000000289e0fefb0 0000000000000001
0x000000289e0feef0:   0000000000000000 000000289e0fef30
0x000000289e0fef00:   000000289e0fef20 00007fffb9ea5bc8 

Instructions: (pc=0x00007fffc583faad)
0x00007fffc583f9ad:   48 b8 7f 7f 7f 7f 7f 7f 7f 7f 41 8b c8 48 0b cb
0x00007fffc583f9bd:   48 23 c8 83 e6 1f 49 89 8c f4 40 a5 16 00 48 81
0x00007fffc583f9cd:   c4 98 00 00 00 41 5f 41 5e 41 5d 41 5c 5f 5e 5b
0x00007fffc583f9dd:   5d c3 cc 33 d2 41 8b c6 41 f7 f0 44 8b c8 e9 d6
0x00007fffc583f9ed:   fc ff ff 41 8d 57 ff 41 85 d7 0f 84 13 38 08 00
0x00007fffc583f9fd:   41 b8 00 10 00 00 41 b9 ff ff 00 00 e9 3c 38 08
0x00007fffc583fa0d:   00 cc cc cc cc cc cc 48 8b c4 48 89 58 08 48 89
0x00007fffc583fa1d:   68 10 48 89 70 18 48 89 78 20 41 56 48 83 ec 20
0x00007fffc583fa2d:   40 8a ea 4c 8d 35 99 d1 13 00 48 8b f1 33 db 48
0x00007fffc583fa3d:   8d 0d 9d d1 13 00 e8 58 00 00 00 4c 8b 05 81 d1
0x00007fffc583fa4d:   13 00 4d 3b c6 0f 85 08 3b 08 00 48 85 db 75 33
0x00007fffc583fa5d:   48 8d 0d 7c d1 13 00 e8 c7 f7 ff ff 48 85 db 0f
0x00007fffc583fa6d:   85 23 3b 08 00 33 c0 48 8b 5c 24 30 48 8b 6c 24
0x00007fffc583fa7d:   38 48 8b 74 24 40 48 8b 7c 24 48 48 83 c4 20 41
0x00007fffc583fa8d:   5e c3 cc f0 ff 43 3c eb c7 cc cc cc cc cc cc cc
0x00007fffc583fa9d:   cc cc cc 48 83 ec 28 65 48 8b 04 25 30 00 00 00
0x00007fffc583faad:   f0 0f ba 71 08 00 48 8b 40 48 73 13 48 89 41 10
0x00007fffc583fabd:   33 c0 c7 41 0c 01 00 00 00 48 83 c4 28 c3 cc 48
0x00007fffc583facd:   39 41 10 75 0b ff 41 0c 33 c0 48 83 c4 28 c3 cc
0x00007fffc583fadd:   e8 0e 00 00 00 eb e2 cc cc cc cc cc cc cc cc cc
0x00007fffc583faed:   cc cc cc 48 89 5c 24 18 55 56 57 41 54 41 55 41
0x00007fffc583fafd:   56 41 57 48 83 ec 20 8b 41 20 48 8b f1 48 0f ba
0x00007fffc583fb0d:   e0 1a 0f 82 df 01 00 00 33 ff 40 32 ed 66 83 3c
0x00007fffc583fb1d:   25 6a 03 fe 7f 01 76 19 48 8b 7e 20 48 8b c7 81
0x00007fffc583fb2d:   e7 ff ff ff 00 25 00 00 00 02 48 85 c0 40 0f 95
0x00007fffc583fb3d:   c5 45 32 ff b0 01 45 32 e4 41 bd 01 00 00 00 45
0x00007fffc583fb4d:   33 c0 ba 6a 03 fe 7f 84 c0 0f 84 14 01 00 00 8b
0x00007fffc583fb5d:   46 08 4c 8d 4e 08 45 84 e4 41 be 03 00 00 00 45
0x00007fffc583fb6d:   0f 44 f5 41 84 c5 0f 85 e2 00 00 00 8d 0c bf 03
0x00007fffc583fb7d:   c9 66 44 39 2a 0f 86 e8 00 00 00 4d 85 c9 74 0e
0x00007fffc583fb8d:   80 3c 25 97 02 fe 7f 00 0f 85 29 3a 08 00 0f b7
0x00007fffc583fb9d:   1c 25 d6 02 fe 7f 83 fb 0c 0f 85 a2 00 00 00 b8 


Stack slot to memory mapping:
stack at sp + 0 slots: 0x000001e3fd126090 points into unknown readable memory: 0x0000000000000000 | 00 00 00 00 00 00 00 00
stack at sp + 1 slots: 0x0000000000000175 is an unknown value
stack at sp + 2 slots: 0x0000000000000175 is an unknown value
stack at sp + 3 slots: 0x0000000000000175 is an unknown value
stack at sp + 4 slots: 0x0000000000000074 is an unknown value
stack at sp + 5 slots: 0x00007fff7ec76542 igdrcl64.dll
stack at sp + 6 slots: 0x000055b195a9266e is an unknown value
stack at sp + 7 slots: 0x0000000000000100 is an unknown value

VM_Operation (0x000000289effe060): Exit, mode: safepoint, requested by thread 0x000001e3fd6cc010


---------------  P R O C E S S  ---------------

Threads class SMR info:
_java_thread_list=0x000001e3fef6b390, length=16, elements={
0x000001e3f8ed71c0, 0x000001e3f8ed7fc0, 0x000001e3f8ed8dc0, 0x000001e3f8edc820,
0x000001e3f8edd160, 0x000001e3f8eddaa0, 0x000001e3f8ede710, 0x000001e3f8efde70,
0x000001e3f8ea4750, 0x000001e3fd2ae830, 0x000001e3fd6994a0, 0x000001e3fd6f5490,
0x000001e3fd6cc010, 0x000001e3dcdb7580, 0x000001e3fde0e430, 0x000001e3fde0f420
}

Java Threads: ( => current thread )
  0x000001e3f8ed71c0 JavaThread "Reference Handler" daemon [_thread_blocked, id=7160, stack(0x000000289e100000,0x000000289e200000)]
  0x000001e3f8ed7fc0 JavaThread "Finalizer" daemon [_thread_blocked, id=1156, stack(0x000000289e200000,0x000000289e300000)]
  0x000001e3f8ed8dc0 JavaThread "Signal Dispatcher" daemon [_thread_blocked, id=8444, stack(0x000000289e300000,0x000000289e400000)]
  0x000001e3f8edc820 JavaThread "Attach Listener" daemon [_thread_blocked, id=1312, stack(0x000000289e400000,0x000000289e500000)]
  0x000001e3f8edd160 JavaThread "Service Thread" daemon [_thread_blocked, id=8184, stack(0x000000289e500000,0x000000289e600000)]
  0x000001e3f8eddaa0 JavaThread "Monitor Deflation Thread" daemon [_thread_blocked, id=1556, stack(0x000000289e600000,0x000000289e700000)]
  0x000001e3f8ede710 JavaThread "C2 CompilerThread0" daemon [_thread_blocked, id=768, stack(0x000000289e700000,0x000000289e800000)]
  0x000001e3f8efde70 JavaThread "C1 CompilerThread0" daemon [_thread_blocked, id=6756, stack(0x000000289e800000,0x000000289e900000)]
  0x000001e3f8ea4750 JavaThread "Common-Cleaner" daemon [_thread_blocked, id=6076, stack(0x000000289e900000,0x000000289ea00000)]
  0x000001e3fd2ae830 JavaThread "Notification Thread" daemon [_thread_blocked, id=5064, stack(0x000000289ea00000,0x000000289eb00000)]
  0x000001e3fd6994a0 JavaThread "Java2D Disposer" daemon [_thread_blocked, id=940, stack(0x000000289ec00000,0x000000289ed00000)]
  0x000001e3fd6f5490 JavaThread "AWT-Shutdown" [_thread_blocked, id=3872, stack(0x000000289ed00000,0x000000289ee00000)]
  0x000001e3fd6cc010 JavaThread "AWT-EventQueue-0" [_thread_blocked, id=11584, stack(0x000000289ef00000,0x000000289f000000)]
  0x000001e3dcdb7580 JavaThread "DestroyJavaVM" [_thread_blocked, id=8388, stack(0x000000289da00000,0x000000289db00000)]
  0x000001e3fde0e430 JavaThread "mysql-cj-abandoned-connection-cleanup" daemon [_thread_blocked, id=6228, stack(0x000000289f800000,0x000000289f900000)]
  0x000001e3fde0f420 JavaThread "TimerQueue" daemon [_thread_blocked, id=2316, stack(0x000000289f700000,0x000000289f800000)]

Other Threads:
=>0x000001e3f8ebab50 VMThread "VM Thread" [stack: 0x000000289e000000,0x000000289e100000] [id=2976]
  0x000001e3dce145a0 WorkerThread "GC Thread#0" [stack: 0x000000289db00000,0x000000289dc00000] [id=8244]
  0x000001e3fd877a60 WorkerThread "GC Thread#1" [stack: 0x000000289f100000,0x000000289f200000] [id=8704]
  0x000001e3fd877d30 WorkerThread "GC Thread#2" [stack: 0x000000289f500000,0x000000289f600000] [id=11220]
  0x000001e3fd7e0160 WorkerThread "GC Thread#3" [stack: 0x000000289f600000,0x000000289f700000] [id=11648]
  0x000001e3dce250c0 ConcurrentGCThread "G1 Main Marker" terminated
  0x000001e3dce26a10 WorkerThread "G1 Conc#0" [stack: 0x000000289dd00000,0x000000289de00000] [id=9116]
  0x000001e3dce7e970 ConcurrentGCThread "G1 Refine#0" terminated
  0x000001e3f8d6c4f0 ConcurrentGCThread "G1 Service" terminated

Threads with active compile tasks:

VM state: at safepoint (shutting down)

VM Mutex/Monitor currently owned by a thread:  ([mutex/lock_event])
[0x000001e3dcdb2590] Threads_lock - owner thread: 0x000001e3f8ebab50
[0x000001e3dcdb1810] Heap_lock - owner thread: 0x000001e3fd6cc010

Heap address: 0x0000000081800000, size: 2024 MB, Compressed Oops mode: 32-bit

CDS archive(s) mapped at: [0x0000000800000000-0x0000000800c60000-0x0000000800c60000), size 12976128, SharedBaseAddress: 0x0000000800000000, ArchiveRelocationMode: 0.
Compressed class space mapped at: 0x0000000801000000-0x0000000841000000, reserved size: 1073741824
Narrow klass base: 0x0000000800000000, Narrow klass shift: 0, Narrow klass range: 0x100000000

GC Precious Log:
 CardTable entry size: 512
 Card Set container configuration: InlinePtr #cards 5 size 8 Array Of Cards #cards 12 size 40 Howl #buckets 4 coarsen threshold 1843 Howl Bitmap #cards 512 size 80 coarsen threshold 460 Card regions per heap region 1 cards per card region 2048
 CPUs: 4 total, 4 available
 Memory: 8095M
 Large Page Support: Disabled
 NUMA Support: Disabled
 Compressed Oops: Enabled (32-bit)
 Heap Region Size: 1M
 Heap Min Capacity: 8M
 Heap Initial Capacity: 128M
 Heap Max Capacity: 2024M
 Pre-touch: Disabled
 Parallel Workers: 4
 Concurrent Workers: 1
 Concurrent Refinement Workers: 4
 Periodic GC: Disabled

Heap:
 garbage-first heap   total 131072K, used 29949K [0x0000000081800000, 0x0000000100000000)
  region size 1024K, 24 young (24576K), 2 survivors (2048K)
 Metaspace       used 13401K, committed 13696K, reserved 1114112K
  class space    used 1358K, committed 1536K, reserved 1048576K

Heap Regions: E=young(eden), S=young(survivor), O=old, HS=humongous(starts), HC=humongous(continues), CS=collection set, F=free, OA=open archive, CA=closed archive, TAMS=top-at-mark-start, PB=parsable bottom
|   0|0x0000000081800000, 0x0000000081900000, 0x0000000081900000|100%| O|  |TAMS 0x0000000081800000| PB 0x0000000081800000| Untracked 
|   1|0x0000000081900000, 0x0000000081a00000, 0x0000000081a00000|100%| O|  |TAMS 0x0000000081900000| PB 0x0000000081900000| Untracked 
|   2|0x0000000081a00000, 0x0000000081b00000, 0x0000000081b00000|100%| O|  |TAMS 0x0000000081a00000| PB 0x0000000081a00000| Untracked 
|   3|0x0000000081b00000, 0x0000000081bcd000, 0x0000000081c00000| 80%| O|  |TAMS 0x0000000081b00000| PB 0x0000000081b00000| Untracked 
|   4|0x0000000081c00000, 0x0000000081d00000, 0x0000000081d00000|100%|HS|  |TAMS 0x0000000081c00000| PB 0x0000000081c00000| Complete 
|   5|0x0000000081d00000, 0x0000000081e00000, 0x0000000081e00000|100%|HS|  |TAMS 0x0000000081d00000| PB 0x0000000081d00000| Complete 
|   6|0x0000000081e00000, 0x0000000081f00000, 0x0000000081f00000|100%|HS|  |TAMS 0x0000000081e00000| PB 0x0000000081e00000| Complete 
|   7|0x0000000081f00000, 0x0000000082000000, 0x0000000082000000|100%|HC|  |TAMS 0x0000000081f00000| PB 0x0000000081f00000| Complete 
|   8|0x0000000082000000, 0x0000000082000000, 0x0000000082100000|  0%| F|  |TAMS 0x0000000082000000| PB 0x0000000082000000| Untracked 
|   9|0x0000000082100000, 0x0000000082100000, 0x0000000082200000|  0%| F|  |TAMS 0x0000000082100000| PB 0x0000000082100000| Untracked 
|  10|0x0000000082200000, 0x0000000082200000, 0x0000000082300000|  0%| F|  |TAMS 0x0000000082200000| PB 0x0000000082200000| Untracked 
|  11|0x0000000082300000, 0x0000000082300000, 0x0000000082400000|  0%| F|  |TAMS 0x0000000082300000| PB 0x0000000082300000| Untracked 
|  12|0x0000000082400000, 0x0000000082400000, 0x0000000082500000|  0%| F|  |TAMS 0x0000000082400000| PB 0x0000000082400000| Untracked 
|  13|0x0000000082500000, 0x0000000082500000, 0x0000000082600000|  0%| F|  |TAMS 0x0000000082500000| PB 0x0000000082500000| Untracked 
|  14|0x0000000082600000, 0x0000000082600000, 0x0000000082700000|  0%| F|  |TAMS 0x0000000082600000| PB 0x0000000082600000| Untracked 
|  15|0x0000000082700000, 0x0000000082700000, 0x0000000082800000|  0%| F|  |TAMS 0x0000000082700000| PB 0x0000000082700000| Untracked 
|  16|0x0000000082800000, 0x0000000082800000, 0x0000000082900000|  0%| F|  |TAMS 0x0000000082800000| PB 0x0000000082800000| Untracked 
|  17|0x0000000082900000, 0x0000000082900000, 0x0000000082a00000|  0%| F|  |TAMS 0x0000000082900000| PB 0x0000000082900000| Untracked 
|  18|0x0000000082a00000, 0x0000000082a00000, 0x0000000082b00000|  0%| F|  |TAMS 0x0000000082a00000| PB 0x0000000082a00000| Untracked 
|  19|0x0000000082b00000, 0x0000000082b00000, 0x0000000082c00000|  0%| F|  |TAMS 0x0000000082b00000| PB 0x0000000082b00000| Untracked 
|  20|0x0000000082c00000, 0x0000000082c00000, 0x0000000082d00000|  0%| F|  |TAMS 0x0000000082c00000| PB 0x0000000082c00000| Untracked 
|  21|0x0000000082d00000, 0x0000000082d00000, 0x0000000082e00000|  0%| F|  |TAMS 0x0000000082d00000| PB 0x0000000082d00000| Untracked 
|  22|0x0000000082e00000, 0x0000000082e00000, 0x0000000082f00000|  0%| F|  |TAMS 0x0000000082e00000| PB 0x0000000082e00000| Untracked 
|  23|0x0000000082f00000, 0x0000000082f00000, 0x0000000083000000|  0%| F|  |TAMS 0x0000000082f00000| PB 0x0000000082f00000| Untracked 
|  24|0x0000000083000000, 0x0000000083000000, 0x0000000083100000|  0%| F|  |TAMS 0x0000000083000000| PB 0x0000000083000000| Untracked 
|  25|0x0000000083100000, 0x0000000083100000, 0x0000000083200000|  0%| F|  |TAMS 0x0000000083100000| PB 0x0000000083100000| Untracked 
|  26|0x0000000083200000, 0x0000000083200000, 0x0000000083300000|  0%| F|  |TAMS 0x0000000083200000| PB 0x0000000083200000| Untracked 
|  27|0x0000000083300000, 0x0000000083300000, 0x0000000083400000|  0%| F|  |TAMS 0x0000000083300000| PB 0x0000000083300000| Untracked 
|  28|0x0000000083400000, 0x0000000083400000, 0x0000000083500000|  0%| F|  |TAMS 0x0000000083400000| PB 0x0000000083400000| Untracked 
|  29|0x0000000083500000, 0x0000000083500000, 0x0000000083600000|  0%| F|  |TAMS 0x0000000083500000| PB 0x0000000083500000| Untracked 
|  30|0x0000000083600000, 0x0000000083600000, 0x0000000083700000|  0%| F|  |TAMS 0x0000000083600000| PB 0x0000000083600000| Untracked 
|  31|0x0000000083700000, 0x0000000083700000, 0x0000000083800000|  0%| F|  |TAMS 0x0000000083700000| PB 0x0000000083700000| Untracked 
|  32|0x0000000083800000, 0x0000000083800000, 0x0000000083900000|  0%| F|  |TAMS 0x0000000083800000| PB 0x0000000083800000| Untracked 
|  33|0x0000000083900000, 0x0000000083900000, 0x0000000083a00000|  0%| F|  |TAMS 0x0000000083900000| PB 0x0000000083900000| Untracked 
|  34|0x0000000083a00000, 0x0000000083a00000, 0x0000000083b00000|  0%| F|  |TAMS 0x0000000083a00000| PB 0x0000000083a00000| Untracked 
|  35|0x0000000083b00000, 0x0000000083b00000, 0x0000000083c00000|  0%| F|  |TAMS 0x0000000083b00000| PB 0x0000000083b00000| Untracked 
|  36|0x0000000083c00000, 0x0000000083c00000, 0x0000000083d00000|  0%| F|  |TAMS 0x0000000083c00000| PB 0x0000000083c00000| Untracked 
|  37|0x0000000083d00000, 0x0000000083d00000, 0x0000000083e00000|  0%| F|  |TAMS 0x0000000083d00000| PB 0x0000000083d00000| Untracked 
|  38|0x0000000083e00000, 0x0000000083e00000, 0x0000000083f00000|  0%| F|  |TAMS 0x0000000083e00000| PB 0x0000000083e00000| Untracked 
|  39|0x0000000083f00000, 0x0000000083f00000, 0x0000000084000000|  0%| F|  |TAMS 0x0000000083f00000| PB 0x0000000083f00000| Untracked 
|  40|0x0000000084000000, 0x0000000084000000, 0x0000000084100000|  0%| F|  |TAMS 0x0000000084000000| PB 0x0000000084000000| Untracked 
|  41|0x0000000084100000, 0x0000000084100000, 0x0000000084200000|  0%| F|  |TAMS 0x0000000084100000| PB 0x0000000084100000| Untracked 
|  42|0x0000000084200000, 0x0000000084200000, 0x0000000084300000|  0%| F|  |TAMS 0x0000000084200000| PB 0x0000000084200000| Untracked 
|  43|0x0000000084300000, 0x0000000084300000, 0x0000000084400000|  0%| F|  |TAMS 0x0000000084300000| PB 0x0000000084300000| Untracked 
|  44|0x0000000084400000, 0x0000000084400000, 0x0000000084500000|  0%| F|  |TAMS 0x0000000084400000| PB 0x0000000084400000| Untracked 
|  45|0x0000000084500000, 0x0000000084500000, 0x0000000084600000|  0%| F|  |TAMS 0x0000000084500000| PB 0x0000000084500000| Untracked 
|  46|0x0000000084600000, 0x0000000084600000, 0x0000000084700000|  0%| F|  |TAMS 0x0000000084600000| PB 0x0000000084600000| Untracked 
|  47|0x0000000084700000, 0x0000000084700000, 0x0000000084800000|  0%| F|  |TAMS 0x0000000084700000| PB 0x0000000084700000| Untracked 
|  48|0x0000000084800000, 0x0000000084800000, 0x0000000084900000|  0%| F|  |TAMS 0x0000000084800000| PB 0x0000000084800000| Untracked 
|  49|0x0000000084900000, 0x0000000084900000, 0x0000000084a00000|  0%| F|  |TAMS 0x0000000084900000| PB 0x0000000084900000| Untracked 
|  50|0x0000000084a00000, 0x0000000084a00000, 0x0000000084b00000|  0%| F|  |TAMS 0x0000000084a00000| PB 0x0000000084a00000| Untracked 
|  51|0x0000000084b00000, 0x0000000084b00000, 0x0000000084c00000|  0%| F|  |TAMS 0x0000000084b00000| PB 0x0000000084b00000| Untracked 
|  52|0x0000000084c00000, 0x0000000084c00000, 0x0000000084d00000|  0%| F|  |TAMS 0x0000000084c00000| PB 0x0000000084c00000| Untracked 
|  53|0x0000000084d00000, 0x0000000084d00000, 0x0000000084e00000|  0%| F|  |TAMS 0x0000000084d00000| PB 0x0000000084d00000| Untracked 
|  54|0x0000000084e00000, 0x0000000084e00000, 0x0000000084f00000|  0%| F|  |TAMS 0x0000000084e00000| PB 0x0000000084e00000| Untracked 
|  55|0x0000000084f00000, 0x0000000084f00000, 0x0000000085000000|  0%| F|  |TAMS 0x0000000084f00000| PB 0x0000000084f00000| Untracked 
|  56|0x0000000085000000, 0x0000000085000000, 0x0000000085100000|  0%| F|  |TAMS 0x0000000085000000| PB 0x0000000085000000| Untracked 
|  57|0x0000000085100000, 0x0000000085100000, 0x0000000085200000|  0%| F|  |TAMS 0x0000000085100000| PB 0x0000000085100000| Untracked 
|  58|0x0000000085200000, 0x0000000085200000, 0x0000000085300000|  0%| F|  |TAMS 0x0000000085200000| PB 0x0000000085200000| Untracked 
|  59|0x0000000085300000, 0x0000000085300000, 0x0000000085400000|  0%| F|  |TAMS 0x0000000085300000| PB 0x0000000085300000| Untracked 
|  60|0x0000000085400000, 0x0000000085400000, 0x0000000085500000|  0%| F|  |TAMS 0x0000000085400000| PB 0x0000000085400000| Untracked 
|  61|0x0000000085500000, 0x0000000085500000, 0x0000000085600000|  0%| F|  |TAMS 0x0000000085500000| PB 0x0000000085500000| Untracked 
|  62|0x0000000085600000, 0x0000000085600000, 0x0000000085700000|  0%| F|  |TAMS 0x0000000085600000| PB 0x0000000085600000| Untracked 
|  63|0x0000000085700000, 0x0000000085700000, 0x0000000085800000|  0%| F|  |TAMS 0x0000000085700000| PB 0x0000000085700000| Untracked 
|  64|0x0000000085800000, 0x0000000085800000, 0x0000000085900000|  0%| F|  |TAMS 0x0000000085800000| PB 0x0000000085800000| Untracked 
|  65|0x0000000085900000, 0x0000000085900000, 0x0000000085a00000|  0%| F|  |TAMS 0x0000000085900000| PB 0x0000000085900000| Untracked 
|  66|0x0000000085a00000, 0x0000000085a00000, 0x0000000085b00000|  0%| F|  |TAMS 0x0000000085a00000| PB 0x0000000085a00000| Untracked 
|  67|0x0000000085b00000, 0x0000000085b00000, 0x0000000085c00000|  0%| F|  |TAMS 0x0000000085b00000| PB 0x0000000085b00000| Untracked 
|  68|0x0000000085c00000, 0x0000000085c00000, 0x0000000085d00000|  0%| F|  |TAMS 0x0000000085c00000| PB 0x0000000085c00000| Untracked 
|  69|0x0000000085d00000, 0x0000000085d00000, 0x0000000085e00000|  0%| F|  |TAMS 0x0000000085d00000| PB 0x0000000085d00000| Untracked 
|  70|0x0000000085e00000, 0x0000000085e00000, 0x0000000085f00000|  0%| F|  |TAMS 0x0000000085e00000| PB 0x0000000085e00000| Untracked 
|  71|0x0000000085f00000, 0x0000000085f00000, 0x0000000086000000|  0%| F|  |TAMS 0x0000000085f00000| PB 0x0000000085f00000| Untracked 
|  72|0x0000000086000000, 0x0000000086000000, 0x0000000086100000|  0%| F|  |TAMS 0x0000000086000000| PB 0x0000000086000000| Untracked 
|  73|0x0000000086100000, 0x0000000086100000, 0x0000000086200000|  0%| F|  |TAMS 0x0000000086100000| PB 0x0000000086100000| Untracked 
|  74|0x0000000086200000, 0x0000000086200000, 0x0000000086300000|  0%| F|  |TAMS 0x0000000086200000| PB 0x0000000086200000| Untracked 
|  75|0x0000000086300000, 0x0000000086300000, 0x0000000086400000|  0%| F|  |TAMS 0x0000000086300000| PB 0x0000000086300000| Untracked 
|  76|0x0000000086400000, 0x0000000086400000, 0x0000000086500000|  0%| F|  |TAMS 0x0000000086400000| PB 0x0000000086400000| Untracked 
|  77|0x0000000086500000, 0x0000000086500000, 0x0000000086600000|  0%| F|  |TAMS 0x0000000086500000| PB 0x0000000086500000| Untracked 
|  78|0x0000000086600000, 0x0000000086600000, 0x0000000086700000|  0%| F|  |TAMS 0x0000000086600000| PB 0x0000000086600000| Untracked 
|  79|0x0000000086700000, 0x0000000086700000, 0x0000000086800000|  0%| F|  |TAMS 0x0000000086700000| PB 0x0000000086700000| Untracked 
|  80|0x0000000086800000, 0x0000000086800000, 0x0000000086900000|  0%| F|  |TAMS 0x0000000086800000| PB 0x0000000086800000| Untracked 
|  81|0x0000000086900000, 0x0000000086900000, 0x0000000086a00000|  0%| F|  |TAMS 0x0000000086900000| PB 0x0000000086900000| Untracked 
|  82|0x0000000086a00000, 0x0000000086a00000, 0x0000000086b00000|  0%| F|  |TAMS 0x0000000086a00000| PB 0x0000000086a00000| Untracked 
|  83|0x0000000086b00000, 0x0000000086b00000, 0x0000000086c00000|  0%| F|  |TAMS 0x0000000086b00000| PB 0x0000000086b00000| Untracked 
|  84|0x0000000086c00000, 0x0000000086c00000, 0x0000000086d00000|  0%| F|  |TAMS 0x0000000086c00000| PB 0x0000000086c00000| Untracked 
|  85|0x0000000086d00000, 0x0000000086d00000, 0x0000000086e00000|  0%| F|  |TAMS 0x0000000086d00000| PB 0x0000000086d00000| Untracked 
|  86|0x0000000086e00000, 0x0000000086e00000, 0x0000000086f00000|  0%| F|  |TAMS 0x0000000086e00000| PB 0x0000000086e00000| Untracked 
|  87|0x0000000086f00000, 0x0000000086f00000, 0x0000000087000000|  0%| F|  |TAMS 0x0000000086f00000| PB 0x0000000086f00000| Untracked 
|  88|0x0000000087000000, 0x0000000087000000, 0x0000000087100000|  0%| F|  |TAMS 0x0000000087000000| PB 0x0000000087000000| Untracked 
|  89|0x0000000087100000, 0x0000000087100000, 0x0000000087200000|  0%| F|  |TAMS 0x0000000087100000| PB 0x0000000087100000| Untracked 
|  90|0x0000000087200000, 0x0000000087200000, 0x0000000087300000|  0%| F|  |TAMS 0x0000000087200000| PB 0x0000000087200000| Untracked 
|  91|0x0000000087300000, 0x0000000087300000, 0x0000000087400000|  0%| F|  |TAMS 0x0000000087300000| PB 0x0000000087300000| Untracked 
|  92|0x0000000087400000, 0x0000000087400000, 0x0000000087500000|  0%| F|  |TAMS 0x0000000087400000| PB 0x0000000087400000| Untracked 
|  93|0x0000000087500000, 0x0000000087500000, 0x0000000087600000|  0%| F|  |TAMS 0x0000000087500000| PB 0x0000000087500000| Untracked 
|  94|0x0000000087600000, 0x0000000087600000, 0x0000000087700000|  0%| F|  |TAMS 0x0000000087600000| PB 0x0000000087600000| Untracked 
|  95|0x0000000087700000, 0x0000000087700000, 0x0000000087800000|  0%| F|  |TAMS 0x0000000087700000| PB 0x0000000087700000| Untracked 
|  96|0x0000000087800000, 0x0000000087800000, 0x0000000087900000|  0%| F|  |TAMS 0x0000000087800000| PB 0x0000000087800000| Untracked 
|  97|0x0000000087900000, 0x0000000087900000, 0x0000000087a00000|  0%| F|  |TAMS 0x0000000087900000| PB 0x0000000087900000| Untracked 
|  98|0x0000000087a00000, 0x0000000087a00000, 0x0000000087b00000|  0%| F|  |TAMS 0x0000000087a00000| PB 0x0000000087a00000| Untracked 
|  99|0x0000000087b00000, 0x0000000087b00000, 0x0000000087c00000|  0%| F|  |TAMS 0x0000000087b00000| PB 0x0000000087b00000| Untracked 
| 100|0x0000000087c00000, 0x0000000087c00000, 0x0000000087d00000|  0%| F|  |TAMS 0x0000000087c00000| PB 0x0000000087c00000| Untracked 
| 101|0x0000000087d00000, 0x0000000087d00000, 0x0000000087e00000|  0%| F|  |TAMS 0x0000000087d00000| PB 0x0000000087d00000| Untracked 
| 102|0x0000000087e00000, 0x0000000087e00000, 0x0000000087f00000|  0%| F|  |TAMS 0x0000000087e00000| PB 0x0000000087e00000| Untracked 
| 103|0x0000000087f00000, 0x0000000087f00000, 0x0000000088000000|  0%| F|  |TAMS 0x0000000087f00000| PB 0x0000000087f00000| Untracked 
| 104|0x0000000088000000, 0x00000000880e91b0, 0x0000000088100000| 91%| E|  |TAMS 0x0000000088000000| PB 0x0000000088000000| Complete 
| 105|0x0000000088100000, 0x0000000088200000, 0x0000000088200000|100%| E|CS|TAMS 0x0000000088100000| PB 0x0000000088100000| Complete 
| 106|0x0000000088200000, 0x0000000088300000, 0x0000000088300000|100%| E|  |TAMS 0x0000000088200000| PB 0x0000000088200000| Complete 
| 107|0x0000000088300000, 0x0000000088400000, 0x0000000088400000|100%| E|CS|TAMS 0x0000000088300000| PB 0x0000000088300000| Complete 
| 108|0x0000000088400000, 0x0000000088500000, 0x0000000088500000|100%| E|CS|TAMS 0x0000000088400000| PB 0x0000000088400000| Complete 
| 109|0x0000000088500000, 0x0000000088600000, 0x0000000088600000|100%| E|CS|TAMS 0x0000000088500000| PB 0x0000000088500000| Complete 
| 110|0x0000000088600000, 0x0000000088700000, 0x0000000088700000|100%| E|CS|TAMS 0x0000000088600000| PB 0x0000000088600000| Complete 
| 111|0x0000000088700000, 0x0000000088772560, 0x0000000088800000| 44%| S|CS|TAMS 0x0000000088700000| PB 0x0000000088700000| Complete 
| 112|0x0000000088800000, 0x0000000088900000, 0x0000000088900000|100%| S|CS|TAMS 0x0000000088800000| PB 0x0000000088800000| Complete 
| 113|0x0000000088900000, 0x0000000088a00000, 0x0000000088a00000|100%| E|CS|TAMS 0x0000000088900000| PB 0x0000000088900000| Complete 
| 114|0x0000000088a00000, 0x0000000088b00000, 0x0000000088b00000|100%| E|CS|TAMS 0x0000000088a00000| PB 0x0000000088a00000| Complete 
| 115|0x0000000088b00000, 0x0000000088c00000, 0x0000000088c00000|100%| E|CS|TAMS 0x0000000088b00000| PB 0x0000000088b00000| Complete 
| 116|0x0000000088c00000, 0x0000000088d00000, 0x0000000088d00000|100%| E|CS|TAMS 0x0000000088c00000| PB 0x0000000088c00000| Complete 
| 117|0x0000000088d00000, 0x0000000088e00000, 0x0000000088e00000|100%| E|CS|TAMS 0x0000000088d00000| PB 0x0000000088d00000| Complete 
| 118|0x0000000088e00000, 0x0000000088f00000, 0x0000000088f00000|100%| E|CS|TAMS 0x0000000088e00000| PB 0x0000000088e00000| Complete 
| 119|0x0000000088f00000, 0x0000000089000000, 0x0000000089000000|100%| E|CS|TAMS 0x0000000088f00000| PB 0x0000000088f00000| Complete 
| 120|0x0000000089000000, 0x0000000089100000, 0x0000000089100000|100%| E|CS|TAMS 0x0000000089000000| PB 0x0000000089000000| Complete 
| 121|0x0000000089100000, 0x0000000089200000, 0x0000000089200000|100%| E|CS|TAMS 0x0000000089100000| PB 0x0000000089100000| Complete 
| 122|0x0000000089200000, 0x0000000089300000, 0x0000000089300000|100%| E|CS|TAMS 0x0000000089200000| PB 0x0000000089200000| Complete 
| 123|0x0000000089300000, 0x0000000089400000, 0x0000000089400000|100%| E|CS|TAMS 0x0000000089300000| PB 0x0000000089300000| Complete 
| 124|0x0000000089400000, 0x0000000089500000, 0x0000000089500000|100%| E|CS|TAMS 0x0000000089400000| PB 0x0000000089400000| Complete 
| 125|0x0000000089500000, 0x0000000089600000, 0x0000000089600000|100%| E|CS|TAMS 0x0000000089500000| PB 0x0000000089500000| Complete 
| 126|0x0000000089600000, 0x0000000089700000, 0x0000000089700000|100%| E|CS|TAMS 0x0000000089600000| PB 0x0000000089600000| Complete 
| 127|0x0000000089700000, 0x0000000089800000, 0x0000000089800000|100%| E|CS|TAMS 0x0000000089700000| PB 0x0000000089700000| Complete 

Card table byte_map: [0x000001e3f4270000,0x000001e3f4670000] _byte_map_base: 0x000001e3f3e64000

Marking Bits: (CMBitMap*) 0x000001e3dce14ae0
 Bits: [0x000001e3f4a70000, 0x000001e3f6a10000)

Polling page: 0x000001e3dc580000

Metaspace:

Usage:
  Non-class:     11.76 MB used.
      Class:      1.33 MB used.
       Both:     13.09 MB used.

Virtual space:
  Non-class space:       64.00 MB reserved,      11.88 MB ( 19%) committed,  1 nodes.
      Class space:        1.00 GB reserved,       1.50 MB ( <1%) committed,  1 nodes.
             Both:        1.06 GB reserved,      13.38 MB (  1%) committed. 

Chunk freelists:
   Non-Class:  3.84 MB
       Class:  2.48 MB
        Both:  6.33 MB

MaxMetaspaceSize: unlimited
CompressedClassSpaceSize: 1.00 GB
Initial GC threshold: 21.00 MB
Current GC threshold: 21.00 MB
CDS: on
MetaspaceReclaimPolicy: balanced
 - commit_granule_bytes: 65536.
 - commit_granule_words: 8192.
 - virtual_space_node_default_size: 8388608.
 - enlarge_chunks_in_place: 1.
 - new_chunks_are_fully_committed: 0.
 - uncommit_free_chunks: 1.
 - use_allocation_guard: 0.


Internal statistics:

num_allocs_failed_limit: 0.
num_arena_births: 178.
num_arena_deaths: 0.
num_vsnodes_births: 2.
num_vsnodes_deaths: 0.
num_space_committed: 214.
num_space_uncommitted: 0.
num_chunks_returned_to_freelist: 0.
num_chunks_taken_from_freelist: 385.
num_chunk_merges: 0.
num_chunk_splits: 225.
num_chunks_enlarged: 103.
num_inconsistent_stats: 0.

CodeHeap 'non-profiled nmethods': size=120000Kb used=731Kb max_used=731Kb free=119268Kb
 bounds [0x000001e3ec940000, 0x000001e3ecbb0000, 0x000001e3f3e70000]
CodeHeap 'profiled nmethods': size=120000Kb used=4094Kb max_used=4094Kb free=115905Kb
 bounds [0x000001e3e4e70000, 0x000001e3e5270000, 0x000001e3ec3a0000]
CodeHeap 'non-nmethods': size=5760Kb used=2008Kb max_used=2046Kb free=3751Kb
 bounds [0x000001e3ec3a0000, 0x000001e3ec610000, 0x000001e3ec940000]
 total_blobs=3147 nmethods=2193 adapters=864
 compilation: enabled
              stopped_count=0, restarted_count=0
 full_count=0

Compilation events (20 events):
Event: 21.579 Thread 0x000001e3f8ede710 2183       4       java.util.concurrent.locks.AbstractQueuedSynchronizer::casTail (13 bytes)
Event: 21.580 Thread 0x000001e3f8ede710 nmethod 2183 0x000001e3ec9f5890 code [0x000001e3ec9f5a00, 0x000001e3ec9f5b60]
Event: 21.796 Thread 0x000001e3f8efde70 2184       3       sun.font.FontDesignMetrics::getHeight (35 bytes)
Event: 21.797 Thread 0x000001e3f8efde70 nmethod 2184 0x000001e3e526e490 code [0x000001e3e526e620, 0x000001e3e526e830]
Event: 22.301 Thread 0x000001e3f8efde70 2186       3       javax.swing.JComponent::isDoubleBuffered (6 bytes)
Event: 22.301 Thread 0x000001e3f8efde70 nmethod 2186 0x000001e3e526e910 code [0x000001e3e526eaa0, 0x000001e3e526ec78]
Event: 22.301 Thread 0x000001e3f8efde70 2187       3       javax.swing.text.View::getContainer (18 bytes)
Event: 22.302 Thread 0x000001e3f8efde70 nmethod 2187 0x000001e3e526ed10 code [0x000001e3e526eec0, 0x000001e3e526f1a0]
Event: 22.302 Thread 0x000001e3f8efde70 2188       3       javax.swing.plaf.basic.BasicTextUI$RootView::getContainer (8 bytes)
Event: 22.302 Thread 0x000001e3f8efde70 nmethod 2188 0x000001e3e526f290 code [0x000001e3e526f420, 0x000001e3e526f538]
Event: 22.316 Thread 0x000001e3f8ede710 2189       4       jdk.internal.misc.Unsafe::putIntOpaque (9 bytes)
Event: 22.316 Thread 0x000001e3f8efde70 2190       3       jdk.internal.loader.BuiltinClassLoader::hasClassPath (13 bytes)
Event: 22.317 Thread 0x000001e3f8efde70 nmethod 2190 0x000001e3e526f610 code [0x000001e3e526f7a0, 0x000001e3e526f910]
Event: 22.317 Thread 0x000001e3f8ede710 nmethod 2189 0x000001e3ec9f6010 code [0x000001e3ec9f6180, 0x000001e3ec9f6218]
Event: 22.490 Thread 0x000001e3f8ede710 2191       4       java.util.concurrent.locks.AbstractQueuedSynchronizer$Node::setStatusRelaxed (12 bytes)
Event: 22.491 Thread 0x000001e3f8ede710 nmethod 2191 0x000001e3ec9f6310 code [0x000001e3ec9f6480, 0x000001e3ec9f6510]
Event: 22.663 Thread 0x000001e3f8ede710 2192       4       java.util.concurrent.locks.ReentrantLock$Sync::isHeldExclusively (16 bytes)
Event: 22.665 Thread 0x000001e3f8ede710 nmethod 2192 0x000001e3ec9f6610 code [0x000001e3ec9f6780, 0x000001e3ec9f6838]
Event: 22.694 Thread 0x000001e3f8ede710 2193       4       java.security.AccessControlContext::combine (205 bytes)
Event: 22.701 Thread 0x000001e3f8ede710 nmethod 2193 0x000001e3ec9f6910 code [0x000001e3ec9f6a80, 0x000001e3ec9f6b48]

GC Heap History (4 events):
Event: 1.924 GC heap before
{Heap before GC invocations=0 (full 0):
 garbage-first heap   total 131072K, used 13312K [0x0000000081800000, 0x0000000100000000)
  region size 1024K, 13 young (13312K), 0 survivors (0K)
 Metaspace       used 7626K, committed 7872K, reserved 1114112K
  class space    used 827K, committed 960K, reserved 1048576K
}
Event: 1.934 GC heap after
{Heap after GC invocations=1 (full 0):
 garbage-first heap   total 131072K, used 3768K [0x0000000081800000, 0x0000000100000000)
  region size 1024K, 2 young (2048K), 2 survivors (2048K)
 Metaspace       used 7626K, committed 7872K, reserved 1114112K
  class space    used 827K, committed 960K, reserved 1048576K
}
Event: 2.665 GC heap before
{Heap before GC invocations=1 (full 0):
 garbage-first heap   total 131072K, used 16056K [0x0000000081800000, 0x0000000100000000)
  region size 1024K, 15 young (15360K), 2 survivors (2048K)
 Metaspace       used 10788K, committed 11072K, reserved 1114112K
  class space    used 1132K, committed 1280K, reserved 1048576K
}
Event: 2.673 GC heap after
{Heap after GC invocations=2 (full 0):
 garbage-first heap   total 131072K, used 5373K [0x0000000081800000, 0x0000000100000000)
  region size 1024K, 2 young (2048K), 2 survivors (2048K)
 Metaspace       used 10788K, committed 11072K, reserved 1114112K
  class space    used 1132K, committed 1280K, reserved 1048576K
}

Dll operation events (11 events):
Event: 0.024 Loaded shared library C:\Program Files\Java\jdk-20\bin\java.dll
Event: 0.070 Loaded shared library C:\Program Files\Java\jdk-20\bin\jsvml.dll
Event: 0.395 Loaded shared library C:\Program Files\Java\jdk-20\bin\net.dll
Event: 0.401 Loaded shared library C:\Program Files\Java\jdk-20\bin\nio.dll
Event: 0.483 Loaded shared library C:\Program Files\Java\jdk-20\bin\zip.dll
Event: 0.635 Loaded shared library C:\Program Files\Java\jdk-20\bin\jimage.dll
Event: 0.645 Loaded shared library C:\Program Files\Java\jdk-20\bin\awt.dll
Event: 1.390 Loaded shared library C:\Program Files\Java\jdk-20\bin\freetype.dll
Event: 1.392 Loaded shared library C:\Program Files\Java\jdk-20\bin\fontmanager.dll
Event: 2.587 Loaded shared library C:\Program Files\Java\jdk-20\bin\extnet.dll
Event: 5.780 Loaded shared library C:\Users\Elvis\Documents\NetBeansProjects\SofwareMatricula\opencv_java480.dll

Deoptimization events (20 events):
Event: 2.341 Thread 0x000001e3fd6cc010 Uncommon trap: trap_request=0xffffff45 fr.pc=0x000001e3ec98a6b0 relative=0x00000000000000b0
Event: 2.341 Thread 0x000001e3fd6cc010 Uncommon trap: reason=unstable_if action=reinterpret pc=0x000001e3ec98a6b0 method=java.nio.Buffer.position(I)Ljava/nio/Buffer; @ 37 c2
Event: 2.341 Thread 0x000001e3fd6cc010 DEOPT PACKING pc=0x000001e3ec98a6b0 sp=0x000000289effb600
Event: 2.341 Thread 0x000001e3fd6cc010 DEOPT UNPACKING pc=0x000001e3ec409d22 sp=0x000000289effb540 mode 2
Event: 2.345 Thread 0x000001e3fd6cc010 Uncommon trap: trap_request=0xffffff45 fr.pc=0x000001e3ec9897ac relative=0x00000000000000ac
Event: 2.345 Thread 0x000001e3fd6cc010 Uncommon trap: reason=unstable_if action=reinterpret pc=0x000001e3ec9897ac method=java.nio.Buffer.position(I)Ljava/nio/Buffer; @ 37 c2
Event: 2.345 Thread 0x000001e3fd6cc010 DEOPT PACKING pc=0x000001e3ec9897ac sp=0x000000289effb5b0
Event: 2.345 Thread 0x000001e3fd6cc010 DEOPT UNPACKING pc=0x000001e3ec409d22 sp=0x000000289effb548 mode 2
Event: 2.813 Thread 0x000001e3fd6cc010 Uncommon trap: trap_request=0xffffff45 fr.pc=0x000001e3ec990328 relative=0x0000000000000108
Event: 2.813 Thread 0x000001e3fd6cc010 Uncommon trap: reason=unstable_if action=reinterpret pc=0x000001e3ec990328 method=java.util.concurrent.locks.ReentrantLock$Sync.tryRelease(I)Z @ 26 c2
Event: 2.813 Thread 0x000001e3fd6cc010 DEOPT PACKING pc=0x000001e3ec990328 sp=0x000000289effe590
Event: 2.813 Thread 0x000001e3fd6cc010 DEOPT UNPACKING pc=0x000001e3ec409d22 sp=0x000000289effe470 mode 2
Event: 2.815 Thread 0x000001e3fd6cc010 Uncommon trap: trap_request=0xffffff45 fr.pc=0x000001e3ec98fbcc relative=0x00000000000000cc
Event: 2.815 Thread 0x000001e3fd6cc010 Uncommon trap: reason=unstable_if action=reinterpret pc=0x000001e3ec98fbcc method=java.util.concurrent.locks.ReentrantLock$Sync.tryRelease(I)Z @ 26 c2
Event: 2.815 Thread 0x000001e3fd6cc010 DEOPT PACKING pc=0x000001e3ec98fbcc sp=0x000000289effe480
Event: 2.815 Thread 0x000001e3fd6cc010 DEOPT UNPACKING pc=0x000001e3ec409d22 sp=0x000000289effe420 mode 2
Event: 18.884 Thread 0x000001e3fd6cc010 Uncommon trap: trap_request=0xffffff45 fr.pc=0x000001e3ec9df844 relative=0x0000000000000744
Event: 18.884 Thread 0x000001e3fd6cc010 Uncommon trap: reason=unstable_if action=reinterpret pc=0x000001e3ec9df844 method=java.awt.Container.findComponentAtImpl(IIZ)Ljava/awt/Component; @ 131 c2
Event: 18.884 Thread 0x000001e3fd6cc010 DEOPT PACKING pc=0x000001e3ec9df844 sp=0x000000289effe7a0
Event: 18.884 Thread 0x000001e3fd6cc010 DEOPT UNPACKING pc=0x000001e3ec409d22 sp=0x000000289effe740 mode 2

Classes loaded (20 events):
Event: 7.964 Loading class java/awt/image/ComponentSampleModel done
Event: 7.964 Loading class java/awt/image/PixelInterleavedSampleModel done
Event: 7.964 Loading class sun/awt/image/ByteInterleavedRaster
Event: 7.964 Loading class sun/awt/image/ByteComponentRaster
Event: 7.965 Loading class sun/awt/image/ByteComponentRaster done
Event: 7.965 Loading class sun/awt/image/ByteInterleavedRaster done
Event: 7.968 Loading class jdk/internal/event/ThreadSleepEvent
Event: 7.968 Loading class javax/swing/CellRendererPane
Event: 7.968 Loading class jdk/internal/event/Event
Event: 7.969 Loading class javax/swing/CellRendererPane done
Event: 7.969 Loading class jdk/internal/event/Event done
Event: 7.969 Loading class javax/swing/RepaintManager$3
Event: 7.969 Loading class jdk/internal/event/ThreadSleepEvent done
Event: 7.969 Loading class javax/swing/RepaintManager$3 done
Event: 17.796 Loading class java/awt/Canvas
Event: 17.796 Loading class java/awt/Canvas done
Event: 17.797 Loading class java/awt/Scrollbar
Event: 17.797 Loading class java/awt/Adjustable
Event: 17.797 Loading class java/awt/Adjustable done
Event: 17.798 Loading class java/awt/Scrollbar done

Classes unloaded (0 events):
No events

Classes redefined (0 events):
No events

Internal exceptions (20 events):
Event: 0.412 Thread 0x000001e3dcdb7580 Exception <a 'sun/nio/fs/WindowsException'{0x00000000896d18d8}> (0x00000000896d18d8) 
thrown [s\open\src\hotspot\share\prims\jni.cpp, line 519]
Event: 0.412 Thread 0x000001e3dcdb7580 Exception <a 'sun/nio/fs/WindowsException'{0x00000000896d2470}> (0x00000000896d2470) 
thrown [s\open\src\hotspot\share\prims\jni.cpp, line 519]
Event: 0.413 Thread 0x000001e3dcdb7580 Exception <a 'sun/nio/fs/WindowsException'{0x00000000896d2f40}> (0x00000000896d2f40) 
thrown [s\open\src\hotspot\share\prims\jni.cpp, line 519]
Event: 0.614 Thread 0x000001e3dcdb7580 Exception <a 'java/lang/ClassNotFoundException'{0x000000008944a418}: sun/awt/resources/spi/awtProvider> (0x000000008944a418) 
thrown [s\open\src\hotspot\share\classfile\systemDictionary.cpp, line 305]
Event: 0.680 Thread 0x000001e3dcdb7580 Exception <a 'java/io/FileNotFoundException'{0x00000000894a2d58}> (0x00000000894a2d58) 
thrown [s\open\src\hotspot\share\prims\jni.cpp, line 519]
Event: 0.698 Thread 0x000001e3dcdb7580 Exception <a 'java/io/FileNotFoundException'{0x00000000894ccf78}> (0x00000000894ccf78) 
thrown [s\open\src\hotspot\share\prims\jni.cpp, line 519]
Event: 0.977 Thread 0x000001e3fd6cc010 Exception <a 'java/lang/NoSuchMethodError'{0x0000000089227938}: 'void java.lang.invoke.DirectMethodHandle$Holder.invokeSpecial(java.lang.Object, java.lang.Object, java.lang.Object)'> (0x0000000089227938) 
thrown [s\open\src\hotspot\share\interpreter\linkResolver.cpp, line 773]
Event: 0.996 Thread 0x000001e3fd6cc010 Exception <a 'java/lang/NoSuchMethodError'{0x0000000089252598}: 'java.lang.Object java.lang.invoke.DirectMethodHandle$Holder.newInvokeSpecial(java.lang.Object, java.lang.Object, java.lang.Object, java.lang.Object, java.lang.Object)'> (0x0000000089252598) 
thrown [s\open\src\hotspot\share\interpreter\linkResolver.cpp, line 773]
Event: 1.015 Thread 0x000001e3fd6cc010 Exception <a 'java/lang/NoSuchMethodError'{0x0000000089282e40}: 'java.lang.Object java.lang.invoke.DirectMethodHandle$Holder.invokeStatic(java.lang.Object, int, java.lang.Object)'> (0x0000000089282e40) 
thrown [s\open\src\hotspot\share\interpreter\linkResolver.cpp, line 773]
Event: 1.097 Thread 0x000001e3fd6cc010 Exception <a 'java/lang/ClassNotFoundException'{0x000000008913e1e0}: com/sun/swing/internal/plaf/metal/resources/spi/metalProvider> (0x000000008913e1e0) 
thrown [s\open\src\hotspot\share\classfile\systemDictionary.cpp, line 305]
Event: 1.100 Thread 0x000001e3fd6cc010 Exception <a 'java/lang/ClassNotFoundException'{0x0000000089142140}: com/sun/swing/internal/plaf/basic/resources/spi/basicProvider> (0x0000000089142140) 
thrown [s\open\src\hotspot\share\classfile\systemDictionary.cpp, line 305]
Event: 1.117 Thread 0x000001e3fd6cc010 Exception <a 'java/lang/NoSuchMethodError'{0x0000000089161170}: 'int java.lang.invoke.Invokers$Holder.invokeExact_MT(java.lang.Object, java.lang.Object)'> (0x0000000089161170) 
thrown [s\open\src\hotspot\share\interpreter\linkResolver.cpp, line 773]
Event: 1.319 Thread 0x000001e3fd7b96f0 Exception <a 'java/lang/NoSuchMethodError'{0x0000000088f69140}: 'java.lang.Object java.lang.invoke.DirectMethodHandle$Holder.newInvokeSpecial(java.lang.Object, java.lang.Object, java.lang.Object, int, int, int, int, int)'> (0x0000000088f69140) 
thrown [s\open\src\hotspot\share\interpreter\linkResolver.cpp, line 773]
Event: 1.382 Thread 0x000001e3fd6cc010 Exception <a 'java/lang/NoSuchMethodError'{0x00000000891c1678}: 'void java.lang.invoke.DirectMethodHandle$Holder.invokeStaticInit(java.lang.Object)'> (0x00000000891c1678) 
thrown [s\open\src\hotspot\share\interpreter\linkResolver.cpp, line 773]
Event: 2.241 Thread 0x000001e3fd6f59e0 Exception <a 'java/lang/NoSuchMethodError'{0x000000008902faa0}: 'void java.lang.invoke.DirectMethodHandle$Holder.invokeVirtual(java.lang.Object, java.lang.Object)'> (0x000000008902faa0) 
thrown [s\open\src\hotspot\share\interpreter\linkResolver.cpp, line 773]
Event: 2.263 Thread 0x000001e3fd6cc010 Implicit null exception at 0x000001e3ec99478c to 0x000001e3ec994824
Event: 2.330 Thread 0x000001e3fd6cc010 Exception <a 'java/lang/NoSuchMethodError'{0x0000000088f50028}: 'java.lang.Object java.lang.invoke.DirectMethodHandle$Holder.invokeInterface(java.lang.Object, java.lang.Object)'> (0x0000000088f50028) 
thrown [s\open\src\hotspot\share\interpreter\linkResolver.cpp, line 773]
Event: 2.382 Thread 0x000001e3fd6cc010 Exception <a 'java/lang/NoSuchMethodError'{0x0000000088fcae28}: 'void java.lang.invoke.DirectMethodHandle$Holder.invokeStatic(java.lang.Object, java.lang.Object, java.lang.Object)'> (0x0000000088fcae28) 
thrown [s\open\src\hotspot\share\interpreter\linkResolver.cpp, line 773]
Event: 2.385 Thread 0x000001e3fd6cc010 Exception <a 'java/lang/NoSuchMethodError'{0x0000000088fd4938}: 'java.lang.Object java.lang.invoke.DirectMethodHandle$Holder.invokeVirtual(java.lang.Object, java.lang.Object, java.lang.Object)'> (0x0000000088fd4938) 
thrown [s\open\src\hotspot\share\interpreter\linkResolver.cpp, line 773]
Event: 2.590 Thread 0x000001e3fd6cc010 Exception <a 'java/lang/NoSuchMethodError'{0x0000000088cdb9f0}: 'void java.lang.invoke.DirectMethodHandle$Holder.invokeStatic(java.lang.Object, java.lang.Object)'> (0x0000000088cdb9f0) 
thrown [s\open\src\hotspot\share\interpreter\linkResolver.cpp, line 773]

VM Operations (20 events):
Event: 9.928 Executing VM operation: Cleanup done
Event: 10.939 Executing VM operation: Cleanup
Event: 10.939 Executing VM operation: Cleanup done
Event: 11.951 Executing VM operation: Cleanup
Event: 11.951 Executing VM operation: Cleanup done
Event: 12.952 Executing VM operation: Cleanup
Event: 12.952 Executing VM operation: Cleanup done
Event: 15.992 Executing VM operation: Cleanup
Event: 15.992 Executing VM operation: Cleanup done
Event: 17.993 Executing VM operation: Cleanup
Event: 17.994 Executing VM operation: Cleanup done
Event: 19.005 Executing VM operation: Cleanup
Event: 19.005 Executing VM operation: Cleanup done
Event: 20.006 Executing VM operation: Cleanup
Event: 20.007 Executing VM operation: Cleanup done
Event: 21.012 Executing VM operation: Cleanup
Event: 21.012 Executing VM operation: Cleanup done
Event: 23.020 Executing VM operation: Cleanup
Event: 23.021 Executing VM operation: Cleanup done
Event: 23.248 Executing VM operation: Exit

Events (20 events):
Event: 0.831 Thread 0x000001e3fd6f5490 Thread added: 0x000001e3fd6f5490
Event: 0.837 Thread 0x000001e3fd6f59e0 Thread added: 0x000001e3fd6f59e0
Event: 0.859 Thread 0x000001e3fd6cc010 Thread added: 0x000001e3fd6cc010
Event: 0.860 Thread 0x000001e3dcdb7580 Thread exited: 0x000001e3dcdb7580
Event: 0.860 Thread 0x000001e3dcdb7580 Thread added: 0x000001e3dcdb7580
Event: 1.183 Thread 0x000001e3fd7b96f0 Thread added: 0x000001e3fd7b96f0
Event: 1.239 Thread 0x000001e3fd7df3a0 Thread added: 0x000001e3fd7df3a0
Event: 1.809 Thread 0x000001e3fd7df3a0 Thread exited: 0x000001e3fd7df3a0
Event: 2.273 Thread 0x000001e3fec832b0 Thread added: 0x000001e3fec832b0
Event: 2.282 Thread 0x000001e3fde0e430 Thread added: 0x000001e3fde0e430
Event: 2.855 Thread 0x000001e3fec832b0 Thread exited: 0x000001e3fec832b0
Event: 2.913 Thread 0x000001e3fde0f420 Thread added: 0x000001e3fde0f420
Event: 7.102 Thread 0x000001e3fde0e980 Thread added: 0x000001e3fde0e980
Event: 9.547 Thread 0x000001e3fd7b96f0 Thread exited: 0x000001e3fd7b96f0
Event: 13.108 Thread 0x000001e3fde0e980 Thread exited: 0x000001e3fde0e980
Event: 23.133 Thread 0x000001e3fde0eed0 Thread added: 0x000001e3fde0eed0
Event: 23.133 Thread 0x000001e3fde0d440 Thread added: 0x000001e3fde0d440
Event: 23.133 Thread 0x000001e3fde0eed0 Thread exited: 0x000001e3fde0eed0
Event: 23.167 Thread 0x000001e3fd6f59e0 Thread exited: 0x000001e3fd6f59e0
Event: 23.248 Thread 0x000001e3fde0d440 Thread exited: 0x000001e3fde0d440


Dynamic libraries:
0x00007ff607de0000 - 0x00007ff607df0000 	C:\Program Files\Java\jdk-20\bin\java.exe
0x00007fffc5810000 - 0x00007fffc5a08000 	C:\Windows\SYSTEM32\ntdll.dll
0x00007fff634f0000 - 0x00007fff63509000 	C:\Program Files\Avast Software\Avast\aswhook.dll
0x00007fffc4970000 - 0x00007fffc4a2d000 	C:\Windows\System32\KERNEL32.DLL
0x00007fffc31d0000 - 0x00007fffc34c6000 	C:\Windows\System32\KERNELBASE.dll
0x00007fffc3040000 - 0x00007fffc3140000 	C:\Windows\System32\ucrtbase.dll
0x00007fff8b740000 - 0x00007fff8b759000 	C:\Program Files\Java\jdk-20\bin\jli.dll
0x00007fffc04a0000 - 0x00007fffc04bb000 	C:\Program Files\Java\jdk-20\bin\VCRUNTIME140.dll
0x00007fffc48c0000 - 0x00007fffc496f000 	C:\Windows\System32\ADVAPI32.dll
0x00007fffc4aa0000 - 0x00007fffc4b3e000 	C:\Windows\System32\msvcrt.dll
0x00007fffc3870000 - 0x00007fffc390c000 	C:\Windows\System32\sechost.dll
0x00007fffc4670000 - 0x00007fffc4796000 	C:\Windows\System32\RPCRT4.dll
0x00007fffc4b40000 - 0x00007fffc4cde000 	C:\Windows\System32\USER32.dll
0x00007fffc34d0000 - 0x00007fffc34f2000 	C:\Windows\System32\win32u.dll
0x00007fffc5680000 - 0x00007fffc56ac000 	C:\Windows\System32\GDI32.dll
0x00007fffc3500000 - 0x00007fffc361a000 	C:\Windows\System32\gdi32full.dll
0x00007fffc3670000 - 0x00007fffc370d000 	C:\Windows\System32\msvcp_win.dll
0x00007fffa9720000 - 0x00007fffa99ba000 	C:\Windows\WinSxS\amd64_microsoft.windows.common-controls_6595b64144ccf1df_6.0.19041.3636_none_60b6a03d71f818d5\COMCTL32.dll
0x00007fffb9430000 - 0x00007fffb943a000 	C:\Windows\SYSTEM32\VERSION.dll
0x00007fffc3970000 - 0x00007fffc39a0000 	C:\Windows\System32\IMM32.DLL
0x00007fffc0490000 - 0x00007fffc049c000 	C:\Program Files\Java\jdk-20\bin\vcruntime140_1.dll
0x00007fffa52c0000 - 0x00007fffa534e000 	C:\Program Files\Java\jdk-20\bin\msvcp140.dll
0x00007fff4bcf0000 - 0x00007fff4c987000 	C:\Program Files\Java\jdk-20\bin\server\jvm.dll
0x00007fffafa00000 - 0x00007fffafa27000 	C:\Windows\SYSTEM32\WINMM.dll
0x00007fffb2e00000 - 0x00007fffb2e09000 	C:\Windows\SYSTEM32\WSOCK32.dll
0x00007fffc5760000 - 0x00007fffc57cb000 	C:\Windows\System32\WS2_32.dll
0x00007fffc0db0000 - 0x00007fffc0dc2000 	C:\Windows\SYSTEM32\kernel.appcore.dll
0x00007fffc0410000 - 0x00007fffc041a000 	C:\Program Files\Java\jdk-20\bin\jimage.dll
0x00007fffb8630000 - 0x00007fffb8814000 	C:\Windows\SYSTEM32\DBGHELP.DLL
0x00007fffb85f0000 - 0x00007fffb8624000 	C:\Windows\SYSTEM32\dbgcore.DLL
0x00007fffc3140000 - 0x00007fffc31c2000 	C:\Windows\System32\bcryptPrimitives.dll
0x00007fffc0420000 - 0x00007fffc0446000 	C:\Program Files\Java\jdk-20\bin\java.dll
0x00007fffbbce0000 - 0x00007fffbbdb7000 	C:\Program Files\Java\jdk-20\bin\jsvml.dll
0x00007fffc3f20000 - 0x00007fffc4664000 	C:\Windows\System32\SHELL32.dll
0x00007fffc0fb0000 - 0x00007fffc174b000 	C:\Windows\SYSTEM32\windows.storage.dll
0x00007fffc4f80000 - 0x00007fffc52d4000 	C:\Windows\System32\combase.dll
0x00007fffc2860000 - 0x00007fffc288d000 	C:\Windows\SYSTEM32\Wldp.dll
0x00007fffc56b0000 - 0x00007fffc575d000 	C:\Windows\System32\SHCORE.dll
0x00007fffc53c0000 - 0x00007fffc5415000 	C:\Windows\System32\shlwapi.dll
0x00007fffc2e20000 - 0x00007fffc2e45000 	C:\Windows\SYSTEM32\profapi.dll
0x00007fffc03f0000 - 0x00007fffc0403000 	C:\Program Files\Java\jdk-20\bin\net.dll
0x00007fffb82d0000 - 0x00007fffb83da000 	C:\Windows\SYSTEM32\WINHTTP.dll
0x00007fffc25c0000 - 0x00007fffc262a000 	C:\Windows\system32\mswsock.dll
0x00007fffbdaa0000 - 0x00007fffbdab6000 	C:\Program Files\Java\jdk-20\bin\nio.dll
0x00007fffbda80000 - 0x00007fffbda98000 	C:\Program Files\Java\jdk-20\bin\zip.dll
0x00007fff55e40000 - 0x00007fff55fd1000 	C:\Program Files\Java\jdk-20\bin\awt.dll
0x00007fffc4cf0000 - 0x00007fffc4dbd000 	C:\Windows\System32\OLEAUT32.dll
0x00007fffc0700000 - 0x00007fffc0790000 	C:\Windows\SYSTEM32\apphelp.dll
0x00007fffc08c0000 - 0x00007fffc095e000 	C:\Windows\system32\uxtheme.dll
0x00007fffc47a0000 - 0x00007fffc48b4000 	C:\Windows\System32\MSCTF.dll
0x00007fffc5530000 - 0x00007fffc565b000 	C:\Windows\System32\ole32.dll
0x00007fffc09e0000 - 0x00007fffc0a0f000 	C:\Windows\system32\DWMAPI.DLL
0x00007fff93470000 - 0x00007fff93595000 	C:\Windows\system32\opengl32.dll
0x00007fff936f0000 - 0x00007fff9371c000 	C:\Windows\SYSTEM32\GLU32.dll
0x00007fffa8ac0000 - 0x00007fffa8b46000 	C:\Program Files\Java\jdk-20\bin\freetype.dll
0x00007fff97520000 - 0x00007fff975e6000 	C:\Program Files\Java\jdk-20\bin\fontmanager.dll
0x00007fffc3e10000 - 0x00007fffc3eb9000 	C:\Windows\System32\clbcatq.dll
0x00007fffbde20000 - 0x00007fffbdfd4000 	C:\Windows\SYSTEM32\WindowsCodecs.dll
0x00007fffc3010000 - 0x00007fffc3037000 	C:\Windows\System32\bcrypt.dll
0x00007fffa08e0000 - 0x00007fffa091e000 	C:\Windows\system32\dataexchange.dll
0x00007fffbf2e0000 - 0x00007fffbf543000 	C:\Windows\system32\d3d11.dll
0x00007fffbfb10000 - 0x00007fffbfcf3000 	C:\Windows\system32\dcomp.dll
0x00007fffc17b0000 - 0x00007fffc18a3000 	C:\Windows\system32\dxgi.dll
0x00007fffbdfe0000 - 0x00007fffbe1e7000 	C:\Windows\system32\twinapi.appcore.dll
0x00007fffc22f0000 - 0x00007fffc23ba000 	C:\Windows\SYSTEM32\DNSAPI.dll
0x00007fffc22b0000 - 0x00007fffc22eb000 	C:\Windows\SYSTEM32\IPHLPAPI.DLL
0x00007fffc4ce0000 - 0x00007fffc4ce8000 	C:\Windows\System32\NSI.dll
0x00007fffb7ec0000 - 0x00007fffb7eca000 	C:\Windows\System32\rasadhlp.dll
0x00007fffb7de0000 - 0x00007fffb7e60000 	C:\Windows\System32\fwpuclnt.dll
0x00007fffa51e0000 - 0x00007fffa51e7000 	C:\Program Files\Java\jdk-20\bin\extnet.dll
0x00007fffad0f0000 - 0x00007fffad1ea000 	C:\Windows\SYSTEM32\textinputframework.dll
0x00007fffc04c0000 - 0x00007fffc05b2000 	C:\Windows\System32\CoreMessaging.dll
0x00007fffbfd00000 - 0x00007fffc005b000 	C:\Windows\System32\CoreUIComponents.dll
0x00007fffc2010000 - 0x00007fffc2043000 	C:\Windows\SYSTEM32\ntmarta.dll
0x00007fffbed20000 - 0x00007fffbee75000 	C:\Windows\SYSTEM32\wintypes.dll
0x00007fff7fab0000 - 0x00007fff82bd3000 	C:\Users\Elvis\Documents\NetBeansProjects\SofwareMatricula\opencv_java480.dll
0x00007fffa72b0000 - 0x00007fffa7334000 	C:\Windows\SYSTEM32\MF.dll
0x00007fffbce90000 - 0x00007fffbd04b000 	C:\Windows\SYSTEM32\MFPlat.DLL
0x00007fff899a0000 - 0x00007fff89aaa000 	C:\Windows\SYSTEM32\MFReadWrite.dll
0x00007fffc3620000 - 0x00007fffc366e000 	C:\Windows\System32\cfgmgr32.dll
0x00007fff7f620000 - 0x00007fff7faae000 	C:\Windows\SYSTEM32\MFCORE.DLL
0x00007fffc3710000 - 0x00007fffc386d000 	C:\Windows\System32\CRYPT32.dll
0x00007fffc2d50000 - 0x00007fffc2d9b000 	C:\Windows\SYSTEM32\powrprof.dll
0x00007fffa5240000 - 0x00007fffa5249000 	C:\Windows\SYSTEM32\ksuser.dll
0x00007fffc27d0000 - 0x00007fffc27dc000 	C:\Windows\SYSTEM32\CRYPTBASE.DLL
0x00007fffbcde0000 - 0x00007fffbce14000 	C:\Windows\SYSTEM32\RTWorkQ.DLL
0x00007fffc2d30000 - 0x00007fffc2d42000 	C:\Windows\SYSTEM32\UMPDC.dll
0x00007fffb9b00000 - 0x00007fffb9f5f000 	C:\Windows\SYSTEM32\igdusc64.dll
0x00007fffbace0000 - 0x00007fffbad1b000 	C:\Windows\SYSTEM32\dxcore.dll
0x00007fffbc010000 - 0x00007fffbc047000 	C:\Windows\SYSTEM32\CompPkgSup.DLL
0x00007fff43670000 - 0x00007fff43d96000 	C:\Windows\System32\Windows.Media.dll
0x00007fffbb6b0000 - 0x00007fffbb796000 	C:\Windows\System32\Windows.ApplicationModel.dll
0x00007fffbb5a0000 - 0x00007fffbb6a2000 	C:\Windows\System32\AppXDeploymentClient.dll
0x00007fff89930000 - 0x00007fff8999d000 	C:\Windows\System32\FrameServerClient.dll
0x00007fff898c0000 - 0x00007fff89927000 	C:\Windows\System32\MFSENSORGROUP.dll
0x00007fffbe6c0000 - 0x00007fffbe6ca000 	C:\Windows\SYSTEM32\AVRT.dll
0x00007fff8b9c0000 - 0x00007fff8b9cd000 	C:\Windows\System32\vidcap.ax
0x00007fff8b4c0000 - 0x00007fff8b4e7000 	C:\Windows\System32\kswdmcap.ax
0x00007fff7f140000 - 0x00007fff7f2ac000 	C:\Windows\System32\MFC42.dll
0x00007fffa5c70000 - 0x00007fffa5db6000 	C:\Windows\System32\Windows.StateRepositoryPS.dll
0x00007fff7f050000 - 0x00007fff7f135000 	C:\Program Files\Intel\Media SDK\mfx_mft_mjpgvd_64.dll
0x00007fffa1a20000 - 0x00007fffa1adf000 	C:\Windows\SYSTEM32\EVR.dll
0x00007fff65a70000 - 0x00007fff65a94000 	C:\Windows\SYSTEM32\dxva2.dll
0x00007fffbea60000 - 0x00007fffbeb56000 	C:\Windows\SYSTEM32\PROPSYS.dll
0x00007fff58bb0000 - 0x00007fff58d7d000 	C:\Windows\SYSTEM32\d3d9.dll
0x00007fff8b720000 - 0x00007fff8b73d000 	C:\Windows\System32\mfmjpegdec.dll
0x00007fffb88c0000 - 0x00007fffb89ed000 	C:\Windows\System32\mfperfhelper.dll
0x00007fff42880000 - 0x00007fff429e0000 	C:\Windows\System32\msvproc.dll
0x00007fff8b540000 - 0x00007fff8b555000 	C:\Windows\SYSTEM32\OpenCL.dll
0x00007fff894b0000 - 0x00007fff89512000 	C:\Windows\SYSTEM32\IntelOpenCL64.dll
0x00007fff7ef50000 - 0x00007fff7f04d000 	C:\Program Files (x86)\Common Files\Intel\OpenCL\bin\x64\intelocl64.dll
0x00007fff7f5a0000 - 0x00007fff7f616000 	C:\Program Files (x86)\Common Files\Intel\OpenCL\bin\x64\task_executor64.dll
0x00007fff7eeb0000 - 0x00007fff7ef45000 	C:\Program Files (x86)\Common Files\Intel\OpenCL\bin\x64\cpu_device64.dll
0x00007fff7ee40000 - 0x00007fff7eea9000 	C:\Program Files (x86)\Common Files\Intel\OpenCL\bin\x64\tbb\tbb.dll
0x00007fff7ec40000 - 0x00007fff7ee34000 	C:\Windows\SYSTEM32\igdrcl64.dll
0x00007fff520f0000 - 0x00007fff536d2000 	C:\Windows\SYSTEM32\igdfcl64.dll
0x00007fff7ebe0000 - 0x00007fff7ec3f000 	C:\Windows\SYSTEM32\igdbcl64.dll

dbghelp: loaded successfully - version: 4.0.5 - missing functions: none
symbol engine: initialized successfully - sym options: 0x614 - pdb path: .;C:\Program Files\Java\jdk-20\bin;C:\Windows\SYSTEM32;C:\Program Files\Avast Software\Avast;C:\Windows\WinSxS\amd64_microsoft.windows.common-controls_6595b64144ccf1df_6.0.19041.3636_none_60b6a03d71f818d5;C:\Program Files\Java\jdk-20\bin\server;C:\Users\Elvis\Documents\NetBeansProjects\SofwareMatricula;C:\Program Files\Intel\Media SDK;C:\Program Files (x86)\Common Files\Intel\OpenCL\bin\x64;C:\Program Files (x86)\Common Files\Intel\OpenCL\bin\x64\tbb

VM Arguments:
jvm_args: -Dfile.encoding=UTF-8 --module-path=C:\Users\Elvis\Documents\NetBeansProjects\SofwareMatricula\build\classes 
java_command: SoftwareAsistencia.SoftwareMatriculaAppliation
java_class_path (initial): C:\Program Files\NetBeans-15\netbeans\java\modules\ext\AbsoluteLayout.jar;C:\Users\Elvis\Desktop\Software Farmacia\JarFiles_ProyectFarmacia\JarFiles_ProyectFarmacia\Librerias\Librerias\AbsoluteLayout.jar;C:\Users\Elvis\Downloads\opencv\build\java\opencv-480.jar;C:\Users\Elvis\Downloads\mysql-connector-j-8.2.0\mysql-connector-j-8.2.0.jar;C:\Users\Elvis\Downloads\libs\artoolkitplus-2.3.1-1.3-linux-ppc64le.jar;C:\Users\Elvis\Downloads\libs\artoolkitplus-2.3.1-1.3-linux-x86.jar;C:\Users\Elvis\Downloads\libs\artoolkitplus-2.3.1-1.3-macosx-x86_64.jar;C:\Users\Elvis\Downloads\libs\artoolkitplus-2.3.1-1.3.jar;C:\Users\Elvis\Downloads\libs\bridj-0.7.0.jar;C:\Users\Elvis\Downloads\libs\flandmark-1.07-1.3-macosx-x86_64.jar;C:\Users\Elvis\Downloads\libs\flandmark-1.07-1.3-windows-x86_64.jar;C:\Users\Elvis\Downloads\libs\flycapture-2.9.3.43-1.3-linux-x86_64.jar;C:\Users\Elvis\Downloads\libs\flycapture-2.9.3.43-1.3-windows-x86.jar;C:\Users\Elvis\Downloads\libs\flycapture-2.9.3.43-1.3.jar;C:\Users\Elvis\Downloads\libs\javacv-1.3.3.jar;C:\Users\Elvis\Downloads\libs\javacv-platform-1.3.3.jar;C:\Users\Elvis\Downloads\libs\libdc1394-2.2.4-1.3-windows-x86.jar;C:\Users\Elvis\Downloads\libs\libdc1394-platform-2.2.4-1.3.jar;C:\Users\Elvis\Downloads\libs\libfreenect-0.5.3-1.3-windows-x86.jar;C:\Users\Elvis\Downloads\libs\libfreenect2-0.2.0-1.3.jar;C:\Users\Elvis\Downloads\libs\opencv-3.2.0-1.3-linux-armhf.jar;C:\Users\Elvis\Downloads\libs\opencv-3.2.0-1.3-linux-x86_64.jar;C:\Users\Elvis\Downloads\libs\opencv-3.2.0-1.3-macosx-x86_64.jar;C:\Users\Elvis\Downloads\libs\opencv-3.2.0-1.3-windows-x86_64.jar;C:\Users\Elvis\Downloads\libs\opencv-platform-3.2.0-1.3.jar;C:\Users\Elvis\Downloads\libs\slf4j-api-1.7.2.jar;C:\Users\Elvis\Downloads\libs\v4l4j-0.9.1-r507.jar;C:\Users\Elvis\Downloads\libs\webcam-capture-0.3.12.jar;C:\Users\Elvis\Documents\NetBeansProjects\SofwareMatricula\build\classes
Launcher Type: SUN_STANDARD

[Global flags]
     intx CICompilerCount                          = 3                                         {product} {ergonomic}
     uint ConcGCThreads                            = 1                                         {product} {ergonomic}
     uint G1ConcRefinementThreads                  = 4                                         {product} {ergonomic}
   size_t G1HeapRegionSize                         = 1048576                                   {product} {ergonomic}
    uintx GCDrainStackTargetSize                   = 64                                        {product} {ergonomic}
   size_t InitialHeapSize                          = 134217728                                 {product} {ergonomic}
   size_t MarkStackSize                            = 4194304                                   {product} {ergonomic}
   size_t MaxHeapSize                              = 2122317824                                {product} {ergonomic}
   size_t MaxNewSize                               = 1272971264                                {product} {ergonomic}
   size_t MinHeapDeltaBytes                        = 1048576                                   {product} {ergonomic}
   size_t MinHeapSize                              = 8388608                                   {product} {ergonomic}
    uintx NonNMethodCodeHeapSize                   = 5832780                                {pd product} {ergonomic}
    uintx NonProfiledCodeHeapSize                  = 122912730                              {pd product} {ergonomic}
    uintx ProfiledCodeHeapSize                     = 122912730                              {pd product} {ergonomic}
    uintx ReservedCodeCacheSize                    = 251658240                              {pd product} {ergonomic}
     bool SegmentedCodeCache                       = true                                      {product} {ergonomic}
   size_t SoftMaxHeapSize                          = 2122317824                             {manageable} {ergonomic}
     bool UseCompressedClassPointers               = true                           {product lp64_product} {ergonomic}
     bool UseCompressedOops                        = true                           {product lp64_product} {ergonomic}
     bool UseG1GC                                  = true                                      {product} {ergonomic}
     bool UseLargePagesIndividualAllocation        = false                                  {pd product} {ergonomic}

Logging:
Log output configuration:
 #0: stdout all=off uptime,level,tags foldmultilines=false
 #1: stderr all=off uptime,level,tags foldmultilines=false

Environment Variables:
PATH=C:\Program Files (x86)\VMware\VMware Workstation\bin\;C:\Program Files\Microsoft MPI\Bin\;C:\Program Files\Common Files\Oracle\Java\javapath;C:\Program Files (x86)\Common Files\Oracle\Java\javapath;C:\Windows\system32;C:\Windows;C:\Windows\System32\Wbem;C:\Windows\System32\WindowsPowerShell\v1.0\;C:\Windows\System32\OpenSSH\;C:\Program Files\Git\cmd;C:\Program Files (x86)\Microsoft SQL Server\160\Tools\Binn\;C:\Program Files\Microsoft SQL Server\160\Tools\Binn\;C:\Program Files\Microsoft SQL Server\Client SDK\ODBC\170\Tools\Binn\;C:\Program Files\Microsoft SQL Server\160\DTS\Binn\;C:\Program Files (x86)\Microsoft SQL Server\160\DTS\Binn\;C:\Program Files\Azure Data Studio\bin;C:\ProgramData\chocolatey\bin;C:\Python\Python312\Scripts\;C:\Python\Python312\;C:\Users\Elvis\AppData\Local\Microsoft\WindowsApps;;C:\Users\Elvis\AppData\Local\Programs\Microsoft VS Code\bin;C:\Program Files\Azure Data Studio\bin;C:\Program Files\Azure Data Studio\bin;C:\Program Files\Azure Data Studio\bin
USERNAME=Elvis
OS=Windows_NT
PROCESSOR_IDENTIFIER=Intel64 Family 6 Model 58 Stepping 9, GenuineIntel
TMP=C:\Users\Elvis\AppData\Local\Temp
TEMP=C:\Users\Elvis\AppData\Local\Temp




---------------  S Y S T E M  ---------------

OS:
 Windows 10 , 64 bit Build 19041 (10.0.19041.3636)
OS uptime: 0 days 1:05 hours

CPU: total 4 (initial active 4) (2 cores per cpu, 2 threads per core) family 6 model 58 stepping 9 microcode 0x21, cx8, cmov, fxsr, ht, mmx, sse, sse2, sse3, ssse3, sse4.1, sse4.2, popcnt, tsc, tscinvbit, avx, aes, erms, clmul, vzeroupper, clflush, rdtscp, f16c

Memory: 4k page, system-wide physical 8095M (2775M free)
TotalPageFile size 10655M (AvailPageFile size 3359M)
current process WorkingSet (physical memory assigned to process): 147M, peak: 162M
current process commit charge ("private bytes"): 265M, peak: 287M

vm_info: Java HotSpot(TM) 64-Bit Server VM (20+36-2344) for windows-amd64 JRE (20+36-2344), built on 2023-02-10T19:30:15Z by "mach5one" with MS VC++ 17.1 (VS2022)

END.
