#
# A fatal error has been detected by the Java Runtime Environment:
#
#  EXCEPTION_ACCESS_VIOLATION (0xc0000005) at pc=0x00007fffc583faad, pid=11880, tid=10860
#
# JRE version: Java(TM) SE Runtime Environment (20.0+36) (build 20+36-2344)
# Java VM: Java HotSpot(TM) 64-Bit Server VM (20+36-2344, mixed mode, sharing, tiered, compressed oops, compressed class ptrs, g1 gc, windows-amd64)
# Problematic frame:
# C  [ntdll.dll+0x2faad]
#
# No core dump will be written. Minidumps are not enabled by default on client versions of Windows
#
# If you would like to submit a bug report, please visit:
#   https://bugreport.java.com/bugreport/crash.jsp
#

---------------  S U M M A R Y ------------

Command Line: -Dfile.encoding=UTF-8 --module-path=C:\Users\Elvis\Documents\NetBeansProjects\SofwareMatricula\build\classes SofwareAsistencia.controler.metodos.FaceRecognition

Host: Intel(R) Core(TM) i5-3337U CPU @ 1.80GHz, 4 cores, 7G,  Windows 10 , 64 bit Build 19041 (10.0.19041.3636)
Time: Sat Nov 18 15:38:44 2023 Hora est. Pacífico, Sudamérica elapsed time: 11.741623 seconds (0d 0h 0m 11s)

---------------  T H R E A D  ---------------

Current thread (0x00000190236ac890):  VMThread "VM Thread" [stack: 0x00000034afe00000,0x00000034aff00000] [id=10860]

Stack: [0x00000034afe00000,0x00000034aff00000],  sp=0x00000034afefee00,  free space=1019k
Native frames: (J=compiled Java code, j=interpreted, Vv=VM code, C=native code)
C  [ntdll.dll+0x2faad]
C  [igdrcl64.dll+0x36542]


siginfo: EXCEPTION_ACCESS_VIOLATION (0xc0000005), writing address 0x0000000000000018


Registers:
RAX=0x00000034af364000, RBX=0x0000000000000000, RCX=0x0000000000000010, RDX=0x0000019029053b00
RSP=0x00000034afefee00, RBP=0x0000019027c641c8, RSI=0x0000000000000010, RDI=0x0000019029053b00
R8 =0x0000000000000032, R9 =0x0000000000000032, R10=0x0000000000000032, R11=0x00000034afefee40
R12=0x00007fff81b2623c, R13=0x00007fff4c8dea90, R14=0x00008d11e2999197, R15=0x0000019027c63a90
RIP=0x00007fffc583faad, EFLAGS=0x0000000000010206


Register to memory mapping:

RIP=0x00007fffc583faad ntdll.dll
RAX=0x00000034af364000 points into unknown readable memory: 0x0000000000000000 | 00 00 00 00 00 00 00 00
RBX=0x0 is NULL
RCX=0x0000000000000010 is an unknown value
RDX=0x0000019029053b00 points into unknown readable memory: 0x00007fff7e9cffa0 | a0 ff 9c 7e ff 7f 00 00
RSP=0x00000034afefee00 points into unknown readable memory: 0x00000190055b0000 | 00 00 5b 05 90 01 00 00
RBP=0x0000019027c641c8 points into unknown readable memory: 0x00008d11e2999197 | 97 91 99 e2 11 8d 00 00
RSI=0x0000000000000010 is an unknown value
RDI=0x0000019029053b00 points into unknown readable memory: 0x00007fff7e9cffa0 | a0 ff 9c 7e ff 7f 00 00
R8 =0x0000000000000032 is an unknown value
R9 =0x0000000000000032 is an unknown value
R10=0x0000000000000032 is an unknown value
R11=0x00000034afefee40 points into unknown readable memory: 0x00008d11e2999197 | 97 91 99 e2 11 8d 00 00
R12=0x00007fff81b2623c opencv_java480.dll
R13=0x00007fff4c8dea90 jvm.dll
R14=0x00008d11e2999197 is an unknown value
R15=0x0000019027c63a90 points into unknown readable memory: 0xffc0543fd29991a8 | a8 91 99 d2 3f 54 c0 ff


Top of Stack: (sp=0x00000034afefee00)
0x00000034afefee00:   00000190055b0000 00008d11e2999197
0x00000034afefee10:   00007fff4c8dea90 00007fff81b2623c
0x00000034afefee20:   0000019029478ac0 00007fff7e826542
0x00000034afefee30:   00008d254d767d77 00008d1100000018
0x00000034afefee40:   00008d11e2999197 00000190294c2f70
0x00000034afefee50:   000001902901fdc0 00007fff7e821145
0x00000034afefee60:   00000190055b0000 0000019029053b00
0x00000034afefee70:   00000034afefeff0 0000000000000000
0x00000034afefee80:   00000190294c2f70 00007fff80e2c109
0x00000034afefee90:   000001902901f8e0 00008d11e2999197
0x00000034afefeea0:   00007fff4c8dea90 00007fff81b2623c
0x00000034afefeeb0:   0000019028e719a0 00007fffc58347b1
0x00000034afefeec0:   000001902901f8e0 00000190054b0000
0x00000034afefeed0:   0000019027c641c8 0000000000000000
0x00000034afefeee0:   0000000000000000 00008d254d767f07
0x00000034afefeef0:   00000190294c2f70 00007fff80e14061
0x00000034afefef00:   00007fff826dcd48 00000190294c2f60
0x00000034afefef10:   0000019029050dc0 0000019028e71a70
0x00000034afefef20:   00000000ffffffff 00007fff81c58ac0
0x00000034afefef30:   00000190294c2f70 00000190294c2f60
0x00000034afefef40:   00000034afefeff0 00007fffc08c936a
0x00000034afefef50:   0000019027c641b0 00007fff81b7442f
0x00000034afefef60:   0000019027c63a90 000001900574c390
0x00000034afefef70:   000001900574c390 00007fffc58347b1
0x00000034afefef80:   0000000000000001 00007fff7f720000
0x00000034afefef90:   00000034afefeff0 00007fff81b741dd
0x00000034afefefa0:   00000034afeff020 00000034afeff0c0
0x00000034afefefb0:   0000000000000001 00007fffc4ab9c9c
0x00000034afefefc0:   00000034afeff0a0 00007fff81b74501
0x00000034afefefd0:   00000034afeff0a0 00000034afeff3f0
0x00000034afefefe0:   0000000000000000 00000034afeff020
0x00000034afefeff0:   00000034afeff010 000001900574c398 

Instructions: (pc=0x00007fffc583faad)
0x00007fffc583f9ad:   48 b8 7f 7f 7f 7f 7f 7f 7f 7f 41 8b c8 48 0b cb
0x00007fffc583f9bd:   48 23 c8 83 e6 1f 49 89 8c f4 40 a5 16 00 48 81
0x00007fffc583f9cd:   c4 98 00 00 00 41 5f 41 5e 41 5d 41 5c 5f 5e 5b
0x00007fffc583f9dd:   5d c3 cc 33 d2 41 8b c6 41 f7 f0 44 8b c8 e9 d6
0x00007fffc583f9ed:   fc ff ff 41 8d 57 ff 41 85 d7 0f 84 13 38 08 00
0x00007fffc583f9fd:   41 b8 00 10 00 00 41 b9 ff ff 00 00 e9 3c 38 08
0x00007fffc583fa0d:   00 cc cc cc cc cc cc 48 8b c4 48 89 58 08 48 89
0x00007fffc583fa1d:   68 10 48 89 70 18 48 89 78 20 41 56 48 83 ec 20
0x00007fffc583fa2d:   40 8a ea 4c 8d 35 99 d1 13 00 48 8b f1 33 db 48
0x00007fffc583fa3d:   8d 0d 9d d1 13 00 e8 58 00 00 00 4c 8b 05 81 d1
0x00007fffc583fa4d:   13 00 4d 3b c6 0f 85 08 3b 08 00 48 85 db 75 33
0x00007fffc583fa5d:   48 8d 0d 7c d1 13 00 e8 c7 f7 ff ff 48 85 db 0f
0x00007fffc583fa6d:   85 23 3b 08 00 33 c0 48 8b 5c 24 30 48 8b 6c 24
0x00007fffc583fa7d:   38 48 8b 74 24 40 48 8b 7c 24 48 48 83 c4 20 41
0x00007fffc583fa8d:   5e c3 cc f0 ff 43 3c eb c7 cc cc cc cc cc cc cc
0x00007fffc583fa9d:   cc cc cc 48 83 ec 28 65 48 8b 04 25 30 00 00 00
0x00007fffc583faad:   f0 0f ba 71 08 00 48 8b 40 48 73 13 48 89 41 10
0x00007fffc583fabd:   33 c0 c7 41 0c 01 00 00 00 48 83 c4 28 c3 cc 48
0x00007fffc583facd:   39 41 10 75 0b ff 41 0c 33 c0 48 83 c4 28 c3 cc
0x00007fffc583fadd:   e8 0e 00 00 00 eb e2 cc cc cc cc cc cc cc cc cc
0x00007fffc583faed:   cc cc cc 48 89 5c 24 18 55 56 57 41 54 41 55 41
0x00007fffc583fafd:   56 41 57 48 83 ec 20 8b 41 20 48 8b f1 48 0f ba
0x00007fffc583fb0d:   e0 1a 0f 82 df 01 00 00 33 ff 40 32 ed 66 83 3c
0x00007fffc583fb1d:   25 6a 03 fe 7f 01 76 19 48 8b 7e 20 48 8b c7 81
0x00007fffc583fb2d:   e7 ff ff ff 00 25 00 00 00 02 48 85 c0 40 0f 95
0x00007fffc583fb3d:   c5 45 32 ff b0 01 45 32 e4 41 bd 01 00 00 00 45
0x00007fffc583fb4d:   33 c0 ba 6a 03 fe 7f 84 c0 0f 84 14 01 00 00 8b
0x00007fffc583fb5d:   46 08 4c 8d 4e 08 45 84 e4 41 be 03 00 00 00 45
0x00007fffc583fb6d:   0f 44 f5 41 84 c5 0f 85 e2 00 00 00 8d 0c bf 03
0x00007fffc583fb7d:   c9 66 44 39 2a 0f 86 e8 00 00 00 4d 85 c9 74 0e
0x00007fffc583fb8d:   80 3c 25 97 02 fe 7f 00 0f 85 29 3a 08 00 0f b7
0x00007fffc583fb9d:   1c 25 d6 02 fe 7f 83 fb 0c 0f 85 a2 00 00 00 b8 


Stack slot to memory mapping:
stack at sp + 0 slots: 0x00000190055b0000 points into unknown readable memory: 0x0000000000000000 | 00 00 00 00 00 00 00 00
stack at sp + 1 slots: 0x00008d11e2999197 is an unknown value
stack at sp + 2 slots: 0x00007fff4c8dea90 jvm.dll
stack at sp + 3 slots: 0x00007fff81b2623c opencv_java480.dll
stack at sp + 4 slots: 0x0000019029478ac0 points into unknown readable memory: 0x0000019029478ac0 | c0 8a 47 29 90 01 00 00
stack at sp + 5 slots: 0x00007fff7e826542 igdrcl64.dll
stack at sp + 6 slots: 0x00008d254d767d77 is an unknown value
stack at sp + 7 slots: 0x00008d1100000018 is an unknown value

VM_Operation (0x00000034b13fe7e0): Exit, mode: safepoint, requested by thread 0x0000019028eb3ed0


---------------  P R O C E S S  ---------------

Threads class SMR info:
_java_thread_list=0x000001902b673d10, length=14, elements={
0x00000190236cbe30, 0x00000190236cc840, 0x00000190236ce4e0, 0x00000190236d0a50,
0x00000190236d0fa0, 0x00000190236d9500, 0x00000190236e36a0, 0x0000019023704c50,
0x00000190279a86d0, 0x0000019027b27b90, 0x0000019028e3a7b0, 0x0000019028e5f7e0,
0x0000019028eb3ed0, 0x0000019005646130
}

Java Threads: ( => current thread )
  0x00000190236cbe30 JavaThread "Reference Handler" daemon [_thread_blocked, id=1972, stack(0x00000034aff00000,0x00000034b0000000)]
  0x00000190236cc840 JavaThread "Finalizer" daemon [_thread_blocked, id=4800, stack(0x00000034b0000000,0x00000034b0100000)]
  0x00000190236ce4e0 JavaThread "Signal Dispatcher" daemon [_thread_blocked, id=9608, stack(0x00000034b0100000,0x00000034b0200000)]
  0x00000190236d0a50 JavaThread "Attach Listener" daemon [_thread_blocked, id=10548, stack(0x00000034b0200000,0x00000034b0300000)]
  0x00000190236d0fa0 JavaThread "Service Thread" daemon [_thread_blocked, id=11748, stack(0x00000034b0300000,0x00000034b0400000)]
  0x00000190236d9500 JavaThread "Monitor Deflation Thread" daemon [_thread_blocked, id=8944, stack(0x00000034b0400000,0x00000034b0500000)]
  0x00000190236e36a0 JavaThread "C2 CompilerThread0" daemon [_thread_blocked, id=2200, stack(0x00000034b0500000,0x00000034b0600000)]
  0x0000019023704c50 JavaThread "C1 CompilerThread0" daemon [_thread_blocked, id=7504, stack(0x00000034b0600000,0x00000034b0700000)]
  0x00000190279a86d0 JavaThread "Common-Cleaner" daemon [_thread_blocked, id=8840, stack(0x00000034b0700000,0x00000034b0800000)]
  0x0000019027b27b90 JavaThread "Notification Thread" daemon [_thread_blocked, id=1900, stack(0x00000034b0800000,0x00000034b0900000)]
  0x0000019028e3a7b0 JavaThread "Java2D Disposer" daemon [_thread_blocked, id=1156, stack(0x00000034b1000000,0x00000034b1100000)]
  0x0000019028e5f7e0 JavaThread "AWT-Shutdown" [_thread_blocked, id=8236, stack(0x00000034b1100000,0x00000034b1200000)]
  0x0000019028eb3ed0 JavaThread "AWT-EventQueue-0" [_thread_blocked, id=3340, stack(0x00000034b1300000,0x00000034b1400000)]
  0x0000019005646130 JavaThread "DestroyJavaVM" [_thread_blocked, id=2876, stack(0x00000034af800000,0x00000034af900000)]

Other Threads:
=>0x00000190236ac890 VMThread "VM Thread" [stack: 0x00000034afe00000,0x00000034aff00000] [id=10860]
  0x00000190056a3ee0 WorkerThread "GC Thread#0" [stack: 0x00000034af900000,0x00000034afa00000] [id=2904]
  0x000001902b7d90e0 WorkerThread "GC Thread#1" [stack: 0x00000034b2000000,0x00000034b2100000] [id=7680]
  0x000001902b7d8b40 WorkerThread "GC Thread#2" [stack: 0x00000034b2100000,0x00000034b2200000] [id=11492]
  0x000001902b7d6c50 WorkerThread "GC Thread#3" [stack: 0x00000034b2200000,0x00000034b2300000] [id=6324]
  0x00000190056b5410 ConcurrentGCThread "G1 Main Marker" terminated
  0x00000190056b6d60 WorkerThread "G1 Conc#0" [stack: 0x00000034afb00000,0x00000034afc00000] [id=11348]
  0x00000190057097e0 ConcurrentGCThread "G1 Refine#0" terminated
  0x0000019023563330 ConcurrentGCThread "G1 Service" terminated

Threads with active compile tasks:

VM state: at safepoint (shutting down)

VM Mutex/Monitor currently owned by a thread:  ([mutex/lock_event])
[0x0000019005643150] Threads_lock - owner thread: 0x00000190236ac890
[0x00000190056422b0] Heap_lock - owner thread: 0x0000019028eb3ed0

Heap address: 0x0000000081800000, size: 2024 MB, Compressed Oops mode: 32-bit

CDS archive(s) mapped at: [0x0000000800000000-0x0000000800c60000-0x0000000800c60000), size 12976128, SharedBaseAddress: 0x0000000800000000, ArchiveRelocationMode: 0.
Compressed class space mapped at: 0x0000000801000000-0x0000000841000000, reserved size: 1073741824
Narrow klass base: 0x0000000800000000, Narrow klass shift: 0, Narrow klass range: 0x100000000

GC Precious Log:
 CardTable entry size: 512
 Card Set container configuration: InlinePtr #cards 5 size 8 Array Of Cards #cards 12 size 40 Howl #buckets 4 coarsen threshold 1843 Howl Bitmap #cards 512 size 80 coarsen threshold 460 Card regions per heap region 1 cards per card region 2048
 CPUs: 4 total, 4 available
 Memory: 8095M
 Large Page Support: Disabled
 NUMA Support: Disabled
 Compressed Oops: Enabled (32-bit)
 Heap Region Size: 1M
 Heap Min Capacity: 8M
 Heap Initial Capacity: 128M
 Heap Max Capacity: 2024M
 Pre-touch: Disabled
 Parallel Workers: 4
 Concurrent Workers: 1
 Concurrent Refinement Workers: 4
 Periodic GC: Disabled

Heap:
 garbage-first heap   total 131072K, used 19292K [0x0000000081800000, 0x0000000100000000)
  region size 1024K, 18 young (18432K), 2 survivors (2048K)
 Metaspace       used 7610K, committed 7808K, reserved 1114112K
  class space    used 767K, committed 896K, reserved 1048576K

Heap Regions: E=young(eden), S=young(survivor), O=old, HS=humongous(starts), HC=humongous(continues), CS=collection set, F=free, OA=open archive, CA=closed archive, TAMS=top-at-mark-start, PB=parsable bottom
|   0|0x0000000081800000, 0x0000000081900000, 0x0000000081900000|100%|HS|  |TAMS 0x0000000081800000| PB 0x0000000081800000| Complete 
|   1|0x0000000081900000, 0x0000000081a00000, 0x0000000081a00000|100%|HC|  |TAMS 0x0000000081900000| PB 0x0000000081900000| Complete 
|   2|0x0000000081a00000, 0x0000000081ad7000, 0x0000000081b00000| 83%| O|  |TAMS 0x0000000081a00000| PB 0x0000000081a00000| Untracked 
|   3|0x0000000081b00000, 0x0000000081b00000, 0x0000000081c00000|  0%| F|  |TAMS 0x0000000081b00000| PB 0x0000000081b00000| Untracked 
|   4|0x0000000081c00000, 0x0000000081c00000, 0x0000000081d00000|  0%| F|  |TAMS 0x0000000081c00000| PB 0x0000000081c00000| Untracked 
|   5|0x0000000081d00000, 0x0000000081d00000, 0x0000000081e00000|  0%| F|  |TAMS 0x0000000081d00000| PB 0x0000000081d00000| Untracked 
|   6|0x0000000081e00000, 0x0000000081e00000, 0x0000000081f00000|  0%| F|  |TAMS 0x0000000081e00000| PB 0x0000000081e00000| Untracked 
|   7|0x0000000081f00000, 0x0000000081f00000, 0x0000000082000000|  0%| F|  |TAMS 0x0000000081f00000| PB 0x0000000081f00000| Untracked 
|   8|0x0000000082000000, 0x0000000082000000, 0x0000000082100000|  0%| F|  |TAMS 0x0000000082000000| PB 0x0000000082000000| Untracked 
|   9|0x0000000082100000, 0x0000000082100000, 0x0000000082200000|  0%| F|  |TAMS 0x0000000082100000| PB 0x0000000082100000| Untracked 
|  10|0x0000000082200000, 0x0000000082200000, 0x0000000082300000|  0%| F|  |TAMS 0x0000000082200000| PB 0x0000000082200000| Untracked 
|  11|0x0000000082300000, 0x0000000082300000, 0x0000000082400000|  0%| F|  |TAMS 0x0000000082300000| PB 0x0000000082300000| Untracked 
|  12|0x0000000082400000, 0x0000000082400000, 0x0000000082500000|  0%| F|  |TAMS 0x0000000082400000| PB 0x0000000082400000| Untracked 
|  13|0x0000000082500000, 0x0000000082500000, 0x0000000082600000|  0%| F|  |TAMS 0x0000000082500000| PB 0x0000000082500000| Untracked 
|  14|0x0000000082600000, 0x0000000082600000, 0x0000000082700000|  0%| F|  |TAMS 0x0000000082600000| PB 0x0000000082600000| Untracked 
|  15|0x0000000082700000, 0x0000000082700000, 0x0000000082800000|  0%| F|  |TAMS 0x0000000082700000| PB 0x0000000082700000| Untracked 
|  16|0x0000000082800000, 0x0000000082800000, 0x0000000082900000|  0%| F|  |TAMS 0x0000000082800000| PB 0x0000000082800000| Untracked 
|  17|0x0000000082900000, 0x0000000082900000, 0x0000000082a00000|  0%| F|  |TAMS 0x0000000082900000| PB 0x0000000082900000| Untracked 
|  18|0x0000000082a00000, 0x0000000082a00000, 0x0000000082b00000|  0%| F|  |TAMS 0x0000000082a00000| PB 0x0000000082a00000| Untracked 
|  19|0x0000000082b00000, 0x0000000082b00000, 0x0000000082c00000|  0%| F|  |TAMS 0x0000000082b00000| PB 0x0000000082b00000| Untracked 
|  20|0x0000000082c00000, 0x0000000082c00000, 0x0000000082d00000|  0%| F|  |TAMS 0x0000000082c00000| PB 0x0000000082c00000| Untracked 
|  21|0x0000000082d00000, 0x0000000082d00000, 0x0000000082e00000|  0%| F|  |TAMS 0x0000000082d00000| PB 0x0000000082d00000| Untracked 
|  22|0x0000000082e00000, 0x0000000082e00000, 0x0000000082f00000|  0%| F|  |TAMS 0x0000000082e00000| PB 0x0000000082e00000| Untracked 
|  23|0x0000000082f00000, 0x0000000082f00000, 0x0000000083000000|  0%| F|  |TAMS 0x0000000082f00000| PB 0x0000000082f00000| Untracked 
|  24|0x0000000083000000, 0x0000000083000000, 0x0000000083100000|  0%| F|  |TAMS 0x0000000083000000| PB 0x0000000083000000| Untracked 
|  25|0x0000000083100000, 0x0000000083100000, 0x0000000083200000|  0%| F|  |TAMS 0x0000000083100000| PB 0x0000000083100000| Untracked 
|  26|0x0000000083200000, 0x0000000083200000, 0x0000000083300000|  0%| F|  |TAMS 0x0000000083200000| PB 0x0000000083200000| Untracked 
|  27|0x0000000083300000, 0x0000000083300000, 0x0000000083400000|  0%| F|  |TAMS 0x0000000083300000| PB 0x0000000083300000| Untracked 
|  28|0x0000000083400000, 0x0000000083400000, 0x0000000083500000|  0%| F|  |TAMS 0x0000000083400000| PB 0x0000000083400000| Untracked 
|  29|0x0000000083500000, 0x0000000083500000, 0x0000000083600000|  0%| F|  |TAMS 0x0000000083500000| PB 0x0000000083500000| Untracked 
|  30|0x0000000083600000, 0x0000000083600000, 0x0000000083700000|  0%| F|  |TAMS 0x0000000083600000| PB 0x0000000083600000| Untracked 
|  31|0x0000000083700000, 0x0000000083700000, 0x0000000083800000|  0%| F|  |TAMS 0x0000000083700000| PB 0x0000000083700000| Untracked 
|  32|0x0000000083800000, 0x0000000083800000, 0x0000000083900000|  0%| F|  |TAMS 0x0000000083800000| PB 0x0000000083800000| Untracked 
|  33|0x0000000083900000, 0x0000000083900000, 0x0000000083a00000|  0%| F|  |TAMS 0x0000000083900000| PB 0x0000000083900000| Untracked 
|  34|0x0000000083a00000, 0x0000000083a00000, 0x0000000083b00000|  0%| F|  |TAMS 0x0000000083a00000| PB 0x0000000083a00000| Untracked 
|  35|0x0000000083b00000, 0x0000000083b00000, 0x0000000083c00000|  0%| F|  |TAMS 0x0000000083b00000| PB 0x0000000083b00000| Untracked 
|  36|0x0000000083c00000, 0x0000000083c00000, 0x0000000083d00000|  0%| F|  |TAMS 0x0000000083c00000| PB 0x0000000083c00000| Untracked 
|  37|0x0000000083d00000, 0x0000000083d00000, 0x0000000083e00000|  0%| F|  |TAMS 0x0000000083d00000| PB 0x0000000083d00000| Untracked 
|  38|0x0000000083e00000, 0x0000000083e00000, 0x0000000083f00000|  0%| F|  |TAMS 0x0000000083e00000| PB 0x0000000083e00000| Untracked 
|  39|0x0000000083f00000, 0x0000000083f00000, 0x0000000084000000|  0%| F|  |TAMS 0x0000000083f00000| PB 0x0000000083f00000| Untracked 
|  40|0x0000000084000000, 0x0000000084000000, 0x0000000084100000|  0%| F|  |TAMS 0x0000000084000000| PB 0x0000000084000000| Untracked 
|  41|0x0000000084100000, 0x0000000084100000, 0x0000000084200000|  0%| F|  |TAMS 0x0000000084100000| PB 0x0000000084100000| Untracked 
|  42|0x0000000084200000, 0x0000000084200000, 0x0000000084300000|  0%| F|  |TAMS 0x0000000084200000| PB 0x0000000084200000| Untracked 
|  43|0x0000000084300000, 0x0000000084300000, 0x0000000084400000|  0%| F|  |TAMS 0x0000000084300000| PB 0x0000000084300000| Untracked 
|  44|0x0000000084400000, 0x0000000084400000, 0x0000000084500000|  0%| F|  |TAMS 0x0000000084400000| PB 0x0000000084400000| Untracked 
|  45|0x0000000084500000, 0x0000000084500000, 0x0000000084600000|  0%| F|  |TAMS 0x0000000084500000| PB 0x0000000084500000| Untracked 
|  46|0x0000000084600000, 0x0000000084600000, 0x0000000084700000|  0%| F|  |TAMS 0x0000000084600000| PB 0x0000000084600000| Untracked 
|  47|0x0000000084700000, 0x0000000084700000, 0x0000000084800000|  0%| F|  |TAMS 0x0000000084700000| PB 0x0000000084700000| Untracked 
|  48|0x0000000084800000, 0x0000000084800000, 0x0000000084900000|  0%| F|  |TAMS 0x0000000084800000| PB 0x0000000084800000| Untracked 
|  49|0x0000000084900000, 0x0000000084900000, 0x0000000084a00000|  0%| F|  |TAMS 0x0000000084900000| PB 0x0000000084900000| Untracked 
|  50|0x0000000084a00000, 0x0000000084a00000, 0x0000000084b00000|  0%| F|  |TAMS 0x0000000084a00000| PB 0x0000000084a00000| Untracked 
|  51|0x0000000084b00000, 0x0000000084b00000, 0x0000000084c00000|  0%| F|  |TAMS 0x0000000084b00000| PB 0x0000000084b00000| Untracked 
|  52|0x0000000084c00000, 0x0000000084c00000, 0x0000000084d00000|  0%| F|  |TAMS 0x0000000084c00000| PB 0x0000000084c00000| Untracked 
|  53|0x0000000084d00000, 0x0000000084d00000, 0x0000000084e00000|  0%| F|  |TAMS 0x0000000084d00000| PB 0x0000000084d00000| Untracked 
|  54|0x0000000084e00000, 0x0000000084e00000, 0x0000000084f00000|  0%| F|  |TAMS 0x0000000084e00000| PB 0x0000000084e00000| Untracked 
|  55|0x0000000084f00000, 0x0000000084f00000, 0x0000000085000000|  0%| F|  |TAMS 0x0000000084f00000| PB 0x0000000084f00000| Untracked 
|  56|0x0000000085000000, 0x0000000085000000, 0x0000000085100000|  0%| F|  |TAMS 0x0000000085000000| PB 0x0000000085000000| Untracked 
|  57|0x0000000085100000, 0x0000000085100000, 0x0000000085200000|  0%| F|  |TAMS 0x0000000085100000| PB 0x0000000085100000| Untracked 
|  58|0x0000000085200000, 0x0000000085200000, 0x0000000085300000|  0%| F|  |TAMS 0x0000000085200000| PB 0x0000000085200000| Untracked 
|  59|0x0000000085300000, 0x0000000085300000, 0x0000000085400000|  0%| F|  |TAMS 0x0000000085300000| PB 0x0000000085300000| Untracked 
|  60|0x0000000085400000, 0x0000000085400000, 0x0000000085500000|  0%| F|  |TAMS 0x0000000085400000| PB 0x0000000085400000| Untracked 
|  61|0x0000000085500000, 0x0000000085500000, 0x0000000085600000|  0%| F|  |TAMS 0x0000000085500000| PB 0x0000000085500000| Untracked 
|  62|0x0000000085600000, 0x0000000085600000, 0x0000000085700000|  0%| F|  |TAMS 0x0000000085600000| PB 0x0000000085600000| Untracked 
|  63|0x0000000085700000, 0x0000000085700000, 0x0000000085800000|  0%| F|  |TAMS 0x0000000085700000| PB 0x0000000085700000| Untracked 
|  64|0x0000000085800000, 0x0000000085800000, 0x0000000085900000|  0%| F|  |TAMS 0x0000000085800000| PB 0x0000000085800000| Untracked 
|  65|0x0000000085900000, 0x0000000085900000, 0x0000000085a00000|  0%| F|  |TAMS 0x0000000085900000| PB 0x0000000085900000| Untracked 
|  66|0x0000000085a00000, 0x0000000085a00000, 0x0000000085b00000|  0%| F|  |TAMS 0x0000000085a00000| PB 0x0000000085a00000| Untracked 
|  67|0x0000000085b00000, 0x0000000085b00000, 0x0000000085c00000|  0%| F|  |TAMS 0x0000000085b00000| PB 0x0000000085b00000| Untracked 
|  68|0x0000000085c00000, 0x0000000085c00000, 0x0000000085d00000|  0%| F|  |TAMS 0x0000000085c00000| PB 0x0000000085c00000| Untracked 
|  69|0x0000000085d00000, 0x0000000085d00000, 0x0000000085e00000|  0%| F|  |TAMS 0x0000000085d00000| PB 0x0000000085d00000| Untracked 
|  70|0x0000000085e00000, 0x0000000085e00000, 0x0000000085f00000|  0%| F|  |TAMS 0x0000000085e00000| PB 0x0000000085e00000| Untracked 
|  71|0x0000000085f00000, 0x0000000085f00000, 0x0000000086000000|  0%| F|  |TAMS 0x0000000085f00000| PB 0x0000000085f00000| Untracked 
|  72|0x0000000086000000, 0x0000000086000000, 0x0000000086100000|  0%| F|  |TAMS 0x0000000086000000| PB 0x0000000086000000| Untracked 
|  73|0x0000000086100000, 0x0000000086100000, 0x0000000086200000|  0%| F|  |TAMS 0x0000000086100000| PB 0x0000000086100000| Untracked 
|  74|0x0000000086200000, 0x0000000086200000, 0x0000000086300000|  0%| F|  |TAMS 0x0000000086200000| PB 0x0000000086200000| Untracked 
|  75|0x0000000086300000, 0x0000000086300000, 0x0000000086400000|  0%| F|  |TAMS 0x0000000086300000| PB 0x0000000086300000| Untracked 
|  76|0x0000000086400000, 0x0000000086400000, 0x0000000086500000|  0%| F|  |TAMS 0x0000000086400000| PB 0x0000000086400000| Untracked 
|  77|0x0000000086500000, 0x0000000086500000, 0x0000000086600000|  0%| F|  |TAMS 0x0000000086500000| PB 0x0000000086500000| Untracked 
|  78|0x0000000086600000, 0x0000000086600000, 0x0000000086700000|  0%| F|  |TAMS 0x0000000086600000| PB 0x0000000086600000| Untracked 
|  79|0x0000000086700000, 0x0000000086700000, 0x0000000086800000|  0%| F|  |TAMS 0x0000000086700000| PB 0x0000000086700000| Untracked 
|  80|0x0000000086800000, 0x0000000086800000, 0x0000000086900000|  0%| F|  |TAMS 0x0000000086800000| PB 0x0000000086800000| Untracked 
|  81|0x0000000086900000, 0x0000000086900000, 0x0000000086a00000|  0%| F|  |TAMS 0x0000000086900000| PB 0x0000000086900000| Untracked 
|  82|0x0000000086a00000, 0x0000000086a00000, 0x0000000086b00000|  0%| F|  |TAMS 0x0000000086a00000| PB 0x0000000086a00000| Untracked 
|  83|0x0000000086b00000, 0x0000000086b00000, 0x0000000086c00000|  0%| F|  |TAMS 0x0000000086b00000| PB 0x0000000086b00000| Untracked 
|  84|0x0000000086c00000, 0x0000000086c00000, 0x0000000086d00000|  0%| F|  |TAMS 0x0000000086c00000| PB 0x0000000086c00000| Untracked 
|  85|0x0000000086d00000, 0x0000000086d00000, 0x0000000086e00000|  0%| F|  |TAMS 0x0000000086d00000| PB 0x0000000086d00000| Untracked 
|  86|0x0000000086e00000, 0x0000000086e00000, 0x0000000086f00000|  0%| F|  |TAMS 0x0000000086e00000| PB 0x0000000086e00000| Untracked 
|  87|0x0000000086f00000, 0x0000000086f00000, 0x0000000087000000|  0%| F|  |TAMS 0x0000000086f00000| PB 0x0000000086f00000| Untracked 
|  88|0x0000000087000000, 0x0000000087000000, 0x0000000087100000|  0%| F|  |TAMS 0x0000000087000000| PB 0x0000000087000000| Untracked 
|  89|0x0000000087100000, 0x0000000087100000, 0x0000000087200000|  0%| F|  |TAMS 0x0000000087100000| PB 0x0000000087100000| Untracked 
|  90|0x0000000087200000, 0x0000000087200000, 0x0000000087300000|  0%| F|  |TAMS 0x0000000087200000| PB 0x0000000087200000| Untracked 
|  91|0x0000000087300000, 0x0000000087300000, 0x0000000087400000|  0%| F|  |TAMS 0x0000000087300000| PB 0x0000000087300000| Untracked 
|  92|0x0000000087400000, 0x0000000087400000, 0x0000000087500000|  0%| F|  |TAMS 0x0000000087400000| PB 0x0000000087400000| Untracked 
|  93|0x0000000087500000, 0x0000000087500000, 0x0000000087600000|  0%| F|  |TAMS 0x0000000087500000| PB 0x0000000087500000| Untracked 
|  94|0x0000000087600000, 0x0000000087600000, 0x0000000087700000|  0%| F|  |TAMS 0x0000000087600000| PB 0x0000000087600000| Untracked 
|  95|0x0000000087700000, 0x0000000087700000, 0x0000000087800000|  0%| F|  |TAMS 0x0000000087700000| PB 0x0000000087700000| Untracked 
|  96|0x0000000087800000, 0x0000000087800000, 0x0000000087900000|  0%| F|  |TAMS 0x0000000087800000| PB 0x0000000087800000| Untracked 
|  97|0x0000000087900000, 0x0000000087900000, 0x0000000087a00000|  0%| F|  |TAMS 0x0000000087900000| PB 0x0000000087900000| Untracked 
|  98|0x0000000087a00000, 0x0000000087a00000, 0x0000000087b00000|  0%| F|  |TAMS 0x0000000087a00000| PB 0x0000000087a00000| Untracked 
|  99|0x0000000087b00000, 0x0000000087b00000, 0x0000000087c00000|  0%| F|  |TAMS 0x0000000087b00000| PB 0x0000000087b00000| Untracked 
| 100|0x0000000087c00000, 0x0000000087c00000, 0x0000000087d00000|  0%| F|  |TAMS 0x0000000087c00000| PB 0x0000000087c00000| Untracked 
| 101|0x0000000087d00000, 0x0000000087d00000, 0x0000000087e00000|  0%| F|  |TAMS 0x0000000087d00000| PB 0x0000000087d00000| Untracked 
| 102|0x0000000087e00000, 0x0000000087e00000, 0x0000000087f00000|  0%| F|  |TAMS 0x0000000087e00000| PB 0x0000000087e00000| Untracked 
| 103|0x0000000087f00000, 0x0000000087f00000, 0x0000000088000000|  0%| F|  |TAMS 0x0000000087f00000| PB 0x0000000087f00000| Untracked 
| 104|0x0000000088000000, 0x0000000088000000, 0x0000000088100000|  0%| F|  |TAMS 0x0000000088000000| PB 0x0000000088000000| Untracked 
| 105|0x0000000088100000, 0x0000000088100000, 0x0000000088200000|  0%| F|  |TAMS 0x0000000088100000| PB 0x0000000088100000| Untracked 
| 106|0x0000000088200000, 0x0000000088200000, 0x0000000088300000|  0%| F|  |TAMS 0x0000000088200000| PB 0x0000000088200000| Untracked 
| 107|0x0000000088300000, 0x0000000088300000, 0x0000000088400000|  0%| F|  |TAMS 0x0000000088300000| PB 0x0000000088300000| Untracked 
| 108|0x0000000088400000, 0x0000000088400000, 0x0000000088500000|  0%| F|  |TAMS 0x0000000088400000| PB 0x0000000088400000| Untracked 
| 109|0x0000000088500000, 0x0000000088500000, 0x0000000088600000|  0%| F|  |TAMS 0x0000000088500000| PB 0x0000000088500000| Untracked 
| 110|0x0000000088600000, 0x0000000088700000, 0x0000000088700000|100%| E|  |TAMS 0x0000000088600000| PB 0x0000000088600000| Complete 
| 111|0x0000000088700000, 0x0000000088800000, 0x0000000088800000|100%| E|  |TAMS 0x0000000088700000| PB 0x0000000088700000| Complete 
| 112|0x0000000088800000, 0x0000000088900000, 0x0000000088900000|100%| E|CS|TAMS 0x0000000088800000| PB 0x0000000088800000| Complete 
| 113|0x0000000088900000, 0x0000000088a00000, 0x0000000088a00000|100%| S|CS|TAMS 0x0000000088900000| PB 0x0000000088900000| Complete 
| 114|0x0000000088a00000, 0x0000000088b00000, 0x0000000088b00000|100%| S|CS|TAMS 0x0000000088a00000| PB 0x0000000088a00000| Complete 
| 115|0x0000000088b00000, 0x0000000088c00000, 0x0000000088c00000|100%| E|CS|TAMS 0x0000000088b00000| PB 0x0000000088b00000| Complete 
| 116|0x0000000088c00000, 0x0000000088d00000, 0x0000000088d00000|100%| E|CS|TAMS 0x0000000088c00000| PB 0x0000000088c00000| Complete 
| 117|0x0000000088d00000, 0x0000000088e00000, 0x0000000088e00000|100%| E|CS|TAMS 0x0000000088d00000| PB 0x0000000088d00000| Complete 
| 118|0x0000000088e00000, 0x0000000088f00000, 0x0000000088f00000|100%| E|CS|TAMS 0x0000000088e00000| PB 0x0000000088e00000| Complete 
| 119|0x0000000088f00000, 0x0000000089000000, 0x0000000089000000|100%| E|CS|TAMS 0x0000000088f00000| PB 0x0000000088f00000| Complete 
| 120|0x0000000089000000, 0x0000000089100000, 0x0000000089100000|100%| E|CS|TAMS 0x0000000089000000| PB 0x0000000089000000| Complete 
| 121|0x0000000089100000, 0x0000000089200000, 0x0000000089200000|100%| E|CS|TAMS 0x0000000089100000| PB 0x0000000089100000| Complete 
| 122|0x0000000089200000, 0x0000000089300000, 0x0000000089300000|100%| E|CS|TAMS 0x0000000089200000| PB 0x0000000089200000| Complete 
| 123|0x0000000089300000, 0x0000000089400000, 0x0000000089400000|100%| E|CS|TAMS 0x0000000089300000| PB 0x0000000089300000| Complete 
| 124|0x0000000089400000, 0x0000000089500000, 0x0000000089500000|100%| E|CS|TAMS 0x0000000089400000| PB 0x0000000089400000| Complete 
| 125|0x0000000089500000, 0x0000000089600000, 0x0000000089600000|100%| E|CS|TAMS 0x0000000089500000| PB 0x0000000089500000| Complete 
| 126|0x0000000089600000, 0x0000000089700000, 0x0000000089700000|100%| E|CS|TAMS 0x0000000089600000| PB 0x0000000089600000| Complete 
| 127|0x0000000089700000, 0x0000000089800000, 0x0000000089800000|100%| E|CS|TAMS 0x0000000089700000| PB 0x0000000089700000| Complete 

Card table byte_map: [0x000001901e900000,0x000001901ed00000] _byte_map_base: 0x000001901e4f4000

Marking Bits: (CMBitMap*) 0x00000190056a4420
 Bits: [0x000001901f100000, 0x00000190210a0000)

Polling page: 0x0000019005710000

Metaspace:

Usage:
  Non-class:      6.68 MB used.
      Class:    767.88 KB used.
       Both:      7.43 MB used.

Virtual space:
  Non-class space:       64.00 MB reserved,       6.75 MB ( 11%) committed,  1 nodes.
      Class space:        1.00 GB reserved,     896.00 KB ( <1%) committed,  1 nodes.
             Both:        1.06 GB reserved,       7.62 MB ( <1%) committed. 

Chunk freelists:
   Non-Class:  772.00 KB
       Class:  3.09 MB
        Both:  3.84 MB

MaxMetaspaceSize: unlimited
CompressedClassSpaceSize: 1.00 GB
Initial GC threshold: 21.00 MB
Current GC threshold: 21.00 MB
CDS: on
MetaspaceReclaimPolicy: balanced
 - commit_granule_bytes: 65536.
 - commit_granule_words: 8192.
 - virtual_space_node_default_size: 8388608.
 - enlarge_chunks_in_place: 1.
 - new_chunks_are_fully_committed: 0.
 - uncommit_free_chunks: 1.
 - use_allocation_guard: 0.


Internal statistics:

num_allocs_failed_limit: 0.
num_arena_births: 152.
num_arena_deaths: 0.
num_vsnodes_births: 2.
num_vsnodes_deaths: 0.
num_space_committed: 122.
num_space_uncommitted: 0.
num_chunks_returned_to_freelist: 0.
num_chunks_taken_from_freelist: 210.
num_chunk_merges: 0.
num_chunk_splits: 127.
num_chunks_enlarged: 57.
num_inconsistent_stats: 0.

CodeHeap 'non-profiled nmethods': size=120000Kb used=319Kb max_used=319Kb free=119680Kb
 bounds [0x00000190169b0000, 0x0000019016c20000, 0x000001901dee0000]
CodeHeap 'profiled nmethods': size=120000Kb used=1838Kb max_used=1838Kb free=118161Kb
 bounds [0x000001900eee0000, 0x000001900f150000, 0x0000019016410000]
CodeHeap 'non-nmethods': size=5760Kb used=1915Kb max_used=1931Kb free=3844Kb
 bounds [0x0000019016410000, 0x0000019016680000, 0x00000190169b0000]
 total_blobs=2028 nmethods=1150 adapters=789
 compilation: enabled
              stopped_count=0, restarted_count=0
 full_count=0

Compilation events (20 events):
Event: 10.936 Thread 0x0000019023704c50 1142       3       java.awt.LightweightDispatcher::dispatchEvent (73 bytes)
Event: 10.937 Thread 0x0000019023704c50 nmethod 1142 0x000001900f0a3b10 code [0x000001900f0a3d00, 0x000001900f0a4470]
Event: 10.946 Thread 0x0000019023704c50 1143       3       java.awt.event.ComponentEvent::getComponent (22 bytes)
Event: 10.946 Thread 0x0000019023704c50 nmethod 1143 0x000001900f0a4610 code [0x000001900f0a47c0, 0x000001900f0a4b38]
Event: 10.961 Thread 0x0000019023704c50 1144       3       sun.awt.windows.WComponentPeer::handleEvent (173 bytes)
Event: 10.962 Thread 0x0000019023704c50 nmethod 1144 0x000001900f0a4c10 code [0x000001900f0a4e60, 0x000001900f0a6188]
Event: 10.970 Thread 0x0000019023704c50 1145       3       java.awt.Component::eventEnabled (9 bytes)
Event: 10.970 Thread 0x0000019023704c50 nmethod 1145 0x000001900f0a6490 code [0x000001900f0a6620, 0x000001900f0a67e8]
Event: 10.985 Thread 0x0000019023704c50 1146       3       sun.awt.windows.WWindowPeer::preprocessPostEvent (72 bytes)
Event: 10.986 Thread 0x0000019023704c50 nmethod 1146 0x000001900f0a6910 code [0x000001900f0a6ae0, 0x000001900f0a7210]
Event: 10.995 Thread 0x0000019023704c50 1147       3       java.awt.Toolkit$SelectiveAWTEventListener::eventDispatched (745 bytes)
Event: 10.999 Thread 0x0000019023704c50 nmethod 1147 0x000001900f0a7390 code [0x000001900f0a75e0, 0x000001900f0a8b38]
Event: 11.002 Thread 0x0000019023704c50 1148       3       java.awt.Container::eventEnabled (49 bytes)
Event: 11.003 Thread 0x0000019023704c50 nmethod 1148 0x000001900f0a8f90 code [0x000001900f0a9140, 0x000001900f0a9560]
Event: 11.042 Thread 0x0000019023704c50 1149   !   3       java.awt.Window::getInputContext (36 bytes)
Event: 11.043 Thread 0x0000019023704c50 nmethod 1149 0x000001900f0a9690 code [0x000001900f0a9860, 0x000001900f0a9da0]
Event: 11.043 Thread 0x0000019023704c50 1150       3       sun.awt.im.InputMethodContext::dispatchEvent (62 bytes)
Event: 11.044 Thread 0x0000019023704c50 nmethod 1150 0x000001900f0a9f90 code [0x000001900f0aa1e0, 0x000001900f0aacb8]
Event: 11.175 Thread 0x0000019023704c50 1151       3       sun.awt.windows.WInputMethod::dispatchEvent (66 bytes)
Event: 11.176 Thread 0x0000019023704c50 nmethod 1151 0x000001900f0aaf90 code [0x000001900f0ab180, 0x000001900f0ab9d0]

GC Heap History (2 events):
Event: 4.583 GC heap before
{Heap before GC invocations=0 (full 0):
 garbage-first heap   total 131072K, used 14336K [0x0000000081800000, 0x0000000100000000)
  region size 1024K, 13 young (13312K), 0 survivors (0K)
 Metaspace       used 7274K, committed 7488K, reserved 1114112K
  class space    used 765K, committed 896K, reserved 1048576K
}
Event: 4.591 GC heap after
{Heap after GC invocations=1 (full 0):
 garbage-first heap   total 131072K, used 4956K [0x0000000081800000, 0x0000000100000000)
  region size 1024K, 2 young (2048K), 2 survivors (2048K)
 Metaspace       used 7274K, committed 7488K, reserved 1114112K
  class space    used 765K, committed 896K, reserved 1048576K
}

Dll operation events (10 events):
Event: 0.020 Loaded shared library C:\Program Files\Java\jdk-20\bin\java.dll
Event: 0.053 Loaded shared library C:\Program Files\Java\jdk-20\bin\jsvml.dll
Event: 0.317 Loaded shared library C:\Program Files\Java\jdk-20\bin\net.dll
Event: 0.323 Loaded shared library C:\Program Files\Java\jdk-20\bin\nio.dll
Event: 0.411 Loaded shared library C:\Program Files\Java\jdk-20\bin\zip.dll
Event: 0.654 Loaded shared library C:\Users\Elvis\Documents\NetBeansProjects\SofwareMatricula\opencv_java480.dll
Event: 2.229 Loaded shared library C:\Program Files\Java\jdk-20\bin\jimage.dll
Event: 2.265 Loaded shared library C:\Program Files\Java\jdk-20\bin\awt.dll
Event: 2.653 Loaded shared library C:\Program Files\Java\jdk-20\bin\freetype.dll
Event: 2.655 Loaded shared library C:\Program Files\Java\jdk-20\bin\fontmanager.dll

Deoptimization events (14 events):
Event: 0.553 Thread 0x0000019005646130 DEOPT PACKING pc=0x000001900eeef557 sp=0x00000034af8fd880
Event: 0.553 Thread 0x0000019005646130 DEOPT UNPACKING pc=0x000001901647a4c2 sp=0x00000034af8fcca0 mode 0
Event: 0.584 Thread 0x0000019005646130 Uncommon trap: trap_request=0xffffffde fr.pc=0x00000190169c0e78 relative=0x0000000000000878
Event: 0.584 Thread 0x0000019005646130 Uncommon trap: reason=class_check action=maybe_recompile pc=0x00000190169c0e78 method=java.util.HashMap.putVal(ILjava/lang/Object;Ljava/lang/Object;ZZ)Ljava/lang/Object; @ 152 c2
Event: 0.584 Thread 0x0000019005646130 DEOPT PACKING pc=0x00000190169c0e78 sp=0x00000034af8fde50
Event: 0.584 Thread 0x0000019005646130 DEOPT UNPACKING pc=0x0000019016479d22 sp=0x00000034af8fddd0 mode 2
Event: 2.446 Thread 0x0000019005646130 Uncommon trap: trap_request=0xffffff45 fr.pc=0x00000190169c0f38 relative=0x0000000000000938
Event: 2.446 Thread 0x0000019005646130 Uncommon trap: reason=unstable_if action=reinterpret pc=0x00000190169c0f38 method=java.util.HashMap.putVal(ILjava/lang/Object;Ljava/lang/Object;ZZ)Ljava/lang/Object; @ 236 c2
Event: 2.447 Thread 0x0000019005646130 DEOPT PACKING pc=0x00000190169c0f38 sp=0x00000034af8fddc0
Event: 2.447 Thread 0x0000019005646130 DEOPT UNPACKING pc=0x0000019016479d22 sp=0x00000034af8fdd68 mode 2
Event: 2.672 Thread 0x0000019005646130 Uncommon trap: trap_request=0xffffff45 fr.pc=0x00000190169b536c relative=0x000000000000006c
Event: 2.672 Thread 0x0000019005646130 Uncommon trap: reason=unstable_if action=reinterpret pc=0x00000190169b536c method=java.lang.String.isLatin1()Z @ 10 c2
Event: 2.672 Thread 0x0000019005646130 DEOPT PACKING pc=0x00000190169b536c sp=0x00000034af8fdd00
Event: 2.672 Thread 0x0000019005646130 DEOPT UNPACKING pc=0x0000019016479d22 sp=0x00000034af8fdc90 mode 2

Classes loaded (20 events):
Event: 3.776 Loading class jdk/internal/event/ThreadSleepEvent
Event: 3.776 Loading class javax/swing/CellRendererPane
Event: 3.776 Loading class jdk/internal/event/Event
Event: 3.776 Loading class javax/swing/CellRendererPane done
Event: 3.776 Loading class jdk/internal/event/Event done
Event: 3.776 Loading class javax/swing/RepaintManager$3
Event: 3.776 Loading class jdk/internal/event/ThreadSleepEvent done
Event: 3.776 Loading class javax/swing/RepaintManager$3 done
Event: 3.779 Loading class sun/awt/image/BufImgSurfaceManager
Event: 3.779 Loading class sun/awt/image/BufImgSurfaceManager done
Event: 6.999 Loading class java/awt/LightweightDispatcher$2
Event: 6.999 Loading class java/awt/LightweightDispatcher$2 done
Event: 8.905 Loading class javax/swing/event/ChangeEvent
Event: 8.905 Loading class javax/swing/event/ChangeEvent done
Event: 11.479 Loading class java/awt/Window$1DisposeAction
Event: 11.480 Loading class java/awt/Window$1DisposeAction done
Event: 11.480 Loading class java/awt/KeyboardFocusManager$2
Event: 11.480 Loading class java/awt/KeyboardFocusManager$2 done
Event: 11.480 Loading class sun/awt/SunToolkit$1
Event: 11.480 Loading class sun/awt/SunToolkit$1 done

Classes unloaded (0 events):
No events

Classes redefined (0 events):
No events

Internal exceptions (18 events):
Event: 0.326 Thread 0x0000019005646130 Exception <a 'sun/nio/fs/WindowsException'{0x00000000896ccd60}> (0x00000000896ccd60) 
thrown [s\open\src\hotspot\share\prims\jni.cpp, line 519]
Event: 0.334 Thread 0x0000019005646130 Exception <a 'sun/nio/fs/WindowsException'{0x00000000896cf250}> (0x00000000896cf250) 
thrown [s\open\src\hotspot\share\prims\jni.cpp, line 519]
Event: 0.335 Thread 0x0000019005646130 Exception <a 'sun/nio/fs/WindowsException'{0x00000000896d0248}> (0x00000000896d0248) 
thrown [s\open\src\hotspot\share\prims\jni.cpp, line 519]
Event: 0.336 Thread 0x0000019005646130 Exception <a 'sun/nio/fs/WindowsException'{0x00000000896d0d90}> (0x00000000896d0d90) 
thrown [s\open\src\hotspot\share\prims\jni.cpp, line 519]
Event: 0.336 Thread 0x0000019005646130 Exception <a 'sun/nio/fs/WindowsException'{0x00000000896d18d8}> (0x00000000896d18d8) 
thrown [s\open\src\hotspot\share\prims\jni.cpp, line 519]
Event: 0.337 Thread 0x0000019005646130 Exception <a 'sun/nio/fs/WindowsException'{0x00000000896d2470}> (0x00000000896d2470) 
thrown [s\open\src\hotspot\share\prims\jni.cpp, line 519]
Event: 0.338 Thread 0x0000019005646130 Exception <a 'sun/nio/fs/WindowsException'{0x00000000896d2f40}> (0x00000000896d2f40) 
thrown [s\open\src\hotspot\share\prims\jni.cpp, line 519]
Event: 2.242 Thread 0x0000019005646130 Exception <a 'java/lang/ClassNotFoundException'{0x000000008949e4f8}: sun/awt/resources/spi/awtProvider> (0x000000008949e4f8) 
thrown [s\open\src\hotspot\share\classfile\systemDictionary.cpp, line 305]
Event: 2.292 Thread 0x0000019005646130 Exception <a 'java/io/FileNotFoundException'{0x00000000894f50e0}> (0x00000000894f50e0) 
thrown [s\open\src\hotspot\share\prims\jni.cpp, line 519]
Event: 2.310 Thread 0x0000019005646130 Exception <a 'java/io/FileNotFoundException'{0x000000008931f5f0}> (0x000000008931f5f0) 
thrown [s\open\src\hotspot\share\prims\jni.cpp, line 519]
Event: 2.453 Thread 0x0000019005646130 Exception <a 'java/lang/NoSuchMethodError'{0x0000000089226840}: 'void java.lang.invoke.DirectMethodHandle$Holder.invokeSpecial(java.lang.Object, java.lang.Object, java.lang.Object)'> (0x0000000089226840) 
thrown [s\open\src\hotspot\share\interpreter\linkResolver.cpp, line 773]
Event: 2.473 Thread 0x0000019005646130 Exception <a 'java/lang/NoSuchMethodError'{0x0000000089251248}: 'java.lang.Object java.lang.invoke.DirectMethodHandle$Holder.newInvokeSpecial(java.lang.Object, java.lang.Object, java.lang.Object, java.lang.Object, java.lang.Object)'> (0x0000000089251248) 
thrown [s\open\src\hotspot\share\interpreter\linkResolver.cpp, line 773]
Event: 2.490 Thread 0x0000019005646130 Exception <a 'java/lang/NoSuchMethodError'{0x0000000089281af0}: 'java.lang.Object java.lang.invoke.DirectMethodHandle$Holder.invokeStatic(java.lang.Object, int, java.lang.Object)'> (0x0000000089281af0) 
thrown [s\open\src\hotspot\share\interpreter\linkResolver.cpp, line 773]
Event: 2.561 Thread 0x0000019005646130 Exception <a 'java/lang/ClassNotFoundException'{0x000000008913d948}: com/sun/swing/internal/plaf/metal/resources/spi/metalProvider> (0x000000008913d948) 
thrown [s\open\src\hotspot\share\classfile\systemDictionary.cpp, line 305]
Event: 2.562 Thread 0x0000019005646130 Exception <a 'java/lang/ClassNotFoundException'{0x00000000891418a8}: com/sun/swing/internal/plaf/basic/resources/spi/basicProvider> (0x00000000891418a8) 
thrown [s\open\src\hotspot\share\classfile\systemDictionary.cpp, line 305]
Event: 2.579 Thread 0x0000019005646130 Exception <a 'java/lang/NoSuchMethodError'{0x0000000089160c48}: 'int java.lang.invoke.Invokers$Holder.invokeExact_MT(java.lang.Object, java.lang.Object)'> (0x0000000089160c48) 
thrown [s\open\src\hotspot\share\interpreter\linkResolver.cpp, line 773]
Event: 2.645 Thread 0x0000019005646130 Exception <a 'java/lang/NoSuchMethodError'{0x00000000891d0230}: 'void java.lang.invoke.DirectMethodHandle$Holder.invokeStaticInit(java.lang.Object)'> (0x00000000891d0230) 
thrown [s\open\src\hotspot\share\interpreter\linkResolver.cpp, line 773]
Event: 2.804 Thread 0x0000019028e64800 Exception <a 'java/lang/NoSuchMethodError'{0x00000000893d84d8}: 'void java.lang.invoke.DirectMethodHandle$Holder.invokeVirtual(java.lang.Object, java.lang.Object)'> (0x00000000893d84d8) 
thrown [s\open\src\hotspot\share\interpreter\linkResolver.cpp, line 773]

VM Operations (20 events):
Event: 3.329 Executing VM operation: Cleanup done
Event: 4.338 Executing VM operation: Cleanup
Event: 4.338 Executing VM operation: Cleanup done
Event: 4.583 Executing VM operation: G1CollectForAllocation
Event: 4.591 Executing VM operation: G1CollectForAllocation done
Event: 5.597 Executing VM operation: Cleanup
Event: 5.597 Executing VM operation: Cleanup done
Event: 6.616 Executing VM operation: Cleanup
Event: 6.616 Executing VM operation: Cleanup done
Event: 7.626 Executing VM operation: Cleanup
Event: 7.626 Executing VM operation: Cleanup done
Event: 8.629 Executing VM operation: Cleanup
Event: 8.630 Executing VM operation: Cleanup done
Event: 9.636 Executing VM operation: Cleanup
Event: 9.636 Executing VM operation: Cleanup done
Event: 10.640 Executing VM operation: Cleanup
Event: 10.640 Executing VM operation: Cleanup done
Event: 11.640 Executing VM operation: Cleanup
Event: 11.640 Executing VM operation: Cleanup done
Event: 11.640 Executing VM operation: Exit

Events (20 events):
Event: 0.103 Thread 0x00000190236d0a50 Thread added: 0x00000190236d0a50
Event: 0.103 Thread 0x00000190236d0fa0 Thread added: 0x00000190236d0fa0
Event: 0.104 Thread 0x00000190236d9500 Thread added: 0x00000190236d9500
Event: 0.104 Thread 0x00000190236e36a0 Thread added: 0x00000190236e36a0
Event: 0.105 Thread 0x0000019023704c50 Thread added: 0x0000019023704c50
Event: 0.267 Thread 0x00000190279a86d0 Thread added: 0x00000190279a86d0
Event: 0.392 Thread 0x0000019027b27b90 Thread added: 0x0000019027b27b90
Event: 2.384 Thread 0x0000019028e3a7b0 Thread added: 0x0000019028e3a7b0
Event: 2.388 Thread 0x0000019028e5f7e0 Thread added: 0x0000019028e5f7e0
Event: 2.391 Thread 0x0000019028e64800 Thread added: 0x0000019028e64800
Event: 2.616 Thread 0x0000019028eb3ed0 Thread added: 0x0000019028eb3ed0
Event: 2.929 Thread 0x0000019028fe5300 Thread added: 0x0000019028fe5300
Event: 2.937 Thread 0x0000019005646130 Thread exited: 0x0000019005646130
Event: 2.937 Thread 0x0000019005646130 Thread added: 0x0000019005646130
Event: 9.284 Thread 0x0000019028fe5300 Thread exited: 0x0000019028fe5300
Event: 11.519 Thread 0x0000019027cee7a0 Thread added: 0x0000019027cee7a0
Event: 11.519 Thread 0x0000019028fe5300 Thread added: 0x0000019028fe5300
Event: 11.537 Thread 0x0000019028fe5300 Thread exited: 0x0000019028fe5300
Event: 11.540 Thread 0x0000019028e64800 Thread exited: 0x0000019028e64800
Event: 11.640 Thread 0x0000019027cee7a0 Thread exited: 0x0000019027cee7a0


Dynamic libraries:
0x00007ff607de0000 - 0x00007ff607df0000 	C:\Program Files\Java\jdk-20\bin\java.exe
0x00007fffc5810000 - 0x00007fffc5a08000 	C:\Windows\SYSTEM32\ntdll.dll
0x00007fff634f0000 - 0x00007fff63509000 	C:\Program Files\Avast Software\Avast\aswhook.dll
0x00007fffc4970000 - 0x00007fffc4a2d000 	C:\Windows\System32\KERNEL32.DLL
0x00007fffc31d0000 - 0x00007fffc34c6000 	C:\Windows\System32\KERNELBASE.dll
0x00007fffc3040000 - 0x00007fffc3140000 	C:\Windows\System32\ucrtbase.dll
0x00007fffa5970000 - 0x00007fffa5989000 	C:\Program Files\Java\jdk-20\bin\jli.dll
0x00007fffc48c0000 - 0x00007fffc496f000 	C:\Windows\System32\ADVAPI32.dll
0x00007fffc4aa0000 - 0x00007fffc4b3e000 	C:\Windows\System32\msvcrt.dll
0x00007fffc3870000 - 0x00007fffc390c000 	C:\Windows\System32\sechost.dll
0x00007fffc4670000 - 0x00007fffc4796000 	C:\Windows\System32\RPCRT4.dll
0x00007fffc4b40000 - 0x00007fffc4cde000 	C:\Windows\System32\USER32.dll
0x00007fffc34d0000 - 0x00007fffc34f2000 	C:\Windows\System32\win32u.dll
0x00007fffc04a0000 - 0x00007fffc04bb000 	C:\Program Files\Java\jdk-20\bin\VCRUNTIME140.dll
0x00007fffc5680000 - 0x00007fffc56ac000 	C:\Windows\System32\GDI32.dll
0x00007fffc3500000 - 0x00007fffc361a000 	C:\Windows\System32\gdi32full.dll
0x00007fffc3670000 - 0x00007fffc370d000 	C:\Windows\System32\msvcp_win.dll
0x00007fffa9720000 - 0x00007fffa99ba000 	C:\Windows\WinSxS\amd64_microsoft.windows.common-controls_6595b64144ccf1df_6.0.19041.3636_none_60b6a03d71f818d5\COMCTL32.dll
0x00007fffb9430000 - 0x00007fffb943a000 	C:\Windows\SYSTEM32\VERSION.dll
0x00007fffc3970000 - 0x00007fffc39a0000 	C:\Windows\System32\IMM32.DLL
0x00007fffc0490000 - 0x00007fffc049c000 	C:\Program Files\Java\jdk-20\bin\vcruntime140_1.dll
0x00007fffa52c0000 - 0x00007fffa534e000 	C:\Program Files\Java\jdk-20\bin\msvcp140.dll
0x00007fff4bcf0000 - 0x00007fff4c987000 	C:\Program Files\Java\jdk-20\bin\server\jvm.dll
0x00007fffafa00000 - 0x00007fffafa27000 	C:\Windows\SYSTEM32\WINMM.dll
0x00007fffb2e00000 - 0x00007fffb2e09000 	C:\Windows\SYSTEM32\WSOCK32.dll
0x00007fffc5760000 - 0x00007fffc57cb000 	C:\Windows\System32\WS2_32.dll
0x00007fffc0db0000 - 0x00007fffc0dc2000 	C:\Windows\SYSTEM32\kernel.appcore.dll
0x00007fffc0410000 - 0x00007fffc041a000 	C:\Program Files\Java\jdk-20\bin\jimage.dll
0x00007fffb8630000 - 0x00007fffb8814000 	C:\Windows\SYSTEM32\DBGHELP.DLL
0x00007fffb85f0000 - 0x00007fffb8624000 	C:\Windows\SYSTEM32\dbgcore.DLL
0x00007fffc3140000 - 0x00007fffc31c2000 	C:\Windows\System32\bcryptPrimitives.dll
0x00007fffc0420000 - 0x00007fffc0446000 	C:\Program Files\Java\jdk-20\bin\java.dll
0x00007fffbbce0000 - 0x00007fffbbdb7000 	C:\Program Files\Java\jdk-20\bin\jsvml.dll
0x00007fffc3f20000 - 0x00007fffc4664000 	C:\Windows\System32\SHELL32.dll
0x00007fffc0fb0000 - 0x00007fffc174b000 	C:\Windows\SYSTEM32\windows.storage.dll
0x00007fffc4f80000 - 0x00007fffc52d4000 	C:\Windows\System32\combase.dll
0x00007fffc2860000 - 0x00007fffc288d000 	C:\Windows\SYSTEM32\Wldp.dll
0x00007fffc56b0000 - 0x00007fffc575d000 	C:\Windows\System32\SHCORE.dll
0x00007fffc53c0000 - 0x00007fffc5415000 	C:\Windows\System32\shlwapi.dll
0x00007fffc2e20000 - 0x00007fffc2e45000 	C:\Windows\SYSTEM32\profapi.dll
0x00007fffc03f0000 - 0x00007fffc0403000 	C:\Program Files\Java\jdk-20\bin\net.dll
0x00007fffb82d0000 - 0x00007fffb83da000 	C:\Windows\SYSTEM32\WINHTTP.dll
0x00007fffc25c0000 - 0x00007fffc262a000 	C:\Windows\system32\mswsock.dll
0x00007fffbdaa0000 - 0x00007fffbdab6000 	C:\Program Files\Java\jdk-20\bin\nio.dll
0x00007fffbda80000 - 0x00007fffbda98000 	C:\Program Files\Java\jdk-20\bin\zip.dll
0x00007fff7f720000 - 0x00007fff82843000 	C:\Users\Elvis\Documents\NetBeansProjects\SofwareMatricula\opencv_java480.dll
0x00007fffc5530000 - 0x00007fffc565b000 	C:\Windows\System32\ole32.dll
0x00007fffc4cf0000 - 0x00007fffc4dbd000 	C:\Windows\System32\OLEAUT32.dll
0x00007fffbce90000 - 0x00007fffbd04b000 	C:\Windows\SYSTEM32\MFPlat.DLL
0x00007fffc3620000 - 0x00007fffc366e000 	C:\Windows\System32\cfgmgr32.dll
0x00007fffa72b0000 - 0x00007fffa7334000 	C:\Windows\SYSTEM32\MF.dll
0x00007fff899a0000 - 0x00007fff89aaa000 	C:\Windows\SYSTEM32\MFReadWrite.dll
0x00007fffc17b0000 - 0x00007fffc18a3000 	C:\Windows\SYSTEM32\dxgi.dll
0x00007fffbf2e0000 - 0x00007fffbf543000 	C:\Windows\SYSTEM32\d3d11.dll
0x00007fff7efb0000 - 0x00007fff7f43e000 	C:\Windows\SYSTEM32\MFCORE.DLL
0x00007fffc3710000 - 0x00007fffc386d000 	C:\Windows\System32\CRYPT32.dll
0x00007fffc3010000 - 0x00007fffc3037000 	C:\Windows\System32\bcrypt.dll
0x00007fffc2d50000 - 0x00007fffc2d9b000 	C:\Windows\SYSTEM32\powrprof.dll
0x00007fffa5240000 - 0x00007fffa5249000 	C:\Windows\SYSTEM32\ksuser.dll
0x00007fffc27d0000 - 0x00007fffc27dc000 	C:\Windows\SYSTEM32\CRYPTBASE.DLL
0x00007fffbcde0000 - 0x00007fffbce14000 	C:\Windows\SYSTEM32\RTWorkQ.DLL
0x00007fffc2d30000 - 0x00007fffc2d42000 	C:\Windows\SYSTEM32\UMPDC.dll
0x00007fffc08c0000 - 0x00007fffc095e000 	C:\Windows\system32\uxtheme.dll
0x00007fffc0700000 - 0x00007fffc0790000 	C:\Windows\SYSTEM32\apphelp.dll
0x00007fffb9b00000 - 0x00007fffb9f5f000 	C:\Windows\SYSTEM32\igdusc64.dll
0x00007fffbace0000 - 0x00007fffbad1b000 	C:\Windows\SYSTEM32\dxcore.dll
0x00007fffbc010000 - 0x00007fffbc047000 	C:\Windows\SYSTEM32\CompPkgSup.DLL
0x00007fffc3e10000 - 0x00007fffc3eb9000 	C:\Windows\System32\clbcatq.dll
0x00007fff43670000 - 0x00007fff43d96000 	C:\Windows\System32\Windows.Media.dll
0x00007fff82e30000 - 0x00007fff82e9d000 	C:\Windows\System32\FrameServerClient.dll
0x00007fff82dc0000 - 0x00007fff82e27000 	C:\Windows\System32\MFSENSORGROUP.dll
0x00007fffbb6b0000 - 0x00007fffbb796000 	C:\Windows\System32\Windows.ApplicationModel.dll
0x00007fffbdfe0000 - 0x00007fffbe1e7000 	C:\Windows\System32\twinapi.appcore.dll
0x00007fffbe6c0000 - 0x00007fffbe6ca000 	C:\Windows\SYSTEM32\AVRT.dll
0x00007fffbb5a0000 - 0x00007fffbb6a2000 	C:\Windows\System32\AppXDeploymentClient.dll
0x00007fff96fc0000 - 0x00007fff96fcd000 	C:\Windows\System32\vidcap.ax
0x00007fff8b5e0000 - 0x00007fff8b607000 	C:\Windows\System32\kswdmcap.ax
0x00007fff82930000 - 0x00007fff82a9c000 	C:\Windows\System32\MFC42.dll
0x00007fffa5c70000 - 0x00007fffa5db6000 	C:\Windows\System32\Windows.StateRepositoryPS.dll
0x00007fffbed20000 - 0x00007fffbee75000 	C:\Windows\System32\WinTypes.dll
0x00007fff7f630000 - 0x00007fff7f715000 	C:\Program Files\Intel\Media SDK\mfx_mft_mjpgvd_64.dll
0x00007fff65a70000 - 0x00007fff65a94000 	C:\Windows\SYSTEM32\dxva2.dll
0x00007fff58bb0000 - 0x00007fff58d7d000 	C:\Windows\SYSTEM32\d3d9.dll
0x00007fffbea60000 - 0x00007fffbeb56000 	C:\Windows\SYSTEM32\PROPSYS.dll
0x00007fffa1a20000 - 0x00007fffa1adf000 	C:\Windows\SYSTEM32\EVR.dll
0x00007fffc09e0000 - 0x00007fffc0a0f000 	C:\Windows\SYSTEM32\dwmapi.dll
0x00007fff8bd20000 - 0x00007fff8bd3d000 	C:\Windows\System32\mfmjpegdec.dll
0x00007fffb88c0000 - 0x00007fffb89ed000 	C:\Windows\System32\mfperfhelper.dll
0x00007fff42880000 - 0x00007fff429e0000 	C:\Windows\System32\msvproc.dll
0x00007fff55e40000 - 0x00007fff55fd1000 	C:\Program Files\Java\jdk-20\bin\awt.dll
0x00007fff93470000 - 0x00007fff93595000 	C:\Windows\system32\opengl32.dll
0x00007fff936f0000 - 0x00007fff9371c000 	C:\Windows\SYSTEM32\GLU32.dll
0x00007fffc47a0000 - 0x00007fffc48b4000 	C:\Windows\System32\MSCTF.dll
0x00007fffa8ac0000 - 0x00007fffa8b46000 	C:\Program Files\Java\jdk-20\bin\freetype.dll
0x00007fff97520000 - 0x00007fff975e6000 	C:\Program Files\Java\jdk-20\bin\fontmanager.dll
0x00007fffad0f0000 - 0x00007fffad1ea000 	C:\Windows\SYSTEM32\textinputframework.dll
0x00007fffc04c0000 - 0x00007fffc05b2000 	C:\Windows\System32\CoreMessaging.dll
0x00007fffbfd00000 - 0x00007fffc005b000 	C:\Windows\System32\CoreUIComponents.dll
0x00007fffc2010000 - 0x00007fffc2043000 	C:\Windows\SYSTEM32\ntmarta.dll
0x00007fff8b5c0000 - 0x00007fff8b5d5000 	C:\Windows\SYSTEM32\OpenCL.dll
0x00007fff82c50000 - 0x00007fff82cb2000 	C:\Windows\SYSTEM32\IntelOpenCL64.dll
0x00007fff7ec60000 - 0x00007fff7ed5d000 	C:\Program Files (x86)\Common Files\Intel\OpenCL\bin\x64\intelocl64.dll
0x00007fff828b0000 - 0x00007fff82926000 	C:\Program Files (x86)\Common Files\Intel\OpenCL\bin\x64\task_executor64.dll
0x00007fff7ebc0000 - 0x00007fff7ec55000 	C:\Program Files (x86)\Common Files\Intel\OpenCL\bin\x64\cpu_device64.dll
0x00007fff7f5c0000 - 0x00007fff7f629000 	C:\Program Files (x86)\Common Files\Intel\OpenCL\bin\x64\tbb\tbb.dll
0x00007fff7e7f0000 - 0x00007fff7e9e4000 	C:\Windows\SYSTEM32\igdrcl64.dll
0x00007fff520f0000 - 0x00007fff536d2000 	C:\Windows\SYSTEM32\igdfcl64.dll
0x00007fff8b540000 - 0x00007fff8b59f000 	C:\Windows\SYSTEM32\igdbcl64.dll

dbghelp: loaded successfully - version: 4.0.5 - missing functions: none
symbol engine: initialized successfully - sym options: 0x614 - pdb path: .;C:\Program Files\Java\jdk-20\bin;C:\Windows\SYSTEM32;C:\Program Files\Avast Software\Avast;C:\Windows\WinSxS\amd64_microsoft.windows.common-controls_6595b64144ccf1df_6.0.19041.3636_none_60b6a03d71f818d5;C:\Program Files\Java\jdk-20\bin\server;C:\Users\Elvis\Documents\NetBeansProjects\SofwareMatricula;C:\Program Files\Intel\Media SDK;C:\Program Files (x86)\Common Files\Intel\OpenCL\bin\x64;C:\Program Files (x86)\Common Files\Intel\OpenCL\bin\x64\tbb

VM Arguments:
jvm_args: -Dfile.encoding=UTF-8 --module-path=C:\Users\Elvis\Documents\NetBeansProjects\SofwareMatricula\build\classes 
java_command: SofwareAsistencia.controler.metodos.FaceRecognition
java_class_path (initial): C:\Program Files\NetBeans-15\netbeans\java\modules\ext\AbsoluteLayout.jar;C:\Users\Elvis\Desktop\Software Farmacia\JarFiles_ProyectFarmacia\JarFiles_ProyectFarmacia\Librerias\Librerias\AbsoluteLayout.jar;C:\Users\Elvis\Downloads\opencv\build\java\opencv-480.jar;C:\Users\Elvis\Downloads\mysql-connector-j-8.2.0\mysql-connector-j-8.2.0.jar;C:\Users\Elvis\Downloads\libs\artoolkitplus-2.3.1-1.3-linux-ppc64le.jar;C:\Users\Elvis\Downloads\libs\artoolkitplus-2.3.1-1.3-linux-x86.jar;C:\Users\Elvis\Downloads\libs\artoolkitplus-2.3.1-1.3-macosx-x86_64.jar;C:\Users\Elvis\Downloads\libs\artoolkitplus-2.3.1-1.3.jar;C:\Users\Elvis\Downloads\libs\bridj-0.7.0.jar;C:\Users\Elvis\Downloads\libs\flandmark-1.07-1.3-macosx-x86_64.jar;C:\Users\Elvis\Downloads\libs\flandmark-1.07-1.3-windows-x86_64.jar;C:\Users\Elvis\Downloads\libs\flycapture-2.9.3.43-1.3-linux-x86_64.jar;C:\Users\Elvis\Downloads\libs\flycapture-2.9.3.43-1.3-windows-x86.jar;C:\Users\Elvis\Downloads\libs\flycapture-2.9.3.43-1.3.jar;C:\Users\Elvis\Downloads\libs\javacv-1.3.3.jar;C:\Users\Elvis\Downloads\libs\javacv-platform-1.3.3.jar;C:\Users\Elvis\Downloads\libs\libdc1394-2.2.4-1.3-windows-x86.jar;C:\Users\Elvis\Downloads\libs\libdc1394-platform-2.2.4-1.3.jar;C:\Users\Elvis\Downloads\libs\libfreenect-0.5.3-1.3-windows-x86.jar;C:\Users\Elvis\Downloads\libs\libfreenect2-0.2.0-1.3.jar;C:\Users\Elvis\Downloads\libs\opencv-3.2.0-1.3-linux-armhf.jar;C:\Users\Elvis\Downloads\libs\opencv-3.2.0-1.3-linux-x86_64.jar;C:\Users\Elvis\Downloads\libs\opencv-3.2.0-1.3-macosx-x86_64.jar;C:\Users\Elvis\Downloads\libs\opencv-3.2.0-1.3-windows-x86_64.jar;C:\Users\Elvis\Downloads\libs\opencv-platform-3.2.0-1.3.jar;C:\Users\Elvis\Downloads\libs\slf4j-api-1.7.2.jar;C:\Users\Elvis\Downloads\libs\v4l4j-0.9.1-r507.jar;C:\Users\Elvis\Downloads\libs\webcam-capture-0.3.12.jar;C:\Users\Elvis\Documents\NetBeansProjects\SofwareMatricula\build\classes
Launcher Type: SUN_STANDARD

[Global flags]
     intx CICompilerCount                          = 3                                         {product} {ergonomic}
     uint ConcGCThreads                            = 1                                         {product} {ergonomic}
     uint G1ConcRefinementThreads                  = 4                                         {product} {ergonomic}
   size_t G1HeapRegionSize                         = 1048576                                   {product} {ergonomic}
    uintx GCDrainStackTargetSize                   = 64                                        {product} {ergonomic}
   size_t InitialHeapSize                          = 134217728                                 {product} {ergonomic}
   size_t MarkStackSize                            = 4194304                                   {product} {ergonomic}
   size_t MaxHeapSize                              = 2122317824                                {product} {ergonomic}
   size_t MaxNewSize                               = 1272971264                                {product} {ergonomic}
   size_t MinHeapDeltaBytes                        = 1048576                                   {product} {ergonomic}
   size_t MinHeapSize                              = 8388608                                   {product} {ergonomic}
    uintx NonNMethodCodeHeapSize                   = 5832780                                {pd product} {ergonomic}
    uintx NonProfiledCodeHeapSize                  = 122912730                              {pd product} {ergonomic}
    uintx ProfiledCodeHeapSize                     = 122912730                              {pd product} {ergonomic}
    uintx ReservedCodeCacheSize                    = 251658240                              {pd product} {ergonomic}
     bool SegmentedCodeCache                       = true                                      {product} {ergonomic}
   size_t SoftMaxHeapSize                          = 2122317824                             {manageable} {ergonomic}
     bool UseCompressedClassPointers               = true                           {product lp64_product} {ergonomic}
     bool UseCompressedOops                        = true                           {product lp64_product} {ergonomic}
     bool UseG1GC                                  = true                                      {product} {ergonomic}
     bool UseLargePagesIndividualAllocation        = false                                  {pd product} {ergonomic}

Logging:
Log output configuration:
 #0: stdout all=off uptime,level,tags foldmultilines=false
 #1: stderr all=off uptime,level,tags foldmultilines=false

Environment Variables:
PATH=C:\Program Files (x86)\VMware\VMware Workstation\bin\;C:\Program Files\Microsoft MPI\Bin\;C:\Program Files\Common Files\Oracle\Java\javapath;C:\Program Files (x86)\Common Files\Oracle\Java\javapath;C:\Windows\system32;C:\Windows;C:\Windows\System32\Wbem;C:\Windows\System32\WindowsPowerShell\v1.0\;C:\Windows\System32\OpenSSH\;C:\Program Files\Git\cmd;C:\Program Files (x86)\Microsoft SQL Server\160\Tools\Binn\;C:\Program Files\Microsoft SQL Server\160\Tools\Binn\;C:\Program Files\Microsoft SQL Server\Client SDK\ODBC\170\Tools\Binn\;C:\Program Files\Microsoft SQL Server\160\DTS\Binn\;C:\Program Files (x86)\Microsoft SQL Server\160\DTS\Binn\;C:\Program Files\Azure Data Studio\bin;C:\ProgramData\chocolatey\bin;C:\Python\Python312\Scripts\;C:\Python\Python312\;C:\Users\Elvis\AppData\Local\Microsoft\WindowsApps;;C:\Users\Elvis\AppData\Local\Programs\Microsoft VS Code\bin;C:\Program Files\Azure Data Studio\bin;C:\Program Files\Azure Data Studio\bin;C:\Program Files\Azure Data Studio\bin
USERNAME=Elvis
OS=Windows_NT
PROCESSOR_IDENTIFIER=Intel64 Family 6 Model 58 Stepping 9, GenuineIntel
TMP=C:\Users\Elvis\AppData\Local\Temp
TEMP=C:\Users\Elvis\AppData\Local\Temp




---------------  S Y S T E M  ---------------

OS:
 Windows 10 , 64 bit Build 19041 (10.0.19041.3636)
OS uptime: 0 days 1:30 hours

CPU: total 4 (initial active 4) (2 cores per cpu, 2 threads per core) family 6 model 58 stepping 9 microcode 0x21, cx8, cmov, fxsr, ht, mmx, sse, sse2, sse3, ssse3, sse4.1, sse4.2, popcnt, tsc, tscinvbit, avx, aes, erms, clmul, vzeroupper, clflush, rdtscp, f16c

Memory: 4k page, system-wide physical 8095M (2171M free)
TotalPageFile size 10655M (AvailPageFile size 2914M)
current process WorkingSet (physical memory assigned to process): 121M, peak: 151M
current process commit charge ("private bytes"): 252M, peak: 285M

vm_info: Java HotSpot(TM) 64-Bit Server VM (20+36-2344) for windows-amd64 JRE (20+36-2344), built on 2023-02-10T19:30:15Z by "mach5one" with MS VC++ 17.1 (VS2022)

END.
