#
# A fatal error has been detected by the Java Runtime Environment:
#
#  EXCEPTION_ACCESS_VIOLATION (0xc0000005) at pc=0x00007fffc583faad, pid=13276, tid=3400
#
# JRE version: Java(TM) SE Runtime Environment (20.0+36) (build 20+36-2344)
# Java VM: Java HotSpot(TM) 64-Bit Server VM (20+36-2344, mixed mode, sharing, tiered, compressed oops, compressed class ptrs, g1 gc, windows-amd64)
# Problematic frame:
# C  [ntdll.dll+0x2faad]
#
# No core dump will be written. Minidumps are not enabled by default on client versions of Windows
#
# If you would like to submit a bug report, please visit:
#   https://bugreport.java.com/bugreport/crash.jsp
#

---------------  S U M M A R Y ------------

Command Line: -Dfile.encoding=UTF-8 --module-path=C:\Users\Elvis\Documents\NetBeansProjects\SofwareMatricula\build\classes SofwareAsistencia.controler.metodos.ReconocerRostro

Host: Intel(R) Core(TM) i5-3337U CPU @ 1.80GHz, 4 cores, 7G,  Windows 10 , 64 bit Build 19041 (10.0.19041.3636)
Time: Sat Nov 18 16:47:44 2023 Hora est. Pacífico, Sudamérica elapsed time: 12.325591 seconds (0d 0h 0m 12s)

---------------  T H R E A D  ---------------

Current thread (0x0000021e276f6e70):  VMThread "VM Thread" [stack: 0x000000662ad00000,0x000000662ae00000] [id=3400]

Stack: [0x000000662ad00000,0x000000662ae00000],  sp=0x000000662adff160,  free space=1020k
Native frames: (J=compiled Java code, j=interpreted, Vv=VM code, C=native code)
C  [ntdll.dll+0x2faad]
C  [igdrcl64.dll+0x36542]


siginfo: EXCEPTION_ACCESS_VIOLATION (0xc0000005), writing address 0x0000000000000018


Registers:
RAX=0x000000662a3d9000, RBX=0x0000000000000000, RCX=0x0000000000000010, RDX=0x0000021e2bff8340
RSP=0x000000662adff160, RBP=0x0000021e2bdb7810, RSI=0x0000000000000010, RDI=0x0000021e2bff8340
R8 =0x0000000000000032, R9 =0x0000000000000032, R10=0x0000000000000032, R11=0x000000662adff1a0
R12=0x00007fff529b623c, R13=0x00007fff4c8dea90, R14=0x0000075c4b5ad5d1, R15=0x0000021e2bdb70e0
RIP=0x00007fffc583faad, EFLAGS=0x0000000000010206


Register to memory mapping:

RIP=0x00007fffc583faad ntdll.dll
RAX=0x000000662a3d9000 points into unknown readable memory: 0x0000000000000000 | 00 00 00 00 00 00 00 00
RBX=0x0 is NULL
RCX=0x0000000000000010 is an unknown value
RDX=0x0000021e2bff8340 points into unknown readable memory: 0x00007fff7ab5ffa0 | a0 ff b5 7a ff 7f 00 00
RSP=0x000000662adff160 points into unknown readable memory: 0x0000021e09363dd0 | d0 3d 36 09 1e 02 00 00
RBP=0x0000021e2bdb7810 points into unknown readable memory: 0x0000075c4b5ad5d1 | d1 d5 5a 4b 5c 07 00 00
RSI=0x0000000000000010 is an unknown value
RDI=0x0000021e2bff8340 points into unknown readable memory: 0x00007fff7ab5ffa0 | a0 ff b5 7a ff 7f 00 00
R8 =0x0000000000000032 is an unknown value
R9 =0x0000000000000032 is an unknown value
R10=0x0000000000000032 is an unknown value
R11=0x000000662adff1a0 points into unknown readable memory: 0x0000075c4b5ad5d1 | d1 d5 5a 4b 5c 07 00 00
R12=0x00007fff529b623c opencv_java480.dll
R13=0x00007fff4c8dea90 jvm.dll
R14=0x0000075c4b5ad5d1 is an unknown value
R15=0x0000021e2bdb70e0 points into unknown readable memory: 0xfffea26af39ad5d1 | d1 d5 9a f3 6a a2 fe ff


Top of Stack: (sp=0x000000662adff160)
0x000000662adff160:   0000021e09363dd0 0000021e2bd1ba20
0x000000662adff170:   0000000000000000 00007fffc58402c9
0x000000662adff180:   00007fffbace3a6b 00007fff7a9b6542
0x000000662adff190:   0000073a61852591 0000000000000000
0x000000662adff1a0:   0000075c4b5ad5d1 0000021e2f25f420
0x000000662adff1b0:   0000021e2be20390 00007fff7a9b1145
0x000000662adff1c0:   0000000100000009 0000021e2bff8340
0x000000662adff1d0:   000000662adff350 00007fffbace3a6b
0x000000662adff1e0:   0000021e2f25f420 00007fff51cbc109
0x000000662adff1f0:   0000021e2be1fee0 000000662adff338
0x000000662adff200:   0000000000000000 0000000000000000
0x000000662adff210:   0000000000000000 0000000000000000
0x000000662adff220:   0000021e2be1fee0 0000000000000000
0x000000662adff230:   0000000000000000 0000000000000000
0x000000662adff240:   0000000000000000 0000073a61852421
0x000000662adff250:   0000021e2f25f420 00007fff51ca4061
0x000000662adff260:   0000000000000000 0000021e2f25f410
0x000000662adff270:   0000000000000000 0000000000000000
0x000000662adff280:   00000000ffffffff 00007fff52ae8ac0
0x000000662adff290:   0000021e2f25f420 0000021e2f25f410
0x000000662adff2a0:   000000662adff458 0000021e2bde92f0
0x000000662adff2b0:   0000021e2bdb7800 00007fff52a0442f
0x000000662adff2c0:   0000021e2bdb70e0 00007fffc5810000
0x000000662adff2d0:   00007fffbad07b10 00007fffc320ac31
0x000000662adff2e0:   0000000000000001 00007fff505b0000
0x000000662adff2f0:   000000662adff350 00007fff52a041dd
0x000000662adff300:   000000662adff380 000000662adff420
0x000000662adff310:   0000000000000001 00007fffc58347b1
0x000000662adff320:   000000662adff400 00007fff52a04501
0x000000662adff330:   000000662adff400 0000000000000000
0x000000662adff340:   0000000000000000 000000662adff380
0x000000662adff350:   000000662adff370 00007fffc304f05b 

Instructions: (pc=0x00007fffc583faad)
0x00007fffc583f9ad:   48 b8 7f 7f 7f 7f 7f 7f 7f 7f 41 8b c8 48 0b cb
0x00007fffc583f9bd:   48 23 c8 83 e6 1f 49 89 8c f4 40 a5 16 00 48 81
0x00007fffc583f9cd:   c4 98 00 00 00 41 5f 41 5e 41 5d 41 5c 5f 5e 5b
0x00007fffc583f9dd:   5d c3 cc 33 d2 41 8b c6 41 f7 f0 44 8b c8 e9 d6
0x00007fffc583f9ed:   fc ff ff 41 8d 57 ff 41 85 d7 0f 84 13 38 08 00
0x00007fffc583f9fd:   41 b8 00 10 00 00 41 b9 ff ff 00 00 e9 3c 38 08
0x00007fffc583fa0d:   00 cc cc cc cc cc cc 48 8b c4 48 89 58 08 48 89
0x00007fffc583fa1d:   68 10 48 89 70 18 48 89 78 20 41 56 48 83 ec 20
0x00007fffc583fa2d:   40 8a ea 4c 8d 35 99 d1 13 00 48 8b f1 33 db 48
0x00007fffc583fa3d:   8d 0d 9d d1 13 00 e8 58 00 00 00 4c 8b 05 81 d1
0x00007fffc583fa4d:   13 00 4d 3b c6 0f 85 08 3b 08 00 48 85 db 75 33
0x00007fffc583fa5d:   48 8d 0d 7c d1 13 00 e8 c7 f7 ff ff 48 85 db 0f
0x00007fffc583fa6d:   85 23 3b 08 00 33 c0 48 8b 5c 24 30 48 8b 6c 24
0x00007fffc583fa7d:   38 48 8b 74 24 40 48 8b 7c 24 48 48 83 c4 20 41
0x00007fffc583fa8d:   5e c3 cc f0 ff 43 3c eb c7 cc cc cc cc cc cc cc
0x00007fffc583fa9d:   cc cc cc 48 83 ec 28 65 48 8b 04 25 30 00 00 00
0x00007fffc583faad:   f0 0f ba 71 08 00 48 8b 40 48 73 13 48 89 41 10
0x00007fffc583fabd:   33 c0 c7 41 0c 01 00 00 00 48 83 c4 28 c3 cc 48
0x00007fffc583facd:   39 41 10 75 0b ff 41 0c 33 c0 48 83 c4 28 c3 cc
0x00007fffc583fadd:   e8 0e 00 00 00 eb e2 cc cc cc cc cc cc cc cc cc
0x00007fffc583faed:   cc cc cc 48 89 5c 24 18 55 56 57 41 54 41 55 41
0x00007fffc583fafd:   56 41 57 48 83 ec 20 8b 41 20 48 8b f1 48 0f ba
0x00007fffc583fb0d:   e0 1a 0f 82 df 01 00 00 33 ff 40 32 ed 66 83 3c
0x00007fffc583fb1d:   25 6a 03 fe 7f 01 76 19 48 8b 7e 20 48 8b c7 81
0x00007fffc583fb2d:   e7 ff ff ff 00 25 00 00 00 02 48 85 c0 40 0f 95
0x00007fffc583fb3d:   c5 45 32 ff b0 01 45 32 e4 41 bd 01 00 00 00 45
0x00007fffc583fb4d:   33 c0 ba 6a 03 fe 7f 84 c0 0f 84 14 01 00 00 8b
0x00007fffc583fb5d:   46 08 4c 8d 4e 08 45 84 e4 41 be 03 00 00 00 45
0x00007fffc583fb6d:   0f 44 f5 41 84 c5 0f 85 e2 00 00 00 8d 0c bf 03
0x00007fffc583fb7d:   c9 66 44 39 2a 0f 86 e8 00 00 00 4d 85 c9 74 0e
0x00007fffc583fb8d:   80 3c 25 97 02 fe 7f 00 0f 85 29 3a 08 00 0f b7
0x00007fffc583fb9d:   1c 25 d6 02 fe 7f 83 fb 0c 0f 85 a2 00 00 00 b8 


Stack slot to memory mapping:
stack at sp + 0 slots: 0x0000021e09363dd0 points into unknown readable memory: 0x0000021e09364730 | 30 47 36 09 1e 02 00 00
stack at sp + 1 slots: 0x0000021e2bd1ba20 points into unknown readable memory: 0x0000021e2bd1b300 | 00 b3 d1 2b 1e 02 00 00
stack at sp + 2 slots: 0x0 is NULL
stack at sp + 3 slots: 0x00007fffc58402c9 ntdll.dll
stack at sp + 4 slots: 0x00007fffbace3a6b dxcore.dll
stack at sp + 5 slots: 0x00007fff7a9b6542 igdrcl64.dll
stack at sp + 6 slots: 0x0000073a61852591 is an unknown value
stack at sp + 7 slots: 0x0 is NULL

VM_Operation (0x000000662bcfe810): Exit, mode: safepoint, requested by thread 0x0000021e2bd9cca0


---------------  P R O C E S S  ---------------

Threads class SMR info:
_java_thread_list=0x0000021e2babfd10, length=14, elements={
0x0000021e27714b80, 0x0000021e27715730, 0x0000021e2771b4a0, 0x0000021e2771ca00,
0x0000021e2771da30, 0x0000021e27721dc0, 0x0000021e27726f90, 0x0000021e27728e70,
0x0000021e276e3230, 0x0000021e2bb6bb80, 0x0000021e2bcb3e60, 0x0000021e2bcb4bd0,
0x0000021e2bd9cca0, 0x0000021e0945e7e0
}

Java Threads: ( => current thread )
  0x0000021e27714b80 JavaThread "Reference Handler" daemon [_thread_blocked, id=12096, stack(0x000000662ae00000,0x000000662af00000)]
  0x0000021e27715730 JavaThread "Finalizer" daemon [_thread_blocked, id=6780, stack(0x000000662af00000,0x000000662b000000)]
  0x0000021e2771b4a0 JavaThread "Signal Dispatcher" daemon [_thread_blocked, id=7504, stack(0x000000662b000000,0x000000662b100000)]
  0x0000021e2771ca00 JavaThread "Attach Listener" daemon [_thread_blocked, id=4128, stack(0x000000662b100000,0x000000662b200000)]
  0x0000021e2771da30 JavaThread "Service Thread" daemon [_thread_blocked, id=2968, stack(0x000000662b200000,0x000000662b300000)]
  0x0000021e27721dc0 JavaThread "Monitor Deflation Thread" daemon [_thread_blocked, id=12552, stack(0x000000662b300000,0x000000662b400000)]
  0x0000021e27726f90 JavaThread "C2 CompilerThread0" daemon [_thread_blocked, id=8764, stack(0x000000662b400000,0x000000662b500000)]
  0x0000021e27728e70 JavaThread "C1 CompilerThread0" daemon [_thread_blocked, id=3640, stack(0x000000662b500000,0x000000662b600000)]
  0x0000021e276e3230 JavaThread "Common-Cleaner" daemon [_thread_blocked, id=11520, stack(0x000000662b600000,0x000000662b700000)]
  0x0000021e2bb6bb80 JavaThread "Notification Thread" daemon [_thread_blocked, id=8916, stack(0x000000662b700000,0x000000662b800000)]
  0x0000021e2bcb3e60 JavaThread "Java2D Disposer" daemon [_thread_blocked, id=13136, stack(0x000000662b900000,0x000000662ba00000)]
  0x0000021e2bcb4bd0 JavaThread "AWT-Shutdown" [_thread_blocked, id=13176, stack(0x000000662ba00000,0x000000662bb00000)]
  0x0000021e2bd9cca0 JavaThread "AWT-EventQueue-0" [_thread_blocked, id=13120, stack(0x000000662bc00000,0x000000662bd00000)]
  0x0000021e0945e7e0 JavaThread "DestroyJavaVM" [_thread_blocked, id=3368, stack(0x000000662a700000,0x000000662a800000)]

Other Threads:
=>0x0000021e276f6e70 VMThread "VM Thread" [stack: 0x000000662ad00000,0x000000662ae00000] [id=3400]
  0x0000021e0b613880 WorkerThread "GC Thread#0" [stack: 0x000000662a800000,0x000000662a900000] [id=12712]
  0x0000021e2f3f7190 WorkerThread "GC Thread#1" [stack: 0x000000662cf00000,0x000000662d000000] [id=11348]
  0x0000021e2f3f7460 WorkerThread "GC Thread#2" [stack: 0x000000662d000000,0x000000662d100000] [id=12540]
  0x0000021e2f3f7cd0 WorkerThread "GC Thread#3" [stack: 0x000000662d100000,0x000000662d200000] [id=11708]
  0x0000021e0b664010 ConcurrentGCThread "G1 Main Marker" terminated
  0x0000021e0b6661f0 WorkerThread "G1 Conc#0" [stack: 0x000000662aa00000,0x000000662ab00000] [id=12156]
  0x0000021e275a8060 ConcurrentGCThread "G1 Refine#0" terminated
  0x0000021e275aa720 ConcurrentGCThread "G1 Service" terminated

Threads with active compile tasks:

VM state: at safepoint (shutting down)

VM Mutex/Monitor currently owned by a thread:  ([mutex/lock_event])
[0x0000021e0b5b61b0] Threads_lock - owner thread: 0x0000021e276f6e70
[0x0000021e0b5b5280] Heap_lock - owner thread: 0x0000021e2bd9cca0

Heap address: 0x0000000081800000, size: 2024 MB, Compressed Oops mode: 32-bit

CDS archive(s) mapped at: [0x0000000800000000-0x0000000800c60000-0x0000000800c60000), size 12976128, SharedBaseAddress: 0x0000000800000000, ArchiveRelocationMode: 0.
Compressed class space mapped at: 0x0000000801000000-0x0000000841000000, reserved size: 1073741824
Narrow klass base: 0x0000000800000000, Narrow klass shift: 0, Narrow klass range: 0x100000000

GC Precious Log:
 CardTable entry size: 512
 Card Set container configuration: InlinePtr #cards 5 size 8 Array Of Cards #cards 12 size 40 Howl #buckets 4 coarsen threshold 1843 Howl Bitmap #cards 512 size 80 coarsen threshold 460 Card regions per heap region 1 cards per card region 2048
 CPUs: 4 total, 4 available
 Memory: 8095M
 Large Page Support: Disabled
 NUMA Support: Disabled
 Compressed Oops: Enabled (32-bit)
 Heap Region Size: 1M
 Heap Min Capacity: 8M
 Heap Initial Capacity: 128M
 Heap Max Capacity: 2024M
 Pre-touch: Disabled
 Parallel Workers: 4
 Concurrent Workers: 1
 Concurrent Refinement Workers: 4
 Periodic GC: Disabled

Heap:
 garbage-first heap   total 131072K, used 15117K [0x0000000081800000, 0x0000000100000000)
  region size 1024K, 12 young (12288K), 1 survivors (1024K)
 Metaspace       used 7582K, committed 7808K, reserved 1114112K
  class space    used 764K, committed 896K, reserved 1048576K

Heap Regions: E=young(eden), S=young(survivor), O=old, HS=humongous(starts), HC=humongous(continues), CS=collection set, F=free, OA=open archive, CA=closed archive, TAMS=top-at-mark-start, PB=parsable bottom
|   0|0x0000000081800000, 0x0000000081900000, 0x0000000081900000|100%|HS|  |TAMS 0x0000000081800000| PB 0x0000000081800000| Complete 
|   1|0x0000000081900000, 0x0000000081a00000, 0x0000000081a00000|100%|HC|  |TAMS 0x0000000081900000| PB 0x0000000081900000| Complete 
|   2|0x0000000081a00000, 0x0000000081b00000, 0x0000000081b00000|100%| O|  |TAMS 0x0000000081a00000| PB 0x0000000081a00000| Untracked 
|   3|0x0000000081b00000, 0x0000000081c00000, 0x0000000081c00000|100%| O|  |TAMS 0x0000000081b00000| PB 0x0000000081b00000| Untracked 
|   4|0x0000000081c00000, 0x0000000081cfc400, 0x0000000081d00000| 98%| O|  |TAMS 0x0000000081c00000| PB 0x0000000081c00000| Untracked 
|   5|0x0000000081d00000, 0x0000000081d00000, 0x0000000081e00000|  0%| F|  |TAMS 0x0000000081d00000| PB 0x0000000081d00000| Untracked 
|   6|0x0000000081e00000, 0x0000000081e00000, 0x0000000081f00000|  0%| F|  |TAMS 0x0000000081e00000| PB 0x0000000081e00000| Untracked 
|   7|0x0000000081f00000, 0x0000000081f00000, 0x0000000082000000|  0%| F|  |TAMS 0x0000000081f00000| PB 0x0000000081f00000| Untracked 
|   8|0x0000000082000000, 0x0000000082000000, 0x0000000082100000|  0%| F|  |TAMS 0x0000000082000000| PB 0x0000000082000000| Untracked 
|   9|0x0000000082100000, 0x0000000082100000, 0x0000000082200000|  0%| F|  |TAMS 0x0000000082100000| PB 0x0000000082100000| Untracked 
|  10|0x0000000082200000, 0x0000000082200000, 0x0000000082300000|  0%| F|  |TAMS 0x0000000082200000| PB 0x0000000082200000| Untracked 
|  11|0x0000000082300000, 0x0000000082300000, 0x0000000082400000|  0%| F|  |TAMS 0x0000000082300000| PB 0x0000000082300000| Untracked 
|  12|0x0000000082400000, 0x0000000082400000, 0x0000000082500000|  0%| F|  |TAMS 0x0000000082400000| PB 0x0000000082400000| Untracked 
|  13|0x0000000082500000, 0x0000000082500000, 0x0000000082600000|  0%| F|  |TAMS 0x0000000082500000| PB 0x0000000082500000| Untracked 
|  14|0x0000000082600000, 0x0000000082600000, 0x0000000082700000|  0%| F|  |TAMS 0x0000000082600000| PB 0x0000000082600000| Untracked 
|  15|0x0000000082700000, 0x0000000082700000, 0x0000000082800000|  0%| F|  |TAMS 0x0000000082700000| PB 0x0000000082700000| Untracked 
|  16|0x0000000082800000, 0x0000000082800000, 0x0000000082900000|  0%| F|  |TAMS 0x0000000082800000| PB 0x0000000082800000| Untracked 
|  17|0x0000000082900000, 0x0000000082900000, 0x0000000082a00000|  0%| F|  |TAMS 0x0000000082900000| PB 0x0000000082900000| Untracked 
|  18|0x0000000082a00000, 0x0000000082a00000, 0x0000000082b00000|  0%| F|  |TAMS 0x0000000082a00000| PB 0x0000000082a00000| Untracked 
|  19|0x0000000082b00000, 0x0000000082b00000, 0x0000000082c00000|  0%| F|  |TAMS 0x0000000082b00000| PB 0x0000000082b00000| Untracked 
|  20|0x0000000082c00000, 0x0000000082c00000, 0x0000000082d00000|  0%| F|  |TAMS 0x0000000082c00000| PB 0x0000000082c00000| Untracked 
|  21|0x0000000082d00000, 0x0000000082d00000, 0x0000000082e00000|  0%| F|  |TAMS 0x0000000082d00000| PB 0x0000000082d00000| Untracked 
|  22|0x0000000082e00000, 0x0000000082e00000, 0x0000000082f00000|  0%| F|  |TAMS 0x0000000082e00000| PB 0x0000000082e00000| Untracked 
|  23|0x0000000082f00000, 0x0000000082f00000, 0x0000000083000000|  0%| F|  |TAMS 0x0000000082f00000| PB 0x0000000082f00000| Untracked 
|  24|0x0000000083000000, 0x0000000083000000, 0x0000000083100000|  0%| F|  |TAMS 0x0000000083000000| PB 0x0000000083000000| Untracked 
|  25|0x0000000083100000, 0x0000000083100000, 0x0000000083200000|  0%| F|  |TAMS 0x0000000083100000| PB 0x0000000083100000| Untracked 
|  26|0x0000000083200000, 0x0000000083200000, 0x0000000083300000|  0%| F|  |TAMS 0x0000000083200000| PB 0x0000000083200000| Untracked 
|  27|0x0000000083300000, 0x0000000083300000, 0x0000000083400000|  0%| F|  |TAMS 0x0000000083300000| PB 0x0000000083300000| Untracked 
|  28|0x0000000083400000, 0x0000000083400000, 0x0000000083500000|  0%| F|  |TAMS 0x0000000083400000| PB 0x0000000083400000| Untracked 
|  29|0x0000000083500000, 0x0000000083500000, 0x0000000083600000|  0%| F|  |TAMS 0x0000000083500000| PB 0x0000000083500000| Untracked 
|  30|0x0000000083600000, 0x0000000083600000, 0x0000000083700000|  0%| F|  |TAMS 0x0000000083600000| PB 0x0000000083600000| Untracked 
|  31|0x0000000083700000, 0x0000000083700000, 0x0000000083800000|  0%| F|  |TAMS 0x0000000083700000| PB 0x0000000083700000| Untracked 
|  32|0x0000000083800000, 0x0000000083800000, 0x0000000083900000|  0%| F|  |TAMS 0x0000000083800000| PB 0x0000000083800000| Untracked 
|  33|0x0000000083900000, 0x0000000083900000, 0x0000000083a00000|  0%| F|  |TAMS 0x0000000083900000| PB 0x0000000083900000| Untracked 
|  34|0x0000000083a00000, 0x0000000083a00000, 0x0000000083b00000|  0%| F|  |TAMS 0x0000000083a00000| PB 0x0000000083a00000| Untracked 
|  35|0x0000000083b00000, 0x0000000083b00000, 0x0000000083c00000|  0%| F|  |TAMS 0x0000000083b00000| PB 0x0000000083b00000| Untracked 
|  36|0x0000000083c00000, 0x0000000083c00000, 0x0000000083d00000|  0%| F|  |TAMS 0x0000000083c00000| PB 0x0000000083c00000| Untracked 
|  37|0x0000000083d00000, 0x0000000083d00000, 0x0000000083e00000|  0%| F|  |TAMS 0x0000000083d00000| PB 0x0000000083d00000| Untracked 
|  38|0x0000000083e00000, 0x0000000083e00000, 0x0000000083f00000|  0%| F|  |TAMS 0x0000000083e00000| PB 0x0000000083e00000| Untracked 
|  39|0x0000000083f00000, 0x0000000083f00000, 0x0000000084000000|  0%| F|  |TAMS 0x0000000083f00000| PB 0x0000000083f00000| Untracked 
|  40|0x0000000084000000, 0x0000000084000000, 0x0000000084100000|  0%| F|  |TAMS 0x0000000084000000| PB 0x0000000084000000| Untracked 
|  41|0x0000000084100000, 0x0000000084100000, 0x0000000084200000|  0%| F|  |TAMS 0x0000000084100000| PB 0x0000000084100000| Untracked 
|  42|0x0000000084200000, 0x0000000084200000, 0x0000000084300000|  0%| F|  |TAMS 0x0000000084200000| PB 0x0000000084200000| Untracked 
|  43|0x0000000084300000, 0x0000000084300000, 0x0000000084400000|  0%| F|  |TAMS 0x0000000084300000| PB 0x0000000084300000| Untracked 
|  44|0x0000000084400000, 0x0000000084400000, 0x0000000084500000|  0%| F|  |TAMS 0x0000000084400000| PB 0x0000000084400000| Untracked 
|  45|0x0000000084500000, 0x0000000084500000, 0x0000000084600000|  0%| F|  |TAMS 0x0000000084500000| PB 0x0000000084500000| Untracked 
|  46|0x0000000084600000, 0x0000000084600000, 0x0000000084700000|  0%| F|  |TAMS 0x0000000084600000| PB 0x0000000084600000| Untracked 
|  47|0x0000000084700000, 0x0000000084700000, 0x0000000084800000|  0%| F|  |TAMS 0x0000000084700000| PB 0x0000000084700000| Untracked 
|  48|0x0000000084800000, 0x0000000084800000, 0x0000000084900000|  0%| F|  |TAMS 0x0000000084800000| PB 0x0000000084800000| Untracked 
|  49|0x0000000084900000, 0x0000000084900000, 0x0000000084a00000|  0%| F|  |TAMS 0x0000000084900000| PB 0x0000000084900000| Untracked 
|  50|0x0000000084a00000, 0x0000000084a00000, 0x0000000084b00000|  0%| F|  |TAMS 0x0000000084a00000| PB 0x0000000084a00000| Untracked 
|  51|0x0000000084b00000, 0x0000000084b00000, 0x0000000084c00000|  0%| F|  |TAMS 0x0000000084b00000| PB 0x0000000084b00000| Untracked 
|  52|0x0000000084c00000, 0x0000000084c00000, 0x0000000084d00000|  0%| F|  |TAMS 0x0000000084c00000| PB 0x0000000084c00000| Untracked 
|  53|0x0000000084d00000, 0x0000000084d00000, 0x0000000084e00000|  0%| F|  |TAMS 0x0000000084d00000| PB 0x0000000084d00000| Untracked 
|  54|0x0000000084e00000, 0x0000000084e00000, 0x0000000084f00000|  0%| F|  |TAMS 0x0000000084e00000| PB 0x0000000084e00000| Untracked 
|  55|0x0000000084f00000, 0x0000000084f00000, 0x0000000085000000|  0%| F|  |TAMS 0x0000000084f00000| PB 0x0000000084f00000| Untracked 
|  56|0x0000000085000000, 0x0000000085000000, 0x0000000085100000|  0%| F|  |TAMS 0x0000000085000000| PB 0x0000000085000000| Untracked 
|  57|0x0000000085100000, 0x0000000085100000, 0x0000000085200000|  0%| F|  |TAMS 0x0000000085100000| PB 0x0000000085100000| Untracked 
|  58|0x0000000085200000, 0x0000000085200000, 0x0000000085300000|  0%| F|  |TAMS 0x0000000085200000| PB 0x0000000085200000| Untracked 
|  59|0x0000000085300000, 0x0000000085300000, 0x0000000085400000|  0%| F|  |TAMS 0x0000000085300000| PB 0x0000000085300000| Untracked 
|  60|0x0000000085400000, 0x0000000085400000, 0x0000000085500000|  0%| F|  |TAMS 0x0000000085400000| PB 0x0000000085400000| Untracked 
|  61|0x0000000085500000, 0x0000000085500000, 0x0000000085600000|  0%| F|  |TAMS 0x0000000085500000| PB 0x0000000085500000| Untracked 
|  62|0x0000000085600000, 0x0000000085600000, 0x0000000085700000|  0%| F|  |TAMS 0x0000000085600000| PB 0x0000000085600000| Untracked 
|  63|0x0000000085700000, 0x0000000085700000, 0x0000000085800000|  0%| F|  |TAMS 0x0000000085700000| PB 0x0000000085700000| Untracked 
|  64|0x0000000085800000, 0x0000000085800000, 0x0000000085900000|  0%| F|  |TAMS 0x0000000085800000| PB 0x0000000085800000| Untracked 
|  65|0x0000000085900000, 0x0000000085900000, 0x0000000085a00000|  0%| F|  |TAMS 0x0000000085900000| PB 0x0000000085900000| Untracked 
|  66|0x0000000085a00000, 0x0000000085a00000, 0x0000000085b00000|  0%| F|  |TAMS 0x0000000085a00000| PB 0x0000000085a00000| Untracked 
|  67|0x0000000085b00000, 0x0000000085b00000, 0x0000000085c00000|  0%| F|  |TAMS 0x0000000085b00000| PB 0x0000000085b00000| Untracked 
|  68|0x0000000085c00000, 0x0000000085c00000, 0x0000000085d00000|  0%| F|  |TAMS 0x0000000085c00000| PB 0x0000000085c00000| Untracked 
|  69|0x0000000085d00000, 0x0000000085d00000, 0x0000000085e00000|  0%| F|  |TAMS 0x0000000085d00000| PB 0x0000000085d00000| Untracked 
|  70|0x0000000085e00000, 0x0000000085e00000, 0x0000000085f00000|  0%| F|  |TAMS 0x0000000085e00000| PB 0x0000000085e00000| Untracked 
|  71|0x0000000085f00000, 0x0000000085f00000, 0x0000000086000000|  0%| F|  |TAMS 0x0000000085f00000| PB 0x0000000085f00000| Untracked 
|  72|0x0000000086000000, 0x0000000086000000, 0x0000000086100000|  0%| F|  |TAMS 0x0000000086000000| PB 0x0000000086000000| Untracked 
|  73|0x0000000086100000, 0x0000000086100000, 0x0000000086200000|  0%| F|  |TAMS 0x0000000086100000| PB 0x0000000086100000| Untracked 
|  74|0x0000000086200000, 0x0000000086200000, 0x0000000086300000|  0%| F|  |TAMS 0x0000000086200000| PB 0x0000000086200000| Untracked 
|  75|0x0000000086300000, 0x0000000086300000, 0x0000000086400000|  0%| F|  |TAMS 0x0000000086300000| PB 0x0000000086300000| Untracked 
|  76|0x0000000086400000, 0x0000000086400000, 0x0000000086500000|  0%| F|  |TAMS 0x0000000086400000| PB 0x0000000086400000| Untracked 
|  77|0x0000000086500000, 0x0000000086500000, 0x0000000086600000|  0%| F|  |TAMS 0x0000000086500000| PB 0x0000000086500000| Untracked 
|  78|0x0000000086600000, 0x0000000086600000, 0x0000000086700000|  0%| F|  |TAMS 0x0000000086600000| PB 0x0000000086600000| Untracked 
|  79|0x0000000086700000, 0x0000000086700000, 0x0000000086800000|  0%| F|  |TAMS 0x0000000086700000| PB 0x0000000086700000| Untracked 
|  80|0x0000000086800000, 0x0000000086800000, 0x0000000086900000|  0%| F|  |TAMS 0x0000000086800000| PB 0x0000000086800000| Untracked 
|  81|0x0000000086900000, 0x0000000086900000, 0x0000000086a00000|  0%| F|  |TAMS 0x0000000086900000| PB 0x0000000086900000| Untracked 
|  82|0x0000000086a00000, 0x0000000086a00000, 0x0000000086b00000|  0%| F|  |TAMS 0x0000000086a00000| PB 0x0000000086a00000| Untracked 
|  83|0x0000000086b00000, 0x0000000086b00000, 0x0000000086c00000|  0%| F|  |TAMS 0x0000000086b00000| PB 0x0000000086b00000| Untracked 
|  84|0x0000000086c00000, 0x0000000086c00000, 0x0000000086d00000|  0%| F|  |TAMS 0x0000000086c00000| PB 0x0000000086c00000| Untracked 
|  85|0x0000000086d00000, 0x0000000086d00000, 0x0000000086e00000|  0%| F|  |TAMS 0x0000000086d00000| PB 0x0000000086d00000| Untracked 
|  86|0x0000000086e00000, 0x0000000086e00000, 0x0000000086f00000|  0%| F|  |TAMS 0x0000000086e00000| PB 0x0000000086e00000| Untracked 
|  87|0x0000000086f00000, 0x0000000086f00000, 0x0000000087000000|  0%| F|  |TAMS 0x0000000086f00000| PB 0x0000000086f00000| Untracked 
|  88|0x0000000087000000, 0x0000000087000000, 0x0000000087100000|  0%| F|  |TAMS 0x0000000087000000| PB 0x0000000087000000| Untracked 
|  89|0x0000000087100000, 0x0000000087100000, 0x0000000087200000|  0%| F|  |TAMS 0x0000000087100000| PB 0x0000000087100000| Untracked 
|  90|0x0000000087200000, 0x0000000087200000, 0x0000000087300000|  0%| F|  |TAMS 0x0000000087200000| PB 0x0000000087200000| Untracked 
|  91|0x0000000087300000, 0x0000000087300000, 0x0000000087400000|  0%| F|  |TAMS 0x0000000087300000| PB 0x0000000087300000| Untracked 
|  92|0x0000000087400000, 0x0000000087400000, 0x0000000087500000|  0%| F|  |TAMS 0x0000000087400000| PB 0x0000000087400000| Untracked 
|  93|0x0000000087500000, 0x0000000087500000, 0x0000000087600000|  0%| F|  |TAMS 0x0000000087500000| PB 0x0000000087500000| Untracked 
|  94|0x0000000087600000, 0x0000000087600000, 0x0000000087700000|  0%| F|  |TAMS 0x0000000087600000| PB 0x0000000087600000| Untracked 
|  95|0x0000000087700000, 0x0000000087700000, 0x0000000087800000|  0%| F|  |TAMS 0x0000000087700000| PB 0x0000000087700000| Untracked 
|  96|0x0000000087800000, 0x0000000087800000, 0x0000000087900000|  0%| F|  |TAMS 0x0000000087800000| PB 0x0000000087800000| Untracked 
|  97|0x0000000087900000, 0x0000000087900000, 0x0000000087a00000|  0%| F|  |TAMS 0x0000000087900000| PB 0x0000000087900000| Untracked 
|  98|0x0000000087a00000, 0x0000000087a00000, 0x0000000087b00000|  0%| F|  |TAMS 0x0000000087a00000| PB 0x0000000087a00000| Untracked 
|  99|0x0000000087b00000, 0x0000000087b00000, 0x0000000087c00000|  0%| F|  |TAMS 0x0000000087b00000| PB 0x0000000087b00000| Untracked 
| 100|0x0000000087c00000, 0x0000000087c00000, 0x0000000087d00000|  0%| F|  |TAMS 0x0000000087c00000| PB 0x0000000087c00000| Untracked 
| 101|0x0000000087d00000, 0x0000000087d00000, 0x0000000087e00000|  0%| F|  |TAMS 0x0000000087d00000| PB 0x0000000087d00000| Untracked 
| 102|0x0000000087e00000, 0x0000000087e00000, 0x0000000087f00000|  0%| F|  |TAMS 0x0000000087e00000| PB 0x0000000087e00000| Untracked 
| 103|0x0000000087f00000, 0x0000000087f00000, 0x0000000088000000|  0%| F|  |TAMS 0x0000000087f00000| PB 0x0000000087f00000| Untracked 
| 104|0x0000000088000000, 0x0000000088000000, 0x0000000088100000|  0%| F|  |TAMS 0x0000000088000000| PB 0x0000000088000000| Untracked 
| 105|0x0000000088100000, 0x0000000088100000, 0x0000000088200000|  0%| F|  |TAMS 0x0000000088100000| PB 0x0000000088100000| Untracked 
| 106|0x0000000088200000, 0x0000000088200000, 0x0000000088300000|  0%| F|  |TAMS 0x0000000088200000| PB 0x0000000088200000| Untracked 
| 107|0x0000000088300000, 0x0000000088300000, 0x0000000088400000|  0%| F|  |TAMS 0x0000000088300000| PB 0x0000000088300000| Untracked 
| 108|0x0000000088400000, 0x0000000088400000, 0x0000000088500000|  0%| F|  |TAMS 0x0000000088400000| PB 0x0000000088400000| Untracked 
| 109|0x0000000088500000, 0x00000000885c7120, 0x0000000088600000| 77%| S|CS|TAMS 0x0000000088500000| PB 0x0000000088500000| Complete 
| 110|0x0000000088600000, 0x0000000088600000, 0x0000000088700000|  0%| F|  |TAMS 0x0000000088600000| PB 0x0000000088600000| Untracked 
| 111|0x0000000088700000, 0x0000000088700000, 0x0000000088800000|  0%| F|  |TAMS 0x0000000088700000| PB 0x0000000088700000| Untracked 
| 112|0x0000000088800000, 0x0000000088800000, 0x0000000088900000|  0%| F|  |TAMS 0x0000000088800000| PB 0x0000000088800000| Untracked 
| 113|0x0000000088900000, 0x0000000088900000, 0x0000000088a00000|  0%| F|  |TAMS 0x0000000088900000| PB 0x0000000088900000| Untracked 
| 114|0x0000000088a00000, 0x0000000088a00000, 0x0000000088b00000|  0%| F|  |TAMS 0x0000000088a00000| PB 0x0000000088a00000| Untracked 
| 115|0x0000000088b00000, 0x0000000088b00000, 0x0000000088c00000|  0%| F|  |TAMS 0x0000000088b00000| PB 0x0000000088b00000| Untracked 
| 116|0x0000000088c00000, 0x0000000088c00000, 0x0000000088d00000|  0%| F|  |TAMS 0x0000000088c00000| PB 0x0000000088c00000| Untracked 
| 117|0x0000000088d00000, 0x0000000088d96020, 0x0000000088e00000| 58%| E|  |TAMS 0x0000000088d00000| PB 0x0000000088d00000| Complete 
| 118|0x0000000088e00000, 0x0000000088f00000, 0x0000000088f00000|100%| E|CS|TAMS 0x0000000088e00000| PB 0x0000000088e00000| Complete 
| 119|0x0000000088f00000, 0x0000000089000000, 0x0000000089000000|100%| E|CS|TAMS 0x0000000088f00000| PB 0x0000000088f00000| Complete 
| 120|0x0000000089000000, 0x0000000089100000, 0x0000000089100000|100%| E|CS|TAMS 0x0000000089000000| PB 0x0000000089000000| Complete 
| 121|0x0000000089100000, 0x0000000089200000, 0x0000000089200000|100%| E|CS|TAMS 0x0000000089100000| PB 0x0000000089100000| Complete 
| 122|0x0000000089200000, 0x0000000089300000, 0x0000000089300000|100%| E|CS|TAMS 0x0000000089200000| PB 0x0000000089200000| Complete 
| 123|0x0000000089300000, 0x0000000089400000, 0x0000000089400000|100%| E|CS|TAMS 0x0000000089300000| PB 0x0000000089300000| Complete 
| 124|0x0000000089400000, 0x0000000089500000, 0x0000000089500000|100%| E|CS|TAMS 0x0000000089400000| PB 0x0000000089400000| Complete 
| 125|0x0000000089500000, 0x0000000089600000, 0x0000000089600000|100%| E|CS|TAMS 0x0000000089500000| PB 0x0000000089500000| Complete 
| 126|0x0000000089600000, 0x00000000896fd0c0, 0x0000000089700000| 98%| E|  |TAMS 0x0000000089600000| PB 0x0000000089600000| Complete 
| 127|0x0000000089700000, 0x0000000089800000, 0x0000000089800000|100%| E|CS|TAMS 0x0000000089700000| PB 0x0000000089700000| Complete 

Card table byte_map: [0x0000021e22a70000,0x0000021e22e70000] _byte_map_base: 0x0000021e22664000

Marking Bits: (CMBitMap*) 0x0000021e0b613eb0
 Bits: [0x0000021e23270000, 0x0000021e25210000)

Polling page: 0x0000021e09580000

Metaspace:

Usage:
  Non-class:      6.66 MB used.
      Class:    764.07 KB used.
       Both:      7.40 MB used.

Virtual space:
  Non-class space:       64.00 MB reserved,       6.75 MB ( 11%) committed,  1 nodes.
      Class space:        1.00 GB reserved,     896.00 KB ( <1%) committed,  1 nodes.
             Both:        1.06 GB reserved,       7.62 MB ( <1%) committed. 

Chunk freelists:
   Non-Class:  800.00 KB
       Class:  3.10 MB
        Both:  3.88 MB

MaxMetaspaceSize: unlimited
CompressedClassSpaceSize: 1.00 GB
Initial GC threshold: 21.00 MB
Current GC threshold: 21.00 MB
CDS: on
MetaspaceReclaimPolicy: balanced
 - commit_granule_bytes: 65536.
 - commit_granule_words: 8192.
 - virtual_space_node_default_size: 8388608.
 - enlarge_chunks_in_place: 1.
 - new_chunks_are_fully_committed: 0.
 - uncommit_free_chunks: 1.
 - use_allocation_guard: 0.


Internal statistics:

num_allocs_failed_limit: 0.
num_arena_births: 140.
num_arena_deaths: 0.
num_vsnodes_births: 2.
num_vsnodes_deaths: 0.
num_space_committed: 122.
num_space_uncommitted: 0.
num_chunks_returned_to_freelist: 0.
num_chunks_taken_from_freelist: 213.
num_chunk_merges: 0.
num_chunk_splits: 118.
num_chunks_enlarged: 38.
num_inconsistent_stats: 0.

CodeHeap 'non-profiled nmethods': size=120000Kb used=312Kb max_used=312Kb free=119687Kb
 bounds [0x0000021e1b140000, 0x0000021e1b3b0000, 0x0000021e22670000]
CodeHeap 'profiled nmethods': size=120000Kb used=1818Kb max_used=1818Kb free=118181Kb
 bounds [0x0000021e13670000, 0x0000021e138e0000, 0x0000021e1aba0000]
CodeHeap 'non-nmethods': size=5760Kb used=1911Kb max_used=1927Kb free=3848Kb
 bounds [0x0000021e1aba0000, 0x0000021e1ae10000, 0x0000021e1b140000]
 total_blobs=2013 nmethods=1139 adapters=785
 compilation: enabled
              stopped_count=0, restarted_count=0
 full_count=0

Compilation events (20 events):
Event: 11.211 Thread 0x0000021e27728e70 1130       3       java.awt.Rectangle::getX (6 bytes)
Event: 11.211 Thread 0x0000021e27728e70 nmethod 1130 0x0000021e13834d10 code [0x0000021e13834ea0, 0x0000021e13834fb0]
Event: 11.211 Thread 0x0000021e27728e70 1131       3       java.awt.Rectangle::getY (6 bytes)
Event: 11.211 Thread 0x0000021e27728e70 nmethod 1131 0x0000021e13835010 code [0x0000021e138351a0, 0x0000021e138352b0]
Event: 11.506 Thread 0x0000021e27728e70 1132       1       java.awt.MediaEntry::getID (5 bytes)
Event: 11.506 Thread 0x0000021e27728e70 nmethod 1132 0x0000021e1b18d610 code [0x0000021e1b18d780, 0x0000021e1b18d848]
Event: 11.507 Thread 0x0000021e27728e70 1133       1       javax.swing.ImageIcon::getIconWidth (5 bytes)
Event: 11.507 Thread 0x0000021e27728e70 nmethod 1133 0x0000021e1b18d910 code [0x0000021e1b18da80, 0x0000021e1b18db48]
Event: 11.507 Thread 0x0000021e27728e70 1134       1       javax.swing.ImageIcon::getIconHeight (5 bytes)
Event: 11.507 Thread 0x0000021e27728e70 nmethod 1134 0x0000021e1b18dc10 code [0x0000021e1b18dd80, 0x0000021e1b18de48]
Event: 11.507 Thread 0x0000021e27728e70 1135       3       java.awt.geom.AffineTransform::getScaleInstance (19 bytes)
Event: 11.508 Thread 0x0000021e27728e70 nmethod 1135 0x0000021e13835310 code [0x0000021e138354c0, 0x0000021e138356b0]
Event: 11.508 Thread 0x0000021e27728e70 1137       3       sun.java2d.pipe.ValidatePipe::validate (6 bytes)
Event: 11.508 Thread 0x0000021e27728e70 nmethod 1137 0x0000021e13835790 code [0x0000021e13835940, 0x0000021e13835c98]
Event: 11.508 Thread 0x0000021e27728e70 1138       3       sun.java2d.SunGraphics2D::validatePipe (30 bytes)
Event: 11.508 Thread 0x0000021e27728e70 nmethod 1138 0x0000021e13835e10 code [0x0000021e13835fc0, 0x0000021e138362b0]
Event: 11.508 Thread 0x0000021e27728e70 1136       3       java.awt.geom.AffineTransform::setToScale (66 bytes)
Event: 11.509 Thread 0x0000021e27728e70 nmethod 1136 0x0000021e13836390 code [0x0000021e13836540, 0x0000021e138367b0]
Event: 12.089 Thread 0x0000021e27726f90 1139       4       java.awt.Component::getTreeLock (4 bytes)
Event: 12.090 Thread 0x0000021e27726f90 nmethod 1139 0x0000021e1b18df10 code [0x0000021e1b18e080, 0x0000021e1b18e110]

GC Heap History (4 events):
Event: 5.880 GC heap before
{Heap before GC invocations=0 (full 0):
 garbage-first heap   total 131072K, used 14336K [0x0000000081800000, 0x0000000100000000)
  region size 1024K, 13 young (13312K), 0 survivors (0K)
 Metaspace       used 7288K, committed 7552K, reserved 1114112K
  class space    used 761K, committed 896K, reserved 1048576K
}
Event: 5.887 GC heap after
{Heap after GC invocations=1 (full 0):
 garbage-first heap   total 131072K, used 5168K [0x0000000081800000, 0x0000000100000000)
  region size 1024K, 2 young (2048K), 2 survivors (2048K)
 Metaspace       used 7288K, committed 7552K, reserved 1114112K
  class space    used 761K, committed 896K, reserved 1048576K
}
Event: 9.578 GC heap before
{Heap before GC invocations=1 (full 0):
 garbage-first heap   total 131072K, used 20528K [0x0000000081800000, 0x0000000100000000)
  region size 1024K, 18 young (18432K), 2 survivors (2048K)
 Metaspace       used 7439K, committed 7680K, reserved 1114112K
  class space    used 761K, committed 896K, reserved 1048576K
}
Event: 9.582 GC heap after
{Heap after GC invocations=2 (full 0):
 garbage-first heap   total 131072K, used 5901K [0x0000000081800000, 0x0000000100000000)
  region size 1024K, 1 young (1024K), 1 survivors (1024K)
 Metaspace       used 7439K, committed 7680K, reserved 1114112K
  class space    used 761K, committed 896K, reserved 1048576K
}

Dll operation events (10 events):
Event: 0.014 Loaded shared library C:\Program Files\Java\jdk-20\bin\java.dll
Event: 0.034 Loaded shared library C:\Program Files\Java\jdk-20\bin\jsvml.dll
Event: 0.165 Loaded shared library C:\Program Files\Java\jdk-20\bin\net.dll
Event: 0.169 Loaded shared library C:\Program Files\Java\jdk-20\bin\nio.dll
Event: 0.249 Loaded shared library C:\Program Files\Java\jdk-20\bin\zip.dll
Event: 0.410 Loaded shared library C:\Program Files\Java\jdk-20\bin\jimage.dll
Event: 0.418 Loaded shared library C:\Program Files\Java\jdk-20\bin\awt.dll
Event: 0.627 Loaded shared library C:\Users\Elvis\Documents\NetBeansProjects\SofwareMatricula\opencv_java480.dll
Event: 2.068 Loaded shared library C:\Program Files\Java\jdk-20\bin\freetype.dll
Event: 2.070 Loaded shared library C:\Program Files\Java\jdk-20\bin\fontmanager.dll

Deoptimization events (12 events):
Event: 0.440 Thread 0x0000021e0945e7e0 DEOPT PACKING pc=0x0000021e1367f7d7 sp=0x000000662a7fcc20
Event: 0.440 Thread 0x0000021e0945e7e0 DEOPT UNPACKING pc=0x0000021e1ac0a4c2 sp=0x000000662a7fc040 mode 0
Event: 0.583 Thread 0x0000021e0945e7e0 Uncommon trap: trap_request=0xffffff45 fr.pc=0x0000021e1b14feb4 relative=0x0000000000000934
Event: 0.583 Thread 0x0000021e0945e7e0 Uncommon trap: reason=unstable_if action=reinterpret pc=0x0000021e1b14feb4 method=java.util.HashMap.putVal(ILjava/lang/Object;Ljava/lang/Object;ZZ)Ljava/lang/Object; @ 236 c2
Event: 0.583 Thread 0x0000021e0945e7e0 DEOPT PACKING pc=0x0000021e1b14feb4 sp=0x000000662a7fef50
Event: 0.583 Thread 0x0000021e0945e7e0 DEOPT UNPACKING pc=0x0000021e1ac09d22 sp=0x000000662a7feef8 mode 2
Event: 0.596 Thread 0x0000021e2bd9cca0 DEOPT PACKING pc=0x0000021e13678dc1 sp=0x000000662bcfa360
Event: 0.596 Thread 0x0000021e2bd9cca0 DEOPT UNPACKING pc=0x0000021e1ac0a4c2 sp=0x000000662bcf97d8 mode 0
Event: 10.269 Thread 0x0000021e2bd9cca0 Uncommon trap: trap_request=0xffffff45 fr.pc=0x0000021e1b185ca0 relative=0x00000000000000a0
Event: 10.269 Thread 0x0000021e2bd9cca0 Uncommon trap: reason=unstable_if action=reinterpret pc=0x0000021e1b185ca0 method=java.awt.Component.inside(II)Z @ 13 c2
Event: 10.269 Thread 0x0000021e2bd9cca0 DEOPT PACKING pc=0x0000021e1b185ca0 sp=0x000000662bcfe8a0
Event: 10.269 Thread 0x0000021e2bd9cca0 DEOPT UNPACKING pc=0x0000021e1ac09d22 sp=0x000000662bcfe730 mode 2

Classes loaded (20 events):
Event: 5.038 Loading class java/awt/MediaEntry done
Event: 5.038 Loading class java/awt/ImageMediaEntry done
Event: 5.039 Loading class jdk/internal/event/ThreadSleepEvent
Event: 5.039 Loading class javax/swing/CellRendererPane
Event: 5.039 Loading class jdk/internal/event/Event
Event: 5.040 Loading class jdk/internal/event/Event done
Event: 5.040 Loading class javax/swing/CellRendererPane done
Event: 5.040 Loading class jdk/internal/event/ThreadSleepEvent done
Event: 5.040 Loading class javax/swing/RepaintManager$3
Event: 5.040 Loading class javax/swing/RepaintManager$3 done
Event: 5.042 Loading class sun/awt/image/BufImgSurfaceManager
Event: 5.042 Loading class sun/awt/image/BufImgSurfaceManager done
Event: 10.276 Loading class java/awt/LightweightDispatcher$2
Event: 10.276 Loading class java/awt/LightweightDispatcher$2 done
Event: 12.019 Loading class java/awt/Window$1DisposeAction
Event: 12.019 Loading class java/awt/Window$1DisposeAction done
Event: 12.021 Loading class java/awt/KeyboardFocusManager$2
Event: 12.021 Loading class java/awt/KeyboardFocusManager$2 done
Event: 12.022 Loading class sun/awt/SunToolkit$1
Event: 12.023 Loading class sun/awt/SunToolkit$1 done

Classes unloaded (0 events):
No events

Classes redefined (0 events):
No events

Internal exceptions (18 events):
Event: 0.172 Thread 0x0000021e0945e7e0 Exception <a 'sun/nio/fs/WindowsException'{0x00000000896cc730}> (0x00000000896cc730) 
thrown [s\open\src\hotspot\share\prims\jni.cpp, line 519]
Event: 0.177 Thread 0x0000021e0945e7e0 Exception <a 'sun/nio/fs/WindowsException'{0x00000000896cec20}> (0x00000000896cec20) 
thrown [s\open\src\hotspot\share\prims\jni.cpp, line 519]
Event: 0.178 Thread 0x0000021e0945e7e0 Exception <a 'sun/nio/fs/WindowsException'{0x00000000896cfc18}> (0x00000000896cfc18) 
thrown [s\open\src\hotspot\share\prims\jni.cpp, line 519]
Event: 0.179 Thread 0x0000021e0945e7e0 Exception <a 'sun/nio/fs/WindowsException'{0x00000000896d0760}> (0x00000000896d0760) 
thrown [s\open\src\hotspot\share\prims\jni.cpp, line 519]
Event: 0.180 Thread 0x0000021e0945e7e0 Exception <a 'sun/nio/fs/WindowsException'{0x00000000896d12a8}> (0x00000000896d12a8) 
thrown [s\open\src\hotspot\share\prims\jni.cpp, line 519]
Event: 0.180 Thread 0x0000021e0945e7e0 Exception <a 'sun/nio/fs/WindowsException'{0x00000000896d1e40}> (0x00000000896d1e40) 
thrown [s\open\src\hotspot\share\prims\jni.cpp, line 519]
Event: 0.181 Thread 0x0000021e0945e7e0 Exception <a 'sun/nio/fs/WindowsException'{0x00000000896d2910}> (0x00000000896d2910) 
thrown [s\open\src\hotspot\share\prims\jni.cpp, line 519]
Event: 0.385 Thread 0x0000021e0945e7e0 Exception <a 'java/lang/ClassNotFoundException'{0x000000008944d648}: sun/awt/resources/spi/awtProvider> (0x000000008944d648) 
thrown [s\open\src\hotspot\share\classfile\systemDictionary.cpp, line 305]
Event: 0.454 Thread 0x0000021e0945e7e0 Exception <a 'java/io/FileNotFoundException'{0x00000000894a5ef0}> (0x00000000894a5ef0) 
thrown [s\open\src\hotspot\share\prims\jni.cpp, line 519]
Event: 0.478 Thread 0x0000021e0945e7e0 Exception <a 'java/io/FileNotFoundException'{0x00000000894d0168}> (0x00000000894d0168) 
thrown [s\open\src\hotspot\share\prims\jni.cpp, line 519]
Event: 1.912 Thread 0x0000021e2bd9cca0 Exception <a 'java/lang/NoSuchMethodError'{0x000000008925ff58}: 'void java.lang.invoke.DirectMethodHandle$Holder.invokeSpecial(java.lang.Object, java.lang.Object, java.lang.Object)'> (0x000000008925ff58) 
thrown [s\open\src\hotspot\share\interpreter\linkResolver.cpp, line 773]
Event: 1.927 Thread 0x0000021e2bd9cca0 Exception <a 'java/lang/NoSuchMethodError'{0x000000008928a6d8}: 'java.lang.Object java.lang.invoke.DirectMethodHandle$Holder.newInvokeSpecial(java.lang.Object, java.lang.Object, java.lang.Object, java.lang.Object, java.lang.Object)'> (0x000000008928a6d8) 
thrown [s\open\src\hotspot\share\interpreter\linkResolver.cpp, line 773]
Event: 1.940 Thread 0x0000021e2bd9cca0 Exception <a 'java/lang/NoSuchMethodError'{0x00000000892bb1c0}: 'java.lang.Object java.lang.invoke.DirectMethodHandle$Holder.invokeStatic(java.lang.Object, int, java.lang.Object)'> (0x00000000892bb1c0) 
thrown [s\open\src\hotspot\share\interpreter\linkResolver.cpp, line 773]
Event: 1.999 Thread 0x0000021e2bd9cca0 Exception <a 'java/lang/ClassNotFoundException'{0x0000000089177558}: com/sun/swing/internal/plaf/metal/resources/spi/metalProvider> (0x0000000089177558) 
thrown [s\open\src\hotspot\share\classfile\systemDictionary.cpp, line 305]
Event: 2.001 Thread 0x0000021e2bd9cca0 Exception <a 'java/lang/ClassNotFoundException'{0x000000008917b4b8}: com/sun/swing/internal/plaf/basic/resources/spi/basicProvider> (0x000000008917b4b8) 
thrown [s\open\src\hotspot\share\classfile\systemDictionary.cpp, line 305]
Event: 2.016 Thread 0x0000021e2bd9cca0 Exception <a 'java/lang/NoSuchMethodError'{0x000000008919a848}: 'int java.lang.invoke.Invokers$Holder.invokeExact_MT(java.lang.Object, java.lang.Object)'> (0x000000008919a848) 
thrown [s\open\src\hotspot\share\interpreter\linkResolver.cpp, line 773]
Event: 2.060 Thread 0x0000021e2bd9cca0 Exception <a 'java/lang/NoSuchMethodError'{0x00000000891c6d70}: 'void java.lang.invoke.DirectMethodHandle$Holder.invokeStaticInit(java.lang.Object)'> (0x00000000891c6d70) 
thrown [s\open\src\hotspot\share\interpreter\linkResolver.cpp, line 773]
Event: 2.192 Thread 0x0000021e2bcb5120 Exception <a 'java/lang/NoSuchMethodError'{0x00000000893954d0}: 'void java.lang.invoke.DirectMethodHandle$Holder.invokeVirtual(java.lang.Object, java.lang.Object)'> (0x00000000893954d0) 
thrown [s\open\src\hotspot\share\interpreter\linkResolver.cpp, line 773]

VM Operations (20 events):
Event: 2.615 Executing VM operation: Cleanup done
Event: 3.616 Executing VM operation: Cleanup
Event: 3.617 Executing VM operation: Cleanup done
Event: 5.032 Executing VM operation: HandshakeAllThreads
Event: 5.032 Executing VM operation: HandshakeAllThreads done
Event: 5.880 Executing VM operation: G1CollectForAllocation
Event: 5.887 Executing VM operation: G1CollectForAllocation done
Event: 6.890 Executing VM operation: Cleanup
Event: 6.890 Executing VM operation: Cleanup done
Event: 7.899 Executing VM operation: Cleanup
Event: 7.899 Executing VM operation: Cleanup done
Event: 8.912 Executing VM operation: Cleanup
Event: 8.912 Executing VM operation: Cleanup done
Event: 9.578 Executing VM operation: G1CollectForAllocation
Event: 9.582 Executing VM operation: G1CollectForAllocation done
Event: 10.588 Executing VM operation: Cleanup
Event: 10.589 Executing VM operation: Cleanup done
Event: 11.594 Executing VM operation: Cleanup
Event: 11.594 Executing VM operation: Cleanup done
Event: 12.210 Executing VM operation: Exit

Events (20 events):
Event: 0.063 Thread 0x0000021e2771ca00 Thread added: 0x0000021e2771ca00
Event: 0.064 Thread 0x0000021e2771da30 Thread added: 0x0000021e2771da30
Event: 0.064 Thread 0x0000021e27721dc0 Thread added: 0x0000021e27721dc0
Event: 0.064 Thread 0x0000021e27726f90 Thread added: 0x0000021e27726f90
Event: 0.065 Thread 0x0000021e27728e70 Thread added: 0x0000021e27728e70
Event: 0.143 Thread 0x0000021e276e3230 Thread added: 0x0000021e276e3230
Event: 0.231 Thread 0x0000021e2bb6bb80 Thread added: 0x0000021e2bb6bb80
Event: 0.555 Thread 0x0000021e2bcb3e60 Thread added: 0x0000021e2bcb3e60
Event: 0.558 Thread 0x0000021e2bcb4bd0 Thread added: 0x0000021e2bcb4bd0
Event: 0.561 Thread 0x0000021e2bcb5120 Thread added: 0x0000021e2bcb5120
Event: 0.583 Thread 0x0000021e2bd9cca0 Thread added: 0x0000021e2bd9cca0
Event: 0.584 Thread 0x0000021e0945e7e0 Thread exited: 0x0000021e0945e7e0
Event: 0.584 Thread 0x0000021e0945e7e0 Thread added: 0x0000021e0945e7e0
Event: 4.224 Thread 0x0000021e2bfd6fb0 Thread added: 0x0000021e2bfd6fb0
Event: 11.836 Thread 0x0000021e2bfd6fb0 Thread exited: 0x0000021e2bfd6fb0
Event: 12.093 Thread 0x0000021e2bfd6fb0 Thread added: 0x0000021e2bfd6fb0
Event: 12.093 Thread 0x0000021e2bd5d990 Thread added: 0x0000021e2bd5d990
Event: 12.096 Thread 0x0000021e2bd5d990 Thread exited: 0x0000021e2bd5d990
Event: 12.103 Thread 0x0000021e2bcb5120 Thread exited: 0x0000021e2bcb5120
Event: 12.210 Thread 0x0000021e2bfd6fb0 Thread exited: 0x0000021e2bfd6fb0


Dynamic libraries:
0x00007ff607de0000 - 0x00007ff607df0000 	C:\Program Files\Java\jdk-20\bin\java.exe
0x00007fffc5810000 - 0x00007fffc5a08000 	C:\Windows\SYSTEM32\ntdll.dll
0x00007fff634f0000 - 0x00007fff63509000 	C:\Program Files\Avast Software\Avast\aswhook.dll
0x00007fffc4970000 - 0x00007fffc4a2d000 	C:\Windows\System32\KERNEL32.DLL
0x00007fffc31d0000 - 0x00007fffc34c6000 	C:\Windows\System32\KERNELBASE.dll
0x00007fffc3040000 - 0x00007fffc3140000 	C:\Windows\System32\ucrtbase.dll
0x00007fffc04a0000 - 0x00007fffc04bb000 	C:\Program Files\Java\jdk-20\bin\VCRUNTIME140.dll
0x00007fffbd430000 - 0x00007fffbd449000 	C:\Program Files\Java\jdk-20\bin\jli.dll
0x00007fffc48c0000 - 0x00007fffc496f000 	C:\Windows\System32\ADVAPI32.dll
0x00007fffc4aa0000 - 0x00007fffc4b3e000 	C:\Windows\System32\msvcrt.dll
0x00007fffc3870000 - 0x00007fffc390c000 	C:\Windows\System32\sechost.dll
0x00007fffc4670000 - 0x00007fffc4796000 	C:\Windows\System32\RPCRT4.dll
0x00007fffc4b40000 - 0x00007fffc4cde000 	C:\Windows\System32\USER32.dll
0x00007fffc34d0000 - 0x00007fffc34f2000 	C:\Windows\System32\win32u.dll
0x00007fffa9720000 - 0x00007fffa99ba000 	C:\Windows\WinSxS\amd64_microsoft.windows.common-controls_6595b64144ccf1df_6.0.19041.3636_none_60b6a03d71f818d5\COMCTL32.dll
0x00007fffc5680000 - 0x00007fffc56ac000 	C:\Windows\System32\GDI32.dll
0x00007fffc3500000 - 0x00007fffc361a000 	C:\Windows\System32\gdi32full.dll
0x00007fffc3670000 - 0x00007fffc370d000 	C:\Windows\System32\msvcp_win.dll
0x00007fffb9430000 - 0x00007fffb943a000 	C:\Windows\SYSTEM32\VERSION.dll
0x00007fffc3970000 - 0x00007fffc39a0000 	C:\Windows\System32\IMM32.DLL
0x00007fffc0490000 - 0x00007fffc049c000 	C:\Program Files\Java\jdk-20\bin\vcruntime140_1.dll
0x00007fffa52c0000 - 0x00007fffa534e000 	C:\Program Files\Java\jdk-20\bin\msvcp140.dll
0x00007fff4bcf0000 - 0x00007fff4c987000 	C:\Program Files\Java\jdk-20\bin\server\jvm.dll
0x00007fffb2e00000 - 0x00007fffb2e09000 	C:\Windows\SYSTEM32\WSOCK32.dll
0x00007fffafa00000 - 0x00007fffafa27000 	C:\Windows\SYSTEM32\WINMM.dll
0x00007fffc5760000 - 0x00007fffc57cb000 	C:\Windows\System32\WS2_32.dll
0x00007fffc0db0000 - 0x00007fffc0dc2000 	C:\Windows\SYSTEM32\kernel.appcore.dll
0x00007fffc0410000 - 0x00007fffc041a000 	C:\Program Files\Java\jdk-20\bin\jimage.dll
0x00007fffb8630000 - 0x00007fffb8814000 	C:\Windows\SYSTEM32\DBGHELP.DLL
0x00007fffb85f0000 - 0x00007fffb8624000 	C:\Windows\SYSTEM32\dbgcore.DLL
0x00007fffc3140000 - 0x00007fffc31c2000 	C:\Windows\System32\bcryptPrimitives.dll
0x00007fffc0420000 - 0x00007fffc0446000 	C:\Program Files\Java\jdk-20\bin\java.dll
0x00007fffbbce0000 - 0x00007fffbbdb7000 	C:\Program Files\Java\jdk-20\bin\jsvml.dll
0x00007fffc3f20000 - 0x00007fffc4664000 	C:\Windows\System32\SHELL32.dll
0x00007fffc0fb0000 - 0x00007fffc174b000 	C:\Windows\SYSTEM32\windows.storage.dll
0x00007fffc4f80000 - 0x00007fffc52d4000 	C:\Windows\System32\combase.dll
0x00007fffc2860000 - 0x00007fffc288d000 	C:\Windows\SYSTEM32\Wldp.dll
0x00007fffc56b0000 - 0x00007fffc575d000 	C:\Windows\System32\SHCORE.dll
0x00007fffc53c0000 - 0x00007fffc5415000 	C:\Windows\System32\shlwapi.dll
0x00007fffc2e20000 - 0x00007fffc2e45000 	C:\Windows\SYSTEM32\profapi.dll
0x00007fffc03f0000 - 0x00007fffc0403000 	C:\Program Files\Java\jdk-20\bin\net.dll
0x00007fffb82d0000 - 0x00007fffb83da000 	C:\Windows\SYSTEM32\WINHTTP.dll
0x00007fffc25c0000 - 0x00007fffc262a000 	C:\Windows\system32\mswsock.dll
0x00007fffbdaa0000 - 0x00007fffbdab6000 	C:\Program Files\Java\jdk-20\bin\nio.dll
0x00007fffbda80000 - 0x00007fffbda98000 	C:\Program Files\Java\jdk-20\bin\zip.dll
0x00007fff55e40000 - 0x00007fff55fd1000 	C:\Program Files\Java\jdk-20\bin\awt.dll
0x00007fffc4cf0000 - 0x00007fffc4dbd000 	C:\Windows\System32\OLEAUT32.dll
0x00007fffc0700000 - 0x00007fffc0790000 	C:\Windows\SYSTEM32\apphelp.dll
0x00007fffc08c0000 - 0x00007fffc095e000 	C:\Windows\system32\uxtheme.dll
0x00007fffc47a0000 - 0x00007fffc48b4000 	C:\Windows\System32\MSCTF.dll
0x00007fffc5530000 - 0x00007fffc565b000 	C:\Windows\System32\ole32.dll
0x00007fff505b0000 - 0x00007fff536d3000 	C:\Users\Elvis\Documents\NetBeansProjects\SofwareMatricula\opencv_java480.dll
0x00007fffc17b0000 - 0x00007fffc18a3000 	C:\Windows\SYSTEM32\dxgi.dll
0x00007fff899a0000 - 0x00007fff89aaa000 	C:\Windows\SYSTEM32\MFReadWrite.dll
0x00007fffa72b0000 - 0x00007fffa7334000 	C:\Windows\SYSTEM32\MF.dll
0x00007fffbce90000 - 0x00007fffbd04b000 	C:\Windows\SYSTEM32\MFPlat.DLL
0x00007fffc3620000 - 0x00007fffc366e000 	C:\Windows\System32\cfgmgr32.dll
0x00007fffbf2e0000 - 0x00007fffbf543000 	C:\Windows\SYSTEM32\d3d11.dll
0x00007fff82080000 - 0x00007fff8250e000 	C:\Windows\SYSTEM32\MFCORE.DLL
0x00007fffc3710000 - 0x00007fffc386d000 	C:\Windows\System32\CRYPT32.dll
0x00007fffc3010000 - 0x00007fffc3037000 	C:\Windows\System32\bcrypt.dll
0x00007fffc2d50000 - 0x00007fffc2d9b000 	C:\Windows\SYSTEM32\powrprof.dll
0x00007fffa5240000 - 0x00007fffa5249000 	C:\Windows\SYSTEM32\ksuser.dll
0x00007fffc27d0000 - 0x00007fffc27dc000 	C:\Windows\SYSTEM32\CRYPTBASE.DLL
0x00007fffbcde0000 - 0x00007fffbce14000 	C:\Windows\SYSTEM32\RTWorkQ.DLL
0x00007fffc2d30000 - 0x00007fffc2d42000 	C:\Windows\SYSTEM32\UMPDC.dll
0x00007fffbace0000 - 0x00007fffbad1b000 	C:\Windows\SYSTEM32\dxcore.dll
0x00007fffbc010000 - 0x00007fffbc047000 	C:\Windows\SYSTEM32\CompPkgSup.DLL
0x00007fffc3e10000 - 0x00007fffc3eb9000 	C:\Windows\System32\clbcatq.dll
0x00007fff43670000 - 0x00007fff43d96000 	C:\Windows\System32\Windows.Media.dll
0x00007fffbb6b0000 - 0x00007fffbb796000 	C:\Windows\System32\Windows.ApplicationModel.dll
0x00007fffbdfe0000 - 0x00007fffbe1e7000 	C:\Windows\System32\twinapi.appcore.dll
0x00007fff89860000 - 0x00007fff898cd000 	C:\Windows\System32\FrameServerClient.dll
0x00007fff82f40000 - 0x00007fff82fa7000 	C:\Windows\System32\MFSENSORGROUP.dll
0x00007fffbb5a0000 - 0x00007fffbb6a2000 	C:\Windows\System32\AppXDeploymentClient.dll
0x00007fffbe6c0000 - 0x00007fffbe6ca000 	C:\Windows\SYSTEM32\AVRT.dll
0x00007fffbdb30000 - 0x00007fffbdb3d000 	C:\Windows\System32\vidcap.ax
0x00007fffa5970000 - 0x00007fffa5997000 	C:\Windows\System32\kswdmcap.ax
0x00007fff81cc0000 - 0x00007fff81e2c000 	C:\Windows\System32\MFC42.dll
0x00007fffa5c70000 - 0x00007fffa5db6000 	C:\Windows\System32\Windows.StateRepositoryPS.dll
0x00007fffbed20000 - 0x00007fffbee75000 	C:\Windows\System32\WinTypes.dll
0x00007fff81bd0000 - 0x00007fff81cb5000 	C:\Program Files\Intel\Media SDK\mfx_mft_mjpgvd_64.dll
0x00007fffbea60000 - 0x00007fffbeb56000 	C:\Windows\SYSTEM32\PROPSYS.dll
0x00007fff58bb0000 - 0x00007fff58d7d000 	C:\Windows\SYSTEM32\d3d9.dll
0x00007fff65a70000 - 0x00007fff65a94000 	C:\Windows\SYSTEM32\dxva2.dll
0x00007fffa1a20000 - 0x00007fffa1adf000 	C:\Windows\SYSTEM32\EVR.dll
0x00007fffc09e0000 - 0x00007fffc0a0f000 	C:\Windows\SYSTEM32\dwmapi.dll
0x00007fffbd410000 - 0x00007fffbd42d000 	C:\Windows\System32\mfmjpegdec.dll
0x00007fffb88c0000 - 0x00007fffb89ed000 	C:\Windows\System32\mfperfhelper.dll
0x00007fff42880000 - 0x00007fff429e0000 	C:\Windows\System32\msvproc.dll
0x00007fff93470000 - 0x00007fff93595000 	C:\Windows\system32\opengl32.dll
0x00007fff936f0000 - 0x00007fff9371c000 	C:\Windows\SYSTEM32\GLU32.dll
0x00007fffa8ac0000 - 0x00007fffa8b46000 	C:\Program Files\Java\jdk-20\bin\freetype.dll
0x00007fff97520000 - 0x00007fff975e6000 	C:\Program Files\Java\jdk-20\bin\fontmanager.dll
0x00007fffad0f0000 - 0x00007fffad1ea000 	C:\Windows\SYSTEM32\textinputframework.dll
0x00007fffc04c0000 - 0x00007fffc05b2000 	C:\Windows\System32\CoreMessaging.dll
0x00007fffbfd00000 - 0x00007fffc005b000 	C:\Windows\System32\CoreUIComponents.dll
0x00007fffc2010000 - 0x00007fffc2043000 	C:\Windows\SYSTEM32\ntmarta.dll
0x00007fffb9b00000 - 0x00007fffb9f5f000 	C:\Windows\SYSTEM32\igdusc64.dll
0x00007fff8bd20000 - 0x00007fff8bd35000 	C:\Windows\SYSTEM32\OpenCL.dll
0x00007fff82ed0000 - 0x00007fff82f32000 	C:\Windows\SYSTEM32\IntelOpenCL64.dll
0x00007fff815d0000 - 0x00007fff816cd000 	C:\Program Files (x86)\Common Files\Intel\OpenCL\bin\x64\intelocl64.dll
0x00007fff82c80000 - 0x00007fff82cf6000 	C:\Program Files (x86)\Common Files\Intel\OpenCL\bin\x64\task_executor64.dll
0x00007fff81530000 - 0x00007fff815c5000 	C:\Program Files (x86)\Common Files\Intel\OpenCL\bin\x64\cpu_device64.dll
0x00007fff81b60000 - 0x00007fff81bc9000 	C:\Program Files (x86)\Common Files\Intel\OpenCL\bin\x64\tbb\tbb.dll
0x00007fff7a980000 - 0x00007fff7ab74000 	C:\Windows\SYSTEM32\igdrcl64.dll
0x00007fff4efc0000 - 0x00007fff505a2000 	C:\Windows\SYSTEM32\igdfcl64.dll
0x00007fff814d0000 - 0x00007fff8152f000 	C:\Windows\SYSTEM32\igdbcl64.dll

dbghelp: loaded successfully - version: 4.0.5 - missing functions: none
symbol engine: initialized successfully - sym options: 0x614 - pdb path: .;C:\Program Files\Java\jdk-20\bin;C:\Windows\SYSTEM32;C:\Program Files\Avast Software\Avast;C:\Windows\WinSxS\amd64_microsoft.windows.common-controls_6595b64144ccf1df_6.0.19041.3636_none_60b6a03d71f818d5;C:\Program Files\Java\jdk-20\bin\server;C:\Users\Elvis\Documents\NetBeansProjects\SofwareMatricula;C:\Program Files\Intel\Media SDK;C:\Program Files (x86)\Common Files\Intel\OpenCL\bin\x64;C:\Program Files (x86)\Common Files\Intel\OpenCL\bin\x64\tbb

VM Arguments:
jvm_args: -Dfile.encoding=UTF-8 --module-path=C:\Users\Elvis\Documents\NetBeansProjects\SofwareMatricula\build\classes 
java_command: SofwareAsistencia.controler.metodos.ReconocerRostro
java_class_path (initial): C:\Program Files\NetBeans-15\netbeans\java\modules\ext\AbsoluteLayout.jar;C:\Users\Elvis\Desktop\Software Farmacia\JarFiles_ProyectFarmacia\JarFiles_ProyectFarmacia\Librerias\Librerias\AbsoluteLayout.jar;C:\Users\Elvis\Downloads\opencv\build\java\opencv-480.jar;C:\Users\Elvis\Downloads\mysql-connector-j-8.2.0\mysql-connector-j-8.2.0.jar;C:\Users\Elvis\Downloads\libs\artoolkitplus-2.3.1-1.3-linux-ppc64le.jar;C:\Users\Elvis\Downloads\libs\artoolkitplus-2.3.1-1.3-linux-x86.jar;C:\Users\Elvis\Downloads\libs\artoolkitplus-2.3.1-1.3-macosx-x86_64.jar;C:\Users\Elvis\Downloads\libs\artoolkitplus-2.3.1-1.3.jar;C:\Users\Elvis\Downloads\libs\bridj-0.7.0.jar;C:\Users\Elvis\Downloads\libs\flandmark-1.07-1.3-macosx-x86_64.jar;C:\Users\Elvis\Downloads\libs\flandmark-1.07-1.3-windows-x86_64.jar;C:\Users\Elvis\Downloads\libs\flycapture-2.9.3.43-1.3-linux-x86_64.jar;C:\Users\Elvis\Downloads\libs\flycapture-2.9.3.43-1.3-windows-x86.jar;C:\Users\Elvis\Downloads\libs\flycapture-2.9.3.43-1.3.jar;C:\Users\Elvis\Downloads\libs\javacv-1.3.3.jar;C:\Users\Elvis\Downloads\libs\javacv-platform-1.3.3.jar;C:\Users\Elvis\Downloads\libs\libdc1394-2.2.4-1.3-windows-x86.jar;C:\Users\Elvis\Downloads\libs\libdc1394-platform-2.2.4-1.3.jar;C:\Users\Elvis\Downloads\libs\libfreenect-0.5.3-1.3-windows-x86.jar;C:\Users\Elvis\Downloads\libs\libfreenect2-0.2.0-1.3.jar;C:\Users\Elvis\Downloads\libs\opencv-3.2.0-1.3-linux-armhf.jar;C:\Users\Elvis\Downloads\libs\opencv-3.2.0-1.3-linux-x86_64.jar;C:\Users\Elvis\Downloads\libs\opencv-3.2.0-1.3-macosx-x86_64.jar;C:\Users\Elvis\Downloads\libs\opencv-3.2.0-1.3-windows-x86_64.jar;C:\Users\Elvis\Downloads\libs\opencv-platform-3.2.0-1.3.jar;C:\Users\Elvis\Downloads\libs\slf4j-api-1.7.2.jar;C:\Users\Elvis\Downloads\libs\v4l4j-0.9.1-r507.jar;C:\Users\Elvis\Downloads\libs\webcam-capture-0.3.12.jar;C:\Users\Elvis\Documents\NetBeansProjects\SofwareMatricula\build\classes
Launcher Type: SUN_STANDARD

[Global flags]
     intx CICompilerCount                          = 3                                         {product} {ergonomic}
     uint ConcGCThreads                            = 1                                         {product} {ergonomic}
     uint G1ConcRefinementThreads                  = 4                                         {product} {ergonomic}
   size_t G1HeapRegionSize                         = 1048576                                   {product} {ergonomic}
    uintx GCDrainStackTargetSize                   = 64                                        {product} {ergonomic}
   size_t InitialHeapSize                          = 134217728                                 {product} {ergonomic}
   size_t MarkStackSize                            = 4194304                                   {product} {ergonomic}
   size_t MaxHeapSize                              = 2122317824                                {product} {ergonomic}
   size_t MaxNewSize                               = 1272971264                                {product} {ergonomic}
   size_t MinHeapDeltaBytes                        = 1048576                                   {product} {ergonomic}
   size_t MinHeapSize                              = 8388608                                   {product} {ergonomic}
    uintx NonNMethodCodeHeapSize                   = 5832780                                {pd product} {ergonomic}
    uintx NonProfiledCodeHeapSize                  = 122912730                              {pd product} {ergonomic}
    uintx ProfiledCodeHeapSize                     = 122912730                              {pd product} {ergonomic}
    uintx ReservedCodeCacheSize                    = 251658240                              {pd product} {ergonomic}
     bool SegmentedCodeCache                       = true                                      {product} {ergonomic}
   size_t SoftMaxHeapSize                          = 2122317824                             {manageable} {ergonomic}
     bool UseCompressedClassPointers               = true                           {product lp64_product} {ergonomic}
     bool UseCompressedOops                        = true                           {product lp64_product} {ergonomic}
     bool UseG1GC                                  = true                                      {product} {ergonomic}
     bool UseLargePagesIndividualAllocation        = false                                  {pd product} {ergonomic}

Logging:
Log output configuration:
 #0: stdout all=off uptime,level,tags foldmultilines=false
 #1: stderr all=off uptime,level,tags foldmultilines=false

Environment Variables:
PATH=C:\Program Files (x86)\VMware\VMware Workstation\bin\;C:\Program Files\Microsoft MPI\Bin\;C:\Program Files\Common Files\Oracle\Java\javapath;C:\Program Files (x86)\Common Files\Oracle\Java\javapath;C:\Windows\system32;C:\Windows;C:\Windows\System32\Wbem;C:\Windows\System32\WindowsPowerShell\v1.0\;C:\Windows\System32\OpenSSH\;C:\Program Files\Git\cmd;C:\Program Files (x86)\Microsoft SQL Server\160\Tools\Binn\;C:\Program Files\Microsoft SQL Server\160\Tools\Binn\;C:\Program Files\Microsoft SQL Server\Client SDK\ODBC\170\Tools\Binn\;C:\Program Files\Microsoft SQL Server\160\DTS\Binn\;C:\Program Files (x86)\Microsoft SQL Server\160\DTS\Binn\;C:\Program Files\Azure Data Studio\bin;C:\ProgramData\chocolatey\bin;C:\Python\Python312\Scripts\;C:\Python\Python312\;C:\Users\Elvis\AppData\Local\Microsoft\WindowsApps;;C:\Users\Elvis\AppData\Local\Programs\Microsoft VS Code\bin;C:\Program Files\Azure Data Studio\bin;C:\Program Files\Azure Data Studio\bin;C:\Program Files\Azure Data Studio\bin
USERNAME=Elvis
OS=Windows_NT
PROCESSOR_IDENTIFIER=Intel64 Family 6 Model 58 Stepping 9, GenuineIntel
TMP=C:\Users\Elvis\AppData\Local\Temp
TEMP=C:\Users\Elvis\AppData\Local\Temp




---------------  S Y S T E M  ---------------

OS:
 Windows 10 , 64 bit Build 19041 (10.0.19041.3636)
OS uptime: 0 days 2:39 hours

CPU: total 4 (initial active 4) (2 cores per cpu, 2 threads per core) family 6 model 58 stepping 9 microcode 0x21, cx8, cmov, fxsr, ht, mmx, sse, sse2, sse3, ssse3, sse4.1, sse4.2, popcnt, tsc, tscinvbit, avx, aes, erms, clmul, vzeroupper, clflush, rdtscp, f16c

Memory: 4k page, system-wide physical 8095M (1667M free)
TotalPageFile size 10655M (AvailPageFile size 1423M)
current process WorkingSet (physical memory assigned to process): 115M, peak: 143M
current process commit charge ("private bytes"): 243M, peak: 276M

vm_info: Java HotSpot(TM) 64-Bit Server VM (20+36-2344) for windows-amd64 JRE (20+36-2344), built on 2023-02-10T19:30:15Z by "mach5one" with MS VC++ 17.1 (VS2022)

END.
