#
# A fatal error has been detected by the Java Runtime Environment:
#
#  EXCEPTION_ACCESS_VIOLATION (0xc0000005) at pc=0x00007ffac285faad, pid=1176, tid=6928
#
# JRE version: Java(TM) SE Runtime Environment (20.0+36) (build 20+36-2344)
# Java VM: Java HotSpot(TM) 64-Bit Server VM (20+36-2344, mixed mode, sharing, tiered, compressed oops, compressed class ptrs, g1 gc, windows-amd64)
# Problematic frame:
# C  [ntdll.dll+0x2faad]
#
# No core dump will be written. Minidumps are not enabled by default on client versions of Windows
#
# If you would like to submit a bug report, please visit:
#   https://bugreport.java.com/bugreport/crash.jsp
#

---------------  S U M M A R Y ------------

Command Line: -Dfile.encoding=UTF-8 --module-path=C:\Users\Elvis\Documents\NetBeansProjects\SofwareMatricula\build\classes SoftwareAsistencia.SoftwareMatriculaAppliation

Host: Intel(R) Core(TM) i5-3337U CPU @ 1.80GHz, 4 cores, 7G,  Windows 10 , 64 bit Build 19041 (10.0.19041.3636)
Time: Fri Nov 24 10:11:55 2023 Hora est. Pacífico, Sudamérica elapsed time: 63.733426 seconds (0d 0h 1m 3s)

---------------  T H R E A D  ---------------

Current thread (0x000001f7499558b0):  VMThread "VM Thread" [stack: 0x000000d5ecb00000,0x000000d5ecc00000] [id=6928]

Stack: [0x000000d5ecb00000,0x000000d5ecc00000],  sp=0x000000d5ecbfeaa0,  free space=1018k
Native frames: (J=compiled Java code, j=interpreted, Vv=VM code, C=native code)
C  [ntdll.dll+0x2faad]
C  [igdrcl64.dll+0x36542]


siginfo: EXCEPTION_ACCESS_VIOLATION (0xc0000005), writing address 0x0000000000000018


Registers:
RAX=0x000000d5ec004000, RBX=0x0000000000000000, RCX=0x0000000000000010, RDX=0x000001f74dd14fc0
RSP=0x000000d5ecbfeaa0, RBP=0x000001f74f676990, RSI=0x0000000000000010, RDI=0x000001f74dd14fc0
R8 =0x0000000000000032, R9 =0x0000000000000032, R10=0x0000000000000032, R11=0x000000d5ecbfeae0
R12=0x00007ffa4da5623c, R13=0x00007ffa6479ea90, R14=0x00000fb0acb18e52, R15=0x000001f74f676260
RIP=0x00007ffac285faad, EFLAGS=0x0000000000010206


Register to memory mapping:

RIP=0x00007ffac285faad ntdll.dll
RAX=0x000000d5ec004000 points into unknown readable memory: 0x0000000000000000 | 00 00 00 00 00 00 00 00
RBX=0x0 is NULL
RCX=0x0000000000000010 is an unknown value
RDX=0x000001f74dd14fc0 points into unknown readable memory: 0x00007ffa525cffa0 | a0 ff 5c 52 fa 7f 00 00
RSP=0x000000d5ecbfeaa0 points into unknown readable memory: 0x000001f72b5c3d90 | 90 3d 5c 2b f7 01 00 00
RBP=0x000001f74f676990 points into unknown readable memory: 0x00000fb0acb18e52 | 52 8e b1 ac b0 0f 00 00
RSI=0x0000000000000010 is an unknown value
RDI=0x000001f74dd14fc0 points into unknown readable memory: 0x00007ffa525cffa0 | a0 ff 5c 52 fa 7f 00 00
R8 =0x0000000000000032 is an unknown value
R9 =0x0000000000000032 is an unknown value
R10=0x0000000000000032 is an unknown value
R11=0x000000d5ecbfeae0 points into unknown readable memory: 0x00000fb0acb18e52 | 52 8e b1 ac b0 0f 00 00
R12=0x00007ffa4da5623c opencv_java480.dll
R13=0x00007ffa6479ea90 jvm.dll
R14=0x00000fb0acb18e52 is an unknown value
R15=0x000001f74f676260 points into unknown readable memory: 0xffe93925dd318e53 | 53 8e 31 dd 25 39 e9 ff


Top of Stack: (sp=0x000000d5ecbfeaa0)
0x000000d5ecbfeaa0:   000001f72b5c3d90 000001f74fa89840
0x000000d5ecbfeab0:   0000000000000000 00007ffac28602c9
0x000000d5ecbfeac0:   00007ffab7e83a6b 00007ffa52426542
0x000000d5ecbfead0:   00000f65400e67d2 0000000000000000
0x000000d5ecbfeae0:   00000fb0acb18e52 000001f74f466e70
0x000000d5ecbfeaf0:   000001f74fba8900 00007ffa52421145
0x000000d5ecbfeb00:   0000000100000009 000001f74dd14fc0
0x000000d5ecbfeb10:   000000d5ecbfec90 00007ffab7e83a6b
0x000000d5ecbfeb20:   000001f74f466e70 00007ffa4cd5c109
0x000000d5ecbfeb30:   000001f74fba8d50 000000d5ecbfec78
0x000000d5ecbfeb40:   0000000000000000 0000000000000000
0x000000d5ecbfeb50:   0000000000000000 0000000000000000
0x000000d5ecbfeb60:   000001f74fba8d50 0000000000000000
0x000000d5ecbfeb70:   0000000000000000 0000000000000000
0x000000d5ecbfeb80:   0000000000000000 00000f65400e6562
0x000000d5ecbfeb90:   000001f74f466e70 00007ffa4cd44061
0x000000d5ecbfeba0:   0000000000000000 000001f74f466e60
0x000000d5ecbfebb0:   0000000000000000 0000000000000000
0x000000d5ecbfebc0:   00000000ffffffff 00007ffa4db88ac0
0x000000d5ecbfebd0:   000001f74f466e70 000001f74f466e60
0x000000d5ecbfebe0:   000000d5ecbfed98 000001f74f9ea360
0x000000d5ecbfebf0:   000001f74f676980 00007ffa4daa442f
0x000000d5ecbfec00:   000001f74f676260 00007ffac2830000
0x000000d5ecbfec10:   00007ffab7ea7b10 00007ffac028ac31
0x000000d5ecbfec20:   0000000000000001 00007ffa4b650000
0x000000d5ecbfec30:   000000d5ecbfec90 00007ffa4daa41dd
0x000000d5ecbfec40:   000000d5ecbfecc0 000000d5ecbfed60
0x000000d5ecbfec50:   0000000000000001 00007ffac28547b1
0x000000d5ecbfec60:   000000d5ecbfed40 00007ffa4daa4501
0x000000d5ecbfec70:   000000d5ecbfed40 0000000000000000
0x000000d5ecbfec80:   0000000000000000 000000d5ecbfecc0
0x000000d5ecbfec90:   000000d5ecbfecb0 00007ffac070f05b 

Instructions: (pc=0x00007ffac285faad)
0x00007ffac285f9ad:   48 b8 7f 7f 7f 7f 7f 7f 7f 7f 41 8b c8 48 0b cb
0x00007ffac285f9bd:   48 23 c8 83 e6 1f 49 89 8c f4 40 a5 16 00 48 81
0x00007ffac285f9cd:   c4 98 00 00 00 41 5f 41 5e 41 5d 41 5c 5f 5e 5b
0x00007ffac285f9dd:   5d c3 cc 33 d2 41 8b c6 41 f7 f0 44 8b c8 e9 d6
0x00007ffac285f9ed:   fc ff ff 41 8d 57 ff 41 85 d7 0f 84 13 38 08 00
0x00007ffac285f9fd:   41 b8 00 10 00 00 41 b9 ff ff 00 00 e9 3c 38 08
0x00007ffac285fa0d:   00 cc cc cc cc cc cc 48 8b c4 48 89 58 08 48 89
0x00007ffac285fa1d:   68 10 48 89 70 18 48 89 78 20 41 56 48 83 ec 20
0x00007ffac285fa2d:   40 8a ea 4c 8d 35 99 d1 13 00 48 8b f1 33 db 48
0x00007ffac285fa3d:   8d 0d 9d d1 13 00 e8 58 00 00 00 4c 8b 05 81 d1
0x00007ffac285fa4d:   13 00 4d 3b c6 0f 85 08 3b 08 00 48 85 db 75 33
0x00007ffac285fa5d:   48 8d 0d 7c d1 13 00 e8 c7 f7 ff ff 48 85 db 0f
0x00007ffac285fa6d:   85 23 3b 08 00 33 c0 48 8b 5c 24 30 48 8b 6c 24
0x00007ffac285fa7d:   38 48 8b 74 24 40 48 8b 7c 24 48 48 83 c4 20 41
0x00007ffac285fa8d:   5e c3 cc f0 ff 43 3c eb c7 cc cc cc cc cc cc cc
0x00007ffac285fa9d:   cc cc cc 48 83 ec 28 65 48 8b 04 25 30 00 00 00
0x00007ffac285faad:   f0 0f ba 71 08 00 48 8b 40 48 73 13 48 89 41 10
0x00007ffac285fabd:   33 c0 c7 41 0c 01 00 00 00 48 83 c4 28 c3 cc 48
0x00007ffac285facd:   39 41 10 75 0b ff 41 0c 33 c0 48 83 c4 28 c3 cc
0x00007ffac285fadd:   e8 0e 00 00 00 eb e2 cc cc cc cc cc cc cc cc cc
0x00007ffac285faed:   cc cc cc 48 89 5c 24 18 55 56 57 41 54 41 55 41
0x00007ffac285fafd:   56 41 57 48 83 ec 20 8b 41 20 48 8b f1 48 0f ba
0x00007ffac285fb0d:   e0 1a 0f 82 df 01 00 00 33 ff 40 32 ed 66 83 3c
0x00007ffac285fb1d:   25 6a 03 fe 7f 01 76 19 48 8b 7e 20 48 8b c7 81
0x00007ffac285fb2d:   e7 ff ff ff 00 25 00 00 00 02 48 85 c0 40 0f 95
0x00007ffac285fb3d:   c5 45 32 ff b0 01 45 32 e4 41 bd 01 00 00 00 45
0x00007ffac285fb4d:   33 c0 ba 6a 03 fe 7f 84 c0 0f 84 14 01 00 00 8b
0x00007ffac285fb5d:   46 08 4c 8d 4e 08 45 84 e4 41 be 03 00 00 00 45
0x00007ffac285fb6d:   0f 44 f5 41 84 c5 0f 85 e2 00 00 00 8d 0c bf 03
0x00007ffac285fb7d:   c9 66 44 39 2a 0f 86 e8 00 00 00 4d 85 c9 74 0e
0x00007ffac285fb8d:   80 3c 25 97 02 fe 7f 00 0f 85 29 3a 08 00 0f b7
0x00007ffac285fb9d:   1c 25 d6 02 fe 7f 83 fb 0c 0f 85 a2 00 00 00 b8 


Stack slot to memory mapping:
stack at sp + 0 slots: 0x000001f72b5c3d90 points into unknown readable memory: 0x000001f72b5c46f0 | f0 46 5c 2b f7 01 00 00
stack at sp + 1 slots: 0x000001f74fa89840 points into unknown readable memory: 0x000001f74fa89380 | 80 93 a8 4f f7 01 00 00
stack at sp + 2 slots: 0x0 is NULL
stack at sp + 3 slots: 0x00007ffac28602c9 ntdll.dll
stack at sp + 4 slots: 0x00007ffab7e83a6b dxcore.dll
stack at sp + 5 slots: 0x00007ffa52426542 igdrcl64.dll
stack at sp + 6 slots: 0x00000f65400e67d2 is an unknown value
stack at sp + 7 slots: 0x0 is NULL

VM_Operation (0x000000d5edafea80): Exit, mode: safepoint, requested by thread 0x000001f74e1d3560


---------------  P R O C E S S  ---------------

Threads class SMR info:
_java_thread_list=0x000001f74fba8f30, length=16, elements={
0x000001f749971e20, 0x000001f749972cf0, 0x000001f749976210, 0x000001f749977c30,
0x000001f749978570, 0x000001f749978eb0, 0x000001f749979b20, 0x000001f74997e440,
0x000001f749940040, 0x000001f74dde1c90, 0x000001f74e1bafb0, 0x000001f74e1bc130,
0x000001f74e1d3560, 0x000001f72d856f60, 0x000001f74fa04360, 0x000001f74fa03e10
}

Java Threads: ( => current thread )
  0x000001f749971e20 JavaThread "Reference Handler" daemon [_thread_blocked, id=8080, stack(0x000000d5ecc00000,0x000000d5ecd00000)]
  0x000001f749972cf0 JavaThread "Finalizer" daemon [_thread_blocked, id=552, stack(0x000000d5ecd00000,0x000000d5ece00000)]
  0x000001f749976210 JavaThread "Signal Dispatcher" daemon [_thread_blocked, id=6372, stack(0x000000d5ece00000,0x000000d5ecf00000)]
  0x000001f749977c30 JavaThread "Attach Listener" daemon [_thread_blocked, id=3036, stack(0x000000d5ecf00000,0x000000d5ed000000)]
  0x000001f749978570 JavaThread "Service Thread" daemon [_thread_blocked, id=12948, stack(0x000000d5ed000000,0x000000d5ed100000)]
  0x000001f749978eb0 JavaThread "Monitor Deflation Thread" daemon [_thread_blocked, id=11512, stack(0x000000d5ed100000,0x000000d5ed200000)]
  0x000001f749979b20 JavaThread "C2 CompilerThread0" daemon [_thread_blocked, id=4084, stack(0x000000d5ed200000,0x000000d5ed300000)]
  0x000001f74997e440 JavaThread "C1 CompilerThread0" daemon [_thread_blocked, id=3096, stack(0x000000d5ed300000,0x000000d5ed400000)]
  0x000001f749940040 JavaThread "Common-Cleaner" daemon [_thread_blocked, id=1072, stack(0x000000d5ed400000,0x000000d5ed500000)]
  0x000001f74dde1c90 JavaThread "Notification Thread" daemon [_thread_blocked, id=4256, stack(0x000000d5ed500000,0x000000d5ed600000)]
  0x000001f74e1bafb0 JavaThread "Java2D Disposer" daemon [_thread_blocked, id=976, stack(0x000000d5ed700000,0x000000d5ed800000)]
  0x000001f74e1bc130 JavaThread "AWT-Shutdown" [_thread_blocked, id=10772, stack(0x000000d5ed800000,0x000000d5ed900000)]
  0x000001f74e1d3560 JavaThread "AWT-EventQueue-0" [_thread_blocked, id=10004, stack(0x000000d5eda00000,0x000000d5edb00000)]
  0x000001f72d856f60 JavaThread "DestroyJavaVM" [_thread_blocked, id=13168, stack(0x000000d5ec500000,0x000000d5ec600000)]
  0x000001f74fa04360 JavaThread "mysql-cj-abandoned-connection-cleanup" daemon [_thread_blocked, id=12724, stack(0x000000d5ee300000,0x000000d5ee400000)]
  0x000001f74fa03e10 JavaThread "TimerQueue" daemon [_thread_blocked, id=3484, stack(0x000000d5ee200000,0x000000d5ee300000)]

Other Threads:
=>0x000001f7499558b0 VMThread "VM Thread" [stack: 0x000000d5ecb00000,0x000000d5ecc00000] [id=6928]
  0x000001f72d8b5d50 WorkerThread "GC Thread#0" [stack: 0x000000d5ec600000,0x000000d5ec700000] [id=12332]
  0x000001f74e443410 WorkerThread "GC Thread#1" [stack: 0x000000d5edc00000,0x000000d5edd00000] [id=7212]
  0x000001f74e4436e0 WorkerThread "GC Thread#2" [stack: 0x000000d5ee000000,0x000000d5ee100000] [id=7668]
  0x000001f74e4439b0 WorkerThread "GC Thread#3" [stack: 0x000000d5ee100000,0x000000d5ee200000] [id=4060]
  0x000001f72d8c7880 ConcurrentGCThread "G1 Main Marker" terminated
  0x000001f72d8c91d0 WorkerThread "G1 Conc#0" [stack: 0x000000d5ec800000,0x000000d5ec900000] [id=8792]
  0x000001f72d91d9b0 ConcurrentGCThread "G1 Refine#0" terminated
  0x000001f72d91e360 ConcurrentGCThread "G1 Service" terminated

Threads with active compile tasks:

VM state: at safepoint (shutting down)

VM Mutex/Monitor currently owned by a thread:  ([mutex/lock_event])
[0x000001f72d855040] Threads_lock - owner thread: 0x000001f7499558b0
[0x000001f72d855310] Heap_lock - owner thread: 0x000001f74e1d3560

Heap address: 0x0000000081800000, size: 2024 MB, Compressed Oops mode: 32-bit

CDS archive(s) mapped at: [0x0000000800000000-0x0000000800c60000-0x0000000800c60000), size 12976128, SharedBaseAddress: 0x0000000800000000, ArchiveRelocationMode: 0.
Compressed class space mapped at: 0x0000000801000000-0x0000000841000000, reserved size: 1073741824
Narrow klass base: 0x0000000800000000, Narrow klass shift: 0, Narrow klass range: 0x100000000

GC Precious Log:
 CardTable entry size: 512
 Card Set container configuration: InlinePtr #cards 5 size 8 Array Of Cards #cards 12 size 40 Howl #buckets 4 coarsen threshold 1843 Howl Bitmap #cards 512 size 80 coarsen threshold 460 Card regions per heap region 1 cards per card region 2048
 CPUs: 4 total, 4 available
 Memory: 8095M
 Large Page Support: Disabled
 NUMA Support: Disabled
 Compressed Oops: Enabled (32-bit)
 Heap Region Size: 1M
 Heap Min Capacity: 8M
 Heap Initial Capacity: 128M
 Heap Max Capacity: 2024M
 Pre-touch: Disabled
 Parallel Workers: 4
 Concurrent Workers: 1
 Concurrent Refinement Workers: 4
 Periodic GC: Disabled

Heap:
 garbage-first heap   total 131072K, used 26022K [0x0000000081800000, 0x0000000100000000)
  region size 1024K, 21 young (21504K), 2 survivors (2048K)
 Metaspace       used 13238K, committed 13440K, reserved 1114112K
  class space    used 1339K, committed 1408K, reserved 1048576K

Heap Regions: E=young(eden), S=young(survivor), O=old, HS=humongous(starts), HC=humongous(continues), CS=collection set, F=free, OA=open archive, CA=closed archive, TAMS=top-at-mark-start, PB=parsable bottom
|   0|0x0000000081800000, 0x0000000081900000, 0x0000000081900000|100%| O|  |TAMS 0x0000000081800000| PB 0x0000000081800000| Untracked 
|   1|0x0000000081900000, 0x0000000081a00000, 0x0000000081a00000|100%| O|  |TAMS 0x0000000081900000| PB 0x0000000081900000| Untracked 
|   2|0x0000000081a00000, 0x0000000081b00000, 0x0000000081b00000|100%| O|  |TAMS 0x0000000081a00000| PB 0x0000000081a00000| Untracked 
|   3|0x0000000081b00000, 0x0000000081b86600, 0x0000000081c00000| 52%| O|  |TAMS 0x0000000081b00000| PB 0x0000000081b00000| Untracked 
|   4|0x0000000081c00000, 0x0000000081d00000, 0x0000000081d00000|100%|HS|  |TAMS 0x0000000081c00000| PB 0x0000000081c00000| Complete 
|   5|0x0000000081d00000, 0x0000000081e00000, 0x0000000081e00000|100%|HS|  |TAMS 0x0000000081d00000| PB 0x0000000081d00000| Complete 
|   6|0x0000000081e00000, 0x0000000081f00000, 0x0000000081f00000|100%|HC|  |TAMS 0x0000000081e00000| PB 0x0000000081e00000| Complete 
|   7|0x0000000081f00000, 0x0000000081f00000, 0x0000000082000000|  0%| F|  |TAMS 0x0000000081f00000| PB 0x0000000081f00000| Untracked 
|   8|0x0000000082000000, 0x0000000082000000, 0x0000000082100000|  0%| F|  |TAMS 0x0000000082000000| PB 0x0000000082000000| Untracked 
|   9|0x0000000082100000, 0x0000000082100000, 0x0000000082200000|  0%| F|  |TAMS 0x0000000082100000| PB 0x0000000082100000| Untracked 
|  10|0x0000000082200000, 0x0000000082200000, 0x0000000082300000|  0%| F|  |TAMS 0x0000000082200000| PB 0x0000000082200000| Untracked 
|  11|0x0000000082300000, 0x0000000082300000, 0x0000000082400000|  0%| F|  |TAMS 0x0000000082300000| PB 0x0000000082300000| Untracked 
|  12|0x0000000082400000, 0x0000000082400000, 0x0000000082500000|  0%| F|  |TAMS 0x0000000082400000| PB 0x0000000082400000| Untracked 
|  13|0x0000000082500000, 0x0000000082500000, 0x0000000082600000|  0%| F|  |TAMS 0x0000000082500000| PB 0x0000000082500000| Untracked 
|  14|0x0000000082600000, 0x0000000082600000, 0x0000000082700000|  0%| F|  |TAMS 0x0000000082600000| PB 0x0000000082600000| Untracked 
|  15|0x0000000082700000, 0x0000000082700000, 0x0000000082800000|  0%| F|  |TAMS 0x0000000082700000| PB 0x0000000082700000| Untracked 
|  16|0x0000000082800000, 0x0000000082800000, 0x0000000082900000|  0%| F|  |TAMS 0x0000000082800000| PB 0x0000000082800000| Untracked 
|  17|0x0000000082900000, 0x0000000082900000, 0x0000000082a00000|  0%| F|  |TAMS 0x0000000082900000| PB 0x0000000082900000| Untracked 
|  18|0x0000000082a00000, 0x0000000082a00000, 0x0000000082b00000|  0%| F|  |TAMS 0x0000000082a00000| PB 0x0000000082a00000| Untracked 
|  19|0x0000000082b00000, 0x0000000082b00000, 0x0000000082c00000|  0%| F|  |TAMS 0x0000000082b00000| PB 0x0000000082b00000| Untracked 
|  20|0x0000000082c00000, 0x0000000082c00000, 0x0000000082d00000|  0%| F|  |TAMS 0x0000000082c00000| PB 0x0000000082c00000| Untracked 
|  21|0x0000000082d00000, 0x0000000082d00000, 0x0000000082e00000|  0%| F|  |TAMS 0x0000000082d00000| PB 0x0000000082d00000| Untracked 
|  22|0x0000000082e00000, 0x0000000082e00000, 0x0000000082f00000|  0%| F|  |TAMS 0x0000000082e00000| PB 0x0000000082e00000| Untracked 
|  23|0x0000000082f00000, 0x0000000082f00000, 0x0000000083000000|  0%| F|  |TAMS 0x0000000082f00000| PB 0x0000000082f00000| Untracked 
|  24|0x0000000083000000, 0x0000000083000000, 0x0000000083100000|  0%| F|  |TAMS 0x0000000083000000| PB 0x0000000083000000| Untracked 
|  25|0x0000000083100000, 0x0000000083100000, 0x0000000083200000|  0%| F|  |TAMS 0x0000000083100000| PB 0x0000000083100000| Untracked 
|  26|0x0000000083200000, 0x0000000083200000, 0x0000000083300000|  0%| F|  |TAMS 0x0000000083200000| PB 0x0000000083200000| Untracked 
|  27|0x0000000083300000, 0x0000000083300000, 0x0000000083400000|  0%| F|  |TAMS 0x0000000083300000| PB 0x0000000083300000| Untracked 
|  28|0x0000000083400000, 0x0000000083400000, 0x0000000083500000|  0%| F|  |TAMS 0x0000000083400000| PB 0x0000000083400000| Untracked 
|  29|0x0000000083500000, 0x0000000083500000, 0x0000000083600000|  0%| F|  |TAMS 0x0000000083500000| PB 0x0000000083500000| Untracked 
|  30|0x0000000083600000, 0x0000000083600000, 0x0000000083700000|  0%| F|  |TAMS 0x0000000083600000| PB 0x0000000083600000| Untracked 
|  31|0x0000000083700000, 0x0000000083700000, 0x0000000083800000|  0%| F|  |TAMS 0x0000000083700000| PB 0x0000000083700000| Untracked 
|  32|0x0000000083800000, 0x0000000083800000, 0x0000000083900000|  0%| F|  |TAMS 0x0000000083800000| PB 0x0000000083800000| Untracked 
|  33|0x0000000083900000, 0x0000000083900000, 0x0000000083a00000|  0%| F|  |TAMS 0x0000000083900000| PB 0x0000000083900000| Untracked 
|  34|0x0000000083a00000, 0x0000000083a00000, 0x0000000083b00000|  0%| F|  |TAMS 0x0000000083a00000| PB 0x0000000083a00000| Untracked 
|  35|0x0000000083b00000, 0x0000000083b00000, 0x0000000083c00000|  0%| F|  |TAMS 0x0000000083b00000| PB 0x0000000083b00000| Untracked 
|  36|0x0000000083c00000, 0x0000000083c00000, 0x0000000083d00000|  0%| F|  |TAMS 0x0000000083c00000| PB 0x0000000083c00000| Untracked 
|  37|0x0000000083d00000, 0x0000000083d00000, 0x0000000083e00000|  0%| F|  |TAMS 0x0000000083d00000| PB 0x0000000083d00000| Untracked 
|  38|0x0000000083e00000, 0x0000000083e00000, 0x0000000083f00000|  0%| F|  |TAMS 0x0000000083e00000| PB 0x0000000083e00000| Untracked 
|  39|0x0000000083f00000, 0x0000000083f00000, 0x0000000084000000|  0%| F|  |TAMS 0x0000000083f00000| PB 0x0000000083f00000| Untracked 
|  40|0x0000000084000000, 0x0000000084000000, 0x0000000084100000|  0%| F|  |TAMS 0x0000000084000000| PB 0x0000000084000000| Untracked 
|  41|0x0000000084100000, 0x0000000084100000, 0x0000000084200000|  0%| F|  |TAMS 0x0000000084100000| PB 0x0000000084100000| Untracked 
|  42|0x0000000084200000, 0x0000000084200000, 0x0000000084300000|  0%| F|  |TAMS 0x0000000084200000| PB 0x0000000084200000| Untracked 
|  43|0x0000000084300000, 0x0000000084300000, 0x0000000084400000|  0%| F|  |TAMS 0x0000000084300000| PB 0x0000000084300000| Untracked 
|  44|0x0000000084400000, 0x0000000084400000, 0x0000000084500000|  0%| F|  |TAMS 0x0000000084400000| PB 0x0000000084400000| Untracked 
|  45|0x0000000084500000, 0x0000000084500000, 0x0000000084600000|  0%| F|  |TAMS 0x0000000084500000| PB 0x0000000084500000| Untracked 
|  46|0x0000000084600000, 0x0000000084600000, 0x0000000084700000|  0%| F|  |TAMS 0x0000000084600000| PB 0x0000000084600000| Untracked 
|  47|0x0000000084700000, 0x0000000084700000, 0x0000000084800000|  0%| F|  |TAMS 0x0000000084700000| PB 0x0000000084700000| Untracked 
|  48|0x0000000084800000, 0x0000000084800000, 0x0000000084900000|  0%| F|  |TAMS 0x0000000084800000| PB 0x0000000084800000| Untracked 
|  49|0x0000000084900000, 0x0000000084900000, 0x0000000084a00000|  0%| F|  |TAMS 0x0000000084900000| PB 0x0000000084900000| Untracked 
|  50|0x0000000084a00000, 0x0000000084a00000, 0x0000000084b00000|  0%| F|  |TAMS 0x0000000084a00000| PB 0x0000000084a00000| Untracked 
|  51|0x0000000084b00000, 0x0000000084b00000, 0x0000000084c00000|  0%| F|  |TAMS 0x0000000084b00000| PB 0x0000000084b00000| Untracked 
|  52|0x0000000084c00000, 0x0000000084c00000, 0x0000000084d00000|  0%| F|  |TAMS 0x0000000084c00000| PB 0x0000000084c00000| Untracked 
|  53|0x0000000084d00000, 0x0000000084d00000, 0x0000000084e00000|  0%| F|  |TAMS 0x0000000084d00000| PB 0x0000000084d00000| Untracked 
|  54|0x0000000084e00000, 0x0000000084e00000, 0x0000000084f00000|  0%| F|  |TAMS 0x0000000084e00000| PB 0x0000000084e00000| Untracked 
|  55|0x0000000084f00000, 0x0000000084f00000, 0x0000000085000000|  0%| F|  |TAMS 0x0000000084f00000| PB 0x0000000084f00000| Untracked 
|  56|0x0000000085000000, 0x0000000085000000, 0x0000000085100000|  0%| F|  |TAMS 0x0000000085000000| PB 0x0000000085000000| Untracked 
|  57|0x0000000085100000, 0x0000000085100000, 0x0000000085200000|  0%| F|  |TAMS 0x0000000085100000| PB 0x0000000085100000| Untracked 
|  58|0x0000000085200000, 0x0000000085200000, 0x0000000085300000|  0%| F|  |TAMS 0x0000000085200000| PB 0x0000000085200000| Untracked 
|  59|0x0000000085300000, 0x0000000085300000, 0x0000000085400000|  0%| F|  |TAMS 0x0000000085300000| PB 0x0000000085300000| Untracked 
|  60|0x0000000085400000, 0x0000000085400000, 0x0000000085500000|  0%| F|  |TAMS 0x0000000085400000| PB 0x0000000085400000| Untracked 
|  61|0x0000000085500000, 0x0000000085500000, 0x0000000085600000|  0%| F|  |TAMS 0x0000000085500000| PB 0x0000000085500000| Untracked 
|  62|0x0000000085600000, 0x0000000085600000, 0x0000000085700000|  0%| F|  |TAMS 0x0000000085600000| PB 0x0000000085600000| Untracked 
|  63|0x0000000085700000, 0x0000000085700000, 0x0000000085800000|  0%| F|  |TAMS 0x0000000085700000| PB 0x0000000085700000| Untracked 
|  64|0x0000000085800000, 0x0000000085800000, 0x0000000085900000|  0%| F|  |TAMS 0x0000000085800000| PB 0x0000000085800000| Untracked 
|  65|0x0000000085900000, 0x0000000085900000, 0x0000000085a00000|  0%| F|  |TAMS 0x0000000085900000| PB 0x0000000085900000| Untracked 
|  66|0x0000000085a00000, 0x0000000085a00000, 0x0000000085b00000|  0%| F|  |TAMS 0x0000000085a00000| PB 0x0000000085a00000| Untracked 
|  67|0x0000000085b00000, 0x0000000085b00000, 0x0000000085c00000|  0%| F|  |TAMS 0x0000000085b00000| PB 0x0000000085b00000| Untracked 
|  68|0x0000000085c00000, 0x0000000085c00000, 0x0000000085d00000|  0%| F|  |TAMS 0x0000000085c00000| PB 0x0000000085c00000| Untracked 
|  69|0x0000000085d00000, 0x0000000085d00000, 0x0000000085e00000|  0%| F|  |TAMS 0x0000000085d00000| PB 0x0000000085d00000| Untracked 
|  70|0x0000000085e00000, 0x0000000085e00000, 0x0000000085f00000|  0%| F|  |TAMS 0x0000000085e00000| PB 0x0000000085e00000| Untracked 
|  71|0x0000000085f00000, 0x0000000085f00000, 0x0000000086000000|  0%| F|  |TAMS 0x0000000085f00000| PB 0x0000000085f00000| Untracked 
|  72|0x0000000086000000, 0x0000000086000000, 0x0000000086100000|  0%| F|  |TAMS 0x0000000086000000| PB 0x0000000086000000| Untracked 
|  73|0x0000000086100000, 0x0000000086100000, 0x0000000086200000|  0%| F|  |TAMS 0x0000000086100000| PB 0x0000000086100000| Untracked 
|  74|0x0000000086200000, 0x0000000086200000, 0x0000000086300000|  0%| F|  |TAMS 0x0000000086200000| PB 0x0000000086200000| Untracked 
|  75|0x0000000086300000, 0x0000000086300000, 0x0000000086400000|  0%| F|  |TAMS 0x0000000086300000| PB 0x0000000086300000| Untracked 
|  76|0x0000000086400000, 0x0000000086400000, 0x0000000086500000|  0%| F|  |TAMS 0x0000000086400000| PB 0x0000000086400000| Untracked 
|  77|0x0000000086500000, 0x0000000086500000, 0x0000000086600000|  0%| F|  |TAMS 0x0000000086500000| PB 0x0000000086500000| Untracked 
|  78|0x0000000086600000, 0x0000000086600000, 0x0000000086700000|  0%| F|  |TAMS 0x0000000086600000| PB 0x0000000086600000| Untracked 
|  79|0x0000000086700000, 0x0000000086700000, 0x0000000086800000|  0%| F|  |TAMS 0x0000000086700000| PB 0x0000000086700000| Untracked 
|  80|0x0000000086800000, 0x0000000086800000, 0x0000000086900000|  0%| F|  |TAMS 0x0000000086800000| PB 0x0000000086800000| Untracked 
|  81|0x0000000086900000, 0x0000000086900000, 0x0000000086a00000|  0%| F|  |TAMS 0x0000000086900000| PB 0x0000000086900000| Untracked 
|  82|0x0000000086a00000, 0x0000000086a00000, 0x0000000086b00000|  0%| F|  |TAMS 0x0000000086a00000| PB 0x0000000086a00000| Untracked 
|  83|0x0000000086b00000, 0x0000000086b00000, 0x0000000086c00000|  0%| F|  |TAMS 0x0000000086b00000| PB 0x0000000086b00000| Untracked 
|  84|0x0000000086c00000, 0x0000000086c00000, 0x0000000086d00000|  0%| F|  |TAMS 0x0000000086c00000| PB 0x0000000086c00000| Untracked 
|  85|0x0000000086d00000, 0x0000000086d00000, 0x0000000086e00000|  0%| F|  |TAMS 0x0000000086d00000| PB 0x0000000086d00000| Untracked 
|  86|0x0000000086e00000, 0x0000000086e00000, 0x0000000086f00000|  0%| F|  |TAMS 0x0000000086e00000| PB 0x0000000086e00000| Untracked 
|  87|0x0000000086f00000, 0x0000000086f00000, 0x0000000087000000|  0%| F|  |TAMS 0x0000000086f00000| PB 0x0000000086f00000| Untracked 
|  88|0x0000000087000000, 0x0000000087000000, 0x0000000087100000|  0%| F|  |TAMS 0x0000000087000000| PB 0x0000000087000000| Untracked 
|  89|0x0000000087100000, 0x0000000087100000, 0x0000000087200000|  0%| F|  |TAMS 0x0000000087100000| PB 0x0000000087100000| Untracked 
|  90|0x0000000087200000, 0x0000000087200000, 0x0000000087300000|  0%| F|  |TAMS 0x0000000087200000| PB 0x0000000087200000| Untracked 
|  91|0x0000000087300000, 0x0000000087300000, 0x0000000087400000|  0%| F|  |TAMS 0x0000000087300000| PB 0x0000000087300000| Untracked 
|  92|0x0000000087400000, 0x0000000087400000, 0x0000000087500000|  0%| F|  |TAMS 0x0000000087400000| PB 0x0000000087400000| Untracked 
|  93|0x0000000087500000, 0x0000000087500000, 0x0000000087600000|  0%| F|  |TAMS 0x0000000087500000| PB 0x0000000087500000| Untracked 
|  94|0x0000000087600000, 0x0000000087600000, 0x0000000087700000|  0%| F|  |TAMS 0x0000000087600000| PB 0x0000000087600000| Untracked 
|  95|0x0000000087700000, 0x0000000087700000, 0x0000000087800000|  0%| F|  |TAMS 0x0000000087700000| PB 0x0000000087700000| Untracked 
|  96|0x0000000087800000, 0x0000000087800000, 0x0000000087900000|  0%| F|  |TAMS 0x0000000087800000| PB 0x0000000087800000| Untracked 
|  97|0x0000000087900000, 0x0000000087900000, 0x0000000087a00000|  0%| F|  |TAMS 0x0000000087900000| PB 0x0000000087900000| Untracked 
|  98|0x0000000087a00000, 0x0000000087a00000, 0x0000000087b00000|  0%| F|  |TAMS 0x0000000087a00000| PB 0x0000000087a00000| Untracked 
|  99|0x0000000087b00000, 0x0000000087b00000, 0x0000000087c00000|  0%| F|  |TAMS 0x0000000087b00000| PB 0x0000000087b00000| Untracked 
| 100|0x0000000087c00000, 0x0000000087c00000, 0x0000000087d00000|  0%| F|  |TAMS 0x0000000087c00000| PB 0x0000000087c00000| Untracked 
| 101|0x0000000087d00000, 0x0000000087d00000, 0x0000000087e00000|  0%| F|  |TAMS 0x0000000087d00000| PB 0x0000000087d00000| Untracked 
| 102|0x0000000087e00000, 0x0000000087e00000, 0x0000000087f00000|  0%| F|  |TAMS 0x0000000087e00000| PB 0x0000000087e00000| Untracked 
| 103|0x0000000087f00000, 0x0000000087f00000, 0x0000000088000000|  0%| F|  |TAMS 0x0000000087f00000| PB 0x0000000087f00000| Untracked 
| 104|0x0000000088000000, 0x0000000088000000, 0x0000000088100000|  0%| F|  |TAMS 0x0000000088000000| PB 0x0000000088000000| Untracked 
| 105|0x0000000088100000, 0x0000000088100000, 0x0000000088200000|  0%| F|  |TAMS 0x0000000088100000| PB 0x0000000088100000| Untracked 
| 106|0x0000000088200000, 0x0000000088200000, 0x0000000088300000|  0%| F|  |TAMS 0x0000000088200000| PB 0x0000000088200000| Untracked 
| 107|0x0000000088300000, 0x0000000088396020, 0x0000000088400000| 58%| E|  |TAMS 0x0000000088300000| PB 0x0000000088300000| Complete 
| 108|0x0000000088400000, 0x0000000088500000, 0x0000000088500000|100%| E|  |TAMS 0x0000000088400000| PB 0x0000000088400000| Complete 
| 109|0x0000000088500000, 0x0000000088600000, 0x0000000088600000|100%| E|CS|TAMS 0x0000000088500000| PB 0x0000000088500000| Complete 
| 110|0x0000000088600000, 0x00000000886e3210, 0x0000000088700000| 88%| S|CS|TAMS 0x0000000088600000| PB 0x0000000088600000| Complete 
| 111|0x0000000088700000, 0x0000000088800000, 0x0000000088800000|100%| S|CS|TAMS 0x0000000088700000| PB 0x0000000088700000| Complete 
| 112|0x0000000088800000, 0x0000000088900000, 0x0000000088900000|100%| E|CS|TAMS 0x0000000088800000| PB 0x0000000088800000| Complete 
| 113|0x0000000088900000, 0x0000000088a00000, 0x0000000088a00000|100%| E|CS|TAMS 0x0000000088900000| PB 0x0000000088900000| Complete 
| 114|0x0000000088a00000, 0x0000000088b00000, 0x0000000088b00000|100%| E|CS|TAMS 0x0000000088a00000| PB 0x0000000088a00000| Complete 
| 115|0x0000000088b00000, 0x0000000088c00000, 0x0000000088c00000|100%| E|CS|TAMS 0x0000000088b00000| PB 0x0000000088b00000| Complete 
| 116|0x0000000088c00000, 0x0000000088d00000, 0x0000000088d00000|100%| E|CS|TAMS 0x0000000088c00000| PB 0x0000000088c00000| Complete 
| 117|0x0000000088d00000, 0x0000000088e00000, 0x0000000088e00000|100%| E|CS|TAMS 0x0000000088d00000| PB 0x0000000088d00000| Complete 
| 118|0x0000000088e00000, 0x0000000088f00000, 0x0000000088f00000|100%| E|CS|TAMS 0x0000000088e00000| PB 0x0000000088e00000| Complete 
| 119|0x0000000088f00000, 0x0000000089000000, 0x0000000089000000|100%| E|CS|TAMS 0x0000000088f00000| PB 0x0000000088f00000| Complete 
| 120|0x0000000089000000, 0x0000000089100000, 0x0000000089100000|100%| E|CS|TAMS 0x0000000089000000| PB 0x0000000089000000| Complete 
| 121|0x0000000089100000, 0x0000000089200000, 0x0000000089200000|100%| E|CS|TAMS 0x0000000089100000| PB 0x0000000089100000| Complete 
| 122|0x0000000089200000, 0x0000000089300000, 0x0000000089300000|100%| E|CS|TAMS 0x0000000089200000| PB 0x0000000089200000| Complete 
| 123|0x0000000089300000, 0x0000000089400000, 0x0000000089400000|100%| E|CS|TAMS 0x0000000089300000| PB 0x0000000089300000| Complete 
| 124|0x0000000089400000, 0x0000000089500000, 0x0000000089500000|100%| E|CS|TAMS 0x0000000089400000| PB 0x0000000089400000| Complete 
| 125|0x0000000089500000, 0x0000000089600000, 0x0000000089600000|100%| E|CS|TAMS 0x0000000089500000| PB 0x0000000089500000| Complete 
| 126|0x0000000089600000, 0x0000000089700000, 0x0000000089700000|100%| E|CS|TAMS 0x0000000089600000| PB 0x0000000089600000| Complete 
| 127|0x0000000089700000, 0x0000000089800000, 0x0000000089800000|100%| E|CS|TAMS 0x0000000089700000| PB 0x0000000089700000| Complete 

Card table byte_map: [0x000001f744d10000,0x000001f745110000] _byte_map_base: 0x000001f744904000

Marking Bits: (CMBitMap*) 0x000001f72d8b6290
 Bits: [0x000001f745510000, 0x000001f7474b0000)

Polling page: 0x000001f72b790000

Metaspace:

Usage:
  Non-class:     11.62 MB used.
      Class:      1.31 MB used.
       Both:     12.93 MB used.

Virtual space:
  Non-class space:       64.00 MB reserved,      11.75 MB ( 18%) committed,  1 nodes.
      Class space:        1.00 GB reserved,       1.38 MB ( <1%) committed,  1 nodes.
             Both:        1.06 GB reserved,      13.12 MB (  1%) committed. 

Chunk freelists:
   Non-Class:  3.86 MB
       Class:  2.50 MB
        Both:  6.36 MB

MaxMetaspaceSize: unlimited
CompressedClassSpaceSize: 1.00 GB
Initial GC threshold: 21.00 MB
Current GC threshold: 21.00 MB
CDS: on
MetaspaceReclaimPolicy: balanced
 - commit_granule_bytes: 65536.
 - commit_granule_words: 8192.
 - virtual_space_node_default_size: 8388608.
 - enlarge_chunks_in_place: 1.
 - new_chunks_are_fully_committed: 0.
 - uncommit_free_chunks: 1.
 - use_allocation_guard: 0.


Internal statistics:

num_allocs_failed_limit: 0.
num_arena_births: 178.
num_arena_deaths: 0.
num_vsnodes_births: 2.
num_vsnodes_deaths: 0.
num_space_committed: 210.
num_space_uncommitted: 0.
num_chunks_returned_to_freelist: 0.
num_chunks_taken_from_freelist: 383.
num_chunk_merges: 0.
num_chunk_splits: 222.
num_chunks_enlarged: 103.
num_inconsistent_stats: 0.

CodeHeap 'non-profiled nmethods': size=120000Kb used=670Kb max_used=670Kb free=119329Kb
 bounds [0x000001f73d3e0000, 0x000001f73d650000, 0x000001f744910000]
CodeHeap 'profiled nmethods': size=120000Kb used=3977Kb max_used=3977Kb free=116022Kb
 bounds [0x000001f735910000, 0x000001f735d00000, 0x000001f73ce40000]
CodeHeap 'non-nmethods': size=5760Kb used=2005Kb max_used=2022Kb free=3754Kb
 bounds [0x000001f73ce40000, 0x000001f73d0b0000, 0x000001f73d3e0000]
 total_blobs=3106 nmethods=2154 adapters=863
 compilation: enabled
              stopped_count=0, restarted_count=0
 full_count=0

Compilation events (20 events):
Event: 62.903 Thread 0x000001f74997e440 nmethod 2147 0x000001f735ceae90 code [0x000001f735ceb320, 0x000001f735ced4c8]
Event: 62.903 Thread 0x000001f74997e440 2148       3       sun.java2d.SunGraphics2D::getCompClip (19 bytes)
Event: 62.905 Thread 0x000001f74997e440 nmethod 2148 0x000001f735ceea10 code [0x000001f735ceeba0, 0x000001f735ceed48]
Event: 62.905 Thread 0x000001f74997e440 2149       3       sun.java2d.loops.CompositeType::equals (29 bytes)
Event: 62.905 Thread 0x000001f74997e440 nmethod 2149 0x000001f735ceee10 code [0x000001f735ceefc0, 0x000001f735cef388]
Event: 62.911 Thread 0x000001f749979b20 nmethod 2146 0x000001f73d487410 code [0x000001f73d487580, 0x000001f73d487848]
Event: 63.187 Thread 0x000001f74997e440 2150       3       java.awt.ComponentOrientation::isLeftToRight (15 bytes)
Event: 63.188 Thread 0x000001f74997e440 nmethod 2150 0x000001f735cef490 code [0x000001f735cef620, 0x000001f735cef790]
Event: 63.188 Thread 0x000001f74997e440 2151       3       sun.java2d.pipe.DrawImage::isSimpleTranslate (31 bytes)
Event: 63.189 Thread 0x000001f74997e440 nmethod 2151 0x000001f735cef810 code [0x000001f735cef9c0, 0x000001f735cefbf8]
Event: 63.189 Thread 0x000001f74997e440 2152       3       sun.java2d.SurfaceData::getSourceSurfaceData (110 bytes)
Event: 63.191 Thread 0x000001f74997e440 nmethod 2152 0x000001f735cefc90 code [0x000001f735cefea0, 0x000001f735cf0938]
Event: 63.556 Thread 0x000001f74997e440 2153  s    3       java.beans.ChangeListenerMap::get (25 bytes)
Event: 63.556 Thread 0x000001f74997e440 nmethod 2153 0x000001f735cf0d10 code [0x000001f735cf0ec0, 0x000001f735cf12b8]
Event: 63.556 Thread 0x000001f74997e440 2154       3       java.beans.PropertyChangeSupport::fire (39 bytes)
Event: 63.557 Thread 0x000001f74997e440 nmethod 2154 0x000001f735cf1390 code [0x000001f735cf1540, 0x000001f735cf1808]
Event: 63.563 Thread 0x000001f74997e440 2155   !   3       java.awt.Component::firePropertyChange (59 bytes)
Event: 63.564 Thread 0x000001f74997e440 nmethod 2155 0x000001f735cf1990 code [0x000001f735cf1b60, 0x000001f735cf20c0]
Event: 63.564 Thread 0x000001f74997e440 2156       3       javax.swing.ArrayTable::isArray (8 bytes)
Event: 63.565 Thread 0x000001f74997e440 nmethod 2156 0x000001f735cf2290 code [0x000001f735cf2420, 0x000001f735cf2630]

GC Heap History (4 events):
Event: 2.024 GC heap before
{Heap before GC invocations=0 (full 0):
 garbage-first heap   total 131072K, used 13312K [0x0000000081800000, 0x0000000100000000)
  region size 1024K, 13 young (13312K), 0 survivors (0K)
 Metaspace       used 7629K, committed 7872K, reserved 1114112K
  class space    used 827K, committed 960K, reserved 1048576K
}
Event: 2.038 GC heap after
{Heap after GC invocations=1 (full 0):
 garbage-first heap   total 131072K, used 3528K [0x0000000081800000, 0x0000000100000000)
  region size 1024K, 2 young (2048K), 2 survivors (2048K)
 Metaspace       used 7629K, committed 7872K, reserved 1114112K
  class space    used 827K, committed 960K, reserved 1048576K
}
Event: 3.062 GC heap before
{Heap before GC invocations=1 (full 0):
 garbage-first heap   total 131072K, used 17864K [0x0000000081800000, 0x0000000100000000)
  region size 1024K, 16 young (16384K), 2 survivors (2048K)
 Metaspace       used 11194K, committed 11392K, reserved 1114112K
  class space    used 1172K, committed 1280K, reserved 1048576K
}
Event: 3.072 GC heap after
{Heap after GC invocations=2 (full 0):
 garbage-first heap   total 131072K, used 5542K [0x0000000081800000, 0x0000000100000000)
  region size 1024K, 2 young (2048K), 2 survivors (2048K)
 Metaspace       used 11194K, committed 11392K, reserved 1114112K
  class space    used 1172K, committed 1280K, reserved 1048576K
}

Dll operation events (11 events):
Event: 0.024 Loaded shared library C:\Program Files\Java\jdk-20\bin\java.dll
Event: 0.065 Loaded shared library C:\Program Files\Java\jdk-20\bin\jsvml.dll
Event: 0.323 Loaded shared library C:\Program Files\Java\jdk-20\bin\net.dll
Event: 0.329 Loaded shared library C:\Program Files\Java\jdk-20\bin\nio.dll
Event: 0.406 Loaded shared library C:\Program Files\Java\jdk-20\bin\zip.dll
Event: 0.545 Loaded shared library C:\Program Files\Java\jdk-20\bin\jimage.dll
Event: 0.557 Loaded shared library C:\Program Files\Java\jdk-20\bin\awt.dll
Event: 1.294 Loaded shared library C:\Program Files\Java\jdk-20\bin\freetype.dll
Event: 1.296 Loaded shared library C:\Program Files\Java\jdk-20\bin\fontmanager.dll
Event: 2.906 Loaded shared library C:\Program Files\Java\jdk-20\bin\extnet.dll
Event: 53.682 Loaded shared library C:\Users\Elvis\Documents\NetBeansProjects\SofwareMatricula\opencv_java480.dll

Deoptimization events (20 events):
Event: 3.166 Thread 0x000001f74e1d3560 Uncommon trap: trap_request=0xffffff45 fr.pc=0x000001f73d43144c relative=0x00000000000000cc
Event: 3.166 Thread 0x000001f74e1d3560 Uncommon trap: reason=unstable_if action=reinterpret pc=0x000001f73d43144c method=java.util.concurrent.locks.ReentrantLock$Sync.tryRelease(I)Z @ 26 c2
Event: 3.166 Thread 0x000001f74e1d3560 DEOPT PACKING pc=0x000001f73d43144c sp=0x000000d5edafea20
Event: 3.166 Thread 0x000001f74e1d3560 DEOPT UNPACKING pc=0x000001f73cea9d22 sp=0x000000d5edafe9c0 mode 2
Event: 54.888 Thread 0x000001f74e1d3560 Uncommon trap: trap_request=0xffffffc6 fr.pc=0x000001f73d45ac14 relative=0x0000000000000094
Event: 54.888 Thread 0x000001f74e1d3560 Uncommon trap: reason=bimorphic_or_optimized_type_check action=maybe_recompile pc=0x000001f73d45ac14 method=java.lang.ref.Reference.refersTo(Ljava/lang/Object;)Z @ 2 c2
Event: 54.888 Thread 0x000001f74e1d3560 DEOPT PACKING pc=0x000001f73d45ac14 sp=0x000000d5edafdfa0
Event: 54.889 Thread 0x000001f74e1d3560 DEOPT UNPACKING pc=0x000001f73cea9d22 sp=0x000000d5edafdf38 mode 2
Event: 54.889 Thread 0x000001f74e1d3560 Uncommon trap: trap_request=0xffffffc6 fr.pc=0x000001f73d45ac14 relative=0x0000000000000094
Event: 54.889 Thread 0x000001f74e1d3560 Uncommon trap: reason=bimorphic_or_optimized_type_check action=maybe_recompile pc=0x000001f73d45ac14 method=java.lang.ref.Reference.refersTo(Ljava/lang/Object;)Z @ 2 c2
Event: 54.889 Thread 0x000001f74e1d3560 DEOPT PACKING pc=0x000001f73d45ac14 sp=0x000000d5edafdfa0
Event: 54.889 Thread 0x000001f74e1d3560 DEOPT UNPACKING pc=0x000001f73cea9d22 sp=0x000000d5edafdf38 mode 2
Event: 54.889 Thread 0x000001f74e1d3560 Uncommon trap: trap_request=0xffffffc6 fr.pc=0x000001f73d45ac14 relative=0x0000000000000094
Event: 54.889 Thread 0x000001f74e1d3560 Uncommon trap: reason=bimorphic_or_optimized_type_check action=maybe_recompile pc=0x000001f73d45ac14 method=java.lang.ref.Reference.refersTo(Ljava/lang/Object;)Z @ 2 c2
Event: 54.889 Thread 0x000001f74e1d3560 DEOPT PACKING pc=0x000001f73d45ac14 sp=0x000000d5edafe150
Event: 54.889 Thread 0x000001f74e1d3560 DEOPT UNPACKING pc=0x000001f73cea9d22 sp=0x000000d5edafe0e8 mode 2
Event: 54.890 Thread 0x000001f74e1d3560 Uncommon trap: trap_request=0xffffffc6 fr.pc=0x000001f73d45ac14 relative=0x0000000000000094
Event: 54.890 Thread 0x000001f74e1d3560 Uncommon trap: reason=bimorphic_or_optimized_type_check action=maybe_recompile pc=0x000001f73d45ac14 method=java.lang.ref.Reference.refersTo(Ljava/lang/Object;)Z @ 2 c2
Event: 54.890 Thread 0x000001f74e1d3560 DEOPT PACKING pc=0x000001f73d45ac14 sp=0x000000d5edafe1c0
Event: 54.890 Thread 0x000001f74e1d3560 DEOPT UNPACKING pc=0x000001f73cea9d22 sp=0x000000d5edafe158 mode 2

Classes loaded (20 events):
Event: 58.239 Loading class java/awt/image/ComponentSampleModel done
Event: 58.239 Loading class java/awt/image/PixelInterleavedSampleModel done
Event: 58.239 Loading class sun/awt/image/ByteInterleavedRaster
Event: 58.240 Loading class sun/awt/image/ByteComponentRaster
Event: 58.240 Loading class sun/awt/image/ByteComponentRaster done
Event: 58.240 Loading class sun/awt/image/ByteInterleavedRaster done
Event: 58.243 Loading class javax/swing/CellRendererPane
Event: 58.243 Loading class jdk/internal/event/ThreadSleepEvent
Event: 58.243 Loading class jdk/internal/event/Event
Event: 58.243 Loading class javax/swing/CellRendererPane done
Event: 58.243 Loading class jdk/internal/event/Event done
Event: 58.243 Loading class javax/swing/RepaintManager$3
Event: 58.244 Loading class jdk/internal/event/ThreadSleepEvent done
Event: 58.244 Loading class javax/swing/RepaintManager$3 done
Event: 63.555 Loading class java/awt/Window$1DisposeAction
Event: 63.555 Loading class java/awt/Window$1DisposeAction done
Event: 63.556 Loading class java/awt/KeyboardFocusManager$2
Event: 63.556 Loading class java/awt/KeyboardFocusManager$2 done
Event: 63.557 Loading class sun/awt/SunToolkit$1
Event: 63.557 Loading class sun/awt/SunToolkit$1 done

Classes unloaded (0 events):
No events

Classes redefined (0 events):
No events

Internal exceptions (20 events):
Event: 0.342 Thread 0x000001f72d856f60 Exception <a 'sun/nio/fs/WindowsException'{0x00000000896d12a8}> (0x00000000896d12a8) 
thrown [s\open\src\hotspot\share\prims\jni.cpp, line 519]
Event: 0.342 Thread 0x000001f72d856f60 Exception <a 'sun/nio/fs/WindowsException'{0x00000000896d1e40}> (0x00000000896d1e40) 
thrown [s\open\src\hotspot\share\prims\jni.cpp, line 519]
Event: 0.343 Thread 0x000001f72d856f60 Exception <a 'sun/nio/fs/WindowsException'{0x00000000896d2910}> (0x00000000896d2910) 
thrown [s\open\src\hotspot\share\prims\jni.cpp, line 519]
Event: 0.524 Thread 0x000001f72d856f60 Exception <a 'java/lang/ClassNotFoundException'{0x0000000089449f28}: sun/awt/resources/spi/awtProvider> (0x0000000089449f28) 
thrown [s\open\src\hotspot\share\classfile\systemDictionary.cpp, line 305]
Event: 0.597 Thread 0x000001f72d856f60 Exception <a 'java/io/FileNotFoundException'{0x00000000894a2848}> (0x00000000894a2848) 
thrown [s\open\src\hotspot\share\prims\jni.cpp, line 519]
Event: 0.625 Thread 0x000001f72d856f60 Exception <a 'java/io/FileNotFoundException'{0x00000000894ccc38}> (0x00000000894ccc38) 
thrown [s\open\src\hotspot\share\prims\jni.cpp, line 519]
Event: 0.845 Thread 0x000001f74e1d3560 Exception <a 'java/lang/NoSuchMethodError'{0x0000000089227850}: 'void java.lang.invoke.DirectMethodHandle$Holder.invokeSpecial(java.lang.Object, java.lang.Object, java.lang.Object)'> (0x0000000089227850) 
thrown [s\open\src\hotspot\share\interpreter\linkResolver.cpp, line 773]
Event: 0.863 Thread 0x000001f74e1d3560 Exception <a 'java/lang/NoSuchMethodError'{0x00000000892523c0}: 'java.lang.Object java.lang.invoke.DirectMethodHandle$Holder.newInvokeSpecial(java.lang.Object, java.lang.Object, java.lang.Object, java.lang.Object, java.lang.Object)'> (0x00000000892523c0) 
thrown [s\open\src\hotspot\share\interpreter\linkResolver.cpp, line 773]
Event: 0.876 Thread 0x000001f74e1d3560 Exception <a 'java/lang/NoSuchMethodError'{0x0000000089282c68}: 'java.lang.Object java.lang.invoke.DirectMethodHandle$Holder.invokeStatic(java.lang.Object, int, java.lang.Object)'> (0x0000000089282c68) 
thrown [s\open\src\hotspot\share\interpreter\linkResolver.cpp, line 773]
Event: 0.939 Thread 0x000001f74e1d3560 Exception <a 'java/lang/ClassNotFoundException'{0x000000008913e060}: com/sun/swing/internal/plaf/metal/resources/spi/metalProvider> (0x000000008913e060) 
thrown [s\open\src\hotspot\share\classfile\systemDictionary.cpp, line 305]
Event: 0.941 Thread 0x000001f74e1d3560 Exception <a 'java/lang/ClassNotFoundException'{0x0000000089141fc0}: com/sun/swing/internal/plaf/basic/resources/spi/basicProvider> (0x0000000089141fc0) 
thrown [s\open\src\hotspot\share\classfile\systemDictionary.cpp, line 305]
Event: 0.956 Thread 0x000001f74e1d3560 Exception <a 'java/lang/NoSuchMethodError'{0x0000000089160fd8}: 'int java.lang.invoke.Invokers$Holder.invokeExact_MT(java.lang.Object, java.lang.Object)'> (0x0000000089160fd8) 
thrown [s\open\src\hotspot\share\interpreter\linkResolver.cpp, line 773]
Event: 1.204 Thread 0x000001f74e2abef0 Exception <a 'java/lang/NoSuchMethodError'{0x0000000088f691a0}: 'java.lang.Object java.lang.invoke.DirectMethodHandle$Holder.newInvokeSpecial(java.lang.Object, java.lang.Object, java.lang.Object, int, int, int, int, int)'> (0x0000000088f691a0) 
thrown [s\open\src\hotspot\share\interpreter\linkResolver.cpp, line 773]
Event: 1.285 Thread 0x000001f74e1d3560 Exception <a 'java/lang/NoSuchMethodError'{0x00000000891c14e8}: 'void java.lang.invoke.DirectMethodHandle$Holder.invokeStaticInit(java.lang.Object)'> (0x00000000891c14e8) 
thrown [s\open\src\hotspot\share\interpreter\linkResolver.cpp, line 773]
Event: 2.504 Thread 0x000001f74e1becf0 Exception <a 'java/lang/NoSuchMethodError'{0x00000000890542f8}: 'void java.lang.invoke.DirectMethodHandle$Holder.invokeVirtual(java.lang.Object, java.lang.Object)'> (0x00000000890542f8) 
thrown [s\open\src\hotspot\share\interpreter\linkResolver.cpp, line 773]
Event: 2.537 Thread 0x000001f74e1d3560 Implicit null exception at 0x000001f73d436d8c to 0x000001f73d436e24
Event: 2.603 Thread 0x000001f74e1d3560 Exception <a 'java/lang/NoSuchMethodError'{0x0000000088f69ff8}: 'java.lang.Object java.lang.invoke.DirectMethodHandle$Holder.invokeInterface(java.lang.Object, java.lang.Object)'> (0x0000000088f69ff8) 
thrown [s\open\src\hotspot\share\interpreter\linkResolver.cpp, line 773]
Event: 2.667 Thread 0x000001f74e1d3560 Exception <a 'java/lang/NoSuchMethodError'{0x0000000088fe54c8}: 'void java.lang.invoke.DirectMethodHandle$Holder.invokeStatic(java.lang.Object, java.lang.Object, java.lang.Object)'> (0x0000000088fe54c8) 
thrown [s\open\src\hotspot\share\interpreter\linkResolver.cpp, line 773]
Event: 2.670 Thread 0x000001f74e1d3560 Exception <a 'java/lang/NoSuchMethodError'{0x0000000088feefd8}: 'java.lang.Object java.lang.invoke.DirectMethodHandle$Holder.invokeVirtual(java.lang.Object, java.lang.Object, java.lang.Object)'> (0x0000000088feefd8) 
thrown [s\open\src\hotspot\share\interpreter\linkResolver.cpp, line 773]
Event: 2.910 Thread 0x000001f74e1d3560 Exception <a 'java/lang/NoSuchMethodError'{0x0000000088cf7438}: 'void java.lang.invoke.DirectMethodHandle$Holder.invokeStatic(java.lang.Object, java.lang.Object)'> (0x0000000088cf7438) 
thrown [s\open\src\hotspot\share\interpreter\linkResolver.cpp, line 773]

VM Operations (20 events):
Event: 53.589 Executing VM operation: Cleanup done
Event: 54.603 Executing VM operation: Cleanup
Event: 54.603 Executing VM operation: Cleanup done
Event: 55.611 Executing VM operation: Cleanup
Event: 55.611 Executing VM operation: Cleanup done
Event: 56.616 Executing VM operation: Cleanup
Event: 56.617 Executing VM operation: Cleanup done
Event: 58.641 Executing VM operation: Cleanup
Event: 58.641 Executing VM operation: Cleanup done
Event: 59.642 Executing VM operation: Cleanup
Event: 59.642 Executing VM operation: Cleanup done
Event: 60.647 Executing VM operation: Cleanup
Event: 60.647 Executing VM operation: Cleanup done
Event: 61.653 Executing VM operation: Cleanup
Event: 61.653 Executing VM operation: Cleanup done
Event: 62.665 Executing VM operation: Cleanup
Event: 62.666 Executing VM operation: Cleanup done
Event: 63.675 Executing VM operation: Cleanup
Event: 63.675 Executing VM operation: Cleanup done
Event: 63.690 Executing VM operation: Exit

Events (20 events):
Event: 0.726 Thread 0x000001f74e1bc130 Thread added: 0x000001f74e1bc130
Event: 0.729 Thread 0x000001f74e1becf0 Thread added: 0x000001f74e1becf0
Event: 0.757 Thread 0x000001f74e1d3560 Thread added: 0x000001f74e1d3560
Event: 0.757 Thread 0x000001f72d856f60 Thread exited: 0x000001f72d856f60
Event: 0.758 Thread 0x000001f72d856f60 Thread added: 0x000001f72d856f60
Event: 1.027 Thread 0x000001f74e2abef0 Thread added: 0x000001f74e2abef0
Event: 1.098 Thread 0x000001f74e2dbe60 Thread added: 0x000001f74e2dbe60
Event: 1.469 Thread 0x000001f74e2dbe60 Thread exited: 0x000001f74e2dbe60
Event: 2.304 Thread 0x000001f74e44a1e0 Thread added: 0x000001f74e44a1e0
Event: 2.557 Thread 0x000001f74fa04360 Thread added: 0x000001f74fa04360
Event: 3.194 Thread 0x000001f74e44a1e0 Thread exited: 0x000001f74e44a1e0
Event: 3.263 Thread 0x000001f74fa03e10 Thread added: 0x000001f74fa03e10
Event: 6.254 Thread 0x000001f74e2abef0 Thread exited: 0x000001f74e2abef0
Event: 57.312 Thread 0x000001f74fa048b0 Thread added: 0x000001f74fa048b0
Event: 63.449 Thread 0x000001f74fa048b0 Thread exited: 0x000001f74fa048b0
Event: 63.566 Thread 0x000001f74fa02e20 Thread added: 0x000001f74fa02e20
Event: 63.566 Thread 0x000001f74fa03370 Thread added: 0x000001f74fa03370
Event: 63.581 Thread 0x000001f74fa02e20 Thread exited: 0x000001f74fa02e20
Event: 63.626 Thread 0x000001f74e1becf0 Thread exited: 0x000001f74e1becf0
Event: 63.689 Thread 0x000001f74fa03370 Thread exited: 0x000001f74fa03370


Dynamic libraries:
0x00007ff7cb7a0000 - 0x00007ff7cb7b0000 	C:\Program Files\Java\jdk-20\bin\java.exe
0x00007ffac2830000 - 0x00007ffac2a28000 	C:\Windows\SYSTEM32\ntdll.dll
0x00007ffa86260000 - 0x00007ffa86279000 	C:\Program Files\Avast Software\Avast\aswhook.dll
0x00007ffac2450000 - 0x00007ffac250d000 	C:\Windows\System32\KERNEL32.DLL
0x00007ffac0250000 - 0x00007ffac0546000 	C:\Windows\System32\KERNELBASE.dll
0x00007ffac0700000 - 0x00007ffac0800000 	C:\Windows\System32\ucrtbase.dll
0x00007ffabba00000 - 0x00007ffabba19000 	C:\Program Files\Java\jdk-20\bin\jli.dll
0x00007ffaac880000 - 0x00007ffaac89b000 	C:\Program Files\Java\jdk-20\bin\VCRUNTIME140.dll
0x00007ffac22e0000 - 0x00007ffac238f000 	C:\Windows\System32\ADVAPI32.dll
0x00007ffac1800000 - 0x00007ffac189e000 	C:\Windows\System32\msvcrt.dll
0x00007ffac08a0000 - 0x00007ffac093c000 	C:\Windows\System32\sechost.dll
0x00007ffac2580000 - 0x00007ffac26a6000 	C:\Windows\System32\RPCRT4.dll
0x00007ffac1090000 - 0x00007ffac122e000 	C:\Windows\System32\USER32.dll
0x00007ffac06a0000 - 0x00007ffac06c2000 	C:\Windows\System32\win32u.dll
0x00007ffac2710000 - 0x00007ffac273c000 	C:\Windows\System32\GDI32.dll
0x00007ffabff10000 - 0x00007ffac002a000 	C:\Windows\System32\gdi32full.dll
0x00007ffac0600000 - 0x00007ffac069d000 	C:\Windows\System32\msvcp_win.dll
0x00007ffaa6c00000 - 0x00007ffaa6e9a000 	C:\Windows\WinSxS\amd64_microsoft.windows.common-controls_6595b64144ccf1df_6.0.19041.3636_none_60b6a03d71f818d5\COMCTL32.dll
0x00007ffab60c0000 - 0x00007ffab60ca000 	C:\Windows\SYSTEM32\VERSION.dll
0x00007ffac2110000 - 0x00007ffac2140000 	C:\Windows\System32\IMM32.DLL
0x00007ffabbe00000 - 0x00007ffabbe0c000 	C:\Program Files\Java\jdk-20\bin\vcruntime140_1.dll
0x00007ffaa6ee0000 - 0x00007ffaa6f6e000 	C:\Program Files\Java\jdk-20\bin\msvcp140.dll
0x00007ffa63bb0000 - 0x00007ffa64847000 	C:\Program Files\Java\jdk-20\bin\server\jvm.dll
0x00007ffaac580000 - 0x00007ffaac5a7000 	C:\Windows\SYSTEM32\WINMM.dll
0x00007ffab1260000 - 0x00007ffab1269000 	C:\Windows\SYSTEM32\WSOCK32.dll
0x00007ffac2510000 - 0x00007ffac257b000 	C:\Windows\System32\WS2_32.dll
0x00007ffabddd0000 - 0x00007ffabdde2000 	C:\Windows\SYSTEM32\kernel.appcore.dll
0x00007ffab8a10000 - 0x00007ffab8a1a000 	C:\Program Files\Java\jdk-20\bin\jimage.dll
0x00007ffab5c90000 - 0x00007ffab5e74000 	C:\Windows\SYSTEM32\DBGHELP.DLL
0x00007ffab5c30000 - 0x00007ffab5c64000 	C:\Windows\SYSTEM32\dbgcore.DLL
0x00007ffac0800000 - 0x00007ffac0882000 	C:\Windows\System32\bcryptPrimitives.dll
0x00007ffaa7810000 - 0x00007ffaa7836000 	C:\Program Files\Java\jdk-20\bin\java.dll
0x00007ffaa7730000 - 0x00007ffaa7807000 	C:\Program Files\Java\jdk-20\bin\jsvml.dll
0x00007ffac0940000 - 0x00007ffac1084000 	C:\Windows\System32\SHELL32.dll
0x00007ffabdfd0000 - 0x00007ffabe76b000 	C:\Windows\SYSTEM32\windows.storage.dll
0x00007ffac12b0000 - 0x00007ffac1604000 	C:\Windows\System32\combase.dll
0x00007ffabf880000 - 0x00007ffabf8ad000 	C:\Windows\SYSTEM32\Wldp.dll
0x00007ffac2390000 - 0x00007ffac243d000 	C:\Windows\System32\SHCORE.dll
0x00007ffac26b0000 - 0x00007ffac2705000 	C:\Windows\System32\shlwapi.dll
0x00007ffabfe40000 - 0x00007ffabfe65000 	C:\Windows\SYSTEM32\profapi.dll
0x00007ffaabe30000 - 0x00007ffaabe43000 	C:\Program Files\Java\jdk-20\bin\net.dll
0x00007ffab5820000 - 0x00007ffab592a000 	C:\Windows\SYSTEM32\WINHTTP.dll
0x00007ffabf5e0000 - 0x00007ffabf64a000 	C:\Windows\system32\mswsock.dll
0x00007ffaa7890000 - 0x00007ffaa78a6000 	C:\Program Files\Java\jdk-20\bin\nio.dll
0x00007ffaa76b0000 - 0x00007ffaa76c8000 	C:\Program Files\Java\jdk-20\bin\zip.dll
0x00007ffaa7510000 - 0x00007ffaa76a1000 	C:\Program Files\Java\jdk-20\bin\awt.dll
0x00007ffac1730000 - 0x00007ffac17fd000 	C:\Windows\System32\OLEAUT32.dll
0x00007ffabd720000 - 0x00007ffabd7b0000 	C:\Windows\SYSTEM32\apphelp.dll
0x00007ffabd8e0000 - 0x00007ffabd97e000 	C:\Windows\system32\uxtheme.dll
0x00007ffac1610000 - 0x00007ffac1724000 	C:\Windows\System32\MSCTF.dll
0x00007ffac1930000 - 0x00007ffac1a5b000 	C:\Windows\System32\ole32.dll
0x00007ffabdae0000 - 0x00007ffabdb0f000 	C:\Windows\system32\DWMAPI.DLL
0x00007ffaac1c0000 - 0x00007ffaac2e5000 	C:\Windows\system32\opengl32.dll
0x00007ffab2a50000 - 0x00007ffab2a7c000 	C:\Windows\SYSTEM32\GLU32.dll
0x00007ffaa62b0000 - 0x00007ffaa6336000 	C:\Program Files\Java\jdk-20\bin\freetype.dll
0x00007ffaa61e0000 - 0x00007ffaa62a6000 	C:\Program Files\Java\jdk-20\bin\fontmanager.dll
0x00007ffac2740000 - 0x00007ffac27e9000 	C:\Windows\System32\clbcatq.dll
0x00007ffabb100000 - 0x00007ffabb2b4000 	C:\Windows\SYSTEM32\WindowsCodecs.dll
0x00007ffac06d0000 - 0x00007ffac06f7000 	C:\Windows\System32\bcrypt.dll
0x00007ffaa2570000 - 0x00007ffaa25ae000 	C:\Windows\system32\dataexchange.dll
0x00007ffabc3e0000 - 0x00007ffabc643000 	C:\Windows\system32\d3d11.dll
0x00007ffabcc10000 - 0x00007ffabcdf3000 	C:\Windows\system32\dcomp.dll
0x00007ffabe7d0000 - 0x00007ffabe8c3000 	C:\Windows\system32\dxgi.dll
0x00007ffabae40000 - 0x00007ffabb047000 	C:\Windows\system32\twinapi.appcore.dll
0x00007ffabf310000 - 0x00007ffabf3da000 	C:\Windows\SYSTEM32\DNSAPI.dll
0x00007ffabf2d0000 - 0x00007ffabf30b000 	C:\Windows\SYSTEM32\IPHLPAPI.DLL
0x00007ffac2440000 - 0x00007ffac2448000 	C:\Windows\System32\NSI.dll
0x00007ffab5430000 - 0x00007ffab543a000 	C:\Windows\System32\rasadhlp.dll
0x00007ffab5350000 - 0x00007ffab53d0000 	C:\Windows\System32\fwpuclnt.dll
0x00007ffab1010000 - 0x00007ffab1017000 	C:\Program Files\Java\jdk-20\bin\extnet.dll
0x00007ffaaa550000 - 0x00007ffaaa64a000 	C:\Windows\SYSTEM32\textinputframework.dll
0x00007ffabd4e0000 - 0x00007ffabd5d2000 	C:\Windows\System32\CoreMessaging.dll
0x00007ffabce00000 - 0x00007ffabd15b000 	C:\Windows\System32\CoreUIComponents.dll
0x00007ffabf030000 - 0x00007ffabf063000 	C:\Windows\SYSTEM32\ntmarta.dll
0x00007ffabbe20000 - 0x00007ffabbf75000 	C:\Windows\SYSTEM32\wintypes.dll
0x00007ffa4b650000 - 0x00007ffa4e773000 	C:\Users\Elvis\Documents\NetBeansProjects\SofwareMatricula\opencv_java480.dll
0x00007ffab99e0000 - 0x00007ffab9b9b000 	C:\Windows\SYSTEM32\MFPlat.DLL
0x00007ffa73a70000 - 0x00007ffa73af4000 	C:\Windows\SYSTEM32\MF.dll
0x00007ffa69980000 - 0x00007ffa69a8a000 	C:\Windows\SYSTEM32\MFReadWrite.dll
0x00007ffac0200000 - 0x00007ffac024e000 	C:\Windows\System32\cfgmgr32.dll
0x00007ffa53cc0000 - 0x00007ffa5414e000 	C:\Windows\SYSTEM32\MFCORE.DLL
0x00007ffac00a0000 - 0x00007ffac01fd000 	C:\Windows\System32\CRYPT32.dll
0x00007ffabfd70000 - 0x00007ffabfdbb000 	C:\Windows\SYSTEM32\powrprof.dll
0x00007ffaa3da0000 - 0x00007ffaa3da9000 	C:\Windows\SYSTEM32\ksuser.dll
0x00007ffabf7d0000 - 0x00007ffabf7dc000 	C:\Windows\SYSTEM32\CRYPTBASE.DLL
0x00007ffab9f20000 - 0x00007ffab9f54000 	C:\Windows\SYSTEM32\RTWorkQ.DLL
0x00007ffabfd50000 - 0x00007ffabfd62000 	C:\Windows\SYSTEM32\UMPDC.dll
0x00007ffab7e80000 - 0x00007ffab7ebb000 	C:\Windows\SYSTEM32\dxcore.dll
0x00007ffab9140000 - 0x00007ffab9177000 	C:\Windows\SYSTEM32\CompPkgSup.DLL
0x00007ffa68390000 - 0x00007ffa68ab6000 	C:\Windows\System32\Windows.Media.dll
0x00007ffab8720000 - 0x00007ffab8806000 	C:\Windows\System32\Windows.ApplicationModel.dll
0x00007ffab8610000 - 0x00007ffab8712000 	C:\Windows\System32\AppXDeploymentClient.dll
0x00007ffa8c2d0000 - 0x00007ffa8c33d000 	C:\Windows\System32\FrameServerClient.dll
0x00007ffa8c260000 - 0x00007ffa8c2c7000 	C:\Windows\System32\MFSENSORGROUP.dll
0x00007ffabb720000 - 0x00007ffabb72a000 	C:\Windows\SYSTEM32\AVRT.dll
0x00007ffabb9f0000 - 0x00007ffabb9fd000 	C:\Windows\System32\vidcap.ax
0x00007ffa8c230000 - 0x00007ffa8c257000 	C:\Windows\System32\kswdmcap.ax
0x00007ffa604f0000 - 0x00007ffa6065c000 	C:\Windows\System32\MFC42.dll
0x00007ffaa3730000 - 0x00007ffaa3876000 	C:\Windows\System32\Windows.StateRepositoryPS.dll
0x00007ffa5f520000 - 0x00007ffa5f605000 	C:\Program Files\Intel\Media SDK\mfx_mft_mjpgvd_64.dll
0x00007ffa65800000 - 0x00007ffa659cd000 	C:\Windows\SYSTEM32\d3d9.dll
0x00007ffa6a650000 - 0x00007ffa6a674000 	C:\Windows\SYSTEM32\dxva2.dll
0x00007ffabba80000 - 0x00007ffabbb76000 	C:\Windows\SYSTEM32\PROPSYS.dll
0x00007ffa60430000 - 0x00007ffa604ef000 	C:\Windows\SYSTEM32\EVR.dll
0x00007ffa90690000 - 0x00007ffa906ad000 	C:\Windows\System32\mfmjpegdec.dll
0x00007ffa73820000 - 0x00007ffa7394d000 	C:\Windows\System32\mfperfhelper.dll
0x00007ffa52f40000 - 0x00007ffa530a0000 	C:\Windows\System32\msvproc.dll
0x00007ffab6c90000 - 0x00007ffab70ef000 	C:\Windows\SYSTEM32\igdusc64.dll
0x00007ffa79870000 - 0x00007ffa79885000 	C:\Windows\SYSTEM32\OpenCL.dll
0x00007ffa60340000 - 0x00007ffa603a2000 	C:\Windows\SYSTEM32\IntelOpenCL64.dll
0x00007ffa535a0000 - 0x00007ffa5369d000 	C:\Program Files (x86)\Common Files\Intel\OpenCL\bin\x64\intelocl64.dll
0x00007ffa53520000 - 0x00007ffa53596000 	C:\Program Files (x86)\Common Files\Intel\OpenCL\bin\x64\task_executor64.dll
0x00007ffa53480000 - 0x00007ffa53515000 	C:\Program Files (x86)\Common Files\Intel\OpenCL\bin\x64\cpu_device64.dll
0x00007ffa53410000 - 0x00007ffa53479000 	C:\Program Files (x86)\Common Files\Intel\OpenCL\bin\x64\tbb\tbb.dll
0x00007ffa523f0000 - 0x00007ffa525e4000 	C:\Windows\SYSTEM32\igdrcl64.dll
0x00007ffa4a060000 - 0x00007ffa4b642000 	C:\Windows\SYSTEM32\igdfcl64.dll
0x00007ffa533b0000 - 0x00007ffa5340f000 	C:\Windows\SYSTEM32\igdbcl64.dll

dbghelp: loaded successfully - version: 4.0.5 - missing functions: none
symbol engine: initialized successfully - sym options: 0x614 - pdb path: .;C:\Program Files\Java\jdk-20\bin;C:\Windows\SYSTEM32;C:\Program Files\Avast Software\Avast;C:\Windows\WinSxS\amd64_microsoft.windows.common-controls_6595b64144ccf1df_6.0.19041.3636_none_60b6a03d71f818d5;C:\Program Files\Java\jdk-20\bin\server;C:\Users\Elvis\Documents\NetBeansProjects\SofwareMatricula;C:\Program Files\Intel\Media SDK;C:\Program Files (x86)\Common Files\Intel\OpenCL\bin\x64;C:\Program Files (x86)\Common Files\Intel\OpenCL\bin\x64\tbb

VM Arguments:
jvm_args: -Dfile.encoding=UTF-8 --module-path=C:\Users\Elvis\Documents\NetBeansProjects\SofwareMatricula\build\classes 
java_command: SoftwareAsistencia.SoftwareMatriculaAppliation
java_class_path (initial): C:\Program Files\NetBeans-15\netbeans\java\modules\ext\AbsoluteLayout.jar;C:\Users\Elvis\Desktop\Software Farmacia\JarFiles_ProyectFarmacia\JarFiles_ProyectFarmacia\Librerias\Librerias\AbsoluteLayout.jar;C:\Users\Elvis\Downloads\opencv\build\java\opencv-480.jar;C:\Users\Elvis\Downloads\mysql-connector-j-8.2.0\mysql-connector-j-8.2.0.jar;C:\Users\Elvis\Downloads\libs\artoolkitplus-2.3.1-1.3-linux-ppc64le.jar;C:\Users\Elvis\Downloads\libs\artoolkitplus-2.3.1-1.3-linux-x86.jar;C:\Users\Elvis\Downloads\libs\artoolkitplus-2.3.1-1.3-macosx-x86_64.jar;C:\Users\Elvis\Downloads\libs\artoolkitplus-2.3.1-1.3.jar;C:\Users\Elvis\Downloads\libs\bridj-0.7.0.jar;C:\Users\Elvis\Downloads\libs\flandmark-1.07-1.3-macosx-x86_64.jar;C:\Users\Elvis\Downloads\libs\flandmark-1.07-1.3-windows-x86_64.jar;C:\Users\Elvis\Downloads\libs\flycapture-2.9.3.43-1.3-linux-x86_64.jar;C:\Users\Elvis\Downloads\libs\flycapture-2.9.3.43-1.3-windows-x86.jar;C:\Users\Elvis\Downloads\libs\flycapture-2.9.3.43-1.3.jar;C:\Users\Elvis\Downloads\libs\javacv-1.3.3.jar;C:\Users\Elvis\Downloads\libs\javacv-platform-1.3.3.jar;C:\Users\Elvis\Downloads\libs\libdc1394-2.2.4-1.3-windows-x86.jar;C:\Users\Elvis\Downloads\libs\libdc1394-platform-2.2.4-1.3.jar;C:\Users\Elvis\Downloads\libs\libfreenect-0.5.3-1.3-windows-x86.jar;C:\Users\Elvis\Downloads\libs\libfreenect2-0.2.0-1.3.jar;C:\Users\Elvis\Downloads\libs\opencv-3.2.0-1.3-linux-armhf.jar;C:\Users\Elvis\Downloads\libs\opencv-3.2.0-1.3-linux-x86_64.jar;C:\Users\Elvis\Downloads\libs\opencv-3.2.0-1.3-macosx-x86_64.jar;C:\Users\Elvis\Downloads\libs\opencv-3.2.0-1.3-windows-x86_64.jar;C:\Users\Elvis\Downloads\libs\opencv-platform-3.2.0-1.3.jar;C:\Users\Elvis\Downloads\libs\slf4j-api-1.7.2.jar;C:\Users\Elvis\Downloads\libs\v4l4j-0.9.1-r507.jar;C:\Users\Elvis\Downloads\libs\webcam-capture-0.3.12.jar;C:\Users\Elvis\Documents\NetBeansProjects\SofwareMatricula\build\classes
Launcher Type: SUN_STANDARD

[Global flags]
     intx CICompilerCount                          = 3                                         {product} {ergonomic}
     uint ConcGCThreads                            = 1                                         {product} {ergonomic}
     uint G1ConcRefinementThreads                  = 4                                         {product} {ergonomic}
   size_t G1HeapRegionSize                         = 1048576                                   {product} {ergonomic}
    uintx GCDrainStackTargetSize                   = 64                                        {product} {ergonomic}
   size_t InitialHeapSize                          = 134217728                                 {product} {ergonomic}
   size_t MarkStackSize                            = 4194304                                   {product} {ergonomic}
   size_t MaxHeapSize                              = 2122317824                                {product} {ergonomic}
   size_t MaxNewSize                               = 1272971264                                {product} {ergonomic}
   size_t MinHeapDeltaBytes                        = 1048576                                   {product} {ergonomic}
   size_t MinHeapSize                              = 8388608                                   {product} {ergonomic}
    uintx NonNMethodCodeHeapSize                   = 5832780                                {pd product} {ergonomic}
    uintx NonProfiledCodeHeapSize                  = 122912730                              {pd product} {ergonomic}
    uintx ProfiledCodeHeapSize                     = 122912730                              {pd product} {ergonomic}
    uintx ReservedCodeCacheSize                    = 251658240                              {pd product} {ergonomic}
     bool SegmentedCodeCache                       = true                                      {product} {ergonomic}
   size_t SoftMaxHeapSize                          = 2122317824                             {manageable} {ergonomic}
     bool UseCompressedClassPointers               = true                           {product lp64_product} {ergonomic}
     bool UseCompressedOops                        = true                           {product lp64_product} {ergonomic}
     bool UseG1GC                                  = true                                      {product} {ergonomic}
     bool UseLargePagesIndividualAllocation        = false                                  {pd product} {ergonomic}

Logging:
Log output configuration:
 #0: stdout all=off uptime,level,tags foldmultilines=false
 #1: stderr all=off uptime,level,tags foldmultilines=false

Environment Variables:
PATH=C:\Program Files (x86)\VMware\VMware Workstation\bin\;C:\Program Files\Microsoft MPI\Bin\;C:\Program Files\Common Files\Oracle\Java\javapath;C:\Program Files (x86)\Common Files\Oracle\Java\javapath;C:\Windows\system32;C:\Windows;C:\Windows\System32\Wbem;C:\Windows\System32\WindowsPowerShell\v1.0\;C:\Windows\System32\OpenSSH\;C:\Program Files\Git\cmd;C:\Program Files (x86)\Microsoft SQL Server\160\Tools\Binn\;C:\Program Files\Microsoft SQL Server\160\Tools\Binn\;C:\Program Files\Microsoft SQL Server\Client SDK\ODBC\170\Tools\Binn\;C:\Program Files\Microsoft SQL Server\160\DTS\Binn\;C:\Program Files (x86)\Microsoft SQL Server\160\DTS\Binn\;C:\Program Files\Azure Data Studio\bin;C:\ProgramData\chocolatey\bin;C:\Python\Python312\Scripts\;C:\Python\Python312\;C:\Users\Elvis\AppData\Local\Microsoft\WindowsApps;;C:\Users\Elvis\AppData\Local\Programs\Microsoft VS Code\bin;C:\Program Files\Azure Data Studio\bin;C:\Program Files\Azure Data Studio\bin;C:\Program Files\Azure Data Studio\bin
USERNAME=Elvis
OS=Windows_NT
PROCESSOR_IDENTIFIER=Intel64 Family 6 Model 58 Stepping 9, GenuineIntel
TMP=C:\Users\Elvis\AppData\Local\Temp
TEMP=C:\Users\Elvis\AppData\Local\Temp




---------------  S Y S T E M  ---------------

OS:
 Windows 10 , 64 bit Build 19041 (10.0.19041.3636)
OS uptime: 0 days 2:11 hours

CPU: total 4 (initial active 4) (2 cores per cpu, 2 threads per core) family 6 model 58 stepping 9 microcode 0x21, cx8, cmov, fxsr, ht, mmx, sse, sse2, sse3, ssse3, sse4.1, sse4.2, popcnt, tsc, tscinvbit, avx, aes, erms, clmul, vzeroupper, clflush, rdtscp, f16c

Memory: 4k page, system-wide physical 8095M (2969M free)
TotalPageFile size 10655M (AvailPageFile size 5135M)
current process WorkingSet (physical memory assigned to process): 136M, peak: 155M
current process commit charge ("private bytes"): 258M, peak: 281M

vm_info: Java HotSpot(TM) 64-Bit Server VM (20+36-2344) for windows-amd64 JRE (20+36-2344), built on 2023-02-10T19:30:15Z by "mach5one" with MS VC++ 17.1 (VS2022)

END.
