#
# A fatal error has been detected by the Java Runtime Environment:
#
#  EXCEPTION_ACCESS_VIOLATION (0xc0000005) at pc=0x00007fffc583faad, pid=1956, tid=6688
#
# JRE version: Java(TM) SE Runtime Environment (20.0+36) (build 20+36-2344)
# Java VM: Java HotSpot(TM) 64-Bit Server VM (20+36-2344, mixed mode, sharing, tiered, compressed oops, compressed class ptrs, g1 gc, windows-amd64)
# Problematic frame:
# C  [ntdll.dll+0x2faad]
#
# No core dump will be written. Minidumps are not enabled by default on client versions of Windows
#
# If you would like to submit a bug report, please visit:
#   https://bugreport.java.com/bugreport/crash.jsp
#

---------------  S U M M A R Y ------------

Command Line: -Dfile.encoding=UTF-8 --module-path=C:\Users\Elvis\Documents\NetBeansProjects\SofwareMatricula\build\classes SofwareAsistencia.controler.metodos.FaceRecognitionWithSave

Host: Intel(R) Core(TM) i5-3337U CPU @ 1.80GHz, 4 cores, 7G,  Windows 10 , 64 bit Build 19041 (10.0.19041.3636)
Time: Sat Nov 18 16:26:27 2023 Hora est. Pacífico, Sudamérica elapsed time: 7.488189 seconds (0d 0h 0m 7s)

---------------  T H R E A D  ---------------

Current thread (0x0000027eff19ca10):  VMThread "VM Thread" [stack: 0x000000d46c000000,0x000000d46c100000] [id=6688]

Stack: [0x000000d46c000000,0x000000d46c100000],  sp=0x000000d46c0fed80,  free space=1019k
Native frames: (J=compiled Java code, j=interpreted, Vv=VM code, C=native code)
C  [ntdll.dll+0x2faad]
C  [igdrcl64.dll+0x36542]


siginfo: EXCEPTION_ACCESS_VIOLATION (0xc0000005), writing address 0x0000000000000018


Registers:
RAX=0x000000d46b441000, RBX=0x0000000000000000, RCX=0x0000000000000010, RDX=0x0000027e86662020
RSP=0x000000d46c0fed80, RBP=0x0000027e861a4ed0, RSI=0x0000000000000010, RDI=0x0000027e86662020
R8 =0x0000000000000032, R9 =0x0000000000000032, R10=0x0000000000000032, R11=0x000000d46c0fedc0
R12=0x00007fff529b623c, R13=0x00007fff4c8dea90, R14=0x0000e3b60627f340, R15=0x0000027e861a47a0
RIP=0x00007fffc583faad, EFLAGS=0x0000000000010202


Register to memory mapping:

RIP=0x00007fffc583faad ntdll.dll
RAX=0x000000d46b441000 points into unknown readable memory: 0x0000000000000000 | 00 00 00 00 00 00 00 00
RBX=0x0 is NULL
RCX=0x0000000000000010 is an unknown value
RDX=0x0000027e86662020 points into unknown readable memory: 0x00007fff8180ffa0 | a0 ff 80 81 ff 7f 00 00
RSP=0x000000d46c0fed80 points into unknown readable memory: 0x00000000000011b6 | b6 11 00 00 00 00 00 00
RBP=0x0000027e861a4ed0 points into unknown readable memory: 0x0000e3b60627f340 | 40 f3 27 06 b6 e3 00 00
RSI=0x0000000000000010 is an unknown value
RDI=0x0000027e86662020 points into unknown readable memory: 0x00007fff8180ffa0 | a0 ff 80 81 ff 7f 00 00
R8 =0x0000000000000032 is an unknown value
R9 =0x0000000000000032 is an unknown value
R10=0x0000000000000032 is an unknown value
R11=0x000000d46c0fedc0 points into unknown readable memory: 0x0000e3b60627f340 | 40 f3 27 06 b6 e3 00 00
R12=0x00007fff529b623c opencv_java480.dll
R13=0x00007fff4c8dea90 jvm.dll
R14=0x0000e3b60627f340 is an unknown value
R15=0x0000027e861a47a0 points into unknown readable memory: 0x00009c4954bcaf20 | 20 af bc 54 49 9c 00 00


Top of Stack: (sp=0x000000d46c0fed80)
0x000000d46c0fed80:   00000000000011b6 0000027e861a6f00
0x000000d46c0fed90:   00000000000003ff 000000000000112d
0x000000d46c0feda0:   00007fffbace3a6b 00007fff81666542
0x000000d46c0fedb0:   0000e3626a281f20 0000000000000000
0x000000d46c0fedc0:   0000e3b60627f340 0000027e88dc3c60
0x000000d46c0fedd0:   0000027e865c5660 00007fff81661145
0x000000d46c0fede0:   0000000100000010 0000027e86662020
0x000000d46c0fedf0:   000000d46c0fef70 0000000000000000
0x000000d46c0fee00:   0000027e88dc3c60 00007fff51cbc109
0x000000d46c0fee10:   0000027e865c50c0 00000000000003ff
0x000000d46c0fee20:   0000000000000000 0000027e861a6fb0
0x000000d46c0fee30:   0000000000000000 0000000000000000
0x000000d46c0fee40:   0000027e865c50c0 0000000000000000
0x000000d46c0fee50:   0000027ee2fb0320 000000000000000e
0x000000d46c0fee60:   0000000000000000 0000e3626a281d50
0x000000d46c0fee70:   0000027e88dc3c60 00007fff51ca4061
0x000000d46c0fee80:   0000000000000000 0000027e88dc3c50
0x000000d46c0fee90:   0000000000000000 000000001f01001e
0x000000d46c0feea0:   00000000ffffffff 00007fff52ae8ac0
0x000000d46c0feeb0:   0000027e88dc3c60 0000027e88dc3c50
0x000000d46c0feec0:   000000d46c0ff078 0000027e10000010
0x000000d46c0feed0:   0000027e861a4ec0 00007fff52a0442f
0x000000d46c0feee0:   0000027e861a47a0 00007fffc5810000
0x000000d46c0feef0:   0000000000000001 0000027e861b8280
0x000000d46c0fef00:   0000000000000001 00007fff505b0000
0x000000d46c0fef10:   000000d46c0fef70 00007fff52a041dd
0x000000d46c0fef20:   000000d46c0fefa0 000000d46c0ff040
0x000000d46c0fef30:   0000000000000001 0000027ee2fb0000
0x000000d46c0fef40:   000000d46c0ff020 00007fff52a04501
0x000000d46c0fef50:   000000d46c0ff020 0000000000000006
0x000000d46c0fef60:   0000000000000000 000000d46c0fefa0
0x000000d46c0fef70:   000000d46c0fef90 00007fffb9ea5bc8 

Instructions: (pc=0x00007fffc583faad)
0x00007fffc583f9ad:   48 b8 7f 7f 7f 7f 7f 7f 7f 7f 41 8b c8 48 0b cb
0x00007fffc583f9bd:   48 23 c8 83 e6 1f 49 89 8c f4 40 a5 16 00 48 81
0x00007fffc583f9cd:   c4 98 00 00 00 41 5f 41 5e 41 5d 41 5c 5f 5e 5b
0x00007fffc583f9dd:   5d c3 cc 33 d2 41 8b c6 41 f7 f0 44 8b c8 e9 d6
0x00007fffc583f9ed:   fc ff ff 41 8d 57 ff 41 85 d7 0f 84 13 38 08 00
0x00007fffc583f9fd:   41 b8 00 10 00 00 41 b9 ff ff 00 00 e9 3c 38 08
0x00007fffc583fa0d:   00 cc cc cc cc cc cc 48 8b c4 48 89 58 08 48 89
0x00007fffc583fa1d:   68 10 48 89 70 18 48 89 78 20 41 56 48 83 ec 20
0x00007fffc583fa2d:   40 8a ea 4c 8d 35 99 d1 13 00 48 8b f1 33 db 48
0x00007fffc583fa3d:   8d 0d 9d d1 13 00 e8 58 00 00 00 4c 8b 05 81 d1
0x00007fffc583fa4d:   13 00 4d 3b c6 0f 85 08 3b 08 00 48 85 db 75 33
0x00007fffc583fa5d:   48 8d 0d 7c d1 13 00 e8 c7 f7 ff ff 48 85 db 0f
0x00007fffc583fa6d:   85 23 3b 08 00 33 c0 48 8b 5c 24 30 48 8b 6c 24
0x00007fffc583fa7d:   38 48 8b 74 24 40 48 8b 7c 24 48 48 83 c4 20 41
0x00007fffc583fa8d:   5e c3 cc f0 ff 43 3c eb c7 cc cc cc cc cc cc cc
0x00007fffc583fa9d:   cc cc cc 48 83 ec 28 65 48 8b 04 25 30 00 00 00
0x00007fffc583faad:   f0 0f ba 71 08 00 48 8b 40 48 73 13 48 89 41 10
0x00007fffc583fabd:   33 c0 c7 41 0c 01 00 00 00 48 83 c4 28 c3 cc 48
0x00007fffc583facd:   39 41 10 75 0b ff 41 0c 33 c0 48 83 c4 28 c3 cc
0x00007fffc583fadd:   e8 0e 00 00 00 eb e2 cc cc cc cc cc cc cc cc cc
0x00007fffc583faed:   cc cc cc 48 89 5c 24 18 55 56 57 41 54 41 55 41
0x00007fffc583fafd:   56 41 57 48 83 ec 20 8b 41 20 48 8b f1 48 0f ba
0x00007fffc583fb0d:   e0 1a 0f 82 df 01 00 00 33 ff 40 32 ed 66 83 3c
0x00007fffc583fb1d:   25 6a 03 fe 7f 01 76 19 48 8b 7e 20 48 8b c7 81
0x00007fffc583fb2d:   e7 ff ff ff 00 25 00 00 00 02 48 85 c0 40 0f 95
0x00007fffc583fb3d:   c5 45 32 ff b0 01 45 32 e4 41 bd 01 00 00 00 45
0x00007fffc583fb4d:   33 c0 ba 6a 03 fe 7f 84 c0 0f 84 14 01 00 00 8b
0x00007fffc583fb5d:   46 08 4c 8d 4e 08 45 84 e4 41 be 03 00 00 00 45
0x00007fffc583fb6d:   0f 44 f5 41 84 c5 0f 85 e2 00 00 00 8d 0c bf 03
0x00007fffc583fb7d:   c9 66 44 39 2a 0f 86 e8 00 00 00 4d 85 c9 74 0e
0x00007fffc583fb8d:   80 3c 25 97 02 fe 7f 00 0f 85 29 3a 08 00 0f b7
0x00007fffc583fb9d:   1c 25 d6 02 fe 7f 83 fb 0c 0f 85 a2 00 00 00 b8 


Stack slot to memory mapping:
stack at sp + 0 slots: 0x00000000000011b6 is an unknown value
stack at sp + 1 slots: 0x0000027e861a6f00 points into unknown readable memory: 0x0000000000000000 | 00 00 00 00 00 00 00 00
stack at sp + 2 slots: 0x00000000000003ff is an unknown value
stack at sp + 3 slots: 0x000000000000112d is an unknown value
stack at sp + 4 slots: 0x00007fffbace3a6b dxcore.dll
stack at sp + 5 slots: 0x00007fff81666542 igdrcl64.dll
stack at sp + 6 slots: 0x0000e3626a281f20 is an unknown value
stack at sp + 7 slots: 0x0 is NULL

VM_Operation (0x000000d46cffe820): Exit, mode: safepoint, requested by thread 0x0000027eff40a530


---------------  P R O C E S S  ---------------

Threads class SMR info:
_java_thread_list=0x0000027e865c62c0, length=14, elements={
0x0000027eff1b9110, 0x0000027eff1b9bf0, 0x0000027eff1bcf70, 0x0000027eff1c04e0,
0x0000027eff1c0bd0, 0x0000027eff1cc360, 0x0000027eff1d2000, 0x0000027eff1da5a0,
0x0000027eff407ab0, 0x0000027eff408ff0, 0x0000027eff409540, 0x0000027eff409a90,
0x0000027eff40a530, 0x0000027eff408550
}

Java Threads: ( => current thread )
  0x0000027eff1b9110 JavaThread "Reference Handler" daemon [_thread_blocked, id=4872, stack(0x000000d46c100000,0x000000d46c200000)]
  0x0000027eff1b9bf0 JavaThread "Finalizer" daemon [_thread_blocked, id=8236, stack(0x000000d46c200000,0x000000d46c300000)]
  0x0000027eff1bcf70 JavaThread "Signal Dispatcher" daemon [_thread_blocked, id=7432, stack(0x000000d46c300000,0x000000d46c400000)]
  0x0000027eff1c04e0 JavaThread "Attach Listener" daemon [_thread_blocked, id=8648, stack(0x000000d46c400000,0x000000d46c500000)]
  0x0000027eff1c0bd0 JavaThread "Service Thread" daemon [_thread_blocked, id=4064, stack(0x000000d46c500000,0x000000d46c600000)]
  0x0000027eff1cc360 JavaThread "Monitor Deflation Thread" daemon [_thread_blocked, id=11756, stack(0x000000d46c600000,0x000000d46c700000)]
  0x0000027eff1d2000 JavaThread "C2 CompilerThread0" daemon [_thread_blocked, id=12268, stack(0x000000d46c700000,0x000000d46c800000)]
  0x0000027eff1da5a0 JavaThread "C1 CompilerThread0" daemon [_thread_blocked, id=1276, stack(0x000000d46c800000,0x000000d46c900000)]
  0x0000027eff407ab0 JavaThread "Common-Cleaner" daemon [_thread_blocked, id=8624, stack(0x000000d46c900000,0x000000d46ca00000)]
  0x0000027eff408ff0 JavaThread "Notification Thread" daemon [_thread_blocked, id=9440, stack(0x000000d46ca00000,0x000000d46cb00000)]
  0x0000027eff409540 JavaThread "Java2D Disposer" daemon [_thread_blocked, id=1900, stack(0x000000d46cc00000,0x000000d46cd00000)]
  0x0000027eff409a90 JavaThread "AWT-Shutdown" [_thread_blocked, id=10300, stack(0x000000d46cd00000,0x000000d46ce00000)]
  0x0000027eff40a530 JavaThread "AWT-EventQueue-0" [_thread_blocked, id=12104, stack(0x000000d46cf00000,0x000000d46d000000)]
  0x0000027eff408550 JavaThread "DestroyJavaVM" [_thread_blocked, id=1716, stack(0x000000d46ba00000,0x000000d46bb00000)]

Other Threads:
=>0x0000027eff19ca10 VMThread "VM Thread" [stack: 0x000000d46c000000,0x000000d46c100000] [id=6688]
  0x0000027ee31634e0 WorkerThread "GC Thread#0" [stack: 0x000000d46bb00000,0x000000d46bc00000] [id=8560]
  0x0000027e88f2d880 WorkerThread "GC Thread#1" [stack: 0x000000d46e200000,0x000000d46e300000] [id=7556]
  0x0000027e88f2db50 WorkerThread "GC Thread#2" [stack: 0x000000d46e300000,0x000000d46e400000] [id=9580]
  0x0000027e88f2e0f0 WorkerThread "GC Thread#3" [stack: 0x000000d46e400000,0x000000d46e500000] [id=8716]
  0x0000027ee3174360 ConcurrentGCThread "G1 Main Marker" terminated
  0x0000027ee3176540 WorkerThread "G1 Conc#0" [stack: 0x000000d46bd00000,0x000000d46be00000] [id=2020]
  0x0000027ee31ce8d0 ConcurrentGCThread "G1 Refine#0" terminated
  0x0000027eff04d110 ConcurrentGCThread "G1 Service" terminated

Threads with active compile tasks:

VM state: at safepoint (shutting down)

VM Mutex/Monitor currently owned by a thread:  ([mutex/lock_event])
[0x0000027ee30ffed0] Threads_lock - owner thread: 0x0000027eff19ca10
[0x0000027ee3100620] Heap_lock - owner thread: 0x0000027eff40a530

Heap address: 0x0000000081800000, size: 2024 MB, Compressed Oops mode: 32-bit

CDS archive(s) mapped at: [0x0000000800000000-0x0000000800c60000-0x0000000800c60000), size 12976128, SharedBaseAddress: 0x0000000800000000, ArchiveRelocationMode: 0.
Compressed class space mapped at: 0x0000000801000000-0x0000000841000000, reserved size: 1073741824
Narrow klass base: 0x0000000800000000, Narrow klass shift: 0, Narrow klass range: 0x100000000

GC Precious Log:
 CardTable entry size: 512
 Card Set container configuration: InlinePtr #cards 5 size 8 Array Of Cards #cards 12 size 40 Howl #buckets 4 coarsen threshold 1843 Howl Bitmap #cards 512 size 80 coarsen threshold 460 Card regions per heap region 1 cards per card region 2048
 CPUs: 4 total, 4 available
 Memory: 8095M
 Large Page Support: Disabled
 NUMA Support: Disabled
 Compressed Oops: Enabled (32-bit)
 Heap Region Size: 1M
 Heap Min Capacity: 8M
 Heap Initial Capacity: 128M
 Heap Max Capacity: 2024M
 Pre-touch: Disabled
 Parallel Workers: 4
 Concurrent Workers: 1
 Concurrent Refinement Workers: 4
 Periodic GC: Disabled

Heap:
 garbage-first heap   total 131072K, used 6385K [0x0000000081800000, 0x0000000100000000)
  region size 1024K, 3 young (3072K), 1 survivors (1024K)
 Metaspace       used 7373K, committed 7616K, reserved 1114112K
  class space    used 763K, committed 896K, reserved 1048576K

Heap Regions: E=young(eden), S=young(survivor), O=old, HS=humongous(starts), HC=humongous(continues), CS=collection set, F=free, OA=open archive, CA=closed archive, TAMS=top-at-mark-start, PB=parsable bottom
|   0|0x0000000081800000, 0x0000000081900000, 0x0000000081900000|100%|HS|  |TAMS 0x0000000081800000| PB 0x0000000081800000| Complete 
|   1|0x0000000081900000, 0x0000000081a00000, 0x0000000081a00000|100%|HC|  |TAMS 0x0000000081900000| PB 0x0000000081900000| Complete 
|   2|0x0000000081a00000, 0x0000000081b00000, 0x0000000081b00000|100%| O|  |TAMS 0x0000000081a00000| PB 0x0000000081a00000| Untracked 
|   3|0x0000000081b00000, 0x0000000081c00000, 0x0000000081c00000|100%| O|  |TAMS 0x0000000081b00000| PB 0x0000000081b00000| Untracked 
|   4|0x0000000081c00000, 0x0000000081c67800, 0x0000000081d00000| 40%| O|  |TAMS 0x0000000081c00000| PB 0x0000000081c00000| Untracked 
|   5|0x0000000081d00000, 0x0000000081d00000, 0x0000000081e00000|  0%| F|  |TAMS 0x0000000081d00000| PB 0x0000000081d00000| Untracked 
|   6|0x0000000081e00000, 0x0000000081e00000, 0x0000000081f00000|  0%| F|  |TAMS 0x0000000081e00000| PB 0x0000000081e00000| Untracked 
|   7|0x0000000081f00000, 0x0000000081f00000, 0x0000000082000000|  0%| F|  |TAMS 0x0000000081f00000| PB 0x0000000081f00000| Untracked 
|   8|0x0000000082000000, 0x0000000082000000, 0x0000000082100000|  0%| F|  |TAMS 0x0000000082000000| PB 0x0000000082000000| Untracked 
|   9|0x0000000082100000, 0x0000000082100000, 0x0000000082200000|  0%| F|  |TAMS 0x0000000082100000| PB 0x0000000082100000| Untracked 
|  10|0x0000000082200000, 0x0000000082200000, 0x0000000082300000|  0%| F|  |TAMS 0x0000000082200000| PB 0x0000000082200000| Untracked 
|  11|0x0000000082300000, 0x0000000082300000, 0x0000000082400000|  0%| F|  |TAMS 0x0000000082300000| PB 0x0000000082300000| Untracked 
|  12|0x0000000082400000, 0x0000000082400000, 0x0000000082500000|  0%| F|  |TAMS 0x0000000082400000| PB 0x0000000082400000| Untracked 
|  13|0x0000000082500000, 0x0000000082500000, 0x0000000082600000|  0%| F|  |TAMS 0x0000000082500000| PB 0x0000000082500000| Untracked 
|  14|0x0000000082600000, 0x0000000082600000, 0x0000000082700000|  0%| F|  |TAMS 0x0000000082600000| PB 0x0000000082600000| Untracked 
|  15|0x0000000082700000, 0x0000000082700000, 0x0000000082800000|  0%| F|  |TAMS 0x0000000082700000| PB 0x0000000082700000| Untracked 
|  16|0x0000000082800000, 0x0000000082800000, 0x0000000082900000|  0%| F|  |TAMS 0x0000000082800000| PB 0x0000000082800000| Untracked 
|  17|0x0000000082900000, 0x0000000082900000, 0x0000000082a00000|  0%| F|  |TAMS 0x0000000082900000| PB 0x0000000082900000| Untracked 
|  18|0x0000000082a00000, 0x0000000082a00000, 0x0000000082b00000|  0%| F|  |TAMS 0x0000000082a00000| PB 0x0000000082a00000| Untracked 
|  19|0x0000000082b00000, 0x0000000082b00000, 0x0000000082c00000|  0%| F|  |TAMS 0x0000000082b00000| PB 0x0000000082b00000| Untracked 
|  20|0x0000000082c00000, 0x0000000082c00000, 0x0000000082d00000|  0%| F|  |TAMS 0x0000000082c00000| PB 0x0000000082c00000| Untracked 
|  21|0x0000000082d00000, 0x0000000082d00000, 0x0000000082e00000|  0%| F|  |TAMS 0x0000000082d00000| PB 0x0000000082d00000| Untracked 
|  22|0x0000000082e00000, 0x0000000082e00000, 0x0000000082f00000|  0%| F|  |TAMS 0x0000000082e00000| PB 0x0000000082e00000| Untracked 
|  23|0x0000000082f00000, 0x0000000082f00000, 0x0000000083000000|  0%| F|  |TAMS 0x0000000082f00000| PB 0x0000000082f00000| Untracked 
|  24|0x0000000083000000, 0x0000000083000000, 0x0000000083100000|  0%| F|  |TAMS 0x0000000083000000| PB 0x0000000083000000| Untracked 
|  25|0x0000000083100000, 0x0000000083100000, 0x0000000083200000|  0%| F|  |TAMS 0x0000000083100000| PB 0x0000000083100000| Untracked 
|  26|0x0000000083200000, 0x0000000083200000, 0x0000000083300000|  0%| F|  |TAMS 0x0000000083200000| PB 0x0000000083200000| Untracked 
|  27|0x0000000083300000, 0x0000000083300000, 0x0000000083400000|  0%| F|  |TAMS 0x0000000083300000| PB 0x0000000083300000| Untracked 
|  28|0x0000000083400000, 0x0000000083400000, 0x0000000083500000|  0%| F|  |TAMS 0x0000000083400000| PB 0x0000000083400000| Untracked 
|  29|0x0000000083500000, 0x0000000083500000, 0x0000000083600000|  0%| F|  |TAMS 0x0000000083500000| PB 0x0000000083500000| Untracked 
|  30|0x0000000083600000, 0x0000000083600000, 0x0000000083700000|  0%| F|  |TAMS 0x0000000083600000| PB 0x0000000083600000| Untracked 
|  31|0x0000000083700000, 0x0000000083700000, 0x0000000083800000|  0%| F|  |TAMS 0x0000000083700000| PB 0x0000000083700000| Untracked 
|  32|0x0000000083800000, 0x0000000083800000, 0x0000000083900000|  0%| F|  |TAMS 0x0000000083800000| PB 0x0000000083800000| Untracked 
|  33|0x0000000083900000, 0x0000000083900000, 0x0000000083a00000|  0%| F|  |TAMS 0x0000000083900000| PB 0x0000000083900000| Untracked 
|  34|0x0000000083a00000, 0x0000000083a00000, 0x0000000083b00000|  0%| F|  |TAMS 0x0000000083a00000| PB 0x0000000083a00000| Untracked 
|  35|0x0000000083b00000, 0x0000000083b00000, 0x0000000083c00000|  0%| F|  |TAMS 0x0000000083b00000| PB 0x0000000083b00000| Untracked 
|  36|0x0000000083c00000, 0x0000000083c00000, 0x0000000083d00000|  0%| F|  |TAMS 0x0000000083c00000| PB 0x0000000083c00000| Untracked 
|  37|0x0000000083d00000, 0x0000000083d00000, 0x0000000083e00000|  0%| F|  |TAMS 0x0000000083d00000| PB 0x0000000083d00000| Untracked 
|  38|0x0000000083e00000, 0x0000000083e00000, 0x0000000083f00000|  0%| F|  |TAMS 0x0000000083e00000| PB 0x0000000083e00000| Untracked 
|  39|0x0000000083f00000, 0x0000000083f00000, 0x0000000084000000|  0%| F|  |TAMS 0x0000000083f00000| PB 0x0000000083f00000| Untracked 
|  40|0x0000000084000000, 0x0000000084000000, 0x0000000084100000|  0%| F|  |TAMS 0x0000000084000000| PB 0x0000000084000000| Untracked 
|  41|0x0000000084100000, 0x0000000084100000, 0x0000000084200000|  0%| F|  |TAMS 0x0000000084100000| PB 0x0000000084100000| Untracked 
|  42|0x0000000084200000, 0x0000000084200000, 0x0000000084300000|  0%| F|  |TAMS 0x0000000084200000| PB 0x0000000084200000| Untracked 
|  43|0x0000000084300000, 0x0000000084300000, 0x0000000084400000|  0%| F|  |TAMS 0x0000000084300000| PB 0x0000000084300000| Untracked 
|  44|0x0000000084400000, 0x0000000084400000, 0x0000000084500000|  0%| F|  |TAMS 0x0000000084400000| PB 0x0000000084400000| Untracked 
|  45|0x0000000084500000, 0x0000000084500000, 0x0000000084600000|  0%| F|  |TAMS 0x0000000084500000| PB 0x0000000084500000| Untracked 
|  46|0x0000000084600000, 0x0000000084600000, 0x0000000084700000|  0%| F|  |TAMS 0x0000000084600000| PB 0x0000000084600000| Untracked 
|  47|0x0000000084700000, 0x0000000084700000, 0x0000000084800000|  0%| F|  |TAMS 0x0000000084700000| PB 0x0000000084700000| Untracked 
|  48|0x0000000084800000, 0x0000000084800000, 0x0000000084900000|  0%| F|  |TAMS 0x0000000084800000| PB 0x0000000084800000| Untracked 
|  49|0x0000000084900000, 0x0000000084900000, 0x0000000084a00000|  0%| F|  |TAMS 0x0000000084900000| PB 0x0000000084900000| Untracked 
|  50|0x0000000084a00000, 0x0000000084a00000, 0x0000000084b00000|  0%| F|  |TAMS 0x0000000084a00000| PB 0x0000000084a00000| Untracked 
|  51|0x0000000084b00000, 0x0000000084b00000, 0x0000000084c00000|  0%| F|  |TAMS 0x0000000084b00000| PB 0x0000000084b00000| Untracked 
|  52|0x0000000084c00000, 0x0000000084c00000, 0x0000000084d00000|  0%| F|  |TAMS 0x0000000084c00000| PB 0x0000000084c00000| Untracked 
|  53|0x0000000084d00000, 0x0000000084d00000, 0x0000000084e00000|  0%| F|  |TAMS 0x0000000084d00000| PB 0x0000000084d00000| Untracked 
|  54|0x0000000084e00000, 0x0000000084e00000, 0x0000000084f00000|  0%| F|  |TAMS 0x0000000084e00000| PB 0x0000000084e00000| Untracked 
|  55|0x0000000084f00000, 0x0000000084f00000, 0x0000000085000000|  0%| F|  |TAMS 0x0000000084f00000| PB 0x0000000084f00000| Untracked 
|  56|0x0000000085000000, 0x0000000085000000, 0x0000000085100000|  0%| F|  |TAMS 0x0000000085000000| PB 0x0000000085000000| Untracked 
|  57|0x0000000085100000, 0x0000000085100000, 0x0000000085200000|  0%| F|  |TAMS 0x0000000085100000| PB 0x0000000085100000| Untracked 
|  58|0x0000000085200000, 0x0000000085200000, 0x0000000085300000|  0%| F|  |TAMS 0x0000000085200000| PB 0x0000000085200000| Untracked 
|  59|0x0000000085300000, 0x0000000085300000, 0x0000000085400000|  0%| F|  |TAMS 0x0000000085300000| PB 0x0000000085300000| Untracked 
|  60|0x0000000085400000, 0x0000000085400000, 0x0000000085500000|  0%| F|  |TAMS 0x0000000085400000| PB 0x0000000085400000| Untracked 
|  61|0x0000000085500000, 0x0000000085500000, 0x0000000085600000|  0%| F|  |TAMS 0x0000000085500000| PB 0x0000000085500000| Untracked 
|  62|0x0000000085600000, 0x0000000085600000, 0x0000000085700000|  0%| F|  |TAMS 0x0000000085600000| PB 0x0000000085600000| Untracked 
|  63|0x0000000085700000, 0x0000000085700000, 0x0000000085800000|  0%| F|  |TAMS 0x0000000085700000| PB 0x0000000085700000| Untracked 
|  64|0x0000000085800000, 0x0000000085800000, 0x0000000085900000|  0%| F|  |TAMS 0x0000000085800000| PB 0x0000000085800000| Untracked 
|  65|0x0000000085900000, 0x0000000085900000, 0x0000000085a00000|  0%| F|  |TAMS 0x0000000085900000| PB 0x0000000085900000| Untracked 
|  66|0x0000000085a00000, 0x0000000085a00000, 0x0000000085b00000|  0%| F|  |TAMS 0x0000000085a00000| PB 0x0000000085a00000| Untracked 
|  67|0x0000000085b00000, 0x0000000085b00000, 0x0000000085c00000|  0%| F|  |TAMS 0x0000000085b00000| PB 0x0000000085b00000| Untracked 
|  68|0x0000000085c00000, 0x0000000085c00000, 0x0000000085d00000|  0%| F|  |TAMS 0x0000000085c00000| PB 0x0000000085c00000| Untracked 
|  69|0x0000000085d00000, 0x0000000085d00000, 0x0000000085e00000|  0%| F|  |TAMS 0x0000000085d00000| PB 0x0000000085d00000| Untracked 
|  70|0x0000000085e00000, 0x0000000085e00000, 0x0000000085f00000|  0%| F|  |TAMS 0x0000000085e00000| PB 0x0000000085e00000| Untracked 
|  71|0x0000000085f00000, 0x0000000085f00000, 0x0000000086000000|  0%| F|  |TAMS 0x0000000085f00000| PB 0x0000000085f00000| Untracked 
|  72|0x0000000086000000, 0x0000000086000000, 0x0000000086100000|  0%| F|  |TAMS 0x0000000086000000| PB 0x0000000086000000| Untracked 
|  73|0x0000000086100000, 0x0000000086100000, 0x0000000086200000|  0%| F|  |TAMS 0x0000000086100000| PB 0x0000000086100000| Untracked 
|  74|0x0000000086200000, 0x0000000086200000, 0x0000000086300000|  0%| F|  |TAMS 0x0000000086200000| PB 0x0000000086200000| Untracked 
|  75|0x0000000086300000, 0x0000000086300000, 0x0000000086400000|  0%| F|  |TAMS 0x0000000086300000| PB 0x0000000086300000| Untracked 
|  76|0x0000000086400000, 0x0000000086400000, 0x0000000086500000|  0%| F|  |TAMS 0x0000000086400000| PB 0x0000000086400000| Untracked 
|  77|0x0000000086500000, 0x0000000086500000, 0x0000000086600000|  0%| F|  |TAMS 0x0000000086500000| PB 0x0000000086500000| Untracked 
|  78|0x0000000086600000, 0x0000000086600000, 0x0000000086700000|  0%| F|  |TAMS 0x0000000086600000| PB 0x0000000086600000| Untracked 
|  79|0x0000000086700000, 0x0000000086700000, 0x0000000086800000|  0%| F|  |TAMS 0x0000000086700000| PB 0x0000000086700000| Untracked 
|  80|0x0000000086800000, 0x0000000086800000, 0x0000000086900000|  0%| F|  |TAMS 0x0000000086800000| PB 0x0000000086800000| Untracked 
|  81|0x0000000086900000, 0x0000000086900000, 0x0000000086a00000|  0%| F|  |TAMS 0x0000000086900000| PB 0x0000000086900000| Untracked 
|  82|0x0000000086a00000, 0x0000000086a00000, 0x0000000086b00000|  0%| F|  |TAMS 0x0000000086a00000| PB 0x0000000086a00000| Untracked 
|  83|0x0000000086b00000, 0x0000000086b00000, 0x0000000086c00000|  0%| F|  |TAMS 0x0000000086b00000| PB 0x0000000086b00000| Untracked 
|  84|0x0000000086c00000, 0x0000000086c00000, 0x0000000086d00000|  0%| F|  |TAMS 0x0000000086c00000| PB 0x0000000086c00000| Untracked 
|  85|0x0000000086d00000, 0x0000000086d00000, 0x0000000086e00000|  0%| F|  |TAMS 0x0000000086d00000| PB 0x0000000086d00000| Untracked 
|  86|0x0000000086e00000, 0x0000000086e00000, 0x0000000086f00000|  0%| F|  |TAMS 0x0000000086e00000| PB 0x0000000086e00000| Untracked 
|  87|0x0000000086f00000, 0x0000000086f00000, 0x0000000087000000|  0%| F|  |TAMS 0x0000000086f00000| PB 0x0000000086f00000| Untracked 
|  88|0x0000000087000000, 0x0000000087000000, 0x0000000087100000|  0%| F|  |TAMS 0x0000000087000000| PB 0x0000000087000000| Untracked 
|  89|0x0000000087100000, 0x0000000087100000, 0x0000000087200000|  0%| F|  |TAMS 0x0000000087100000| PB 0x0000000087100000| Untracked 
|  90|0x0000000087200000, 0x0000000087200000, 0x0000000087300000|  0%| F|  |TAMS 0x0000000087200000| PB 0x0000000087200000| Untracked 
|  91|0x0000000087300000, 0x0000000087300000, 0x0000000087400000|  0%| F|  |TAMS 0x0000000087300000| PB 0x0000000087300000| Untracked 
|  92|0x0000000087400000, 0x0000000087400000, 0x0000000087500000|  0%| F|  |TAMS 0x0000000087400000| PB 0x0000000087400000| Untracked 
|  93|0x0000000087500000, 0x0000000087500000, 0x0000000087600000|  0%| F|  |TAMS 0x0000000087500000| PB 0x0000000087500000| Untracked 
|  94|0x0000000087600000, 0x0000000087600000, 0x0000000087700000|  0%| F|  |TAMS 0x0000000087600000| PB 0x0000000087600000| Untracked 
|  95|0x0000000087700000, 0x0000000087700000, 0x0000000087800000|  0%| F|  |TAMS 0x0000000087700000| PB 0x0000000087700000| Untracked 
|  96|0x0000000087800000, 0x0000000087800000, 0x0000000087900000|  0%| F|  |TAMS 0x0000000087800000| PB 0x0000000087800000| Untracked 
|  97|0x0000000087900000, 0x0000000087900000, 0x0000000087a00000|  0%| F|  |TAMS 0x0000000087900000| PB 0x0000000087900000| Untracked 
|  98|0x0000000087a00000, 0x0000000087a00000, 0x0000000087b00000|  0%| F|  |TAMS 0x0000000087a00000| PB 0x0000000087a00000| Untracked 
|  99|0x0000000087b00000, 0x0000000087b00000, 0x0000000087c00000|  0%| F|  |TAMS 0x0000000087b00000| PB 0x0000000087b00000| Untracked 
| 100|0x0000000087c00000, 0x0000000087c00000, 0x0000000087d00000|  0%| F|  |TAMS 0x0000000087c00000| PB 0x0000000087c00000| Untracked 
| 101|0x0000000087d00000, 0x0000000087d00000, 0x0000000087e00000|  0%| F|  |TAMS 0x0000000087d00000| PB 0x0000000087d00000| Untracked 
| 102|0x0000000087e00000, 0x0000000087e00000, 0x0000000087f00000|  0%| F|  |TAMS 0x0000000087e00000| PB 0x0000000087e00000| Untracked 
| 103|0x0000000087f00000, 0x0000000087f00000, 0x0000000088000000|  0%| F|  |TAMS 0x0000000087f00000| PB 0x0000000087f00000| Untracked 
| 104|0x0000000088000000, 0x0000000088000000, 0x0000000088100000|  0%| F|  |TAMS 0x0000000088000000| PB 0x0000000088000000| Untracked 
| 105|0x0000000088100000, 0x0000000088100000, 0x0000000088200000|  0%| F|  |TAMS 0x0000000088100000| PB 0x0000000088100000| Untracked 
| 106|0x0000000088200000, 0x0000000088200000, 0x0000000088300000|  0%| F|  |TAMS 0x0000000088200000| PB 0x0000000088200000| Untracked 
| 107|0x0000000088300000, 0x0000000088300000, 0x0000000088400000|  0%| F|  |TAMS 0x0000000088300000| PB 0x0000000088300000| Untracked 
| 108|0x0000000088400000, 0x0000000088400000, 0x0000000088500000|  0%| F|  |TAMS 0x0000000088400000| PB 0x0000000088400000| Untracked 
| 109|0x0000000088500000, 0x00000000885d4f00, 0x0000000088600000| 83%| S|CS|TAMS 0x0000000088500000| PB 0x0000000088500000| Complete 
| 110|0x0000000088600000, 0x0000000088600000, 0x0000000088700000|  0%| F|  |TAMS 0x0000000088600000| PB 0x0000000088600000| Untracked 
| 111|0x0000000088700000, 0x0000000088700000, 0x0000000088800000|  0%| F|  |TAMS 0x0000000088700000| PB 0x0000000088700000| Untracked 
| 112|0x0000000088800000, 0x0000000088800000, 0x0000000088900000|  0%| F|  |TAMS 0x0000000088800000| PB 0x0000000088800000| Untracked 
| 113|0x0000000088900000, 0x0000000088900000, 0x0000000088a00000|  0%| F|  |TAMS 0x0000000088900000| PB 0x0000000088900000| Untracked 
| 114|0x0000000088a00000, 0x0000000088a00000, 0x0000000088b00000|  0%| F|  |TAMS 0x0000000088a00000| PB 0x0000000088a00000| Untracked 
| 115|0x0000000088b00000, 0x0000000088b00000, 0x0000000088c00000|  0%| F|  |TAMS 0x0000000088b00000| PB 0x0000000088b00000| Untracked 
| 116|0x0000000088c00000, 0x0000000088c00000, 0x0000000088d00000|  0%| F|  |TAMS 0x0000000088c00000| PB 0x0000000088c00000| Untracked 
| 117|0x0000000088d00000, 0x0000000088d00000, 0x0000000088e00000|  0%| F|  |TAMS 0x0000000088d00000| PB 0x0000000088d00000| Untracked 
| 118|0x0000000088e00000, 0x0000000088e00000, 0x0000000088f00000|  0%| F|  |TAMS 0x0000000088e00000| PB 0x0000000088e00000| Untracked 
| 119|0x0000000088f00000, 0x0000000088f00000, 0x0000000089000000|  0%| F|  |TAMS 0x0000000088f00000| PB 0x0000000088f00000| Untracked 
| 120|0x0000000089000000, 0x0000000089000000, 0x0000000089100000|  0%| F|  |TAMS 0x0000000089000000| PB 0x0000000089000000| Untracked 
| 121|0x0000000089100000, 0x0000000089100000, 0x0000000089200000|  0%| F|  |TAMS 0x0000000089100000| PB 0x0000000089100000| Untracked 
| 122|0x0000000089200000, 0x0000000089200000, 0x0000000089300000|  0%| F|  |TAMS 0x0000000089200000| PB 0x0000000089200000| Untracked 
| 123|0x0000000089300000, 0x0000000089300000, 0x0000000089400000|  0%| F|  |TAMS 0x0000000089300000| PB 0x0000000089300000| Untracked 
| 124|0x0000000089400000, 0x0000000089400000, 0x0000000089500000|  0%| F|  |TAMS 0x0000000089400000| PB 0x0000000089400000| Untracked 
| 125|0x0000000089500000, 0x0000000089500000, 0x0000000089600000|  0%| F|  |TAMS 0x0000000089500000| PB 0x0000000089500000| Untracked 
| 126|0x0000000089600000, 0x0000000089600800, 0x0000000089700000|  0%| E|  |TAMS 0x0000000089600000| PB 0x0000000089600000| Complete 
| 127|0x0000000089700000, 0x0000000089800000, 0x0000000089800000|100%| E|CS|TAMS 0x0000000089700000| PB 0x0000000089700000| Complete 

Card table byte_map: [0x0000027efc3f0000,0x0000027efc7f0000] _byte_map_base: 0x0000027efbfe4000

Marking Bits: (CMBitMap*) 0x0000027ee3163b10
 Bits: [0x0000027efcbf0000, 0x0000027efeb90000)

Polling page: 0x0000027ee31d0000

Metaspace:

Usage:
  Non-class:      6.46 MB used.
      Class:    763.81 KB used.
       Both:      7.20 MB used.

Virtual space:
  Non-class space:       64.00 MB reserved,       6.56 MB ( 10%) committed,  1 nodes.
      Class space:        1.00 GB reserved,     896.00 KB ( <1%) committed,  1 nodes.
             Both:        1.06 GB reserved,       7.44 MB ( <1%) committed. 

Chunk freelists:
   Non-Class:  816.00 KB
       Class:  3.09 MB
        Both:  3.89 MB

MaxMetaspaceSize: unlimited
CompressedClassSpaceSize: 1.00 GB
Initial GC threshold: 21.00 MB
Current GC threshold: 21.00 MB
CDS: on
MetaspaceReclaimPolicy: balanced
 - commit_granule_bytes: 65536.
 - commit_granule_words: 8192.
 - virtual_space_node_default_size: 8388608.
 - enlarge_chunks_in_place: 1.
 - new_chunks_are_fully_committed: 0.
 - uncommit_free_chunks: 1.
 - use_allocation_guard: 0.


Internal statistics:

num_allocs_failed_limit: 0.
num_arena_births: 140.
num_arena_deaths: 0.
num_vsnodes_births: 2.
num_vsnodes_deaths: 0.
num_space_committed: 119.
num_space_uncommitted: 0.
num_chunks_returned_to_freelist: 0.
num_chunks_taken_from_freelist: 221.
num_chunk_merges: 0.
num_chunk_splits: 118.
num_chunks_enlarged: 32.
num_inconsistent_stats: 0.

CodeHeap 'non-profiled nmethods': size=120000Kb used=282Kb max_used=282Kb free=119717Kb
 bounds [0x0000027ef44a0000, 0x0000027ef4710000, 0x0000027efb9d0000]
CodeHeap 'profiled nmethods': size=120000Kb used=1364Kb max_used=1364Kb free=118635Kb
 bounds [0x0000027eec9d0000, 0x0000027eecc40000, 0x0000027ef3f00000]
CodeHeap 'non-nmethods': size=5760Kb used=1912Kb max_used=1927Kb free=3847Kb
 bounds [0x0000027ef3f00000, 0x0000027ef4170000, 0x0000027ef44a0000]
 total_blobs=1845 nmethods=970 adapters=786
 compilation: enabled
              stopped_count=0, restarted_count=0
 full_count=0

Compilation events (20 events):
Event: 6.608 Thread 0x0000027eff1da5a0  961       1       sun.awt.Win32GraphicsDevice::getDefaultScaleX (5 bytes)
Event: 6.609 Thread 0x0000027eff1da5a0 nmethod 961 0x0000027ef44e5e90 code [0x0000027ef44e6000, 0x0000027ef44e60c8]
Event: 6.609 Thread 0x0000027eff1da5a0  962       1       sun.awt.Win32GraphicsDevice::getDefaultScaleY (5 bytes)
Event: 6.609 Thread 0x0000027eff1da5a0 nmethod 962 0x0000027ef44e6190 code [0x0000027ef44e6300, 0x0000027ef44e63c8]
Event: 6.738 Thread 0x0000027eff1da5a0  963       3       java.awt.Component::getBackground (29 bytes)
Event: 6.738 Thread 0x0000027eff1da5a0 nmethod 963 0x0000027eecb1d490 code [0x0000027eecb1d640, 0x0000027eecb1d8f8]
Event: 6.867 Thread 0x0000027eff1da5a0  964       1       java.awt.color.ColorSpace::getNumComponents (5 bytes)
Event: 6.868 Thread 0x0000027eff1da5a0 nmethod 964 0x0000027ef44e6490 code [0x0000027ef44e6600, 0x0000027ef44e66c8]
Event: 6.868 Thread 0x0000027eff1da5a0  965   !   3       javax.swing.UIManager::maybeInitialize (36 bytes)
Event: 6.868 Thread 0x0000027eff1da5a0 nmethod 965 0x0000027eecb1da10 code [0x0000027eecb1dbc0, 0x0000027eecb1de78]
Event: 6.868 Thread 0x0000027eff1da5a0  966       3       java.awt.Component::isMixingNeeded (177 bytes)
Event: 6.874 Thread 0x0000027eff1da5a0 nmethod 966 0x0000027eecb1e090 code [0x0000027eecb1e760, 0x0000027eecb22990]
Event: 6.875 Thread 0x0000027eff1da5a0  967  s    3       sun.awt.SunToolkit::getSunAwtDisableMixing (32 bytes)
Event: 6.876 Thread 0x0000027eff1da5a0 nmethod 967 0x0000027eecb23b10 code [0x0000027eecb23d60, 0x0000027eecb24758]
Event: 6.876 Thread 0x0000027eff1da5a0  968       3       java.awt.Component::setBoundsOp (51 bytes)
Event: 6.876 Thread 0x0000027eff1da5a0 nmethod 968 0x0000027eecb24a90 code [0x0000027eecb24c20, 0x0000027eecb24df8]
Event: 6.876 Thread 0x0000027eff1da5a0  969       1       javax.swing.RepaintManager::isDoubleBufferingEnabled (5 bytes)
Event: 6.876 Thread 0x0000027eff1da5a0 nmethod 969 0x0000027ef44e6790 code [0x0000027ef44e6900, 0x0000027ef44e69d0]
Event: 7.319 Thread 0x0000027eff1da5a0  970       3       java.awt.Toolkit::enabledOnToolkit (16 bytes)
Event: 7.319 Thread 0x0000027eff1da5a0 nmethod 970 0x0000027eecb24e90 code [0x0000027eecb25020, 0x0000027eecb25188]

GC Heap History (4 events):
Event: 3.779 GC heap before
{Heap before GC invocations=0 (full 0):
 garbage-first heap   total 131072K, used 14336K [0x0000000081800000, 0x0000000100000000)
  region size 1024K, 13 young (13312K), 0 survivors (0K)
 Metaspace       used 7280K, committed 7552K, reserved 1114112K
  class space    used 762K, committed 896K, reserved 1048576K
}
Event: 3.786 GC heap after
{Heap after GC invocations=1 (full 0):
 garbage-first heap   total 131072K, used 5067K [0x0000000081800000, 0x0000000100000000)
  region size 1024K, 2 young (2048K), 2 survivors (2048K)
 Metaspace       used 7280K, committed 7552K, reserved 1114112K
  class space    used 762K, committed 896K, reserved 1048576K
}
Event: 7.009 GC heap before
{Heap before GC invocations=1 (full 0):
 garbage-first heap   total 131072K, used 20427K [0x0000000081800000, 0x0000000100000000)
  region size 1024K, 18 young (18432K), 2 survivors (2048K)
 Metaspace       used 7367K, committed 7616K, reserved 1114112K
  class space    used 763K, committed 896K, reserved 1048576K
}
Event: 7.013 GC heap after
{Heap after GC invocations=2 (full 0):
 garbage-first heap   total 131072K, used 5361K [0x0000000081800000, 0x0000000100000000)
  region size 1024K, 1 young (1024K), 1 survivors (1024K)
 Metaspace       used 7367K, committed 7616K, reserved 1114112K
  class space    used 763K, committed 896K, reserved 1048576K
}

Dll operation events (10 events):
Event: 0.021 Loaded shared library C:\Program Files\Java\jdk-20\bin\java.dll
Event: 0.042 Loaded shared library C:\Program Files\Java\jdk-20\bin\jsvml.dll
Event: 0.177 Loaded shared library C:\Program Files\Java\jdk-20\bin\net.dll
Event: 0.181 Loaded shared library C:\Program Files\Java\jdk-20\bin\nio.dll
Event: 0.230 Loaded shared library C:\Program Files\Java\jdk-20\bin\zip.dll
Event: 0.386 Loaded shared library C:\Program Files\Java\jdk-20\bin\jimage.dll
Event: 0.423 Loaded shared library C:\Program Files\Java\jdk-20\bin\awt.dll
Event: 0.869 Loaded shared library C:\Users\Elvis\Documents\NetBeansProjects\SofwareMatricula\opencv_java480.dll
Event: 2.178 Loaded shared library C:\Program Files\Java\jdk-20\bin\freetype.dll
Event: 2.180 Loaded shared library C:\Program Files\Java\jdk-20\bin\fontmanager.dll

Deoptimization events (6 events):
Event: 0.572 Thread 0x0000027ee31061d0 Uncommon trap: trap_request=0xffffff45 fr.pc=0x0000027ef44afeb8 relative=0x0000000000000938
Event: 0.572 Thread 0x0000027ee31061d0 Uncommon trap: reason=unstable_if action=reinterpret pc=0x0000027ef44afeb8 method=java.util.HashMap.putVal(ILjava/lang/Object;Ljava/lang/Object;ZZ)Ljava/lang/Object; @ 236 c2
Event: 0.572 Thread 0x0000027ee31061d0 DEOPT PACKING pc=0x0000027ef44afeb8 sp=0x000000d46bafedc0
Event: 0.572 Thread 0x0000027ee31061d0 DEOPT UNPACKING pc=0x0000027ef3f69d22 sp=0x000000d46bafed68 mode 2
Event: 0.577 Thread 0x0000027eff40a530 DEOPT PACKING pc=0x0000027eec9de5d7 sp=0x000000d46cffc9d0
Event: 0.577 Thread 0x0000027eff40a530 DEOPT UNPACKING pc=0x0000027ef3f6a4c2 sp=0x000000d46cffbdf0 mode 0

Classes loaded (20 events):
Event: 2.923 Loading class javax/swing/plaf/LabelUI
Event: 2.923 Loading class javax/swing/plaf/LabelUI done
Event: 2.923 Loading class javax/swing/plaf/basic/BasicLabelUI done
Event: 2.923 Loading class javax/swing/plaf/metal/MetalLabelUI done
Event: 2.924 Loading class sun/awt/im/InputContext$1
Event: 2.924 Loading class sun/awt/im/InputContext$1 done
Event: 2.926 Loading class java/awt/KeyboardFocusManager$2
Event: 2.926 Loading class java/awt/KeyboardFocusManager$2 done
Event: 2.926 Loading class sun/awt/SunToolkit$1
Event: 2.927 Loading class sun/awt/SunToolkit$1 done
Event: 2.930 Loading class jdk/internal/event/ThreadSleepEvent
Event: 2.931 Loading class jdk/internal/event/Event
Event: 2.931 Loading class sun/awt/image/BufImgSurfaceManager
Event: 2.931 Loading class jdk/internal/event/Event done
Event: 2.931 Loading class jdk/internal/event/ThreadSleepEvent done
Event: 2.931 Loading class sun/awt/image/BufImgSurfaceManager done
Event: 5.993 Loading class java/awt/LightweightDispatcher$2
Event: 5.993 Loading class java/awt/LightweightDispatcher$2 done
Event: 7.245 Loading class java/awt/Window$1DisposeAction
Event: 7.245 Loading class java/awt/Window$1DisposeAction done

Classes unloaded (0 events):
No events

Classes redefined (0 events):
No events

Internal exceptions (18 events):
Event: 0.183 Thread 0x0000027ee31061d0 Exception <a 'sun/nio/fs/WindowsException'{0x00000000896cc730}> (0x00000000896cc730) 
thrown [s\open\src\hotspot\share\prims\jni.cpp, line 519]
Event: 0.187 Thread 0x0000027ee31061d0 Exception <a 'sun/nio/fs/WindowsException'{0x00000000896cec20}> (0x00000000896cec20) 
thrown [s\open\src\hotspot\share\prims\jni.cpp, line 519]
Event: 0.188 Thread 0x0000027ee31061d0 Exception <a 'sun/nio/fs/WindowsException'{0x00000000896cfc18}> (0x00000000896cfc18) 
thrown [s\open\src\hotspot\share\prims\jni.cpp, line 519]
Event: 0.188 Thread 0x0000027ee31061d0 Exception <a 'sun/nio/fs/WindowsException'{0x00000000896d0760}> (0x00000000896d0760) 
thrown [s\open\src\hotspot\share\prims\jni.cpp, line 519]
Event: 0.189 Thread 0x0000027ee31061d0 Exception <a 'sun/nio/fs/WindowsException'{0x00000000896d12a8}> (0x00000000896d12a8) 
thrown [s\open\src\hotspot\share\prims\jni.cpp, line 519]
Event: 0.189 Thread 0x0000027ee31061d0 Exception <a 'sun/nio/fs/WindowsException'{0x00000000896d1e40}> (0x00000000896d1e40) 
thrown [s\open\src\hotspot\share\prims\jni.cpp, line 519]
Event: 0.190 Thread 0x0000027ee31061d0 Exception <a 'sun/nio/fs/WindowsException'{0x00000000896d2910}> (0x00000000896d2910) 
thrown [s\open\src\hotspot\share\prims\jni.cpp, line 519]
Event: 0.402 Thread 0x0000027ee31061d0 Exception <a 'java/lang/ClassNotFoundException'{0x00000000894560e0}: sun/awt/resources/spi/awtProvider> (0x00000000894560e0) 
thrown [s\open\src\hotspot\share\classfile\systemDictionary.cpp, line 305]
Event: 0.454 Thread 0x0000027ee31061d0 Exception <a 'java/io/FileNotFoundException'{0x00000000894acb08}> (0x00000000894acb08) 
thrown [s\open\src\hotspot\share\prims\jni.cpp, line 519]
Event: 0.465 Thread 0x0000027ee31061d0 Exception <a 'java/io/FileNotFoundException'{0x00000000894d6d18}> (0x00000000894d6d18) 
thrown [s\open\src\hotspot\share\prims\jni.cpp, line 519]
Event: 0.684 Thread 0x0000027eff40a530 Exception <a 'java/lang/NoSuchMethodError'{0x0000000089233398}: 'void java.lang.invoke.DirectMethodHandle$Holder.invokeSpecial(java.lang.Object, java.lang.Object, java.lang.Object)'> (0x0000000089233398) 
thrown [s\open\src\hotspot\share\interpreter\linkResolver.cpp, line 773]
Event: 0.708 Thread 0x0000027eff40a530 Exception <a 'java/lang/NoSuchMethodError'{0x000000008925dd88}: 'java.lang.Object java.lang.invoke.DirectMethodHandle$Holder.newInvokeSpecial(java.lang.Object, java.lang.Object, java.lang.Object, java.lang.Object, java.lang.Object)'> (0x000000008925dd88) 
thrown [s\open\src\hotspot\share\interpreter\linkResolver.cpp, line 773]
Event: 0.724 Thread 0x0000027eff40a530 Exception <a 'java/lang/NoSuchMethodError'{0x000000008928e8a0}: 'java.lang.Object java.lang.invoke.DirectMethodHandle$Holder.invokeStatic(java.lang.Object, int, java.lang.Object)'> (0x000000008928e8a0) 
thrown [s\open\src\hotspot\share\interpreter\linkResolver.cpp, line 773]
Event: 0.807 Thread 0x0000027eff40a530 Exception <a 'java/lang/ClassNotFoundException'{0x000000008914a290}: com/sun/swing/internal/plaf/metal/resources/spi/metalProvider> (0x000000008914a290) 
thrown [s\open\src\hotspot\share\classfile\systemDictionary.cpp, line 305]
Event: 0.809 Thread 0x0000027eff40a530 Exception <a 'java/lang/ClassNotFoundException'{0x000000008914e1f0}: com/sun/swing/internal/plaf/basic/resources/spi/basicProvider> (0x000000008914e1f0) 
thrown [s\open\src\hotspot\share\classfile\systemDictionary.cpp, line 305]
Event: 0.831 Thread 0x0000027eff40a530 Exception <a 'java/lang/NoSuchMethodError'{0x000000008916d338}: 'int java.lang.invoke.Invokers$Holder.invokeExact_MT(java.lang.Object, java.lang.Object)'> (0x000000008916d338) 
thrown [s\open\src\hotspot\share\interpreter\linkResolver.cpp, line 773]
Event: 2.169 Thread 0x0000027eff40a530 Exception <a 'java/lang/NoSuchMethodError'{0x00000000891db778}: 'void java.lang.invoke.DirectMethodHandle$Holder.invokeStaticInit(java.lang.Object)'> (0x00000000891db778) 
thrown [s\open\src\hotspot\share\interpreter\linkResolver.cpp, line 773]
Event: 2.330 Thread 0x0000027eff40aa80 Exception <a 'java/lang/NoSuchMethodError'{0x0000000089395528}: 'void java.lang.invoke.DirectMethodHandle$Holder.invokeVirtual(java.lang.Object, java.lang.Object)'> (0x0000000089395528) 
thrown [s\open\src\hotspot\share\interpreter\linkResolver.cpp, line 773]

VM Operations (20 events):
Event: 0.481 Executing VM operation: HandshakeAllThreads done
Event: 0.581 Executing VM operation: HandshakeAllThreads
Event: 0.581 Executing VM operation: HandshakeAllThreads done
Event: 1.584 Executing VM operation: Cleanup
Event: 1.584 Executing VM operation: Cleanup done
Event: 2.584 Executing VM operation: Cleanup
Event: 2.585 Executing VM operation: Cleanup done
Event: 3.595 Executing VM operation: Cleanup
Event: 3.595 Executing VM operation: Cleanup done
Event: 3.779 Executing VM operation: G1CollectForAllocation
Event: 3.786 Executing VM operation: G1CollectForAllocation done
Event: 4.794 Executing VM operation: Cleanup
Event: 4.794 Executing VM operation: Cleanup done
Event: 5.797 Executing VM operation: Cleanup
Event: 5.797 Executing VM operation: Cleanup done
Event: 6.800 Executing VM operation: Cleanup
Event: 6.800 Executing VM operation: Cleanup done
Event: 7.009 Executing VM operation: G1CollectForAllocation
Event: 7.013 Executing VM operation: G1CollectForAllocation done
Event: 7.441 Executing VM operation: Exit

Events (20 events):
Event: 0.074 Thread 0x0000027eff1c04e0 Thread added: 0x0000027eff1c04e0
Event: 0.074 Thread 0x0000027eff1c0bd0 Thread added: 0x0000027eff1c0bd0
Event: 0.075 Thread 0x0000027eff1cc360 Thread added: 0x0000027eff1cc360
Event: 0.075 Thread 0x0000027eff1d2000 Thread added: 0x0000027eff1d2000
Event: 0.075 Thread 0x0000027eff1da5a0 Thread added: 0x0000027eff1da5a0
Event: 0.153 Thread 0x0000027eff407ab0 Thread added: 0x0000027eff407ab0
Event: 0.218 Thread 0x0000027eff408ff0 Thread added: 0x0000027eff408ff0
Event: 0.537 Thread 0x0000027eff409540 Thread added: 0x0000027eff409540
Event: 0.541 Thread 0x0000027eff409a90 Thread added: 0x0000027eff409a90
Event: 0.544 Thread 0x0000027eff40aa80 Thread added: 0x0000027eff40aa80
Event: 0.572 Thread 0x0000027eff40a530 Thread added: 0x0000027eff40a530
Event: 0.573 Thread 0x0000027ee31061d0 Thread exited: 0x0000027ee31061d0
Event: 0.573 Thread 0x0000027eff408550 Thread added: 0x0000027eff408550
Event: 2.126 Thread 0x0000027eff407560 Thread added: 0x0000027eff407560
Event: 7.038 Thread 0x0000027eff407560 Thread exited: 0x0000027eff407560
Event: 7.321 Thread 0x0000027eff409fe0 Thread added: 0x0000027eff409fe0
Event: 7.321 Thread 0x0000027eff408aa0 Thread added: 0x0000027eff408aa0
Event: 7.327 Thread 0x0000027eff409fe0 Thread exited: 0x0000027eff409fe0
Event: 7.328 Thread 0x0000027eff40aa80 Thread exited: 0x0000027eff40aa80
Event: 7.441 Thread 0x0000027eff408aa0 Thread exited: 0x0000027eff408aa0


Dynamic libraries:
0x00007ff607de0000 - 0x00007ff607df0000 	C:\Program Files\Java\jdk-20\bin\java.exe
0x00007fffc5810000 - 0x00007fffc5a08000 	C:\Windows\SYSTEM32\ntdll.dll
0x00007fff634f0000 - 0x00007fff63509000 	C:\Program Files\Avast Software\Avast\aswhook.dll
0x00007fffc4970000 - 0x00007fffc4a2d000 	C:\Windows\System32\KERNEL32.DLL
0x00007fffc31d0000 - 0x00007fffc34c6000 	C:\Windows\System32\KERNELBASE.dll
0x00007fffc3040000 - 0x00007fffc3140000 	C:\Windows\System32\ucrtbase.dll
0x00007fffc04a0000 - 0x00007fffc04bb000 	C:\Program Files\Java\jdk-20\bin\VCRUNTIME140.dll
0x00007fffa5ac0000 - 0x00007fffa5ad9000 	C:\Program Files\Java\jdk-20\bin\jli.dll
0x00007fffc48c0000 - 0x00007fffc496f000 	C:\Windows\System32\ADVAPI32.dll
0x00007fffc4aa0000 - 0x00007fffc4b3e000 	C:\Windows\System32\msvcrt.dll
0x00007fffc3870000 - 0x00007fffc390c000 	C:\Windows\System32\sechost.dll
0x00007fffc4670000 - 0x00007fffc4796000 	C:\Windows\System32\RPCRT4.dll
0x00007fffc4b40000 - 0x00007fffc4cde000 	C:\Windows\System32\USER32.dll
0x00007fffc34d0000 - 0x00007fffc34f2000 	C:\Windows\System32\win32u.dll
0x00007fffc5680000 - 0x00007fffc56ac000 	C:\Windows\System32\GDI32.dll
0x00007fffa9720000 - 0x00007fffa99ba000 	C:\Windows\WinSxS\amd64_microsoft.windows.common-controls_6595b64144ccf1df_6.0.19041.3636_none_60b6a03d71f818d5\COMCTL32.dll
0x00007fffc3500000 - 0x00007fffc361a000 	C:\Windows\System32\gdi32full.dll
0x00007fffc3670000 - 0x00007fffc370d000 	C:\Windows\System32\msvcp_win.dll
0x00007fffb9430000 - 0x00007fffb943a000 	C:\Windows\SYSTEM32\VERSION.dll
0x00007fffc3970000 - 0x00007fffc39a0000 	C:\Windows\System32\IMM32.DLL
0x00007fffc0490000 - 0x00007fffc049c000 	C:\Program Files\Java\jdk-20\bin\vcruntime140_1.dll
0x00007fffa52c0000 - 0x00007fffa534e000 	C:\Program Files\Java\jdk-20\bin\msvcp140.dll
0x00007fff4bcf0000 - 0x00007fff4c987000 	C:\Program Files\Java\jdk-20\bin\server\jvm.dll
0x00007fffb2e00000 - 0x00007fffb2e09000 	C:\Windows\SYSTEM32\WSOCK32.dll
0x00007fffafa00000 - 0x00007fffafa27000 	C:\Windows\SYSTEM32\WINMM.dll
0x00007fffc5760000 - 0x00007fffc57cb000 	C:\Windows\System32\WS2_32.dll
0x00007fffc0db0000 - 0x00007fffc0dc2000 	C:\Windows\SYSTEM32\kernel.appcore.dll
0x00007fffc0410000 - 0x00007fffc041a000 	C:\Program Files\Java\jdk-20\bin\jimage.dll
0x00007fffb8630000 - 0x00007fffb8814000 	C:\Windows\SYSTEM32\DBGHELP.DLL
0x00007fffb85f0000 - 0x00007fffb8624000 	C:\Windows\SYSTEM32\dbgcore.DLL
0x00007fffc3140000 - 0x00007fffc31c2000 	C:\Windows\System32\bcryptPrimitives.dll
0x00007fffc0420000 - 0x00007fffc0446000 	C:\Program Files\Java\jdk-20\bin\java.dll
0x00007fffbbce0000 - 0x00007fffbbdb7000 	C:\Program Files\Java\jdk-20\bin\jsvml.dll
0x00007fffc3f20000 - 0x00007fffc4664000 	C:\Windows\System32\SHELL32.dll
0x00007fffc0fb0000 - 0x00007fffc174b000 	C:\Windows\SYSTEM32\windows.storage.dll
0x00007fffc4f80000 - 0x00007fffc52d4000 	C:\Windows\System32\combase.dll
0x00007fffc2860000 - 0x00007fffc288d000 	C:\Windows\SYSTEM32\Wldp.dll
0x00007fffc56b0000 - 0x00007fffc575d000 	C:\Windows\System32\SHCORE.dll
0x00007fffc53c0000 - 0x00007fffc5415000 	C:\Windows\System32\shlwapi.dll
0x00007fffc2e20000 - 0x00007fffc2e45000 	C:\Windows\SYSTEM32\profapi.dll
0x00007fffc03f0000 - 0x00007fffc0403000 	C:\Program Files\Java\jdk-20\bin\net.dll
0x00007fffb82d0000 - 0x00007fffb83da000 	C:\Windows\SYSTEM32\WINHTTP.dll
0x00007fffc25c0000 - 0x00007fffc262a000 	C:\Windows\system32\mswsock.dll
0x00007fffbdaa0000 - 0x00007fffbdab6000 	C:\Program Files\Java\jdk-20\bin\nio.dll
0x00007fffbda80000 - 0x00007fffbda98000 	C:\Program Files\Java\jdk-20\bin\zip.dll
0x00007fff55e40000 - 0x00007fff55fd1000 	C:\Program Files\Java\jdk-20\bin\awt.dll
0x00007fffc4cf0000 - 0x00007fffc4dbd000 	C:\Windows\System32\OLEAUT32.dll
0x00007fffc0700000 - 0x00007fffc0790000 	C:\Windows\SYSTEM32\apphelp.dll
0x00007fffc08c0000 - 0x00007fffc095e000 	C:\Windows\system32\uxtheme.dll
0x00007fffc47a0000 - 0x00007fffc48b4000 	C:\Windows\System32\MSCTF.dll
0x00007fffc5530000 - 0x00007fffc565b000 	C:\Windows\System32\ole32.dll
0x00007fffc09e0000 - 0x00007fffc0a0f000 	C:\Windows\system32\DWMAPI.DLL
0x00007fff93470000 - 0x00007fff93595000 	C:\Windows\system32\opengl32.dll
0x00007fff936f0000 - 0x00007fff9371c000 	C:\Windows\SYSTEM32\GLU32.dll
0x00007fff505b0000 - 0x00007fff536d3000 	C:\Users\Elvis\Documents\NetBeansProjects\SofwareMatricula\opencv_java480.dll
0x00007fffbce90000 - 0x00007fffbd04b000 	C:\Windows\SYSTEM32\MFPlat.DLL
0x00007fffa72b0000 - 0x00007fffa7334000 	C:\Windows\SYSTEM32\MF.dll
0x00007fffc3620000 - 0x00007fffc366e000 	C:\Windows\System32\cfgmgr32.dll
0x00007fff899a0000 - 0x00007fff89aaa000 	C:\Windows\SYSTEM32\MFReadWrite.dll
0x00007fffc17b0000 - 0x00007fffc18a3000 	C:\Windows\SYSTEM32\dxgi.dll
0x00007fffbf2e0000 - 0x00007fffbf543000 	C:\Windows\SYSTEM32\d3d11.dll
0x00007fff81ac0000 - 0x00007fff81f4e000 	C:\Windows\SYSTEM32\MFCORE.DLL
0x00007fffc3710000 - 0x00007fffc386d000 	C:\Windows\System32\CRYPT32.dll
0x00007fffc3010000 - 0x00007fffc3037000 	C:\Windows\System32\bcrypt.dll
0x00007fffc2d50000 - 0x00007fffc2d9b000 	C:\Windows\SYSTEM32\powrprof.dll
0x00007fffa5240000 - 0x00007fffa5249000 	C:\Windows\SYSTEM32\ksuser.dll
0x00007fffc27d0000 - 0x00007fffc27dc000 	C:\Windows\SYSTEM32\CRYPTBASE.DLL
0x00007fffbcde0000 - 0x00007fffbce14000 	C:\Windows\SYSTEM32\RTWorkQ.DLL
0x00007fffc2d30000 - 0x00007fffc2d42000 	C:\Windows\SYSTEM32\UMPDC.dll
0x00007fffb9b00000 - 0x00007fffb9f5f000 	C:\Windows\SYSTEM32\igdusc64.dll
0x00007fffbace0000 - 0x00007fffbad1b000 	C:\Windows\SYSTEM32\dxcore.dll
0x00007fffbc010000 - 0x00007fffbc047000 	C:\Windows\SYSTEM32\CompPkgSup.DLL
0x00007fffc3e10000 - 0x00007fffc3eb9000 	C:\Windows\System32\clbcatq.dll
0x00007fff43670000 - 0x00007fff43d96000 	C:\Windows\System32\Windows.Media.dll
0x00007fffbb6b0000 - 0x00007fffbb796000 	C:\Windows\System32\Windows.ApplicationModel.dll
0x00007fffbdfe0000 - 0x00007fffbe1e7000 	C:\Windows\System32\twinapi.appcore.dll
0x00007fff895b0000 - 0x00007fff8961d000 	C:\Windows\System32\FrameServerClient.dll
0x00007fff89490000 - 0x00007fff894f7000 	C:\Windows\System32\MFSENSORGROUP.dll
0x00007fffbb5a0000 - 0x00007fffbb6a2000 	C:\Windows\System32\AppXDeploymentClient.dll
0x00007fffbe6c0000 - 0x00007fffbe6ca000 	C:\Windows\SYSTEM32\AVRT.dll
0x00007fffbe960000 - 0x00007fffbe96d000 	C:\Windows\System32\vidcap.ax
0x00007fff8b730000 - 0x00007fff8b757000 	C:\Windows\System32\kswdmcap.ax
0x00007fff82460000 - 0x00007fff825cc000 	C:\Windows\System32\MFC42.dll
0x00007fffa5c70000 - 0x00007fffa5db6000 	C:\Windows\System32\Windows.StateRepositoryPS.dll
0x00007fffbed20000 - 0x00007fffbee75000 	C:\Windows\System32\WinTypes.dll
0x00007fff820c0000 - 0x00007fff821a5000 	C:\Program Files\Intel\Media SDK\mfx_mft_mjpgvd_64.dll
0x00007fffa1a20000 - 0x00007fffa1adf000 	C:\Windows\SYSTEM32\EVR.dll
0x00007fffbea60000 - 0x00007fffbeb56000 	C:\Windows\SYSTEM32\PROPSYS.dll
0x00007fff58bb0000 - 0x00007fff58d7d000 	C:\Windows\SYSTEM32\d3d9.dll
0x00007fff65a70000 - 0x00007fff65a94000 	C:\Windows\SYSTEM32\dxva2.dll
0x00007fffa5aa0000 - 0x00007fffa5abd000 	C:\Windows\System32\mfmjpegdec.dll
0x00007fffb88c0000 - 0x00007fffb89ed000 	C:\Windows\System32\mfperfhelper.dll
0x00007fff42880000 - 0x00007fff429e0000 	C:\Windows\System32\msvproc.dll
0x00007fffa8ac0000 - 0x00007fffa8b46000 	C:\Program Files\Java\jdk-20\bin\freetype.dll
0x00007fff97520000 - 0x00007fff975e6000 	C:\Program Files\Java\jdk-20\bin\fontmanager.dll
0x00007fffad0f0000 - 0x00007fffad1ea000 	C:\Windows\SYSTEM32\textinputframework.dll
0x00007fffc04c0000 - 0x00007fffc05b2000 	C:\Windows\System32\CoreMessaging.dll
0x00007fffbfd00000 - 0x00007fffc005b000 	C:\Windows\System32\CoreUIComponents.dll
0x00007fffc2010000 - 0x00007fffc2043000 	C:\Windows\SYSTEM32\ntmarta.dll
0x00007fffa5970000 - 0x00007fffa5985000 	C:\Windows\SYSTEM32\OpenCL.dll
0x00007fff82e40000 - 0x00007fff82ea2000 	C:\Windows\SYSTEM32\IntelOpenCL64.dll
0x00007fff819c0000 - 0x00007fff81abd000 	C:\Program Files (x86)\Common Files\Intel\OpenCL\bin\x64\intelocl64.dll
0x00007fff81940000 - 0x00007fff819b6000 	C:\Program Files (x86)\Common Files\Intel\OpenCL\bin\x64\task_executor64.dll
0x00007fff818a0000 - 0x00007fff81935000 	C:\Program Files (x86)\Common Files\Intel\OpenCL\bin\x64\cpu_device64.dll
0x00007fff81830000 - 0x00007fff81899000 	C:\Program Files (x86)\Common Files\Intel\OpenCL\bin\x64\tbb\tbb.dll
0x00007fff81630000 - 0x00007fff81824000 	C:\Windows\SYSTEM32\igdrcl64.dll
0x00007fff80040000 - 0x00007fff81622000 	C:\Windows\SYSTEM32\igdfcl64.dll
0x00007fff7ffe0000 - 0x00007fff8003f000 	C:\Windows\SYSTEM32\igdbcl64.dll

dbghelp: loaded successfully - version: 4.0.5 - missing functions: none
symbol engine: initialized successfully - sym options: 0x614 - pdb path: .;C:\Program Files\Java\jdk-20\bin;C:\Windows\SYSTEM32;C:\Program Files\Avast Software\Avast;C:\Windows\WinSxS\amd64_microsoft.windows.common-controls_6595b64144ccf1df_6.0.19041.3636_none_60b6a03d71f818d5;C:\Program Files\Java\jdk-20\bin\server;C:\Users\Elvis\Documents\NetBeansProjects\SofwareMatricula;C:\Program Files\Intel\Media SDK;C:\Program Files (x86)\Common Files\Intel\OpenCL\bin\x64;C:\Program Files (x86)\Common Files\Intel\OpenCL\bin\x64\tbb

VM Arguments:
jvm_args: -Dfile.encoding=UTF-8 --module-path=C:\Users\Elvis\Documents\NetBeansProjects\SofwareMatricula\build\classes 
java_command: SofwareAsistencia.controler.metodos.FaceRecognitionWithSave
java_class_path (initial): C:\Program Files\NetBeans-15\netbeans\java\modules\ext\AbsoluteLayout.jar;C:\Users\Elvis\Desktop\Software Farmacia\JarFiles_ProyectFarmacia\JarFiles_ProyectFarmacia\Librerias\Librerias\AbsoluteLayout.jar;C:\Users\Elvis\Downloads\opencv\build\java\opencv-480.jar;C:\Users\Elvis\Downloads\mysql-connector-j-8.2.0\mysql-connector-j-8.2.0.jar;C:\Users\Elvis\Downloads\libs\artoolkitplus-2.3.1-1.3-linux-ppc64le.jar;C:\Users\Elvis\Downloads\libs\artoolkitplus-2.3.1-1.3-linux-x86.jar;C:\Users\Elvis\Downloads\libs\artoolkitplus-2.3.1-1.3-macosx-x86_64.jar;C:\Users\Elvis\Downloads\libs\artoolkitplus-2.3.1-1.3.jar;C:\Users\Elvis\Downloads\libs\bridj-0.7.0.jar;C:\Users\Elvis\Downloads\libs\flandmark-1.07-1.3-macosx-x86_64.jar;C:\Users\Elvis\Downloads\libs\flandmark-1.07-1.3-windows-x86_64.jar;C:\Users\Elvis\Downloads\libs\flycapture-2.9.3.43-1.3-linux-x86_64.jar;C:\Users\Elvis\Downloads\libs\flycapture-2.9.3.43-1.3-windows-x86.jar;C:\Users\Elvis\Downloads\libs\flycapture-2.9.3.43-1.3.jar;C:\Users\Elvis\Downloads\libs\javacv-1.3.3.jar;C:\Users\Elvis\Downloads\libs\javacv-platform-1.3.3.jar;C:\Users\Elvis\Downloads\libs\libdc1394-2.2.4-1.3-windows-x86.jar;C:\Users\Elvis\Downloads\libs\libdc1394-platform-2.2.4-1.3.jar;C:\Users\Elvis\Downloads\libs\libfreenect-0.5.3-1.3-windows-x86.jar;C:\Users\Elvis\Downloads\libs\libfreenect2-0.2.0-1.3.jar;C:\Users\Elvis\Downloads\libs\opencv-3.2.0-1.3-linux-armhf.jar;C:\Users\Elvis\Downloads\libs\opencv-3.2.0-1.3-linux-x86_64.jar;C:\Users\Elvis\Downloads\libs\opencv-3.2.0-1.3-macosx-x86_64.jar;C:\Users\Elvis\Downloads\libs\opencv-3.2.0-1.3-windows-x86_64.jar;C:\Users\Elvis\Downloads\libs\opencv-platform-3.2.0-1.3.jar;C:\Users\Elvis\Downloads\libs\slf4j-api-1.7.2.jar;C:\Users\Elvis\Downloads\libs\v4l4j-0.9.1-r507.jar;C:\Users\Elvis\Downloads\libs\webcam-capture-0.3.12.jar;C:\Users\Elvis\Documents\NetBeansProjects\SofwareMatricula\build\classes
Launcher Type: SUN_STANDARD

[Global flags]
     intx CICompilerCount                          = 3                                         {product} {ergonomic}
     uint ConcGCThreads                            = 1                                         {product} {ergonomic}
     uint G1ConcRefinementThreads                  = 4                                         {product} {ergonomic}
   size_t G1HeapRegionSize                         = 1048576                                   {product} {ergonomic}
    uintx GCDrainStackTargetSize                   = 64                                        {product} {ergonomic}
   size_t InitialHeapSize                          = 134217728                                 {product} {ergonomic}
   size_t MarkStackSize                            = 4194304                                   {product} {ergonomic}
   size_t MaxHeapSize                              = 2122317824                                {product} {ergonomic}
   size_t MaxNewSize                               = 1272971264                                {product} {ergonomic}
   size_t MinHeapDeltaBytes                        = 1048576                                   {product} {ergonomic}
   size_t MinHeapSize                              = 8388608                                   {product} {ergonomic}
    uintx NonNMethodCodeHeapSize                   = 5832780                                {pd product} {ergonomic}
    uintx NonProfiledCodeHeapSize                  = 122912730                              {pd product} {ergonomic}
    uintx ProfiledCodeHeapSize                     = 122912730                              {pd product} {ergonomic}
    uintx ReservedCodeCacheSize                    = 251658240                              {pd product} {ergonomic}
     bool SegmentedCodeCache                       = true                                      {product} {ergonomic}
   size_t SoftMaxHeapSize                          = 2122317824                             {manageable} {ergonomic}
     bool UseCompressedClassPointers               = true                           {product lp64_product} {ergonomic}
     bool UseCompressedOops                        = true                           {product lp64_product} {ergonomic}
     bool UseG1GC                                  = true                                      {product} {ergonomic}
     bool UseLargePagesIndividualAllocation        = false                                  {pd product} {ergonomic}

Logging:
Log output configuration:
 #0: stdout all=off uptime,level,tags foldmultilines=false
 #1: stderr all=off uptime,level,tags foldmultilines=false

Environment Variables:
PATH=C:\Program Files (x86)\VMware\VMware Workstation\bin\;C:\Program Files\Microsoft MPI\Bin\;C:\Program Files\Common Files\Oracle\Java\javapath;C:\Program Files (x86)\Common Files\Oracle\Java\javapath;C:\Windows\system32;C:\Windows;C:\Windows\System32\Wbem;C:\Windows\System32\WindowsPowerShell\v1.0\;C:\Windows\System32\OpenSSH\;C:\Program Files\Git\cmd;C:\Program Files (x86)\Microsoft SQL Server\160\Tools\Binn\;C:\Program Files\Microsoft SQL Server\160\Tools\Binn\;C:\Program Files\Microsoft SQL Server\Client SDK\ODBC\170\Tools\Binn\;C:\Program Files\Microsoft SQL Server\160\DTS\Binn\;C:\Program Files (x86)\Microsoft SQL Server\160\DTS\Binn\;C:\Program Files\Azure Data Studio\bin;C:\ProgramData\chocolatey\bin;C:\Python\Python312\Scripts\;C:\Python\Python312\;C:\Users\Elvis\AppData\Local\Microsoft\WindowsApps;;C:\Users\Elvis\AppData\Local\Programs\Microsoft VS Code\bin;C:\Program Files\Azure Data Studio\bin;C:\Program Files\Azure Data Studio\bin;C:\Program Files\Azure Data Studio\bin
USERNAME=Elvis
OS=Windows_NT
PROCESSOR_IDENTIFIER=Intel64 Family 6 Model 58 Stepping 9, GenuineIntel
TMP=C:\Users\Elvis\AppData\Local\Temp
TEMP=C:\Users\Elvis\AppData\Local\Temp




---------------  S Y S T E M  ---------------

OS:
 Windows 10 , 64 bit Build 19041 (10.0.19041.3636)
OS uptime: 0 days 2:18 hours

CPU: total 4 (initial active 4) (2 cores per cpu, 2 threads per core) family 6 model 58 stepping 9 microcode 0x21, cx8, cmov, fxsr, ht, mmx, sse, sse2, sse3, ssse3, sse4.1, sse4.2, popcnt, tsc, tscinvbit, avx, aes, erms, clmul, vzeroupper, clflush, rdtscp, f16c

Memory: 4k page, system-wide physical 8095M (1657M free)
TotalPageFile size 10655M (AvailPageFile size 1626M)
current process WorkingSet (physical memory assigned to process): 115M, peak: 136M
current process commit charge ("private bytes"): 245M, peak: 272M

vm_info: Java HotSpot(TM) 64-Bit Server VM (20+36-2344) for windows-amd64 JRE (20+36-2344), built on 2023-02-10T19:30:15Z by "mach5one" with MS VC++ 17.1 (VS2022)

END.
