#
# A fatal error has been detected by the Java Runtime Environment:
#
#  EXCEPTION_ACCESS_VIOLATION (0xc0000005) at pc=0x00007fffc583faad, pid=11348, tid=5912
#
# JRE version: Java(TM) SE Runtime Environment (20.0+36) (build 20+36-2344)
# Java VM: Java HotSpot(TM) 64-Bit Server VM (20+36-2344, mixed mode, sharing, tiered, compressed oops, compressed class ptrs, g1 gc, windows-amd64)
# Problematic frame:
# C  [ntdll.dll+0x2faad]
#
# No core dump will be written. Minidumps are not enabled by default on client versions of Windows
#
# If you would like to submit a bug report, please visit:
#   https://bugreport.java.com/bugreport/crash.jsp
#

---------------  S U M M A R Y ------------

Command Line: -Dfile.encoding=UTF-8 --module-path=C:\Users\Elvis\Documents\NetBeansProjects\SofwareMatricula\build\classes SoftwareAsistencia.SoftwareMatriculaAppliation

Host: Intel(R) Core(TM) i5-3337U CPU @ 1.80GHz, 4 cores, 7G,  Windows 10 , 64 bit Build 19041 (10.0.19041.3636)
Time: Sat Nov 18 16:03:44 2023 Hora est. Pacífico, Sudamérica elapsed time: 13.810678 seconds (0d 0h 0m 13s)

---------------  T H R E A D  ---------------

Current thread (0x0000028f377b72d0):  VMThread "VM Thread" [stack: 0x000000d828100000,0x000000d828200000] [id=5912]

Stack: [0x000000d828100000,0x000000d828200000],  sp=0x000000d8281fef30,  free space=1019k
Native frames: (J=compiled Java code, j=interpreted, Vv=VM code, C=native code)
C  [ntdll.dll+0x2faad]
C  [igdrcl64.dll+0x36542]


siginfo: EXCEPTION_ACCESS_VIOLATION (0xc0000005), writing address 0x0000000000000018


Registers:
RAX=0x000000d827691000, RBX=0x0000000000000000, RCX=0x0000000000000010, RDX=0x0000028f3c4fcf00
RSP=0x000000d8281fef30, RBP=0x0000028f3d976648, RSI=0x0000000000000010, RDI=0x0000028f3c4fcf00
R8 =0x0000000000000032, R9 =0x0000000000000032, R10=0x0000000000000032, R11=0x000000d8281fef70
R12=0x00007fff819a623c, R13=0x00007fff4c8dea90, R14=0x000080dfd40149f7, R15=0x0000028f3d975f10
RIP=0x00007fffc583faad, EFLAGS=0x0000000000010206


Register to memory mapping:

RIP=0x00007fffc583faad ntdll.dll
RAX=0x000000d827691000 points into unknown readable memory: 0x0000000000000000 | 00 00 00 00 00 00 00 00
RBX=0x0 is NULL
RCX=0x0000000000000010 is an unknown value
RDX=0x0000028f3c4fcf00 points into unknown readable memory: 0x00007fff7e9cffa0 | a0 ff 9c 7e ff 7f 00 00
RSP=0x000000d8281fef30 points into unknown readable memory: 0x0000028f194e0000 | 00 00 4e 19 8f 02 00 00
RBP=0x0000028f3d976648 points into unknown readable memory: 0x000080dfd40149f7 | f7 49 01 d4 df 80 00 00
RSI=0x0000000000000010 is an unknown value
RDI=0x0000028f3c4fcf00 points into unknown readable memory: 0x00007fff7e9cffa0 | a0 ff 9c 7e ff 7f 00 00
R8 =0x0000000000000032 is an unknown value
R9 =0x0000000000000032 is an unknown value
R10=0x0000000000000032 is an unknown value
R11=0x000000d8281fef70 points into unknown readable memory: 0x000080dfd40149f7 | f7 49 01 d4 df 80 00 00
R12=0x00007fff819a623c opencv_java480.dll
R13=0x00007fff4c8dea90 jvm.dll
R14=0x000080dfd40149f7 is an unknown value
R15=0x0000028f3d975f10 points into unknown readable memory: 0x300080e02bc184d9 | d9 84 c1 2b e0 80 00 30


Top of Stack: (sp=0x000000d8281fef30)
0x000000d8281fef30:   0000028f194e0000 000080dfd40149f7
0x000000d8281fef40:   00007fff4c8dea90 00007fff819a623c
0x000000d8281fef50:   0000028f3c1e1bf0 00007fff7e826542
0x000000d8281fef60:   00008007fc1ea7e7 000080df0000001d
0x000000d8281fef70:   000080dfd40149f7 0000028f3d4e8ee0
0x000000d8281fef80:   0000028f3bd32900 00007fff7e821145
0x000000d8281fef90:   0000028f194e0000 0000028f3c4fcf00
0x000000d8281fefa0:   000000d8281ff120 0000000000000000
0x000000d8281fefb0:   0000028f3d4e8ee0 00007fff80cac109
0x000000d8281fefc0:   0000028f3bd32780 000080dfd40149f7
0x000000d8281fefd0:   00007fff4c8dea90 00007fff819a623c
0x000000d8281fefe0:   0000028f3c3404e0 00007fffc58347b1
0x000000d8281feff0:   0000028f3bd32780 0000028f195e0000
0x000000d8281ff000:   0000028f3d976648 0000000000000000
0x000000d8281ff010:   0000000000000000 00008007fc1ea637
0x000000d8281ff020:   0000028f3d4e8ee0 00007fff80c94061
0x000000d8281ff030:   00007fff8255cd48 0000028f3d4e8ed0
0x000000d8281ff040:   0000028f3c61da90 0000028f3c3405b0
0x000000d8281ff050:   00000000ffffffff 00007fff81ad8ac0
0x000000d8281ff060:   0000028f3d4e8ee0 0000028f3d4e8ed0
0x000000d8281ff070:   000000d8281ff120 0000028f3bd446f0
0x000000d8281ff080:   0000028f3d976630 00007fff819f442f
0x000000d8281ff090:   0000028f3d975f10 00007fffc5810000
0x000000d8281ff0a0:   0000000000000001 0000028f3c4e49a0
0x000000d8281ff0b0:   0000000000000001 00007fff7f5a0000
0x000000d8281ff0c0:   000000d8281ff120 00007fff819f41dd
0x000000d8281ff0d0:   000000d8281ff150 000000d8281ff1f0
0x000000d8281ff0e0:   0000000000000001 0000028f195e0000
0x000000d8281ff0f0:   000000d8281ff1d0 00007fff819f4501
0x000000d8281ff100:   000000d8281ff1d0 0000000000000019
0x000000d8281ff110:   0000000000000000 000000d8281ff150
0x000000d8281ff120:   000000d8281ff140 00007fffb9ea5bc8 

Instructions: (pc=0x00007fffc583faad)
0x00007fffc583f9ad:   48 b8 7f 7f 7f 7f 7f 7f 7f 7f 41 8b c8 48 0b cb
0x00007fffc583f9bd:   48 23 c8 83 e6 1f 49 89 8c f4 40 a5 16 00 48 81
0x00007fffc583f9cd:   c4 98 00 00 00 41 5f 41 5e 41 5d 41 5c 5f 5e 5b
0x00007fffc583f9dd:   5d c3 cc 33 d2 41 8b c6 41 f7 f0 44 8b c8 e9 d6
0x00007fffc583f9ed:   fc ff ff 41 8d 57 ff 41 85 d7 0f 84 13 38 08 00
0x00007fffc583f9fd:   41 b8 00 10 00 00 41 b9 ff ff 00 00 e9 3c 38 08
0x00007fffc583fa0d:   00 cc cc cc cc cc cc 48 8b c4 48 89 58 08 48 89
0x00007fffc583fa1d:   68 10 48 89 70 18 48 89 78 20 41 56 48 83 ec 20
0x00007fffc583fa2d:   40 8a ea 4c 8d 35 99 d1 13 00 48 8b f1 33 db 48
0x00007fffc583fa3d:   8d 0d 9d d1 13 00 e8 58 00 00 00 4c 8b 05 81 d1
0x00007fffc583fa4d:   13 00 4d 3b c6 0f 85 08 3b 08 00 48 85 db 75 33
0x00007fffc583fa5d:   48 8d 0d 7c d1 13 00 e8 c7 f7 ff ff 48 85 db 0f
0x00007fffc583fa6d:   85 23 3b 08 00 33 c0 48 8b 5c 24 30 48 8b 6c 24
0x00007fffc583fa7d:   38 48 8b 74 24 40 48 8b 7c 24 48 48 83 c4 20 41
0x00007fffc583fa8d:   5e c3 cc f0 ff 43 3c eb c7 cc cc cc cc cc cc cc
0x00007fffc583fa9d:   cc cc cc 48 83 ec 28 65 48 8b 04 25 30 00 00 00
0x00007fffc583faad:   f0 0f ba 71 08 00 48 8b 40 48 73 13 48 89 41 10
0x00007fffc583fabd:   33 c0 c7 41 0c 01 00 00 00 48 83 c4 28 c3 cc 48
0x00007fffc583facd:   39 41 10 75 0b ff 41 0c 33 c0 48 83 c4 28 c3 cc
0x00007fffc583fadd:   e8 0e 00 00 00 eb e2 cc cc cc cc cc cc cc cc cc
0x00007fffc583faed:   cc cc cc 48 89 5c 24 18 55 56 57 41 54 41 55 41
0x00007fffc583fafd:   56 41 57 48 83 ec 20 8b 41 20 48 8b f1 48 0f ba
0x00007fffc583fb0d:   e0 1a 0f 82 df 01 00 00 33 ff 40 32 ed 66 83 3c
0x00007fffc583fb1d:   25 6a 03 fe 7f 01 76 19 48 8b 7e 20 48 8b c7 81
0x00007fffc583fb2d:   e7 ff ff ff 00 25 00 00 00 02 48 85 c0 40 0f 95
0x00007fffc583fb3d:   c5 45 32 ff b0 01 45 32 e4 41 bd 01 00 00 00 45
0x00007fffc583fb4d:   33 c0 ba 6a 03 fe 7f 84 c0 0f 84 14 01 00 00 8b
0x00007fffc583fb5d:   46 08 4c 8d 4e 08 45 84 e4 41 be 03 00 00 00 45
0x00007fffc583fb6d:   0f 44 f5 41 84 c5 0f 85 e2 00 00 00 8d 0c bf 03
0x00007fffc583fb7d:   c9 66 44 39 2a 0f 86 e8 00 00 00 4d 85 c9 74 0e
0x00007fffc583fb8d:   80 3c 25 97 02 fe 7f 00 0f 85 29 3a 08 00 0f b7
0x00007fffc583fb9d:   1c 25 d6 02 fe 7f 83 fb 0c 0f 85 a2 00 00 00 b8 


Stack slot to memory mapping:
stack at sp + 0 slots: 0x0000028f194e0000 points into unknown readable memory: 0x0000000000000000 | 00 00 00 00 00 00 00 00
stack at sp + 1 slots: 0x000080dfd40149f7 is an unknown value
stack at sp + 2 slots: 0x00007fff4c8dea90 jvm.dll
stack at sp + 3 slots: 0x00007fff819a623c opencv_java480.dll
stack at sp + 4 slots: 0x0000028f3c1e1bf0 points into unknown readable memory: 0x0000028f3c1e1bf0 | f0 1b 1e 3c 8f 02 00 00
stack at sp + 5 slots: 0x00007fff7e826542 igdrcl64.dll
stack at sp + 6 slots: 0x00008007fc1ea7e7 is an unknown value
stack at sp + 7 slots: 0x000080df0000001d is an unknown value

VM_Operation (0x000000d8290fe4a0): Exit, mode: safepoint, requested by thread 0x0000028f3c050300


---------------  P R O C E S S  ---------------

Threads class SMR info:
_java_thread_list=0x0000028f3d5347b0, length=16, elements={
0x0000028f377d70e0, 0x0000028f377d7fb0, 0x0000028f377e0650, 0x0000028f377e6280,
0x0000028f377e3fb0, 0x0000028f377e48f0, 0x0000028f377ef170, 0x0000028f377f4300,
0x0000028f377a2da0, 0x0000028f3bde5bd0, 0x0000028f3bf60140, 0x0000028f3bf618e0,
0x0000028f3c050300, 0x0000028f196de7b0, 0x0000028f3c7fbc40, 0x0000028f3c7fb1a0
}

Java Threads: ( => current thread )
  0x0000028f377d70e0 JavaThread "Reference Handler" daemon [_thread_blocked, id=12280, stack(0x000000d828200000,0x000000d828300000)]
  0x0000028f377d7fb0 JavaThread "Finalizer" daemon [_thread_blocked, id=10804, stack(0x000000d828300000,0x000000d828400000)]
  0x0000028f377e0650 JavaThread "Signal Dispatcher" daemon [_thread_blocked, id=2292, stack(0x000000d828400000,0x000000d828500000)]
  0x0000028f377e6280 JavaThread "Attach Listener" daemon [_thread_blocked, id=10772, stack(0x000000d828500000,0x000000d828600000)]
  0x0000028f377e3fb0 JavaThread "Service Thread" daemon [_thread_blocked, id=4280, stack(0x000000d828600000,0x000000d828700000)]
  0x0000028f377e48f0 JavaThread "Monitor Deflation Thread" daemon [_thread_blocked, id=8476, stack(0x000000d828700000,0x000000d828800000)]
  0x0000028f377ef170 JavaThread "C2 CompilerThread0" daemon [_thread_blocked, id=8432, stack(0x000000d828800000,0x000000d828900000)]
  0x0000028f377f4300 JavaThread "C1 CompilerThread0" daemon [_thread_blocked, id=2780, stack(0x000000d828900000,0x000000d828a00000)]
  0x0000028f377a2da0 JavaThread "Common-Cleaner" daemon [_thread_blocked, id=1568, stack(0x000000d828a00000,0x000000d828b00000)]
  0x0000028f3bde5bd0 JavaThread "Notification Thread" daemon [_thread_blocked, id=9576, stack(0x000000d828b00000,0x000000d828c00000)]
  0x0000028f3bf60140 JavaThread "Java2D Disposer" daemon [_thread_blocked, id=2124, stack(0x000000d828d00000,0x000000d828e00000)]
  0x0000028f3bf618e0 JavaThread "AWT-Shutdown" [_thread_blocked, id=860, stack(0x000000d828e00000,0x000000d828f00000)]
  0x0000028f3c050300 JavaThread "AWT-EventQueue-0" [_thread_blocked, id=6132, stack(0x000000d829000000,0x000000d829100000)]
  0x0000028f196de7b0 JavaThread "DestroyJavaVM" [_thread_blocked, id=8816, stack(0x000000d827b00000,0x000000d827c00000)]
  0x0000028f3c7fbc40 JavaThread "mysql-cj-abandoned-connection-cleanup" daemon [_thread_blocked, id=11628, stack(0x000000d829b00000,0x000000d829c00000)]
  0x0000028f3c7fb1a0 JavaThread "TimerQueue" daemon [_thread_blocked, id=2616, stack(0x000000d829c00000,0x000000d829d00000)]

Other Threads:
=>0x0000028f377b72d0 VMThread "VM Thread" [stack: 0x000000d828100000,0x000000d828200000] [id=5912]
  0x0000028f1b714560 WorkerThread "GC Thread#0" [stack: 0x000000d827c00000,0x000000d827d00000] [id=2404]
  0x0000028f3c338d40 WorkerThread "GC Thread#1" [stack: 0x000000d829700000,0x000000d829800000] [id=6900]
  0x0000028f3c339880 WorkerThread "GC Thread#2" [stack: 0x000000d829800000,0x000000d829900000] [id=8116]
  0x0000028f3c33a690 WorkerThread "GC Thread#3" [stack: 0x000000d829900000,0x000000d829a00000] [id=4420]
  0x0000028f1b725080 ConcurrentGCThread "G1 Main Marker" terminated
  0x0000028f1b726c40 WorkerThread "G1 Conc#0" [stack: 0x000000d827e00000,0x000000d827f00000] [id=10648]
  0x0000028f1b77e5b0 ConcurrentGCThread "G1 Refine#0" terminated
  0x0000028f376680e0 ConcurrentGCThread "G1 Service" terminated

Threads with active compile tasks:

VM state: at safepoint (shutting down)

VM Mutex/Monitor currently owned by a thread:  ([mutex/lock_event])
[0x0000028f1b6b5580] Threads_lock - owner thread: 0x0000028f377b72d0
[0x0000028f1b6b4b60] Heap_lock - owner thread: 0x0000028f3c050300

Heap address: 0x0000000081800000, size: 2024 MB, Compressed Oops mode: 32-bit

CDS archive(s) mapped at: [0x0000000800000000-0x0000000800c60000-0x0000000800c60000), size 12976128, SharedBaseAddress: 0x0000000800000000, ArchiveRelocationMode: 0.
Compressed class space mapped at: 0x0000000801000000-0x0000000841000000, reserved size: 1073741824
Narrow klass base: 0x0000000800000000, Narrow klass shift: 0, Narrow klass range: 0x100000000

GC Precious Log:
 CardTable entry size: 512
 Card Set container configuration: InlinePtr #cards 5 size 8 Array Of Cards #cards 12 size 40 Howl #buckets 4 coarsen threshold 1843 Howl Bitmap #cards 512 size 80 coarsen threshold 460 Card regions per heap region 1 cards per card region 2048
 CPUs: 4 total, 4 available
 Memory: 8095M
 Large Page Support: Disabled
 NUMA Support: Disabled
 Compressed Oops: Enabled (32-bit)
 Heap Region Size: 1M
 Heap Min Capacity: 8M
 Heap Initial Capacity: 128M
 Heap Max Capacity: 2024M
 Pre-touch: Disabled
 Parallel Workers: 4
 Concurrent Workers: 1
 Concurrent Refinement Workers: 4
 Periodic GC: Disabled

Heap:
 garbage-first heap   total 131072K, used 29132K [0x0000000081800000, 0x0000000100000000)
  region size 1024K, 23 young (23552K), 2 survivors (2048K)
 Metaspace       used 13298K, committed 13504K, reserved 1114112K
  class space    used 1356K, committed 1472K, reserved 1048576K

Heap Regions: E=young(eden), S=young(survivor), O=old, HS=humongous(starts), HC=humongous(continues), CS=collection set, F=free, OA=open archive, CA=closed archive, TAMS=top-at-mark-start, PB=parsable bottom
|   0|0x0000000081800000, 0x0000000081900000, 0x0000000081900000|100%| O|  |TAMS 0x0000000081800000| PB 0x0000000081800000| Untracked 
|   1|0x0000000081900000, 0x0000000081a00000, 0x0000000081a00000|100%| O|  |TAMS 0x0000000081900000| PB 0x0000000081900000| Untracked 
|   2|0x0000000081a00000, 0x0000000081b00000, 0x0000000081b00000|100%| O|  |TAMS 0x0000000081a00000| PB 0x0000000081a00000| Untracked 
|   3|0x0000000081b00000, 0x0000000081bd0000, 0x0000000081c00000| 81%| O|  |TAMS 0x0000000081b00000| PB 0x0000000081b00000| Untracked 
|   4|0x0000000081c00000, 0x0000000081d00000, 0x0000000081d00000|100%|HS|  |TAMS 0x0000000081c00000| PB 0x0000000081c00000| Complete 
|   5|0x0000000081d00000, 0x0000000081e00000, 0x0000000081e00000|100%|HS|  |TAMS 0x0000000081d00000| PB 0x0000000081d00000| Complete 
|   6|0x0000000081e00000, 0x0000000081f00000, 0x0000000081f00000|100%|HS|  |TAMS 0x0000000081e00000| PB 0x0000000081e00000| Complete 
|   7|0x0000000081f00000, 0x0000000082000000, 0x0000000082000000|100%|HC|  |TAMS 0x0000000081f00000| PB 0x0000000081f00000| Complete 
|   8|0x0000000082000000, 0x0000000082000000, 0x0000000082100000|  0%| F|  |TAMS 0x0000000082000000| PB 0x0000000082000000| Untracked 
|   9|0x0000000082100000, 0x0000000082100000, 0x0000000082200000|  0%| F|  |TAMS 0x0000000082100000| PB 0x0000000082100000| Untracked 
|  10|0x0000000082200000, 0x0000000082200000, 0x0000000082300000|  0%| F|  |TAMS 0x0000000082200000| PB 0x0000000082200000| Untracked 
|  11|0x0000000082300000, 0x0000000082300000, 0x0000000082400000|  0%| F|  |TAMS 0x0000000082300000| PB 0x0000000082300000| Untracked 
|  12|0x0000000082400000, 0x0000000082400000, 0x0000000082500000|  0%| F|  |TAMS 0x0000000082400000| PB 0x0000000082400000| Untracked 
|  13|0x0000000082500000, 0x0000000082500000, 0x0000000082600000|  0%| F|  |TAMS 0x0000000082500000| PB 0x0000000082500000| Untracked 
|  14|0x0000000082600000, 0x0000000082600000, 0x0000000082700000|  0%| F|  |TAMS 0x0000000082600000| PB 0x0000000082600000| Untracked 
|  15|0x0000000082700000, 0x0000000082700000, 0x0000000082800000|  0%| F|  |TAMS 0x0000000082700000| PB 0x0000000082700000| Untracked 
|  16|0x0000000082800000, 0x0000000082800000, 0x0000000082900000|  0%| F|  |TAMS 0x0000000082800000| PB 0x0000000082800000| Untracked 
|  17|0x0000000082900000, 0x0000000082900000, 0x0000000082a00000|  0%| F|  |TAMS 0x0000000082900000| PB 0x0000000082900000| Untracked 
|  18|0x0000000082a00000, 0x0000000082a00000, 0x0000000082b00000|  0%| F|  |TAMS 0x0000000082a00000| PB 0x0000000082a00000| Untracked 
|  19|0x0000000082b00000, 0x0000000082b00000, 0x0000000082c00000|  0%| F|  |TAMS 0x0000000082b00000| PB 0x0000000082b00000| Untracked 
|  20|0x0000000082c00000, 0x0000000082c00000, 0x0000000082d00000|  0%| F|  |TAMS 0x0000000082c00000| PB 0x0000000082c00000| Untracked 
|  21|0x0000000082d00000, 0x0000000082d00000, 0x0000000082e00000|  0%| F|  |TAMS 0x0000000082d00000| PB 0x0000000082d00000| Untracked 
|  22|0x0000000082e00000, 0x0000000082e00000, 0x0000000082f00000|  0%| F|  |TAMS 0x0000000082e00000| PB 0x0000000082e00000| Untracked 
|  23|0x0000000082f00000, 0x0000000082f00000, 0x0000000083000000|  0%| F|  |TAMS 0x0000000082f00000| PB 0x0000000082f00000| Untracked 
|  24|0x0000000083000000, 0x0000000083000000, 0x0000000083100000|  0%| F|  |TAMS 0x0000000083000000| PB 0x0000000083000000| Untracked 
|  25|0x0000000083100000, 0x0000000083100000, 0x0000000083200000|  0%| F|  |TAMS 0x0000000083100000| PB 0x0000000083100000| Untracked 
|  26|0x0000000083200000, 0x0000000083200000, 0x0000000083300000|  0%| F|  |TAMS 0x0000000083200000| PB 0x0000000083200000| Untracked 
|  27|0x0000000083300000, 0x0000000083300000, 0x0000000083400000|  0%| F|  |TAMS 0x0000000083300000| PB 0x0000000083300000| Untracked 
|  28|0x0000000083400000, 0x0000000083400000, 0x0000000083500000|  0%| F|  |TAMS 0x0000000083400000| PB 0x0000000083400000| Untracked 
|  29|0x0000000083500000, 0x0000000083500000, 0x0000000083600000|  0%| F|  |TAMS 0x0000000083500000| PB 0x0000000083500000| Untracked 
|  30|0x0000000083600000, 0x0000000083600000, 0x0000000083700000|  0%| F|  |TAMS 0x0000000083600000| PB 0x0000000083600000| Untracked 
|  31|0x0000000083700000, 0x0000000083700000, 0x0000000083800000|  0%| F|  |TAMS 0x0000000083700000| PB 0x0000000083700000| Untracked 
|  32|0x0000000083800000, 0x0000000083800000, 0x0000000083900000|  0%| F|  |TAMS 0x0000000083800000| PB 0x0000000083800000| Untracked 
|  33|0x0000000083900000, 0x0000000083900000, 0x0000000083a00000|  0%| F|  |TAMS 0x0000000083900000| PB 0x0000000083900000| Untracked 
|  34|0x0000000083a00000, 0x0000000083a00000, 0x0000000083b00000|  0%| F|  |TAMS 0x0000000083a00000| PB 0x0000000083a00000| Untracked 
|  35|0x0000000083b00000, 0x0000000083b00000, 0x0000000083c00000|  0%| F|  |TAMS 0x0000000083b00000| PB 0x0000000083b00000| Untracked 
|  36|0x0000000083c00000, 0x0000000083c00000, 0x0000000083d00000|  0%| F|  |TAMS 0x0000000083c00000| PB 0x0000000083c00000| Untracked 
|  37|0x0000000083d00000, 0x0000000083d00000, 0x0000000083e00000|  0%| F|  |TAMS 0x0000000083d00000| PB 0x0000000083d00000| Untracked 
|  38|0x0000000083e00000, 0x0000000083e00000, 0x0000000083f00000|  0%| F|  |TAMS 0x0000000083e00000| PB 0x0000000083e00000| Untracked 
|  39|0x0000000083f00000, 0x0000000083f00000, 0x0000000084000000|  0%| F|  |TAMS 0x0000000083f00000| PB 0x0000000083f00000| Untracked 
|  40|0x0000000084000000, 0x0000000084000000, 0x0000000084100000|  0%| F|  |TAMS 0x0000000084000000| PB 0x0000000084000000| Untracked 
|  41|0x0000000084100000, 0x0000000084100000, 0x0000000084200000|  0%| F|  |TAMS 0x0000000084100000| PB 0x0000000084100000| Untracked 
|  42|0x0000000084200000, 0x0000000084200000, 0x0000000084300000|  0%| F|  |TAMS 0x0000000084200000| PB 0x0000000084200000| Untracked 
|  43|0x0000000084300000, 0x0000000084300000, 0x0000000084400000|  0%| F|  |TAMS 0x0000000084300000| PB 0x0000000084300000| Untracked 
|  44|0x0000000084400000, 0x0000000084400000, 0x0000000084500000|  0%| F|  |TAMS 0x0000000084400000| PB 0x0000000084400000| Untracked 
|  45|0x0000000084500000, 0x0000000084500000, 0x0000000084600000|  0%| F|  |TAMS 0x0000000084500000| PB 0x0000000084500000| Untracked 
|  46|0x0000000084600000, 0x0000000084600000, 0x0000000084700000|  0%| F|  |TAMS 0x0000000084600000| PB 0x0000000084600000| Untracked 
|  47|0x0000000084700000, 0x0000000084700000, 0x0000000084800000|  0%| F|  |TAMS 0x0000000084700000| PB 0x0000000084700000| Untracked 
|  48|0x0000000084800000, 0x0000000084800000, 0x0000000084900000|  0%| F|  |TAMS 0x0000000084800000| PB 0x0000000084800000| Untracked 
|  49|0x0000000084900000, 0x0000000084900000, 0x0000000084a00000|  0%| F|  |TAMS 0x0000000084900000| PB 0x0000000084900000| Untracked 
|  50|0x0000000084a00000, 0x0000000084a00000, 0x0000000084b00000|  0%| F|  |TAMS 0x0000000084a00000| PB 0x0000000084a00000| Untracked 
|  51|0x0000000084b00000, 0x0000000084b00000, 0x0000000084c00000|  0%| F|  |TAMS 0x0000000084b00000| PB 0x0000000084b00000| Untracked 
|  52|0x0000000084c00000, 0x0000000084c00000, 0x0000000084d00000|  0%| F|  |TAMS 0x0000000084c00000| PB 0x0000000084c00000| Untracked 
|  53|0x0000000084d00000, 0x0000000084d00000, 0x0000000084e00000|  0%| F|  |TAMS 0x0000000084d00000| PB 0x0000000084d00000| Untracked 
|  54|0x0000000084e00000, 0x0000000084e00000, 0x0000000084f00000|  0%| F|  |TAMS 0x0000000084e00000| PB 0x0000000084e00000| Untracked 
|  55|0x0000000084f00000, 0x0000000084f00000, 0x0000000085000000|  0%| F|  |TAMS 0x0000000084f00000| PB 0x0000000084f00000| Untracked 
|  56|0x0000000085000000, 0x0000000085000000, 0x0000000085100000|  0%| F|  |TAMS 0x0000000085000000| PB 0x0000000085000000| Untracked 
|  57|0x0000000085100000, 0x0000000085100000, 0x0000000085200000|  0%| F|  |TAMS 0x0000000085100000| PB 0x0000000085100000| Untracked 
|  58|0x0000000085200000, 0x0000000085200000, 0x0000000085300000|  0%| F|  |TAMS 0x0000000085200000| PB 0x0000000085200000| Untracked 
|  59|0x0000000085300000, 0x0000000085300000, 0x0000000085400000|  0%| F|  |TAMS 0x0000000085300000| PB 0x0000000085300000| Untracked 
|  60|0x0000000085400000, 0x0000000085400000, 0x0000000085500000|  0%| F|  |TAMS 0x0000000085400000| PB 0x0000000085400000| Untracked 
|  61|0x0000000085500000, 0x0000000085500000, 0x0000000085600000|  0%| F|  |TAMS 0x0000000085500000| PB 0x0000000085500000| Untracked 
|  62|0x0000000085600000, 0x0000000085600000, 0x0000000085700000|  0%| F|  |TAMS 0x0000000085600000| PB 0x0000000085600000| Untracked 
|  63|0x0000000085700000, 0x0000000085700000, 0x0000000085800000|  0%| F|  |TAMS 0x0000000085700000| PB 0x0000000085700000| Untracked 
|  64|0x0000000085800000, 0x0000000085800000, 0x0000000085900000|  0%| F|  |TAMS 0x0000000085800000| PB 0x0000000085800000| Untracked 
|  65|0x0000000085900000, 0x0000000085900000, 0x0000000085a00000|  0%| F|  |TAMS 0x0000000085900000| PB 0x0000000085900000| Untracked 
|  66|0x0000000085a00000, 0x0000000085a00000, 0x0000000085b00000|  0%| F|  |TAMS 0x0000000085a00000| PB 0x0000000085a00000| Untracked 
|  67|0x0000000085b00000, 0x0000000085b00000, 0x0000000085c00000|  0%| F|  |TAMS 0x0000000085b00000| PB 0x0000000085b00000| Untracked 
|  68|0x0000000085c00000, 0x0000000085c00000, 0x0000000085d00000|  0%| F|  |TAMS 0x0000000085c00000| PB 0x0000000085c00000| Untracked 
|  69|0x0000000085d00000, 0x0000000085d00000, 0x0000000085e00000|  0%| F|  |TAMS 0x0000000085d00000| PB 0x0000000085d00000| Untracked 
|  70|0x0000000085e00000, 0x0000000085e00000, 0x0000000085f00000|  0%| F|  |TAMS 0x0000000085e00000| PB 0x0000000085e00000| Untracked 
|  71|0x0000000085f00000, 0x0000000085f00000, 0x0000000086000000|  0%| F|  |TAMS 0x0000000085f00000| PB 0x0000000085f00000| Untracked 
|  72|0x0000000086000000, 0x0000000086000000, 0x0000000086100000|  0%| F|  |TAMS 0x0000000086000000| PB 0x0000000086000000| Untracked 
|  73|0x0000000086100000, 0x0000000086100000, 0x0000000086200000|  0%| F|  |TAMS 0x0000000086100000| PB 0x0000000086100000| Untracked 
|  74|0x0000000086200000, 0x0000000086200000, 0x0000000086300000|  0%| F|  |TAMS 0x0000000086200000| PB 0x0000000086200000| Untracked 
|  75|0x0000000086300000, 0x0000000086300000, 0x0000000086400000|  0%| F|  |TAMS 0x0000000086300000| PB 0x0000000086300000| Untracked 
|  76|0x0000000086400000, 0x0000000086400000, 0x0000000086500000|  0%| F|  |TAMS 0x0000000086400000| PB 0x0000000086400000| Untracked 
|  77|0x0000000086500000, 0x0000000086500000, 0x0000000086600000|  0%| F|  |TAMS 0x0000000086500000| PB 0x0000000086500000| Untracked 
|  78|0x0000000086600000, 0x0000000086600000, 0x0000000086700000|  0%| F|  |TAMS 0x0000000086600000| PB 0x0000000086600000| Untracked 
|  79|0x0000000086700000, 0x0000000086700000, 0x0000000086800000|  0%| F|  |TAMS 0x0000000086700000| PB 0x0000000086700000| Untracked 
|  80|0x0000000086800000, 0x0000000086800000, 0x0000000086900000|  0%| F|  |TAMS 0x0000000086800000| PB 0x0000000086800000| Untracked 
|  81|0x0000000086900000, 0x0000000086900000, 0x0000000086a00000|  0%| F|  |TAMS 0x0000000086900000| PB 0x0000000086900000| Untracked 
|  82|0x0000000086a00000, 0x0000000086a00000, 0x0000000086b00000|  0%| F|  |TAMS 0x0000000086a00000| PB 0x0000000086a00000| Untracked 
|  83|0x0000000086b00000, 0x0000000086b00000, 0x0000000086c00000|  0%| F|  |TAMS 0x0000000086b00000| PB 0x0000000086b00000| Untracked 
|  84|0x0000000086c00000, 0x0000000086c00000, 0x0000000086d00000|  0%| F|  |TAMS 0x0000000086c00000| PB 0x0000000086c00000| Untracked 
|  85|0x0000000086d00000, 0x0000000086d00000, 0x0000000086e00000|  0%| F|  |TAMS 0x0000000086d00000| PB 0x0000000086d00000| Untracked 
|  86|0x0000000086e00000, 0x0000000086e00000, 0x0000000086f00000|  0%| F|  |TAMS 0x0000000086e00000| PB 0x0000000086e00000| Untracked 
|  87|0x0000000086f00000, 0x0000000086f00000, 0x0000000087000000|  0%| F|  |TAMS 0x0000000086f00000| PB 0x0000000086f00000| Untracked 
|  88|0x0000000087000000, 0x0000000087000000, 0x0000000087100000|  0%| F|  |TAMS 0x0000000087000000| PB 0x0000000087000000| Untracked 
|  89|0x0000000087100000, 0x0000000087100000, 0x0000000087200000|  0%| F|  |TAMS 0x0000000087100000| PB 0x0000000087100000| Untracked 
|  90|0x0000000087200000, 0x0000000087200000, 0x0000000087300000|  0%| F|  |TAMS 0x0000000087200000| PB 0x0000000087200000| Untracked 
|  91|0x0000000087300000, 0x0000000087300000, 0x0000000087400000|  0%| F|  |TAMS 0x0000000087300000| PB 0x0000000087300000| Untracked 
|  92|0x0000000087400000, 0x0000000087400000, 0x0000000087500000|  0%| F|  |TAMS 0x0000000087400000| PB 0x0000000087400000| Untracked 
|  93|0x0000000087500000, 0x0000000087500000, 0x0000000087600000|  0%| F|  |TAMS 0x0000000087500000| PB 0x0000000087500000| Untracked 
|  94|0x0000000087600000, 0x0000000087600000, 0x0000000087700000|  0%| F|  |TAMS 0x0000000087600000| PB 0x0000000087600000| Untracked 
|  95|0x0000000087700000, 0x0000000087700000, 0x0000000087800000|  0%| F|  |TAMS 0x0000000087700000| PB 0x0000000087700000| Untracked 
|  96|0x0000000087800000, 0x0000000087800000, 0x0000000087900000|  0%| F|  |TAMS 0x0000000087800000| PB 0x0000000087800000| Untracked 
|  97|0x0000000087900000, 0x0000000087900000, 0x0000000087a00000|  0%| F|  |TAMS 0x0000000087900000| PB 0x0000000087900000| Untracked 
|  98|0x0000000087a00000, 0x0000000087a00000, 0x0000000087b00000|  0%| F|  |TAMS 0x0000000087a00000| PB 0x0000000087a00000| Untracked 
|  99|0x0000000087b00000, 0x0000000087b00000, 0x0000000087c00000|  0%| F|  |TAMS 0x0000000087b00000| PB 0x0000000087b00000| Untracked 
| 100|0x0000000087c00000, 0x0000000087c00000, 0x0000000087d00000|  0%| F|  |TAMS 0x0000000087c00000| PB 0x0000000087c00000| Untracked 
| 101|0x0000000087d00000, 0x0000000087d00000, 0x0000000087e00000|  0%| F|  |TAMS 0x0000000087d00000| PB 0x0000000087d00000| Untracked 
| 102|0x0000000087e00000, 0x0000000087e00000, 0x0000000087f00000|  0%| F|  |TAMS 0x0000000087e00000| PB 0x0000000087e00000| Untracked 
| 103|0x0000000087f00000, 0x0000000087f00000, 0x0000000088000000|  0%| F|  |TAMS 0x0000000087f00000| PB 0x0000000087f00000| Untracked 
| 104|0x0000000088000000, 0x0000000088000000, 0x0000000088100000|  0%| F|  |TAMS 0x0000000088000000| PB 0x0000000088000000| Untracked 
| 105|0x0000000088100000, 0x00000000881e1030, 0x0000000088200000| 87%| E|  |TAMS 0x0000000088100000| PB 0x0000000088100000| Complete 
| 106|0x0000000088200000, 0x00000000882fa9e0, 0x0000000088300000| 97%| E|  |TAMS 0x0000000088200000| PB 0x0000000088200000| Complete 
| 107|0x0000000088300000, 0x0000000088400000, 0x0000000088400000|100%| E|CS|TAMS 0x0000000088300000| PB 0x0000000088300000| Complete 
| 108|0x0000000088400000, 0x0000000088500000, 0x0000000088500000|100%| E|CS|TAMS 0x0000000088400000| PB 0x0000000088400000| Complete 
| 109|0x0000000088500000, 0x0000000088600000, 0x0000000088600000|100%| E|CS|TAMS 0x0000000088500000| PB 0x0000000088500000| Complete 
| 110|0x0000000088600000, 0x0000000088700000, 0x0000000088700000|100%| E|CS|TAMS 0x0000000088600000| PB 0x0000000088600000| Complete 
| 111|0x0000000088700000, 0x00000000887a3020, 0x0000000088800000| 63%| S|CS|TAMS 0x0000000088700000| PB 0x0000000088700000| Complete 
| 112|0x0000000088800000, 0x0000000088900000, 0x0000000088900000|100%| S|CS|TAMS 0x0000000088800000| PB 0x0000000088800000| Complete 
| 113|0x0000000088900000, 0x0000000088a00000, 0x0000000088a00000|100%| E|CS|TAMS 0x0000000088900000| PB 0x0000000088900000| Complete 
| 114|0x0000000088a00000, 0x0000000088b00000, 0x0000000088b00000|100%| E|CS|TAMS 0x0000000088a00000| PB 0x0000000088a00000| Complete 
| 115|0x0000000088b00000, 0x0000000088c00000, 0x0000000088c00000|100%| E|CS|TAMS 0x0000000088b00000| PB 0x0000000088b00000| Complete 
| 116|0x0000000088c00000, 0x0000000088d00000, 0x0000000088d00000|100%| E|CS|TAMS 0x0000000088c00000| PB 0x0000000088c00000| Complete 
| 117|0x0000000088d00000, 0x0000000088e00000, 0x0000000088e00000|100%| E|CS|TAMS 0x0000000088d00000| PB 0x0000000088d00000| Complete 
| 118|0x0000000088e00000, 0x0000000088f00000, 0x0000000088f00000|100%| E|CS|TAMS 0x0000000088e00000| PB 0x0000000088e00000| Complete 
| 119|0x0000000088f00000, 0x0000000089000000, 0x0000000089000000|100%| E|CS|TAMS 0x0000000088f00000| PB 0x0000000088f00000| Complete 
| 120|0x0000000089000000, 0x0000000089100000, 0x0000000089100000|100%| E|CS|TAMS 0x0000000089000000| PB 0x0000000089000000| Complete 
| 121|0x0000000089100000, 0x0000000089200000, 0x0000000089200000|100%| E|CS|TAMS 0x0000000089100000| PB 0x0000000089100000| Complete 
| 122|0x0000000089200000, 0x0000000089300000, 0x0000000089300000|100%| E|CS|TAMS 0x0000000089200000| PB 0x0000000089200000| Complete 
| 123|0x0000000089300000, 0x0000000089400000, 0x0000000089400000|100%| E|CS|TAMS 0x0000000089300000| PB 0x0000000089300000| Complete 
| 124|0x0000000089400000, 0x0000000089500000, 0x0000000089500000|100%| E|CS|TAMS 0x0000000089400000| PB 0x0000000089400000| Complete 
| 125|0x0000000089500000, 0x0000000089600000, 0x0000000089600000|100%| E|CS|TAMS 0x0000000089500000| PB 0x0000000089500000| Complete 
| 126|0x0000000089600000, 0x0000000089700000, 0x0000000089700000|100%| E|CS|TAMS 0x0000000089600000| PB 0x0000000089600000| Complete 
| 127|0x0000000089700000, 0x0000000089800000, 0x0000000089800000|100%| E|CS|TAMS 0x0000000089700000| PB 0x0000000089700000| Complete 

Card table byte_map: [0x0000028f32b70000,0x0000028f32f70000] _byte_map_base: 0x0000028f32764000

Marking Bits: (CMBitMap*) 0x0000028f1b714aa0
 Bits: [0x0000028f33370000, 0x0000028f35310000)

Polling page: 0x0000028f19550000

Metaspace:

Usage:
  Non-class:     11.66 MB used.
      Class:      1.33 MB used.
       Both:     12.99 MB used.

Virtual space:
  Non-class space:       64.00 MB reserved,      11.75 MB ( 18%) committed,  1 nodes.
      Class space:        1.00 GB reserved,       1.44 MB ( <1%) committed,  1 nodes.
             Both:        1.06 GB reserved,      13.19 MB (  1%) committed. 

Chunk freelists:
   Non-Class:  3.82 MB
       Class:  2.48 MB
        Both:  6.29 MB

MaxMetaspaceSize: unlimited
CompressedClassSpaceSize: 1.00 GB
Initial GC threshold: 21.00 MB
Current GC threshold: 21.00 MB
CDS: on
MetaspaceReclaimPolicy: balanced
 - commit_granule_bytes: 65536.
 - commit_granule_words: 8192.
 - virtual_space_node_default_size: 8388608.
 - enlarge_chunks_in_place: 1.
 - new_chunks_are_fully_committed: 0.
 - uncommit_free_chunks: 1.
 - use_allocation_guard: 0.


Internal statistics:

num_allocs_failed_limit: 0.
num_arena_births: 190.
num_arena_deaths: 0.
num_vsnodes_births: 2.
num_vsnodes_deaths: 0.
num_space_committed: 211.
num_space_uncommitted: 0.
num_chunks_returned_to_freelist: 0.
num_chunks_taken_from_freelist: 392.
num_chunk_merges: 0.
num_chunk_splits: 234.
num_chunks_enlarged: 116.
num_inconsistent_stats: 0.

CodeHeap 'non-profiled nmethods': size=120000Kb used=647Kb max_used=647Kb free=119352Kb
 bounds [0x0000028f2b240000, 0x0000028f2b4b0000, 0x0000028f32770000]
CodeHeap 'profiled nmethods': size=120000Kb used=3760Kb max_used=3760Kb free=116239Kb
 bounds [0x0000028f23770000, 0x0000028f23b20000, 0x0000028f2aca0000]
CodeHeap 'non-nmethods': size=5760Kb used=2013Kb max_used=2030Kb free=3746Kb
 bounds [0x0000028f2aca0000, 0x0000028f2af10000, 0x0000028f2b240000]
 total_blobs=3015 nmethods=2059 adapters=867
 compilation: enabled
              stopped_count=0, restarted_count=0
 full_count=0

Compilation events (20 events):
Event: 12.907 Thread 0x0000028f377f4300 2052       3       sun.awt.windows.WComponentPeer::updateCursorImmediately (7 bytes)
Event: 12.908 Thread 0x0000028f377f4300 nmethod 2052 0x0000028f23b0f190 code [0x0000028f23b0f360, 0x0000028f23b0f8a0]
Event: 12.908 Thread 0x0000028f377f4300 2054       3       java.awt.Component::dispatchEventImpl (785 bytes)
Event: 12.918 Thread 0x0000028f377f4300 nmethod 2054 0x0000028f23b0fa90 code [0x0000028f23b10340, 0x0000028f23b16cb0]
Event: 12.918 Thread 0x0000028f377f4300 2053   !   3       sun.awt.GlobalCursorManager::updateCursorImmediately (31 bytes)
Event: 12.918 Thread 0x0000028f377f4300 nmethod 2053 0x0000028f23b18190 code [0x0000028f23b18320, 0x0000028f23b18568]
Event: 12.924 Thread 0x0000028f377f4300 2055       3       java.awt.LightweightDispatcher::dispatchEvent (73 bytes)
Event: 12.924 Thread 0x0000028f377f4300 nmethod 2055 0x0000028f23b18690 code [0x0000028f23b18880, 0x0000028f23b18ff0]
Event: 12.929 Thread 0x0000028f377f4300 2056       3       java.util.concurrent.ForkJoinPool::managedBlock (36 bytes)
Event: 12.931 Thread 0x0000028f377f4300 nmethod 2056 0x0000028f23b19190 code [0x0000028f23b193e0, 0x0000028f23b1a100]
Event: 13.067 Thread 0x0000028f377f4300 2057       3       javax.swing.border.AbstractBorder::getBorderInsets (17 bytes)
Event: 13.067 Thread 0x0000028f377f4300 nmethod 2057 0x0000028f23b1a490 code [0x0000028f23b1a640, 0x0000028f23b1a930]
Event: 13.281 Thread 0x0000028f377f4300 2058       3       javax.swing.JComponent::isOpaque (6 bytes)
Event: 13.281 Thread 0x0000028f377f4300 nmethod 2058 0x0000028f23b1aa90 code [0x0000028f23b1ac20, 0x0000028f23b1adf8]
Event: 13.282 Thread 0x0000028f377f4300 2059       3       java.util.LinkedList$ListItr::hasNext (20 bytes)
Event: 13.283 Thread 0x0000028f377f4300 nmethod 2059 0x0000028f23b1ae90 code [0x0000028f23b1b020, 0x0000028f23b1b198]
Event: 13.283 Thread 0x0000028f377f4300 2060   !   3       sun.awt.image.SurfaceManager::getManager (47 bytes)
Event: 13.284 Thread 0x0000028f377f4300 nmethod 2060 0x0000028f23b1b290 code [0x0000028f23b1b4a0, 0x0000028f23b1bbf8]
Event: 13.284 Thread 0x0000028f377f4300 2061       3       java.awt.Image$1::getSurfaceManager (5 bytes)
Event: 13.284 Thread 0x0000028f377f4300 nmethod 2061 0x0000028f23b1bf90 code [0x0000028f23b1c120, 0x0000028f23b1c238]

GC Heap History (4 events):
Event: 3.393 GC heap before
{Heap before GC invocations=0 (full 0):
 garbage-first heap   total 131072K, used 13312K [0x0000000081800000, 0x0000000100000000)
  region size 1024K, 13 young (13312K), 0 survivors (0K)
 Metaspace       used 7638K, committed 7872K, reserved 1114112K
  class space    used 827K, committed 960K, reserved 1048576K
}
Event: 3.406 GC heap after
{Heap after GC invocations=1 (full 0):
 garbage-first heap   total 131072K, used 3760K [0x0000000081800000, 0x0000000100000000)
  region size 1024K, 2 young (2048K), 2 survivors (2048K)
 Metaspace       used 7638K, committed 7872K, reserved 1114112K
  class space    used 827K, committed 960K, reserved 1048576K
}
Event: 4.502 GC heap before
{Heap before GC invocations=1 (full 0):
 garbage-first heap   total 131072K, used 16048K [0x0000000081800000, 0x0000000100000000)
  region size 1024K, 15 young (15360K), 2 survivors (2048K)
 Metaspace       used 10818K, committed 11136K, reserved 1114112K
  class space    used 1132K, committed 1280K, reserved 1048576K
}
Event: 4.511 GC heap after
{Heap after GC invocations=2 (full 0):
 garbage-first heap   total 131072K, used 5580K [0x0000000081800000, 0x0000000100000000)
  region size 1024K, 2 young (2048K), 2 survivors (2048K)
 Metaspace       used 10818K, committed 11136K, reserved 1114112K
  class space    used 1132K, committed 1280K, reserved 1048576K
}

Dll operation events (11 events):
Event: 0.019 Loaded shared library C:\Program Files\Java\jdk-20\bin\java.dll
Event: 0.054 Loaded shared library C:\Program Files\Java\jdk-20\bin\jsvml.dll
Event: 0.339 Loaded shared library C:\Program Files\Java\jdk-20\bin\net.dll
Event: 0.368 Loaded shared library C:\Program Files\Java\jdk-20\bin\nio.dll
Event: 0.520 Loaded shared library C:\Program Files\Java\jdk-20\bin\zip.dll
Event: 0.673 Loaded shared library C:\Program Files\Java\jdk-20\bin\jimage.dll
Event: 0.681 Loaded shared library C:\Program Files\Java\jdk-20\bin\awt.dll
Event: 1.987 Loaded shared library C:\Program Files\Java\jdk-20\bin\freetype.dll
Event: 1.992 Loaded shared library C:\Program Files\Java\jdk-20\bin\fontmanager.dll
Event: 4.396 Loaded shared library C:\Program Files\Java\jdk-20\bin\extnet.dll
Event: 7.653 Loaded shared library C:\Users\Elvis\Documents\NetBeansProjects\SofwareMatricula\opencv_java480.dll

Deoptimization events (20 events):
Event: 4.689 Thread 0x0000028f3c050300 Uncommon trap: trap_request=0xffffff45 fr.pc=0x0000028f2b28fccc relative=0x00000000000000cc
Event: 4.689 Thread 0x0000028f3c050300 Uncommon trap: reason=unstable_if action=reinterpret pc=0x0000028f2b28fccc method=java.util.concurrent.locks.ReentrantLock$Sync.tryRelease(I)Z @ 26 c2
Event: 4.689 Thread 0x0000028f3c050300 DEOPT PACKING pc=0x0000028f2b28fccc sp=0x000000d8290fe520
Event: 4.689 Thread 0x0000028f3c050300 DEOPT UNPACKING pc=0x0000028f2ad09d22 sp=0x000000d8290fe4c0 mode 2
Event: 6.189 Thread 0x0000028f3c050300 Uncommon trap: trap_request=0xffffffc6 fr.pc=0x0000028f2b2a4914 relative=0x0000000000000094
Event: 6.189 Thread 0x0000028f3c050300 Uncommon trap: reason=bimorphic_or_optimized_type_check action=maybe_recompile pc=0x0000028f2b2a4914 method=java.lang.ref.Reference.refersTo(Ljava/lang/Object;)Z @ 2 c2
Event: 6.189 Thread 0x0000028f3c050300 DEOPT PACKING pc=0x0000028f2b2a4914 sp=0x000000d8290fd900
Event: 6.189 Thread 0x0000028f3c050300 DEOPT UNPACKING pc=0x0000028f2ad09d22 sp=0x000000d8290fd898 mode 2
Event: 6.190 Thread 0x0000028f3c050300 Uncommon trap: trap_request=0xffffffc6 fr.pc=0x0000028f2b2a4914 relative=0x0000000000000094
Event: 6.190 Thread 0x0000028f3c050300 Uncommon trap: reason=bimorphic_or_optimized_type_check action=maybe_recompile pc=0x0000028f2b2a4914 method=java.lang.ref.Reference.refersTo(Ljava/lang/Object;)Z @ 2 c2
Event: 6.190 Thread 0x0000028f3c050300 DEOPT PACKING pc=0x0000028f2b2a4914 sp=0x000000d8290fd900
Event: 6.190 Thread 0x0000028f3c050300 DEOPT UNPACKING pc=0x0000028f2ad09d22 sp=0x000000d8290fd898 mode 2
Event: 6.190 Thread 0x0000028f3c050300 Uncommon trap: trap_request=0xffffffc6 fr.pc=0x0000028f2b2a4914 relative=0x0000000000000094
Event: 6.190 Thread 0x0000028f3c050300 Uncommon trap: reason=bimorphic_or_optimized_type_check action=maybe_recompile pc=0x0000028f2b2a4914 method=java.lang.ref.Reference.refersTo(Ljava/lang/Object;)Z @ 2 c2
Event: 6.190 Thread 0x0000028f3c050300 DEOPT PACKING pc=0x0000028f2b2a4914 sp=0x000000d8290fdab0
Event: 6.190 Thread 0x0000028f3c050300 DEOPT UNPACKING pc=0x0000028f2ad09d22 sp=0x000000d8290fda48 mode 2
Event: 6.191 Thread 0x0000028f3c050300 Uncommon trap: trap_request=0xffffffc6 fr.pc=0x0000028f2b2a4914 relative=0x0000000000000094
Event: 6.191 Thread 0x0000028f3c050300 Uncommon trap: reason=bimorphic_or_optimized_type_check action=maybe_recompile pc=0x0000028f2b2a4914 method=java.lang.ref.Reference.refersTo(Ljava/lang/Object;)Z @ 2 c2
Event: 6.191 Thread 0x0000028f3c050300 DEOPT PACKING pc=0x0000028f2b2a4914 sp=0x000000d8290fdaa0
Event: 6.191 Thread 0x0000028f3c050300 DEOPT UNPACKING pc=0x0000028f2ad09d22 sp=0x000000d8290fda38 mode 2

Classes loaded (20 events):
Event: 9.957 Loading class java/awt/image/DataBufferByte
Event: 9.957 Loading class java/awt/image/DataBufferByte done
Event: 9.957 Loading class java/awt/image/PixelInterleavedSampleModel
Event: 9.957 Loading class java/awt/image/ComponentSampleModel
Event: 9.958 Loading class java/awt/image/ComponentSampleModel done
Event: 9.958 Loading class java/awt/image/PixelInterleavedSampleModel done
Event: 9.958 Loading class sun/awt/image/ByteInterleavedRaster
Event: 9.959 Loading class sun/awt/image/ByteComponentRaster
Event: 9.959 Loading class sun/awt/image/ByteComponentRaster done
Event: 9.959 Loading class sun/awt/image/ByteInterleavedRaster done
Event: 9.963 Loading class jdk/internal/event/ThreadSleepEvent
Event: 9.963 Loading class javax/swing/CellRendererPane
Event: 9.963 Loading class jdk/internal/event/Event
Event: 9.963 Loading class javax/swing/CellRendererPane done
Event: 9.963 Loading class jdk/internal/event/Event done
Event: 9.963 Loading class javax/swing/RepaintManager$3
Event: 9.964 Loading class javax/swing/RepaintManager$3 done
Event: 9.964 Loading class jdk/internal/event/ThreadSleepEvent done
Event: 13.651 Loading class sun/awt/SunToolkit$1
Event: 13.652 Loading class sun/awt/SunToolkit$1 done

Classes unloaded (0 events):
No events

Classes redefined (0 events):
No events

Internal exceptions (20 events):
Event: 0.421 Thread 0x0000028f196de7b0 Exception <a 'sun/nio/fs/WindowsException'{0x00000000896d18d8}> (0x00000000896d18d8) 
thrown [s\open\src\hotspot\share\prims\jni.cpp, line 519]
Event: 0.422 Thread 0x0000028f196de7b0 Exception <a 'sun/nio/fs/WindowsException'{0x00000000896d2470}> (0x00000000896d2470) 
thrown [s\open\src\hotspot\share\prims\jni.cpp, line 519]
Event: 0.424 Thread 0x0000028f196de7b0 Exception <a 'sun/nio/fs/WindowsException'{0x00000000896d2f40}> (0x00000000896d2f40) 
thrown [s\open\src\hotspot\share\prims\jni.cpp, line 519]
Event: 0.646 Thread 0x0000028f196de7b0 Exception <a 'java/lang/ClassNotFoundException'{0x000000008944a180}: sun/awt/resources/spi/awtProvider> (0x000000008944a180) 
thrown [s\open\src\hotspot\share\classfile\systemDictionary.cpp, line 305]
Event: 0.708 Thread 0x0000028f196de7b0 Exception <a 'java/io/FileNotFoundException'{0x00000000894a2ab0}> (0x00000000894a2ab0) 
thrown [s\open\src\hotspot\share\prims\jni.cpp, line 519]
Event: 0.721 Thread 0x0000028f196de7b0 Exception <a 'java/io/FileNotFoundException'{0x00000000894cccd0}> (0x00000000894cccd0) 
thrown [s\open\src\hotspot\share\prims\jni.cpp, line 519]
Event: 1.087 Thread 0x0000028f3c050300 Exception <a 'java/lang/NoSuchMethodError'{0x000000008925f008}: 'void java.lang.invoke.DirectMethodHandle$Holder.invokeSpecial(java.lang.Object, java.lang.Object, java.lang.Object)'> (0x000000008925f008) 
thrown [s\open\src\hotspot\share\interpreter\linkResolver.cpp, line 773]
Event: 1.124 Thread 0x0000028f3c050300 Exception <a 'java/lang/NoSuchMethodError'{0x0000000089289a98}: 'java.lang.Object java.lang.invoke.DirectMethodHandle$Holder.newInvokeSpecial(java.lang.Object, java.lang.Object, java.lang.Object, java.lang.Object, java.lang.Object)'> (0x0000000089289a98) 
thrown [s\open\src\hotspot\share\interpreter\linkResolver.cpp, line 773]
Event: 1.146 Thread 0x0000028f3c050300 Exception <a 'java/lang/NoSuchMethodError'{0x00000000892ba340}: 'java.lang.Object java.lang.invoke.DirectMethodHandle$Holder.invokeStatic(java.lang.Object, int, java.lang.Object)'> (0x00000000892ba340) 
thrown [s\open\src\hotspot\share\interpreter\linkResolver.cpp, line 773]
Event: 1.282 Thread 0x0000028f3c050300 Exception <a 'java/lang/ClassNotFoundException'{0x0000000089175788}: com/sun/swing/internal/plaf/metal/resources/spi/metalProvider> (0x0000000089175788) 
thrown [s\open\src\hotspot\share\classfile\systemDictionary.cpp, line 305]
Event: 1.286 Thread 0x0000028f3c050300 Exception <a 'java/lang/ClassNotFoundException'{0x00000000891796e8}: com/sun/swing/internal/plaf/basic/resources/spi/basicProvider> (0x00000000891796e8) 
thrown [s\open\src\hotspot\share\classfile\systemDictionary.cpp, line 305]
Event: 1.324 Thread 0x0000028f3c050300 Exception <a 'java/lang/NoSuchMethodError'{0x00000000891986f0}: 'int java.lang.invoke.Invokers$Holder.invokeExact_MT(java.lang.Object, java.lang.Object)'> (0x00000000891986f0) 
thrown [s\open\src\hotspot\share\interpreter\linkResolver.cpp, line 773]
Event: 1.785 Thread 0x0000028f3c124e40 Exception <a 'java/lang/NoSuchMethodError'{0x0000000088fa0f88}: 'java.lang.Object java.lang.invoke.DirectMethodHandle$Holder.newInvokeSpecial(java.lang.Object, java.lang.Object, java.lang.Object, int, int, int, int, int)'> (0x0000000088fa0f88) 
thrown [s\open\src\hotspot\share\interpreter\linkResolver.cpp, line 773]
Event: 1.973 Thread 0x0000028f3c050300 Exception <a 'java/lang/NoSuchMethodError'{0x00000000891f8d18}: 'void java.lang.invoke.DirectMethodHandle$Holder.invokeStaticInit(java.lang.Object)'> (0x00000000891f8d18) 
thrown [s\open\src\hotspot\share\interpreter\linkResolver.cpp, line 773]
Event: 3.952 Thread 0x0000028f3c030ca0 Exception <a 'java/lang/NoSuchMethodError'{0x000000008902ca50}: 'void java.lang.invoke.DirectMethodHandle$Holder.invokeVirtual(java.lang.Object, java.lang.Object)'> (0x000000008902ca50) 
thrown [s\open\src\hotspot\share\interpreter\linkResolver.cpp, line 773]
Event: 3.981 Thread 0x0000028f3c050300 Implicit null exception at 0x0000028f2b294e8c to 0x0000028f2b294f24
Event: 4.056 Thread 0x0000028f3c050300 Exception <a 'java/lang/NoSuchMethodError'{0x0000000088f4ec68}: 'java.lang.Object java.lang.invoke.DirectMethodHandle$Holder.invokeInterface(java.lang.Object, java.lang.Object)'> (0x0000000088f4ec68) 
thrown [s\open\src\hotspot\share\interpreter\linkResolver.cpp, line 773]
Event: 4.151 Thread 0x0000028f3c050300 Exception <a 'java/lang/NoSuchMethodError'{0x0000000088fc9a48}: 'void java.lang.invoke.DirectMethodHandle$Holder.invokeStatic(java.lang.Object, java.lang.Object, java.lang.Object)'> (0x0000000088fc9a48) 
thrown [s\open\src\hotspot\share\interpreter\linkResolver.cpp, line 773]
Event: 4.159 Thread 0x0000028f3c050300 Exception <a 'java/lang/NoSuchMethodError'{0x0000000088fd3558}: 'java.lang.Object java.lang.invoke.DirectMethodHandle$Holder.invokeVirtual(java.lang.Object, java.lang.Object, java.lang.Object)'> (0x0000000088fd3558) 
thrown [s\open\src\hotspot\share\interpreter\linkResolver.cpp, line 773]
Event: 4.400 Thread 0x0000028f3c050300 Exception <a 'java/lang/NoSuchMethodError'{0x0000000088cdb130}: 'void java.lang.invoke.DirectMethodHandle$Holder.invokeStatic(java.lang.Object, java.lang.Object)'> (0x0000000088cdb130) 
thrown [s\open\src\hotspot\share\interpreter\linkResolver.cpp, line 773]

VM Operations (20 events):
Event: 4.511 Executing VM operation: G1CollectForAllocation done
Event: 4.552 Executing VM operation: HandshakeAllThreads
Event: 4.552 Executing VM operation: HandshakeAllThreads done
Event: 4.745 Executing VM operation: HandshakeAllThreads
Event: 4.745 Executing VM operation: HandshakeAllThreads done
Event: 5.751 Executing VM operation: Cleanup
Event: 5.751 Executing VM operation: Cleanup done
Event: 6.758 Executing VM operation: Cleanup
Event: 6.758 Executing VM operation: Cleanup done
Event: 7.765 Executing VM operation: Cleanup
Event: 7.765 Executing VM operation: Cleanup done
Event: 9.775 Executing VM operation: Cleanup
Event: 9.775 Executing VM operation: Cleanup done
Event: 10.775 Executing VM operation: Cleanup
Event: 10.775 Executing VM operation: Cleanup done
Event: 11.779 Executing VM operation: Cleanup
Event: 11.780 Executing VM operation: Cleanup done
Event: 12.793 Executing VM operation: Cleanup
Event: 12.793 Executing VM operation: Cleanup done
Event: 13.772 Executing VM operation: Exit

Events (20 events):
Event: 0.901 Thread 0x0000028f3c050300 Thread added: 0x0000028f3c050300
Event: 0.902 Thread 0x0000028f196de7b0 Thread exited: 0x0000028f196de7b0
Event: 0.903 Thread 0x0000028f196de7b0 Thread added: 0x0000028f196de7b0
Event: 1.551 Thread 0x0000028f3c124e40 Thread added: 0x0000028f3c124e40
Event: 1.662 Thread 0x0000028f3c15d880 Thread added: 0x0000028f3c15d880
Event: 1.838 Thread 0x0000028f3c216b80 Thread added: 0x0000028f3c216b80
Event: 2.087 Thread 0x0000028f3c15d880 Thread exited: 0x0000028f3c15d880
Event: 3.733 Thread 0x0000028f3c798190 Thread added: 0x0000028f3c798190
Event: 4.002 Thread 0x0000028f3c7fbc40 Thread added: 0x0000028f3c7fbc40
Event: 4.771 Thread 0x0000028f3c7fb1a0 Thread added: 0x0000028f3c7fb1a0
Event: 5.227 Thread 0x0000028f3c798190 Thread exited: 0x0000028f3c798190
Event: 6.931 Thread 0x0000028f3c216b80 Thread exited: 0x0000028f3c216b80
Event: 9.124 Thread 0x0000028f3c7fac50 Thread added: 0x0000028f3c7fac50
Event: 11.215 Thread 0x0000028f3c124e40 Thread exited: 0x0000028f3c124e40
Event: 13.481 Thread 0x0000028f3c7fac50 Thread exited: 0x0000028f3c7fac50
Event: 13.660 Thread 0x0000028f3c7fa1b0 Thread added: 0x0000028f3c7fa1b0
Event: 13.661 Thread 0x0000028f3c7fb6f0 Thread added: 0x0000028f3c7fb6f0
Event: 13.665 Thread 0x0000028f3c7fa1b0 Thread exited: 0x0000028f3c7fa1b0
Event: 13.695 Thread 0x0000028f3c030ca0 Thread exited: 0x0000028f3c030ca0
Event: 13.771 Thread 0x0000028f3c7fb6f0 Thread exited: 0x0000028f3c7fb6f0


Dynamic libraries:
0x00007ff607de0000 - 0x00007ff607df0000 	C:\Program Files\Java\jdk-20\bin\java.exe
0x00007fffc5810000 - 0x00007fffc5a08000 	C:\Windows\SYSTEM32\ntdll.dll
0x00007fff634f0000 - 0x00007fff63509000 	C:\Program Files\Avast Software\Avast\aswhook.dll
0x00007fffc4970000 - 0x00007fffc4a2d000 	C:\Windows\System32\KERNEL32.DLL
0x00007fffc31d0000 - 0x00007fffc34c6000 	C:\Windows\System32\KERNELBASE.dll
0x00007fffc3040000 - 0x00007fffc3140000 	C:\Windows\System32\ucrtbase.dll
0x00007fffbe9e0000 - 0x00007fffbe9f9000 	C:\Program Files\Java\jdk-20\bin\jli.dll
0x00007fffc48c0000 - 0x00007fffc496f000 	C:\Windows\System32\ADVAPI32.dll
0x00007fffc4aa0000 - 0x00007fffc4b3e000 	C:\Windows\System32\msvcrt.dll
0x00007fffc3870000 - 0x00007fffc390c000 	C:\Windows\System32\sechost.dll
0x00007fffc4670000 - 0x00007fffc4796000 	C:\Windows\System32\RPCRT4.dll
0x00007fffc4b40000 - 0x00007fffc4cde000 	C:\Windows\System32\USER32.dll
0x00007fffc34d0000 - 0x00007fffc34f2000 	C:\Windows\System32\win32u.dll
0x00007fffc5680000 - 0x00007fffc56ac000 	C:\Windows\System32\GDI32.dll
0x00007fffc3500000 - 0x00007fffc361a000 	C:\Windows\System32\gdi32full.dll
0x00007fffc3670000 - 0x00007fffc370d000 	C:\Windows\System32\msvcp_win.dll
0x00007fffc04a0000 - 0x00007fffc04bb000 	C:\Program Files\Java\jdk-20\bin\VCRUNTIME140.dll
0x00007fffa9720000 - 0x00007fffa99ba000 	C:\Windows\WinSxS\amd64_microsoft.windows.common-controls_6595b64144ccf1df_6.0.19041.3636_none_60b6a03d71f818d5\COMCTL32.dll
0x00007fffb9430000 - 0x00007fffb943a000 	C:\Windows\SYSTEM32\VERSION.dll
0x00007fffc3970000 - 0x00007fffc39a0000 	C:\Windows\System32\IMM32.DLL
0x00007fffc0490000 - 0x00007fffc049c000 	C:\Program Files\Java\jdk-20\bin\vcruntime140_1.dll
0x00007fffa52c0000 - 0x00007fffa534e000 	C:\Program Files\Java\jdk-20\bin\msvcp140.dll
0x00007fff4bcf0000 - 0x00007fff4c987000 	C:\Program Files\Java\jdk-20\bin\server\jvm.dll
0x00007fffafa00000 - 0x00007fffafa27000 	C:\Windows\SYSTEM32\WINMM.dll
0x00007fffb2e00000 - 0x00007fffb2e09000 	C:\Windows\SYSTEM32\WSOCK32.dll
0x00007fffc5760000 - 0x00007fffc57cb000 	C:\Windows\System32\WS2_32.dll
0x00007fffc0db0000 - 0x00007fffc0dc2000 	C:\Windows\SYSTEM32\kernel.appcore.dll
0x00007fffc0410000 - 0x00007fffc041a000 	C:\Program Files\Java\jdk-20\bin\jimage.dll
0x00007fffb8630000 - 0x00007fffb8814000 	C:\Windows\SYSTEM32\DBGHELP.DLL
0x00007fffb85f0000 - 0x00007fffb8624000 	C:\Windows\SYSTEM32\dbgcore.DLL
0x00007fffc3140000 - 0x00007fffc31c2000 	C:\Windows\System32\bcryptPrimitives.dll
0x00007fffc0420000 - 0x00007fffc0446000 	C:\Program Files\Java\jdk-20\bin\java.dll
0x00007fffbbce0000 - 0x00007fffbbdb7000 	C:\Program Files\Java\jdk-20\bin\jsvml.dll
0x00007fffc3f20000 - 0x00007fffc4664000 	C:\Windows\System32\SHELL32.dll
0x00007fffc0fb0000 - 0x00007fffc174b000 	C:\Windows\SYSTEM32\windows.storage.dll
0x00007fffc4f80000 - 0x00007fffc52d4000 	C:\Windows\System32\combase.dll
0x00007fffc2860000 - 0x00007fffc288d000 	C:\Windows\SYSTEM32\Wldp.dll
0x00007fffc56b0000 - 0x00007fffc575d000 	C:\Windows\System32\SHCORE.dll
0x00007fffc53c0000 - 0x00007fffc5415000 	C:\Windows\System32\shlwapi.dll
0x00007fffc2e20000 - 0x00007fffc2e45000 	C:\Windows\SYSTEM32\profapi.dll
0x00007fffc03f0000 - 0x00007fffc0403000 	C:\Program Files\Java\jdk-20\bin\net.dll
0x00007fffb82d0000 - 0x00007fffb83da000 	C:\Windows\SYSTEM32\WINHTTP.dll
0x00007fffc25c0000 - 0x00007fffc262a000 	C:\Windows\system32\mswsock.dll
0x00007fffbdaa0000 - 0x00007fffbdab6000 	C:\Program Files\Java\jdk-20\bin\nio.dll
0x00007fffbda80000 - 0x00007fffbda98000 	C:\Program Files\Java\jdk-20\bin\zip.dll
0x00007fff55e40000 - 0x00007fff55fd1000 	C:\Program Files\Java\jdk-20\bin\awt.dll
0x00007fffc4cf0000 - 0x00007fffc4dbd000 	C:\Windows\System32\OLEAUT32.dll
0x00007fffc0700000 - 0x00007fffc0790000 	C:\Windows\SYSTEM32\apphelp.dll
0x00007fffc08c0000 - 0x00007fffc095e000 	C:\Windows\system32\uxtheme.dll
0x00007fffc47a0000 - 0x00007fffc48b4000 	C:\Windows\System32\MSCTF.dll
0x00007fffc5530000 - 0x00007fffc565b000 	C:\Windows\System32\ole32.dll
0x00007fffc09e0000 - 0x00007fffc0a0f000 	C:\Windows\system32\DWMAPI.DLL
0x00007fff93470000 - 0x00007fff93595000 	C:\Windows\system32\opengl32.dll
0x00007fff936f0000 - 0x00007fff9371c000 	C:\Windows\SYSTEM32\GLU32.dll
0x00007fffa8ac0000 - 0x00007fffa8b46000 	C:\Program Files\Java\jdk-20\bin\freetype.dll
0x00007fff97520000 - 0x00007fff975e6000 	C:\Program Files\Java\jdk-20\bin\fontmanager.dll
0x00007fffc3e10000 - 0x00007fffc3eb9000 	C:\Windows\System32\clbcatq.dll
0x00007fffbde20000 - 0x00007fffbdfd4000 	C:\Windows\SYSTEM32\WindowsCodecs.dll
0x00007fffc3010000 - 0x00007fffc3037000 	C:\Windows\System32\bcrypt.dll
0x00007fffa08e0000 - 0x00007fffa091e000 	C:\Windows\system32\dataexchange.dll
0x00007fffbf2e0000 - 0x00007fffbf543000 	C:\Windows\system32\d3d11.dll
0x00007fffbfb10000 - 0x00007fffbfcf3000 	C:\Windows\system32\dcomp.dll
0x00007fffc17b0000 - 0x00007fffc18a3000 	C:\Windows\system32\dxgi.dll
0x00007fffbdfe0000 - 0x00007fffbe1e7000 	C:\Windows\system32\twinapi.appcore.dll
0x00007fffc22f0000 - 0x00007fffc23ba000 	C:\Windows\SYSTEM32\DNSAPI.dll
0x00007fffc22b0000 - 0x00007fffc22eb000 	C:\Windows\SYSTEM32\IPHLPAPI.DLL
0x00007fffc4ce0000 - 0x00007fffc4ce8000 	C:\Windows\System32\NSI.dll
0x00007fffb7ec0000 - 0x00007fffb7eca000 	C:\Windows\System32\rasadhlp.dll
0x00007fffb7de0000 - 0x00007fffb7e60000 	C:\Windows\System32\fwpuclnt.dll
0x00007fffa51e0000 - 0x00007fffa51e7000 	C:\Program Files\Java\jdk-20\bin\extnet.dll
0x00007fffad0f0000 - 0x00007fffad1ea000 	C:\Windows\SYSTEM32\textinputframework.dll
0x00007fffbfd00000 - 0x00007fffc005b000 	C:\Windows\System32\CoreUIComponents.dll
0x00007fffc04c0000 - 0x00007fffc05b2000 	C:\Windows\System32\CoreMessaging.dll
0x00007fffc2010000 - 0x00007fffc2043000 	C:\Windows\SYSTEM32\ntmarta.dll
0x00007fffbed20000 - 0x00007fffbee75000 	C:\Windows\SYSTEM32\wintypes.dll
0x00007fff7f5a0000 - 0x00007fff826c3000 	C:\Users\Elvis\Documents\NetBeansProjects\SofwareMatricula\opencv_java480.dll
0x00007fffbce90000 - 0x00007fffbd04b000 	C:\Windows\SYSTEM32\MFPlat.DLL
0x00007fff899a0000 - 0x00007fff89aaa000 	C:\Windows\SYSTEM32\MFReadWrite.dll
0x00007fffa72b0000 - 0x00007fffa7334000 	C:\Windows\SYSTEM32\MF.dll
0x00007fffc3620000 - 0x00007fffc366e000 	C:\Windows\System32\cfgmgr32.dll
0x00007fff7ebc0000 - 0x00007fff7f04e000 	C:\Windows\SYSTEM32\MFCORE.DLL
0x00007fffc3710000 - 0x00007fffc386d000 	C:\Windows\System32\CRYPT32.dll
0x00007fffc2d50000 - 0x00007fffc2d9b000 	C:\Windows\SYSTEM32\powrprof.dll
0x00007fffa5240000 - 0x00007fffa5249000 	C:\Windows\SYSTEM32\ksuser.dll
0x00007fffc27d0000 - 0x00007fffc27dc000 	C:\Windows\SYSTEM32\CRYPTBASE.DLL
0x00007fffbcde0000 - 0x00007fffbce14000 	C:\Windows\SYSTEM32\RTWorkQ.DLL
0x00007fffc2d30000 - 0x00007fffc2d42000 	C:\Windows\SYSTEM32\UMPDC.dll
0x00007fffb9b00000 - 0x00007fffb9f5f000 	C:\Windows\SYSTEM32\igdusc64.dll
0x00007fffbace0000 - 0x00007fffbad1b000 	C:\Windows\SYSTEM32\dxcore.dll
0x00007fffbc010000 - 0x00007fffbc047000 	C:\Windows\SYSTEM32\CompPkgSup.DLL
0x00007fff43670000 - 0x00007fff43d96000 	C:\Windows\System32\Windows.Media.dll
0x00007fffbb6b0000 - 0x00007fffbb796000 	C:\Windows\System32\Windows.ApplicationModel.dll
0x00007fffbb5a0000 - 0x00007fffbb6a2000 	C:\Windows\System32\AppXDeploymentClient.dll
0x00007fffbe970000 - 0x00007fffbe9dd000 	C:\Windows\System32\FrameServerClient.dll
0x00007fff898d0000 - 0x00007fff89937000 	C:\Windows\System32\MFSENSORGROUP.dll
0x00007fffbe6c0000 - 0x00007fffbe6ca000 	C:\Windows\SYSTEM32\AVRT.dll
0x00007fffbe960000 - 0x00007fffbe96d000 	C:\Windows\System32\vidcap.ax
0x00007fffa59a0000 - 0x00007fffa59c7000 	C:\Windows\System32\kswdmcap.ax
0x00007fff7f2d0000 - 0x00007fff7f43c000 	C:\Windows\System32\MFC42.dll
0x00007fffa5c70000 - 0x00007fffa5db6000 	C:\Windows\System32\Windows.StateRepositoryPS.dll
0x00007fff82c70000 - 0x00007fff82d55000 	C:\Program Files\Intel\Media SDK\mfx_mft_mjpgvd_64.dll
0x00007fffbea60000 - 0x00007fffbeb56000 	C:\Windows\SYSTEM32\PROPSYS.dll
0x00007fff65a70000 - 0x00007fff65a94000 	C:\Windows\SYSTEM32\dxva2.dll
0x00007fffa1a20000 - 0x00007fffa1adf000 	C:\Windows\SYSTEM32\EVR.dll
0x00007fff58bb0000 - 0x00007fff58d7d000 	C:\Windows\SYSTEM32\d3d9.dll
0x00007fffa5980000 - 0x00007fffa599d000 	C:\Windows\System32\mfmjpegdec.dll
0x00007fffb88c0000 - 0x00007fffb89ed000 	C:\Windows\System32\mfperfhelper.dll
0x00007fff42880000 - 0x00007fff429e0000 	C:\Windows\System32\msvproc.dll
0x00007fff8bd20000 - 0x00007fff8bd35000 	C:\Windows\SYSTEM32\OpenCL.dll
0x00007fff894b0000 - 0x00007fff89512000 	C:\Windows\SYSTEM32\IntelOpenCL64.dll
0x00007fff7f1d0000 - 0x00007fff7f2cd000 	C:\Program Files (x86)\Common Files\Intel\OpenCL\bin\x64\intelocl64.dll
0x00007fff7f150000 - 0x00007fff7f1c6000 	C:\Program Files (x86)\Common Files\Intel\OpenCL\bin\x64\task_executor64.dll
0x00007fff7eb20000 - 0x00007fff7ebb5000 	C:\Program Files (x86)\Common Files\Intel\OpenCL\bin\x64\cpu_device64.dll
0x00007fff7f0e0000 - 0x00007fff7f149000 	C:\Program Files (x86)\Common Files\Intel\OpenCL\bin\x64\tbb\tbb.dll
0x00007fff7e7f0000 - 0x00007fff7e9e4000 	C:\Windows\SYSTEM32\igdrcl64.dll
0x00007fff520f0000 - 0x00007fff536d2000 	C:\Windows\SYSTEM32\igdfcl64.dll
0x00007fff8b540000 - 0x00007fff8b59f000 	C:\Windows\SYSTEM32\igdbcl64.dll

dbghelp: loaded successfully - version: 4.0.5 - missing functions: none
symbol engine: initialized successfully - sym options: 0x614 - pdb path: .;C:\Program Files\Java\jdk-20\bin;C:\Windows\SYSTEM32;C:\Program Files\Avast Software\Avast;C:\Windows\WinSxS\amd64_microsoft.windows.common-controls_6595b64144ccf1df_6.0.19041.3636_none_60b6a03d71f818d5;C:\Program Files\Java\jdk-20\bin\server;C:\Users\Elvis\Documents\NetBeansProjects\SofwareMatricula;C:\Program Files\Intel\Media SDK;C:\Program Files (x86)\Common Files\Intel\OpenCL\bin\x64;C:\Program Files (x86)\Common Files\Intel\OpenCL\bin\x64\tbb

VM Arguments:
jvm_args: -Dfile.encoding=UTF-8 --module-path=C:\Users\Elvis\Documents\NetBeansProjects\SofwareMatricula\build\classes 
java_command: SoftwareAsistencia.SoftwareMatriculaAppliation
java_class_path (initial): C:\Program Files\NetBeans-15\netbeans\java\modules\ext\AbsoluteLayout.jar;C:\Users\Elvis\Desktop\Software Farmacia\JarFiles_ProyectFarmacia\JarFiles_ProyectFarmacia\Librerias\Librerias\AbsoluteLayout.jar;C:\Users\Elvis\Downloads\opencv\build\java\opencv-480.jar;C:\Users\Elvis\Downloads\mysql-connector-j-8.2.0\mysql-connector-j-8.2.0.jar;C:\Users\Elvis\Downloads\libs\artoolkitplus-2.3.1-1.3-linux-ppc64le.jar;C:\Users\Elvis\Downloads\libs\artoolkitplus-2.3.1-1.3-linux-x86.jar;C:\Users\Elvis\Downloads\libs\artoolkitplus-2.3.1-1.3-macosx-x86_64.jar;C:\Users\Elvis\Downloads\libs\artoolkitplus-2.3.1-1.3.jar;C:\Users\Elvis\Downloads\libs\bridj-0.7.0.jar;C:\Users\Elvis\Downloads\libs\flandmark-1.07-1.3-macosx-x86_64.jar;C:\Users\Elvis\Downloads\libs\flandmark-1.07-1.3-windows-x86_64.jar;C:\Users\Elvis\Downloads\libs\flycapture-2.9.3.43-1.3-linux-x86_64.jar;C:\Users\Elvis\Downloads\libs\flycapture-2.9.3.43-1.3-windows-x86.jar;C:\Users\Elvis\Downloads\libs\flycapture-2.9.3.43-1.3.jar;C:\Users\Elvis\Downloads\libs\javacv-1.3.3.jar;C:\Users\Elvis\Downloads\libs\javacv-platform-1.3.3.jar;C:\Users\Elvis\Downloads\libs\libdc1394-2.2.4-1.3-windows-x86.jar;C:\Users\Elvis\Downloads\libs\libdc1394-platform-2.2.4-1.3.jar;C:\Users\Elvis\Downloads\libs\libfreenect-0.5.3-1.3-windows-x86.jar;C:\Users\Elvis\Downloads\libs\libfreenect2-0.2.0-1.3.jar;C:\Users\Elvis\Downloads\libs\opencv-3.2.0-1.3-linux-armhf.jar;C:\Users\Elvis\Downloads\libs\opencv-3.2.0-1.3-linux-x86_64.jar;C:\Users\Elvis\Downloads\libs\opencv-3.2.0-1.3-macosx-x86_64.jar;C:\Users\Elvis\Downloads\libs\opencv-3.2.0-1.3-windows-x86_64.jar;C:\Users\Elvis\Downloads\libs\opencv-platform-3.2.0-1.3.jar;C:\Users\Elvis\Downloads\libs\slf4j-api-1.7.2.jar;C:\Users\Elvis\Downloads\libs\v4l4j-0.9.1-r507.jar;C:\Users\Elvis\Downloads\libs\webcam-capture-0.3.12.jar;C:\Users\Elvis\Documents\NetBeansProjects\SofwareMatricula\build\classes
Launcher Type: SUN_STANDARD

[Global flags]
     intx CICompilerCount                          = 3                                         {product} {ergonomic}
     uint ConcGCThreads                            = 1                                         {product} {ergonomic}
     uint G1ConcRefinementThreads                  = 4                                         {product} {ergonomic}
   size_t G1HeapRegionSize                         = 1048576                                   {product} {ergonomic}
    uintx GCDrainStackTargetSize                   = 64                                        {product} {ergonomic}
   size_t InitialHeapSize                          = 134217728                                 {product} {ergonomic}
   size_t MarkStackSize                            = 4194304                                   {product} {ergonomic}
   size_t MaxHeapSize                              = 2122317824                                {product} {ergonomic}
   size_t MaxNewSize                               = 1272971264                                {product} {ergonomic}
   size_t MinHeapDeltaBytes                        = 1048576                                   {product} {ergonomic}
   size_t MinHeapSize                              = 8388608                                   {product} {ergonomic}
    uintx NonNMethodCodeHeapSize                   = 5832780                                {pd product} {ergonomic}
    uintx NonProfiledCodeHeapSize                  = 122912730                              {pd product} {ergonomic}
    uintx ProfiledCodeHeapSize                     = 122912730                              {pd product} {ergonomic}
    uintx ReservedCodeCacheSize                    = 251658240                              {pd product} {ergonomic}
     bool SegmentedCodeCache                       = true                                      {product} {ergonomic}
   size_t SoftMaxHeapSize                          = 2122317824                             {manageable} {ergonomic}
     bool UseCompressedClassPointers               = true                           {product lp64_product} {ergonomic}
     bool UseCompressedOops                        = true                           {product lp64_product} {ergonomic}
     bool UseG1GC                                  = true                                      {product} {ergonomic}
     bool UseLargePagesIndividualAllocation        = false                                  {pd product} {ergonomic}

Logging:
Log output configuration:
 #0: stdout all=off uptime,level,tags foldmultilines=false
 #1: stderr all=off uptime,level,tags foldmultilines=false

Environment Variables:
PATH=C:\Program Files (x86)\VMware\VMware Workstation\bin\;C:\Program Files\Microsoft MPI\Bin\;C:\Program Files\Common Files\Oracle\Java\javapath;C:\Program Files (x86)\Common Files\Oracle\Java\javapath;C:\Windows\system32;C:\Windows;C:\Windows\System32\Wbem;C:\Windows\System32\WindowsPowerShell\v1.0\;C:\Windows\System32\OpenSSH\;C:\Program Files\Git\cmd;C:\Program Files (x86)\Microsoft SQL Server\160\Tools\Binn\;C:\Program Files\Microsoft SQL Server\160\Tools\Binn\;C:\Program Files\Microsoft SQL Server\Client SDK\ODBC\170\Tools\Binn\;C:\Program Files\Microsoft SQL Server\160\DTS\Binn\;C:\Program Files (x86)\Microsoft SQL Server\160\DTS\Binn\;C:\Program Files\Azure Data Studio\bin;C:\ProgramData\chocolatey\bin;C:\Python\Python312\Scripts\;C:\Python\Python312\;C:\Users\Elvis\AppData\Local\Microsoft\WindowsApps;;C:\Users\Elvis\AppData\Local\Programs\Microsoft VS Code\bin;C:\Program Files\Azure Data Studio\bin;C:\Program Files\Azure Data Studio\bin;C:\Program Files\Azure Data Studio\bin
USERNAME=Elvis
OS=Windows_NT
PROCESSOR_IDENTIFIER=Intel64 Family 6 Model 58 Stepping 9, GenuineIntel
TMP=C:\Users\Elvis\AppData\Local\Temp
TEMP=C:\Users\Elvis\AppData\Local\Temp




---------------  S Y S T E M  ---------------

OS:
 Windows 10 , 64 bit Build 19041 (10.0.19041.3636)
OS uptime: 0 days 1:55 hours

CPU: total 4 (initial active 4) (2 cores per cpu, 2 threads per core) family 6 model 58 stepping 9 microcode 0x21, cx8, cmov, fxsr, ht, mmx, sse, sse2, sse3, ssse3, sse4.1, sse4.2, popcnt, tsc, tscinvbit, avx, aes, erms, clmul, vzeroupper, clflush, rdtscp, f16c

Memory: 4k page, system-wide physical 8095M (1683M free)
TotalPageFile size 10655M (AvailPageFile size 1869M)
current process WorkingSet (physical memory assigned to process): 148M, peak: 168M
current process commit charge ("private bytes"): 266M, peak: 291M

vm_info: Java HotSpot(TM) 64-Bit Server VM (20+36-2344) for windows-amd64 JRE (20+36-2344), built on 2023-02-10T19:30:15Z by "mach5one" with MS VC++ 17.1 (VS2022)

END.
