#
# A fatal error has been detected by the Java Runtime Environment:
#
#  EXCEPTION_ACCESS_VIOLATION (0xc0000005) at pc=0x00007fffc583faad, pid=11628, tid=2404
#
# JRE version: Java(TM) SE Runtime Environment (20.0+36) (build 20+36-2344)
# Java VM: Java HotSpot(TM) 64-Bit Server VM (20+36-2344, mixed mode, sharing, tiered, compressed oops, compressed class ptrs, g1 gc, windows-amd64)
# Problematic frame:
# C  [ntdll.dll+0x2faad]
#
# No core dump will be written. Minidumps are not enabled by default on client versions of Windows
#
# If you would like to submit a bug report, please visit:
#   https://bugreport.java.com/bugreport/crash.jsp
#

---------------  S U M M A R Y ------------

Command Line: -Dfile.encoding=UTF-8 --module-path=C:\Users\Elvis\Documents\NetBeansProjects\SofwareMatricula\build\classes SofwareAsistencia.controler.metodos.FaceRecognition

Host: Intel(R) Core(TM) i5-3337U CPU @ 1.80GHz, 4 cores, 7G,  Windows 10 , 64 bit Build 19041 (10.0.19041.3636)
Time: Sat Nov 18 15:25:08 2023 Hora est. Pacífico, Sudamérica elapsed time: 10.106175 seconds (0d 0h 0m 10s)

---------------  T H R E A D  ---------------

Current thread (0x000002445262bb70):  VMThread "VM Thread" [stack: 0x00000072f6100000,0x00000072f6200000] [id=2404]

Stack: [0x00000072f6100000,0x00000072f6200000],  sp=0x00000072f61fec90,  free space=1019k
Native frames: (J=compiled Java code, j=interpreted, Vv=VM code, C=native code)
C  [ntdll.dll+0x2faad]
C  [igdrcl64.dll+0x36542]


siginfo: EXCEPTION_ACCESS_VIOLATION (0xc0000005), writing address 0x0000000000000018


Registers:
RAX=0x00000072f56f8000, RBX=0x0000000000000000, RCX=0x0000000000000010, RDX=0x0000024457dffb80
RSP=0x00000072f61fec90, RBP=0x0000024456b75fd8, RSI=0x0000000000000010, RDI=0x0000024457dffb80
R8 =0x0000000000000032, R9 =0x0000000000000032, R10=0x0000000000000032, R11=0x00000072f61fecd0
R12=0x00007fff81b6623c, R13=0x00007fff4c8dea90, R14=0x0000dc769d9bc395, R15=0x0000024456b758a0
RIP=0x00007fffc583faad, EFLAGS=0x0000000000010206


Register to memory mapping:

RIP=0x00007fffc583faad ntdll.dll
RAX=0x00000072f56f8000 points into unknown readable memory: 0x0000000000000000 | 00 00 00 00 00 00 00 00
RBX=0x0 is NULL
RCX=0x0000000000000010 is an unknown value
RDX=0x0000024457dffb80 points into unknown readable memory: 0x00007fff7eddffa0 | a0 ff dd 7e ff 7f 00 00
RSP=0x00000072f61fec90 points into unknown readable memory: 0x0000024434250000 | 00 00 25 34 44 02 00 00
RBP=0x0000024456b75fd8 points into unknown readable memory: 0x0000dc769d9bc395 | 95 c3 9b 9d 76 dc 00 00
RSI=0x0000000000000010 is an unknown value
RDI=0x0000024457dffb80 points into unknown readable memory: 0x00007fff7eddffa0 | a0 ff dd 7e ff 7f 00 00
R8 =0x0000000000000032 is an unknown value
R9 =0x0000000000000032 is an unknown value
R10=0x0000000000000032 is an unknown value
R11=0x00000072f61fecd0 points into unknown readable memory: 0x0000dc769d9bc395 | 95 c3 9b 9d 76 dc 00 00
R12=0x00007fff81b6623c opencv_java480.dll
R13=0x00007fff4c8dea90 jvm.dll
R14=0x0000dc769d9bc395 is an unknown value
R15=0x0000024456b758a0 points into unknown readable memory: 0xfff0eabd119bc39a | 9a c3 9b 11 bd ea f0 ff


Top of Stack: (sp=0x00000072f61fec90)
0x00000072f61fec90:   0000024434250000 0000dc769d9bc395
0x00000072f61feca0:   00007fff4c8dea90 00007fff81b6623c
0x00000072f61fecb0:   000002445833c630 00007fff7ec36542
0x00000072f61fecc0:   0000dc046b8428e5 0000dc760000000d
0x00000072f61fecd0:   0000dc769d9bc395 000002445a1555c0
0x00000072f61fece0:   00000244582becc0 00007fff7ec31145
0x00000072f61fecf0:   0000024434250000 0000024457dffb80
0x00000072f61fed00:   00000072f61fee80 0000000000000000
0x00000072f61fed10:   000002445a1555c0 00007fff80e6c109
0x00000072f61fed20:   00000244582bef30 0000dc769d9bc395
0x00000072f61fed30:   00007fff4c8dea90 00007fff81b6623c
0x00000072f61fed40:   0000024456bdd480 00007fffc58347b1
0x00000072f61fed50:   00000244582bef30 00000244342e0000
0x00000072f61fed60:   0000024456b75fd8 0000000000000000
0x00000072f61fed70:   0000000000000000 0000dc046b842eb5
0x00000072f61fed80:   000002445a1555c0 00007fff80e54061
0x00000072f61fed90:   00007fff8271cd48 000002445a1555b0
0x00000072f61feda0:   000002445a2df0c0 0000024456bdd550
0x00000072f61fedb0:   00000000ffffffff 00007fff81c98ac0
0x00000072f61fedc0:   000002445a1555c0 000002445a1555b0
0x00000072f61fedd0:   00000072f61fee80 00007fffc08c936a
0x00000072f61fede0:   0000024456b75fc0 00007fff81bb442f
0x00000072f61fedf0:   0000024456b758a0 000002443454c390
0x00000072f61fee00:   000002443454c390 00007fffc58347b1
0x00000072f61fee10:   0000000000000001 00007fff7f760000
0x00000072f61fee20:   00000072f61fee80 00007fff81bb41dd
0x00000072f61fee30:   00000072f61feeb0 00000072f61fef50
0x00000072f61fee40:   0000000000000001 00007fffc4ab9c9c
0x00000072f61fee50:   00000072f61fef30 00007fff81bb4501
0x00000072f61fee60:   00000072f61fef30 00000072f61ff280
0x00000072f61fee70:   0000000000000000 00000072f61feeb0
0x00000072f61fee80:   00000072f61feea0 000002443454c398 

Instructions: (pc=0x00007fffc583faad)
0x00007fffc583f9ad:   48 b8 7f 7f 7f 7f 7f 7f 7f 7f 41 8b c8 48 0b cb
0x00007fffc583f9bd:   48 23 c8 83 e6 1f 49 89 8c f4 40 a5 16 00 48 81
0x00007fffc583f9cd:   c4 98 00 00 00 41 5f 41 5e 41 5d 41 5c 5f 5e 5b
0x00007fffc583f9dd:   5d c3 cc 33 d2 41 8b c6 41 f7 f0 44 8b c8 e9 d6
0x00007fffc583f9ed:   fc ff ff 41 8d 57 ff 41 85 d7 0f 84 13 38 08 00
0x00007fffc583f9fd:   41 b8 00 10 00 00 41 b9 ff ff 00 00 e9 3c 38 08
0x00007fffc583fa0d:   00 cc cc cc cc cc cc 48 8b c4 48 89 58 08 48 89
0x00007fffc583fa1d:   68 10 48 89 70 18 48 89 78 20 41 56 48 83 ec 20
0x00007fffc583fa2d:   40 8a ea 4c 8d 35 99 d1 13 00 48 8b f1 33 db 48
0x00007fffc583fa3d:   8d 0d 9d d1 13 00 e8 58 00 00 00 4c 8b 05 81 d1
0x00007fffc583fa4d:   13 00 4d 3b c6 0f 85 08 3b 08 00 48 85 db 75 33
0x00007fffc583fa5d:   48 8d 0d 7c d1 13 00 e8 c7 f7 ff ff 48 85 db 0f
0x00007fffc583fa6d:   85 23 3b 08 00 33 c0 48 8b 5c 24 30 48 8b 6c 24
0x00007fffc583fa7d:   38 48 8b 74 24 40 48 8b 7c 24 48 48 83 c4 20 41
0x00007fffc583fa8d:   5e c3 cc f0 ff 43 3c eb c7 cc cc cc cc cc cc cc
0x00007fffc583fa9d:   cc cc cc 48 83 ec 28 65 48 8b 04 25 30 00 00 00
0x00007fffc583faad:   f0 0f ba 71 08 00 48 8b 40 48 73 13 48 89 41 10
0x00007fffc583fabd:   33 c0 c7 41 0c 01 00 00 00 48 83 c4 28 c3 cc 48
0x00007fffc583facd:   39 41 10 75 0b ff 41 0c 33 c0 48 83 c4 28 c3 cc
0x00007fffc583fadd:   e8 0e 00 00 00 eb e2 cc cc cc cc cc cc cc cc cc
0x00007fffc583faed:   cc cc cc 48 89 5c 24 18 55 56 57 41 54 41 55 41
0x00007fffc583fafd:   56 41 57 48 83 ec 20 8b 41 20 48 8b f1 48 0f ba
0x00007fffc583fb0d:   e0 1a 0f 82 df 01 00 00 33 ff 40 32 ed 66 83 3c
0x00007fffc583fb1d:   25 6a 03 fe 7f 01 76 19 48 8b 7e 20 48 8b c7 81
0x00007fffc583fb2d:   e7 ff ff ff 00 25 00 00 00 02 48 85 c0 40 0f 95
0x00007fffc583fb3d:   c5 45 32 ff b0 01 45 32 e4 41 bd 01 00 00 00 45
0x00007fffc583fb4d:   33 c0 ba 6a 03 fe 7f 84 c0 0f 84 14 01 00 00 8b
0x00007fffc583fb5d:   46 08 4c 8d 4e 08 45 84 e4 41 be 03 00 00 00 45
0x00007fffc583fb6d:   0f 44 f5 41 84 c5 0f 85 e2 00 00 00 8d 0c bf 03
0x00007fffc583fb7d:   c9 66 44 39 2a 0f 86 e8 00 00 00 4d 85 c9 74 0e
0x00007fffc583fb8d:   80 3c 25 97 02 fe 7f 00 0f 85 29 3a 08 00 0f b7
0x00007fffc583fb9d:   1c 25 d6 02 fe 7f 83 fb 0c 0f 85 a2 00 00 00 b8 


Stack slot to memory mapping:
stack at sp + 0 slots: 0x0000024434250000 points into unknown readable memory: 0x0000000000000000 | 00 00 00 00 00 00 00 00
stack at sp + 1 slots: 0x0000dc769d9bc395 is an unknown value
stack at sp + 2 slots: 0x00007fff4c8dea90 jvm.dll
stack at sp + 3 slots: 0x00007fff81b6623c opencv_java480.dll
stack at sp + 4 slots: 0x000002445833c630 points into unknown readable memory: 0x005c003f003f005c | 5c 00 3f 00 3f 00 5c 00
stack at sp + 5 slots: 0x00007fff7ec36542 igdrcl64.dll
stack at sp + 6 slots: 0x0000dc046b8428e5 is an unknown value
stack at sp + 7 slots: 0x0000dc760000000d is an unknown value

VM_Operation (0x00000072f76fea50): Exit, mode: safepoint, requested by thread 0x000002445264f120


---------------  P R O C E S S  ---------------

Threads class SMR info:
_java_thread_list=0x00000244568f2940, length=14, elements={
0x00000244526482a0, 0x0000024452649720, 0x0000024452650110, 0x000002445264e130,
0x000002445264e680, 0x000002445264cbf0, 0x0000024452658f70, 0x00000244526652e0,
0x000002445264d690, 0x000002445264f670, 0x000002445264dbe0, 0x000002445264d140,
0x000002445264f120, 0x0000024457e055c0
}

Java Threads: ( => current thread )
  0x00000244526482a0 JavaThread "Reference Handler" daemon [_thread_blocked, id=628, stack(0x00000072f6200000,0x00000072f6300000)]
  0x0000024452649720 JavaThread "Finalizer" daemon [_thread_blocked, id=6556, stack(0x00000072f6300000,0x00000072f6400000)]
  0x0000024452650110 JavaThread "Signal Dispatcher" daemon [_thread_blocked, id=6900, stack(0x00000072f6400000,0x00000072f6500000)]
  0x000002445264e130 JavaThread "Attach Listener" daemon [_thread_blocked, id=8240, stack(0x00000072f6500000,0x00000072f6600000)]
  0x000002445264e680 JavaThread "Service Thread" daemon [_thread_blocked, id=9020, stack(0x00000072f6600000,0x00000072f6700000)]
  0x000002445264cbf0 JavaThread "Monitor Deflation Thread" daemon [_thread_blocked, id=8300, stack(0x00000072f6700000,0x00000072f6800000)]
  0x0000024452658f70 JavaThread "C2 CompilerThread0" daemon [_thread_blocked, id=10868, stack(0x00000072f6800000,0x00000072f6900000)]
  0x00000244526652e0 JavaThread "C1 CompilerThread0" daemon [_thread_blocked, id=11680, stack(0x00000072f6900000,0x00000072f6a00000)]
  0x000002445264d690 JavaThread "Common-Cleaner" daemon [_thread_blocked, id=7188, stack(0x00000072f6a00000,0x00000072f6b00000)]
  0x000002445264f670 JavaThread "Notification Thread" daemon [_thread_blocked, id=2780, stack(0x00000072f6b00000,0x00000072f6c00000)]
  0x000002445264dbe0 JavaThread "Java2D Disposer" daemon [_thread_blocked, id=6492, stack(0x00000072f7300000,0x00000072f7400000)]
  0x000002445264d140 JavaThread "AWT-Shutdown" [_thread_blocked, id=4428, stack(0x00000072f7400000,0x00000072f7500000)]
  0x000002445264f120 JavaThread "AWT-EventQueue-0" [_thread_blocked, id=8832, stack(0x00000072f7600000,0x00000072f7700000)]
  0x0000024457e055c0 JavaThread "DestroyJavaVM" [_thread_blocked, id=2252, stack(0x00000072f5b00000,0x00000072f5c00000)]

Other Threads:
=>0x000002445262bb70 VMThread "VM Thread" [stack: 0x00000072f6100000,0x00000072f6200000] [id=2404]
  0x00000244365834f0 WorkerThread "GC Thread#0" [stack: 0x00000072f5c00000,0x00000072f5d00000] [id=7628]
  0x000002445a38dbc0 WorkerThread "GC Thread#1" [stack: 0x00000072f8300000,0x00000072f8400000] [id=12220]
  0x000002445a3908c0 WorkerThread "GC Thread#2" [stack: 0x00000072f8400000,0x00000072f8500000] [id=976]
  0x000002445a38f240 WorkerThread "GC Thread#3" [stack: 0x00000072f8500000,0x00000072f8600000] [id=7952]
  0x0000024436594370 ConcurrentGCThread "G1 Main Marker" terminated
  0x0000024436596550 WorkerThread "G1 Conc#0" [stack: 0x00000072f5e00000,0x00000072f5f00000] [id=4944]
  0x00000244365eec20 ConcurrentGCThread "G1 Refine#0" terminated
  0x00000244524da830 ConcurrentGCThread "G1 Service" terminated

Threads with active compile tasks:

VM state: at safepoint (shutting down)

VM Mutex/Monitor currently owned by a thread:  ([mutex/lock_event])
[0x000002443651faf0] Threads_lock - owner thread: 0x000002445262bb70
[0x00000244365207e0] Heap_lock - owner thread: 0x000002445264f120

Heap address: 0x0000000081800000, size: 2024 MB, Compressed Oops mode: 32-bit

CDS archive(s) mapped at: [0x0000000800000000-0x0000000800c60000-0x0000000800c60000), size 12976128, SharedBaseAddress: 0x0000000800000000, ArchiveRelocationMode: 0.
Compressed class space mapped at: 0x0000000801000000-0x0000000841000000, reserved size: 1073741824
Narrow klass base: 0x0000000800000000, Narrow klass shift: 0, Narrow klass range: 0x100000000

GC Precious Log:
 CardTable entry size: 512
 Card Set container configuration: InlinePtr #cards 5 size 8 Array Of Cards #cards 12 size 40 Howl #buckets 4 coarsen threshold 1843 Howl Bitmap #cards 512 size 80 coarsen threshold 460 Card regions per heap region 1 cards per card region 2048
 CPUs: 4 total, 4 available
 Memory: 8095M
 Large Page Support: Disabled
 NUMA Support: Disabled
 Compressed Oops: Enabled (32-bit)
 Heap Region Size: 1M
 Heap Min Capacity: 8M
 Heap Initial Capacity: 128M
 Heap Max Capacity: 2024M
 Pre-touch: Disabled
 Parallel Workers: 4
 Concurrent Workers: 1
 Concurrent Refinement Workers: 4
 Periodic GC: Disabled

Heap:
 garbage-first heap   total 131072K, used 8076K [0x0000000081800000, 0x0000000100000000)
  region size 1024K, 7 young (7168K), 2 survivors (2048K)
 Metaspace       used 7577K, committed 7808K, reserved 1114112K
  class space    used 774K, committed 896K, reserved 1048576K

Heap Regions: E=young(eden), S=young(survivor), O=old, HS=humongous(starts), HC=humongous(continues), CS=collection set, F=free, OA=open archive, CA=closed archive, TAMS=top-at-mark-start, PB=parsable bottom
|   0|0x0000000081800000, 0x0000000081900000, 0x0000000081900000|100%|HS|  |TAMS 0x0000000081800000| PB 0x0000000081800000| Complete 
|   1|0x0000000081900000, 0x0000000081a00000, 0x0000000081a00000|100%|HC|  |TAMS 0x0000000081900000| PB 0x0000000081900000| Complete 
|   2|0x0000000081a00000, 0x0000000081ae3000, 0x0000000081b00000| 88%| O|  |TAMS 0x0000000081a00000| PB 0x0000000081a00000| Untracked 
|   3|0x0000000081b00000, 0x0000000081b00000, 0x0000000081c00000|  0%| F|  |TAMS 0x0000000081b00000| PB 0x0000000081b00000| Untracked 
|   4|0x0000000081c00000, 0x0000000081c00000, 0x0000000081d00000|  0%| F|  |TAMS 0x0000000081c00000| PB 0x0000000081c00000| Untracked 
|   5|0x0000000081d00000, 0x0000000081d00000, 0x0000000081e00000|  0%| F|  |TAMS 0x0000000081d00000| PB 0x0000000081d00000| Untracked 
|   6|0x0000000081e00000, 0x0000000081e00000, 0x0000000081f00000|  0%| F|  |TAMS 0x0000000081e00000| PB 0x0000000081e00000| Untracked 
|   7|0x0000000081f00000, 0x0000000081f00000, 0x0000000082000000|  0%| F|  |TAMS 0x0000000081f00000| PB 0x0000000081f00000| Untracked 
|   8|0x0000000082000000, 0x0000000082000000, 0x0000000082100000|  0%| F|  |TAMS 0x0000000082000000| PB 0x0000000082000000| Untracked 
|   9|0x0000000082100000, 0x0000000082100000, 0x0000000082200000|  0%| F|  |TAMS 0x0000000082100000| PB 0x0000000082100000| Untracked 
|  10|0x0000000082200000, 0x0000000082200000, 0x0000000082300000|  0%| F|  |TAMS 0x0000000082200000| PB 0x0000000082200000| Untracked 
|  11|0x0000000082300000, 0x0000000082300000, 0x0000000082400000|  0%| F|  |TAMS 0x0000000082300000| PB 0x0000000082300000| Untracked 
|  12|0x0000000082400000, 0x0000000082400000, 0x0000000082500000|  0%| F|  |TAMS 0x0000000082400000| PB 0x0000000082400000| Untracked 
|  13|0x0000000082500000, 0x0000000082500000, 0x0000000082600000|  0%| F|  |TAMS 0x0000000082500000| PB 0x0000000082500000| Untracked 
|  14|0x0000000082600000, 0x0000000082600000, 0x0000000082700000|  0%| F|  |TAMS 0x0000000082600000| PB 0x0000000082600000| Untracked 
|  15|0x0000000082700000, 0x0000000082700000, 0x0000000082800000|  0%| F|  |TAMS 0x0000000082700000| PB 0x0000000082700000| Untracked 
|  16|0x0000000082800000, 0x0000000082800000, 0x0000000082900000|  0%| F|  |TAMS 0x0000000082800000| PB 0x0000000082800000| Untracked 
|  17|0x0000000082900000, 0x0000000082900000, 0x0000000082a00000|  0%| F|  |TAMS 0x0000000082900000| PB 0x0000000082900000| Untracked 
|  18|0x0000000082a00000, 0x0000000082a00000, 0x0000000082b00000|  0%| F|  |TAMS 0x0000000082a00000| PB 0x0000000082a00000| Untracked 
|  19|0x0000000082b00000, 0x0000000082b00000, 0x0000000082c00000|  0%| F|  |TAMS 0x0000000082b00000| PB 0x0000000082b00000| Untracked 
|  20|0x0000000082c00000, 0x0000000082c00000, 0x0000000082d00000|  0%| F|  |TAMS 0x0000000082c00000| PB 0x0000000082c00000| Untracked 
|  21|0x0000000082d00000, 0x0000000082d00000, 0x0000000082e00000|  0%| F|  |TAMS 0x0000000082d00000| PB 0x0000000082d00000| Untracked 
|  22|0x0000000082e00000, 0x0000000082e00000, 0x0000000082f00000|  0%| F|  |TAMS 0x0000000082e00000| PB 0x0000000082e00000| Untracked 
|  23|0x0000000082f00000, 0x0000000082f00000, 0x0000000083000000|  0%| F|  |TAMS 0x0000000082f00000| PB 0x0000000082f00000| Untracked 
|  24|0x0000000083000000, 0x0000000083000000, 0x0000000083100000|  0%| F|  |TAMS 0x0000000083000000| PB 0x0000000083000000| Untracked 
|  25|0x0000000083100000, 0x0000000083100000, 0x0000000083200000|  0%| F|  |TAMS 0x0000000083100000| PB 0x0000000083100000| Untracked 
|  26|0x0000000083200000, 0x0000000083200000, 0x0000000083300000|  0%| F|  |TAMS 0x0000000083200000| PB 0x0000000083200000| Untracked 
|  27|0x0000000083300000, 0x0000000083300000, 0x0000000083400000|  0%| F|  |TAMS 0x0000000083300000| PB 0x0000000083300000| Untracked 
|  28|0x0000000083400000, 0x0000000083400000, 0x0000000083500000|  0%| F|  |TAMS 0x0000000083400000| PB 0x0000000083400000| Untracked 
|  29|0x0000000083500000, 0x0000000083500000, 0x0000000083600000|  0%| F|  |TAMS 0x0000000083500000| PB 0x0000000083500000| Untracked 
|  30|0x0000000083600000, 0x0000000083600000, 0x0000000083700000|  0%| F|  |TAMS 0x0000000083600000| PB 0x0000000083600000| Untracked 
|  31|0x0000000083700000, 0x0000000083700000, 0x0000000083800000|  0%| F|  |TAMS 0x0000000083700000| PB 0x0000000083700000| Untracked 
|  32|0x0000000083800000, 0x0000000083800000, 0x0000000083900000|  0%| F|  |TAMS 0x0000000083800000| PB 0x0000000083800000| Untracked 
|  33|0x0000000083900000, 0x0000000083900000, 0x0000000083a00000|  0%| F|  |TAMS 0x0000000083900000| PB 0x0000000083900000| Untracked 
|  34|0x0000000083a00000, 0x0000000083a00000, 0x0000000083b00000|  0%| F|  |TAMS 0x0000000083a00000| PB 0x0000000083a00000| Untracked 
|  35|0x0000000083b00000, 0x0000000083b00000, 0x0000000083c00000|  0%| F|  |TAMS 0x0000000083b00000| PB 0x0000000083b00000| Untracked 
|  36|0x0000000083c00000, 0x0000000083c00000, 0x0000000083d00000|  0%| F|  |TAMS 0x0000000083c00000| PB 0x0000000083c00000| Untracked 
|  37|0x0000000083d00000, 0x0000000083d00000, 0x0000000083e00000|  0%| F|  |TAMS 0x0000000083d00000| PB 0x0000000083d00000| Untracked 
|  38|0x0000000083e00000, 0x0000000083e00000, 0x0000000083f00000|  0%| F|  |TAMS 0x0000000083e00000| PB 0x0000000083e00000| Untracked 
|  39|0x0000000083f00000, 0x0000000083f00000, 0x0000000084000000|  0%| F|  |TAMS 0x0000000083f00000| PB 0x0000000083f00000| Untracked 
|  40|0x0000000084000000, 0x0000000084000000, 0x0000000084100000|  0%| F|  |TAMS 0x0000000084000000| PB 0x0000000084000000| Untracked 
|  41|0x0000000084100000, 0x0000000084100000, 0x0000000084200000|  0%| F|  |TAMS 0x0000000084100000| PB 0x0000000084100000| Untracked 
|  42|0x0000000084200000, 0x0000000084200000, 0x0000000084300000|  0%| F|  |TAMS 0x0000000084200000| PB 0x0000000084200000| Untracked 
|  43|0x0000000084300000, 0x0000000084300000, 0x0000000084400000|  0%| F|  |TAMS 0x0000000084300000| PB 0x0000000084300000| Untracked 
|  44|0x0000000084400000, 0x0000000084400000, 0x0000000084500000|  0%| F|  |TAMS 0x0000000084400000| PB 0x0000000084400000| Untracked 
|  45|0x0000000084500000, 0x0000000084500000, 0x0000000084600000|  0%| F|  |TAMS 0x0000000084500000| PB 0x0000000084500000| Untracked 
|  46|0x0000000084600000, 0x0000000084600000, 0x0000000084700000|  0%| F|  |TAMS 0x0000000084600000| PB 0x0000000084600000| Untracked 
|  47|0x0000000084700000, 0x0000000084700000, 0x0000000084800000|  0%| F|  |TAMS 0x0000000084700000| PB 0x0000000084700000| Untracked 
|  48|0x0000000084800000, 0x0000000084800000, 0x0000000084900000|  0%| F|  |TAMS 0x0000000084800000| PB 0x0000000084800000| Untracked 
|  49|0x0000000084900000, 0x0000000084900000, 0x0000000084a00000|  0%| F|  |TAMS 0x0000000084900000| PB 0x0000000084900000| Untracked 
|  50|0x0000000084a00000, 0x0000000084a00000, 0x0000000084b00000|  0%| F|  |TAMS 0x0000000084a00000| PB 0x0000000084a00000| Untracked 
|  51|0x0000000084b00000, 0x0000000084b00000, 0x0000000084c00000|  0%| F|  |TAMS 0x0000000084b00000| PB 0x0000000084b00000| Untracked 
|  52|0x0000000084c00000, 0x0000000084c00000, 0x0000000084d00000|  0%| F|  |TAMS 0x0000000084c00000| PB 0x0000000084c00000| Untracked 
|  53|0x0000000084d00000, 0x0000000084d00000, 0x0000000084e00000|  0%| F|  |TAMS 0x0000000084d00000| PB 0x0000000084d00000| Untracked 
|  54|0x0000000084e00000, 0x0000000084e00000, 0x0000000084f00000|  0%| F|  |TAMS 0x0000000084e00000| PB 0x0000000084e00000| Untracked 
|  55|0x0000000084f00000, 0x0000000084f00000, 0x0000000085000000|  0%| F|  |TAMS 0x0000000084f00000| PB 0x0000000084f00000| Untracked 
|  56|0x0000000085000000, 0x0000000085000000, 0x0000000085100000|  0%| F|  |TAMS 0x0000000085000000| PB 0x0000000085000000| Untracked 
|  57|0x0000000085100000, 0x0000000085100000, 0x0000000085200000|  0%| F|  |TAMS 0x0000000085100000| PB 0x0000000085100000| Untracked 
|  58|0x0000000085200000, 0x0000000085200000, 0x0000000085300000|  0%| F|  |TAMS 0x0000000085200000| PB 0x0000000085200000| Untracked 
|  59|0x0000000085300000, 0x0000000085300000, 0x0000000085400000|  0%| F|  |TAMS 0x0000000085300000| PB 0x0000000085300000| Untracked 
|  60|0x0000000085400000, 0x0000000085400000, 0x0000000085500000|  0%| F|  |TAMS 0x0000000085400000| PB 0x0000000085400000| Untracked 
|  61|0x0000000085500000, 0x0000000085500000, 0x0000000085600000|  0%| F|  |TAMS 0x0000000085500000| PB 0x0000000085500000| Untracked 
|  62|0x0000000085600000, 0x0000000085600000, 0x0000000085700000|  0%| F|  |TAMS 0x0000000085600000| PB 0x0000000085600000| Untracked 
|  63|0x0000000085700000, 0x0000000085700000, 0x0000000085800000|  0%| F|  |TAMS 0x0000000085700000| PB 0x0000000085700000| Untracked 
|  64|0x0000000085800000, 0x0000000085800000, 0x0000000085900000|  0%| F|  |TAMS 0x0000000085800000| PB 0x0000000085800000| Untracked 
|  65|0x0000000085900000, 0x0000000085900000, 0x0000000085a00000|  0%| F|  |TAMS 0x0000000085900000| PB 0x0000000085900000| Untracked 
|  66|0x0000000085a00000, 0x0000000085a00000, 0x0000000085b00000|  0%| F|  |TAMS 0x0000000085a00000| PB 0x0000000085a00000| Untracked 
|  67|0x0000000085b00000, 0x0000000085b00000, 0x0000000085c00000|  0%| F|  |TAMS 0x0000000085b00000| PB 0x0000000085b00000| Untracked 
|  68|0x0000000085c00000, 0x0000000085c00000, 0x0000000085d00000|  0%| F|  |TAMS 0x0000000085c00000| PB 0x0000000085c00000| Untracked 
|  69|0x0000000085d00000, 0x0000000085d00000, 0x0000000085e00000|  0%| F|  |TAMS 0x0000000085d00000| PB 0x0000000085d00000| Untracked 
|  70|0x0000000085e00000, 0x0000000085e00000, 0x0000000085f00000|  0%| F|  |TAMS 0x0000000085e00000| PB 0x0000000085e00000| Untracked 
|  71|0x0000000085f00000, 0x0000000085f00000, 0x0000000086000000|  0%| F|  |TAMS 0x0000000085f00000| PB 0x0000000085f00000| Untracked 
|  72|0x0000000086000000, 0x0000000086000000, 0x0000000086100000|  0%| F|  |TAMS 0x0000000086000000| PB 0x0000000086000000| Untracked 
|  73|0x0000000086100000, 0x0000000086100000, 0x0000000086200000|  0%| F|  |TAMS 0x0000000086100000| PB 0x0000000086100000| Untracked 
|  74|0x0000000086200000, 0x0000000086200000, 0x0000000086300000|  0%| F|  |TAMS 0x0000000086200000| PB 0x0000000086200000| Untracked 
|  75|0x0000000086300000, 0x0000000086300000, 0x0000000086400000|  0%| F|  |TAMS 0x0000000086300000| PB 0x0000000086300000| Untracked 
|  76|0x0000000086400000, 0x0000000086400000, 0x0000000086500000|  0%| F|  |TAMS 0x0000000086400000| PB 0x0000000086400000| Untracked 
|  77|0x0000000086500000, 0x0000000086500000, 0x0000000086600000|  0%| F|  |TAMS 0x0000000086500000| PB 0x0000000086500000| Untracked 
|  78|0x0000000086600000, 0x0000000086600000, 0x0000000086700000|  0%| F|  |TAMS 0x0000000086600000| PB 0x0000000086600000| Untracked 
|  79|0x0000000086700000, 0x0000000086700000, 0x0000000086800000|  0%| F|  |TAMS 0x0000000086700000| PB 0x0000000086700000| Untracked 
|  80|0x0000000086800000, 0x0000000086800000, 0x0000000086900000|  0%| F|  |TAMS 0x0000000086800000| PB 0x0000000086800000| Untracked 
|  81|0x0000000086900000, 0x0000000086900000, 0x0000000086a00000|  0%| F|  |TAMS 0x0000000086900000| PB 0x0000000086900000| Untracked 
|  82|0x0000000086a00000, 0x0000000086a00000, 0x0000000086b00000|  0%| F|  |TAMS 0x0000000086a00000| PB 0x0000000086a00000| Untracked 
|  83|0x0000000086b00000, 0x0000000086b00000, 0x0000000086c00000|  0%| F|  |TAMS 0x0000000086b00000| PB 0x0000000086b00000| Untracked 
|  84|0x0000000086c00000, 0x0000000086c00000, 0x0000000086d00000|  0%| F|  |TAMS 0x0000000086c00000| PB 0x0000000086c00000| Untracked 
|  85|0x0000000086d00000, 0x0000000086d00000, 0x0000000086e00000|  0%| F|  |TAMS 0x0000000086d00000| PB 0x0000000086d00000| Untracked 
|  86|0x0000000086e00000, 0x0000000086e00000, 0x0000000086f00000|  0%| F|  |TAMS 0x0000000086e00000| PB 0x0000000086e00000| Untracked 
|  87|0x0000000086f00000, 0x0000000086f00000, 0x0000000087000000|  0%| F|  |TAMS 0x0000000086f00000| PB 0x0000000086f00000| Untracked 
|  88|0x0000000087000000, 0x0000000087000000, 0x0000000087100000|  0%| F|  |TAMS 0x0000000087000000| PB 0x0000000087000000| Untracked 
|  89|0x0000000087100000, 0x0000000087100000, 0x0000000087200000|  0%| F|  |TAMS 0x0000000087100000| PB 0x0000000087100000| Untracked 
|  90|0x0000000087200000, 0x0000000087200000, 0x0000000087300000|  0%| F|  |TAMS 0x0000000087200000| PB 0x0000000087200000| Untracked 
|  91|0x0000000087300000, 0x0000000087300000, 0x0000000087400000|  0%| F|  |TAMS 0x0000000087300000| PB 0x0000000087300000| Untracked 
|  92|0x0000000087400000, 0x0000000087400000, 0x0000000087500000|  0%| F|  |TAMS 0x0000000087400000| PB 0x0000000087400000| Untracked 
|  93|0x0000000087500000, 0x0000000087500000, 0x0000000087600000|  0%| F|  |TAMS 0x0000000087500000| PB 0x0000000087500000| Untracked 
|  94|0x0000000087600000, 0x0000000087600000, 0x0000000087700000|  0%| F|  |TAMS 0x0000000087600000| PB 0x0000000087600000| Untracked 
|  95|0x0000000087700000, 0x0000000087700000, 0x0000000087800000|  0%| F|  |TAMS 0x0000000087700000| PB 0x0000000087700000| Untracked 
|  96|0x0000000087800000, 0x0000000087800000, 0x0000000087900000|  0%| F|  |TAMS 0x0000000087800000| PB 0x0000000087800000| Untracked 
|  97|0x0000000087900000, 0x0000000087900000, 0x0000000087a00000|  0%| F|  |TAMS 0x0000000087900000| PB 0x0000000087900000| Untracked 
|  98|0x0000000087a00000, 0x0000000087a00000, 0x0000000087b00000|  0%| F|  |TAMS 0x0000000087a00000| PB 0x0000000087a00000| Untracked 
|  99|0x0000000087b00000, 0x0000000087b00000, 0x0000000087c00000|  0%| F|  |TAMS 0x0000000087b00000| PB 0x0000000087b00000| Untracked 
| 100|0x0000000087c00000, 0x0000000087c00000, 0x0000000087d00000|  0%| F|  |TAMS 0x0000000087c00000| PB 0x0000000087c00000| Untracked 
| 101|0x0000000087d00000, 0x0000000087d00000, 0x0000000087e00000|  0%| F|  |TAMS 0x0000000087d00000| PB 0x0000000087d00000| Untracked 
| 102|0x0000000087e00000, 0x0000000087e00000, 0x0000000087f00000|  0%| F|  |TAMS 0x0000000087e00000| PB 0x0000000087e00000| Untracked 
| 103|0x0000000087f00000, 0x0000000087f00000, 0x0000000088000000|  0%| F|  |TAMS 0x0000000087f00000| PB 0x0000000087f00000| Untracked 
| 104|0x0000000088000000, 0x0000000088000000, 0x0000000088100000|  0%| F|  |TAMS 0x0000000088000000| PB 0x0000000088000000| Untracked 
| 105|0x0000000088100000, 0x0000000088100000, 0x0000000088200000|  0%| F|  |TAMS 0x0000000088100000| PB 0x0000000088100000| Untracked 
| 106|0x0000000088200000, 0x0000000088200000, 0x0000000088300000|  0%| F|  |TAMS 0x0000000088200000| PB 0x0000000088200000| Untracked 
| 107|0x0000000088300000, 0x0000000088300000, 0x0000000088400000|  0%| F|  |TAMS 0x0000000088300000| PB 0x0000000088300000| Untracked 
| 108|0x0000000088400000, 0x0000000088400000, 0x0000000088500000|  0%| F|  |TAMS 0x0000000088400000| PB 0x0000000088400000| Untracked 
| 109|0x0000000088500000, 0x0000000088500000, 0x0000000088600000|  0%| F|  |TAMS 0x0000000088500000| PB 0x0000000088500000| Untracked 
| 110|0x0000000088600000, 0x0000000088600000, 0x0000000088700000|  0%| F|  |TAMS 0x0000000088600000| PB 0x0000000088600000| Untracked 
| 111|0x0000000088700000, 0x0000000088700000, 0x0000000088800000|  0%| F|  |TAMS 0x0000000088700000| PB 0x0000000088700000| Untracked 
| 112|0x0000000088800000, 0x0000000088800000, 0x0000000088900000|  0%| F|  |TAMS 0x0000000088800000| PB 0x0000000088800000| Untracked 
| 113|0x0000000088900000, 0x0000000088a00000, 0x0000000088a00000|100%| S|CS|TAMS 0x0000000088900000| PB 0x0000000088900000| Complete 
| 114|0x0000000088a00000, 0x0000000088b00000, 0x0000000088b00000|100%| S|CS|TAMS 0x0000000088a00000| PB 0x0000000088a00000| Complete 
| 115|0x0000000088b00000, 0x0000000088b00000, 0x0000000088c00000|  0%| F|  |TAMS 0x0000000088b00000| PB 0x0000000088b00000| Untracked 
| 116|0x0000000088c00000, 0x0000000088c00000, 0x0000000088d00000|  0%| F|  |TAMS 0x0000000088c00000| PB 0x0000000088c00000| Untracked 
| 117|0x0000000088d00000, 0x0000000088d00000, 0x0000000088e00000|  0%| F|  |TAMS 0x0000000088d00000| PB 0x0000000088d00000| Untracked 
| 118|0x0000000088e00000, 0x0000000088e00000, 0x0000000088f00000|  0%| F|  |TAMS 0x0000000088e00000| PB 0x0000000088e00000| Untracked 
| 119|0x0000000088f00000, 0x0000000088f00000, 0x0000000089000000|  0%| F|  |TAMS 0x0000000088f00000| PB 0x0000000088f00000| Untracked 
| 120|0x0000000089000000, 0x0000000089000000, 0x0000000089100000|  0%| F|  |TAMS 0x0000000089000000| PB 0x0000000089000000| Untracked 
| 121|0x0000000089100000, 0x0000000089100000, 0x0000000089200000|  0%| F|  |TAMS 0x0000000089100000| PB 0x0000000089100000| Untracked 
| 122|0x0000000089200000, 0x0000000089200000, 0x0000000089300000|  0%| F|  |TAMS 0x0000000089200000| PB 0x0000000089200000| Untracked 
| 123|0x0000000089300000, 0x000000008937b340, 0x0000000089400000| 48%| E|  |TAMS 0x0000000089300000| PB 0x0000000089300000| Complete 
| 124|0x0000000089400000, 0x0000000089500000, 0x0000000089500000|100%| E|CS|TAMS 0x0000000089400000| PB 0x0000000089400000| Complete 
| 125|0x0000000089500000, 0x0000000089600000, 0x0000000089600000|100%| E|CS|TAMS 0x0000000089500000| PB 0x0000000089500000| Complete 
| 126|0x0000000089600000, 0x0000000089700000, 0x0000000089700000|100%| E|  |TAMS 0x0000000089600000| PB 0x0000000089600000| Complete 
| 127|0x0000000089700000, 0x0000000089800000, 0x0000000089800000|100%| E|CS|TAMS 0x0000000089700000| PB 0x0000000089700000| Complete 

Card table byte_map: [0x000002444d9e0000,0x000002444dde0000] _byte_map_base: 0x000002444d5d4000

Marking Bits: (CMBitMap*) 0x0000024436583b20
 Bits: [0x000002444e1e0000, 0x0000024450180000)

Polling page: 0x00000244342c0000

Metaspace:

Usage:
  Non-class:      6.64 MB used.
      Class:    774.76 KB used.
       Both:      7.40 MB used.

Virtual space:
  Non-class space:       64.00 MB reserved,       6.75 MB ( 11%) committed,  1 nodes.
      Class space:        1.00 GB reserved,     896.00 KB ( <1%) committed,  1 nodes.
             Both:        1.06 GB reserved,       7.62 MB ( <1%) committed. 

Chunk freelists:
   Non-Class:  772.00 KB
       Class:  3.09 MB
        Both:  3.84 MB

MaxMetaspaceSize: unlimited
CompressedClassSpaceSize: 1.00 GB
Initial GC threshold: 21.00 MB
Current GC threshold: 21.00 MB
CDS: on
MetaspaceReclaimPolicy: balanced
 - commit_granule_bytes: 65536.
 - commit_granule_words: 8192.
 - virtual_space_node_default_size: 8388608.
 - enlarge_chunks_in_place: 1.
 - new_chunks_are_fully_committed: 0.
 - uncommit_free_chunks: 1.
 - use_allocation_guard: 0.


Internal statistics:

num_allocs_failed_limit: 0.
num_arena_births: 152.
num_arena_deaths: 0.
num_vsnodes_births: 2.
num_vsnodes_deaths: 0.
num_space_committed: 122.
num_space_uncommitted: 0.
num_chunks_returned_to_freelist: 0.
num_chunks_taken_from_freelist: 210.
num_chunk_merges: 0.
num_chunk_splits: 127.
num_chunks_enlarged: 56.
num_inconsistent_stats: 0.

CodeHeap 'non-profiled nmethods': size=120000Kb used=294Kb max_used=294Kb free=119705Kb
 bounds [0x00000244460b0000, 0x0000024446320000, 0x000002444d5e0000]
CodeHeap 'profiled nmethods': size=120000Kb used=1693Kb max_used=1693Kb free=118306Kb
 bounds [0x000002443e5e0000, 0x000002443e850000, 0x0000024445b10000]
CodeHeap 'non-nmethods': size=5760Kb used=1916Kb max_used=1932Kb free=3844Kb
 bounds [0x0000024445b10000, 0x0000024445d80000, 0x00000244460b0000]
 total_blobs=1913 nmethods=1035 adapters=789
 compilation: enabled
              stopped_count=0, restarted_count=0
 full_count=0

Compilation events (20 events):
Event: 8.585 Thread 0x00000244526652e0 1026       3       java.util.concurrent.locks.AbstractQueuedSynchronizer$Node::setStatusRelaxed (12 bytes)
Event: 8.585 Thread 0x00000244526652e0 nmethod 1026 0x000002443e77bf90 code [0x000002443e77c120, 0x000002443e77c238]
Event: 8.657 Thread 0x00000244526652e0 1028   !   3       java.awt.KeyboardFocusManager::retargetFocusEvent (244 bytes)
Event: 8.661 Thread 0x00000244526652e0 nmethod 1028 0x000002443e77c310 code [0x000002443e77c820, 0x000002443e77fab8]
Event: 8.661 Thread 0x00000244526652e0 1029   !   3       java.awt.KeyboardFocusManager::processCurrentLightweightRequests (345 bytes)
Event: 8.665 Thread 0x00000244526652e0 nmethod 1029 0x000002443e780a10 code [0x000002443e780ee0, 0x000002443e783a98]
Event: 8.665 Thread 0x00000244526652e0 1030       3       java.awt.Window::eventEnabled (138 bytes)
Event: 8.665 Thread 0x00000244526652e0 nmethod 1030 0x000002443e784d90 code [0x000002443e784f60, 0x000002443e7854b0]
Event: 8.728 Thread 0x00000244526652e0 1031       3       sun.awt.windows.WComponentPeer::handleJavaMouseEvent (75 bytes)
Event: 8.734 Thread 0x00000244526652e0 nmethod 1031 0x000002443e785590 code [0x000002443e785840, 0x000002443e786878]
Event: 9.286 Thread 0x00000244526652e0 1032       1       sun.awt.image.SunVolatileImage::getWidth (5 bytes)
Event: 9.286 Thread 0x00000244526652e0 nmethod 1032 0x00000244460f8090 code [0x00000244460f8200, 0x00000244460f82c8]
Event: 9.286 Thread 0x00000244526652e0 1033       1       sun.awt.image.SunVolatileImage::getHeight (5 bytes)
Event: 9.286 Thread 0x00000244526652e0 nmethod 1033 0x00000244460f8390 code [0x00000244460f8500, 0x00000244460f85c8]
Event: 9.286 Thread 0x00000244526652e0 1034       1       sun.awt.image.VolatileSurfaceManager::getPrimarySurfaceData (5 bytes)
Event: 9.287 Thread 0x00000244526652e0 nmethod 1034 0x00000244460f8690 code [0x00000244460f8800, 0x00000244460f88c8]
Event: 9.304 Thread 0x00000244526652e0 1035       3       javax.swing.JComponent::contains (27 bytes)
Event: 9.305 Thread 0x00000244526652e0 nmethod 1035 0x000002443e786e10 code [0x000002443e786fc0, 0x000002443e787648]
Event: 9.488 Thread 0x0000024452658f70 1036   !   4       sun.awt.AppContext::get (123 bytes)
Event: 9.507 Thread 0x0000024452658f70 nmethod 1036 0x00000244460f8990 code [0x00000244460f8b40, 0x00000244460f9638]

GC Heap History (2 events):
Event: 4.244 GC heap before
{Heap before GC invocations=0 (full 0):
 garbage-first heap   total 131072K, used 14336K [0x0000000081800000, 0x0000000100000000)
  region size 1024K, 13 young (13312K), 0 survivors (0K)
 Metaspace       used 7296K, committed 7552K, reserved 1114112K
  class space    used 765K, committed 896K, reserved 1048576K
}
Event: 4.252 GC heap after
{Heap after GC invocations=1 (full 0):
 garbage-first heap   total 131072K, used 5004K [0x0000000081800000, 0x0000000100000000)
  region size 1024K, 2 young (2048K), 2 survivors (2048K)
 Metaspace       used 7296K, committed 7552K, reserved 1114112K
  class space    used 765K, committed 896K, reserved 1048576K
}

Dll operation events (10 events):
Event: 0.017 Loaded shared library C:\Program Files\Java\jdk-20\bin\java.dll
Event: 0.037 Loaded shared library C:\Program Files\Java\jdk-20\bin\jsvml.dll
Event: 0.209 Loaded shared library C:\Program Files\Java\jdk-20\bin\net.dll
Event: 0.214 Loaded shared library C:\Program Files\Java\jdk-20\bin\nio.dll
Event: 0.294 Loaded shared library C:\Program Files\Java\jdk-20\bin\zip.dll
Event: 0.446 Loaded shared library C:\Users\Elvis\Documents\NetBeansProjects\SofwareMatricula\opencv_java480.dll
Event: 1.801 Loaded shared library C:\Program Files\Java\jdk-20\bin\jimage.dll
Event: 1.836 Loaded shared library C:\Program Files\Java\jdk-20\bin\awt.dll
Event: 2.260 Loaded shared library C:\Program Files\Java\jdk-20\bin\freetype.dll
Event: 2.263 Loaded shared library C:\Program Files\Java\jdk-20\bin\fontmanager.dll

Deoptimization events (16 events):
Event: 0.405 Thread 0x0000024436526280 Uncommon trap: trap_request=0xffffffde fr.pc=0x00000244460c0c34 relative=0x0000000000000934
Event: 0.405 Thread 0x0000024436526280 Uncommon trap: reason=class_check action=maybe_recompile pc=0x00000244460c0c34 method=java.util.HashMap.putVal(ILjava/lang/Object;Ljava/lang/Object;ZZ)Ljava/lang/Object; @ 152 c2
Event: 0.405 Thread 0x0000024436526280 DEOPT PACKING pc=0x00000244460c0c34 sp=0x00000072f5bfe210
Event: 0.405 Thread 0x0000024436526280 DEOPT UNPACKING pc=0x0000024445b79d22 sp=0x00000072f5bfe1a0 mode 2
Event: 1.840 Thread 0x0000024436526280 DEOPT PACKING pc=0x000002443e5ef7d7 sp=0x00000072f5bfc350
Event: 1.840 Thread 0x0000024436526280 DEOPT UNPACKING pc=0x0000024445b7a4c2 sp=0x00000072f5bfb770 mode 0
Event: 1.880 Thread 0x0000024436526280 DEOPT PACKING pc=0x000002443e5e8dc1 sp=0x00000072f5bfd850
Event: 1.880 Thread 0x0000024436526280 DEOPT UNPACKING pc=0x0000024445b7a4c2 sp=0x00000072f5bfccc8 mode 0
Event: 2.044 Thread 0x0000024436526280 Uncommon trap: trap_request=0xffffff45 fr.pc=0x00000244460c0cf8 relative=0x00000000000009f8
Event: 2.044 Thread 0x0000024436526280 Uncommon trap: reason=unstable_if action=reinterpret pc=0x00000244460c0cf8 method=java.util.HashMap.putVal(ILjava/lang/Object;Ljava/lang/Object;ZZ)Ljava/lang/Object; @ 81 c2
Event: 2.044 Thread 0x0000024436526280 DEOPT PACKING pc=0x00000244460c0cf8 sp=0x00000072f5bfe5d0
Event: 2.044 Thread 0x0000024436526280 DEOPT UNPACKING pc=0x0000024445b79d22 sp=0x00000072f5bfe580 mode 2
Event: 9.279 Thread 0x000002445264f120 Uncommon trap: trap_request=0xffffff45 fr.pc=0x00000244460f6920 relative=0x00000000000000a0
Event: 9.279 Thread 0x000002445264f120 Uncommon trap: reason=unstable_if action=reinterpret pc=0x00000244460f6920 method=java.awt.Component.inside(II)Z @ 13 c2
Event: 9.279 Thread 0x000002445264f120 DEOPT PACKING pc=0x00000244460f6920 sp=0x00000072f76feac0
Event: 9.279 Thread 0x000002445264f120 DEOPT UNPACKING pc=0x0000024445b79d22 sp=0x00000072f76fe950 mode 2

Classes loaded (20 events):
Event: 3.374 Loading class javax/swing/RepaintManager$3
Event: 3.374 Loading class javax/swing/RepaintManager$3 done
Event: 3.377 Loading class sun/awt/image/BufImgSurfaceManager
Event: 3.377 Loading class sun/awt/image/BufImgSurfaceManager done
Event: 4.682 Loading class javax/swing/event/ChangeEvent
Event: 4.682 Loading class javax/swing/event/ChangeEvent done
Event: 8.307 Loading class java/awt/Canvas
Event: 8.308 Loading class java/awt/Canvas done
Event: 8.308 Loading class java/awt/Scrollbar
Event: 8.308 Loading class java/awt/Adjustable
Event: 8.308 Loading class java/awt/Adjustable done
Event: 8.308 Loading class java/awt/Scrollbar done
Event: 9.639 Loading class java/awt/LightweightDispatcher$2
Event: 9.639 Loading class java/awt/LightweightDispatcher$2 done
Event: 9.856 Loading class java/awt/Window$1DisposeAction
Event: 9.856 Loading class java/awt/Window$1DisposeAction done
Event: 9.856 Loading class java/awt/KeyboardFocusManager$2
Event: 9.856 Loading class java/awt/KeyboardFocusManager$2 done
Event: 9.857 Loading class sun/awt/SunToolkit$1
Event: 9.857 Loading class sun/awt/SunToolkit$1 done

Classes unloaded (0 events):
No events

Classes redefined (0 events):
No events

Internal exceptions (18 events):
Event: 0.217 Thread 0x0000024436526280 Exception <a 'sun/nio/fs/WindowsException'{0x00000000896cc730}> (0x00000000896cc730) 
thrown [s\open\src\hotspot\share\prims\jni.cpp, line 519]
Event: 0.228 Thread 0x0000024436526280 Exception <a 'sun/nio/fs/WindowsException'{0x00000000896cec20}> (0x00000000896cec20) 
thrown [s\open\src\hotspot\share\prims\jni.cpp, line 519]
Event: 0.229 Thread 0x0000024436526280 Exception <a 'sun/nio/fs/WindowsException'{0x00000000896cfc18}> (0x00000000896cfc18) 
thrown [s\open\src\hotspot\share\prims\jni.cpp, line 519]
Event: 0.230 Thread 0x0000024436526280 Exception <a 'sun/nio/fs/WindowsException'{0x00000000896d0760}> (0x00000000896d0760) 
thrown [s\open\src\hotspot\share\prims\jni.cpp, line 519]
Event: 0.231 Thread 0x0000024436526280 Exception <a 'sun/nio/fs/WindowsException'{0x00000000896d12a8}> (0x00000000896d12a8) 
thrown [s\open\src\hotspot\share\prims\jni.cpp, line 519]
Event: 0.232 Thread 0x0000024436526280 Exception <a 'sun/nio/fs/WindowsException'{0x00000000896d1e40}> (0x00000000896d1e40) 
thrown [s\open\src\hotspot\share\prims\jni.cpp, line 519]
Event: 0.233 Thread 0x0000024436526280 Exception <a 'sun/nio/fs/WindowsException'{0x00000000896d2910}> (0x00000000896d2910) 
thrown [s\open\src\hotspot\share\prims\jni.cpp, line 519]
Event: 1.816 Thread 0x0000024436526280 Exception <a 'java/lang/ClassNotFoundException'{0x000000008949df60}: sun/awt/resources/spi/awtProvider> (0x000000008949df60) 
thrown [s\open\src\hotspot\share\classfile\systemDictionary.cpp, line 305]
Event: 1.863 Thread 0x0000024436526280 Exception <a 'java/io/FileNotFoundException'{0x00000000894f4828}> (0x00000000894f4828) 
thrown [s\open\src\hotspot\share\prims\jni.cpp, line 519]
Event: 1.881 Thread 0x0000024436526280 Exception <a 'java/io/FileNotFoundException'{0x000000008931edf8}> (0x000000008931edf8) 
thrown [s\open\src\hotspot\share\prims\jni.cpp, line 519]
Event: 2.049 Thread 0x0000024436526280 Exception <a 'java/lang/NoSuchMethodError'{0x0000000089225c88}: 'void java.lang.invoke.DirectMethodHandle$Holder.invokeSpecial(java.lang.Object, java.lang.Object, java.lang.Object)'> (0x0000000089225c88) 
thrown [s\open\src\hotspot\share\interpreter\linkResolver.cpp, line 773]
Event: 2.070 Thread 0x0000024436526280 Exception <a 'java/lang/NoSuchMethodError'{0x0000000089250658}: 'java.lang.Object java.lang.invoke.DirectMethodHandle$Holder.newInvokeSpecial(java.lang.Object, java.lang.Object, java.lang.Object, java.lang.Object, java.lang.Object)'> (0x0000000089250658) 
thrown [s\open\src\hotspot\share\interpreter\linkResolver.cpp, line 773]
Event: 2.086 Thread 0x0000024436526280 Exception <a 'java/lang/NoSuchMethodError'{0x0000000089280f00}: 'java.lang.Object java.lang.invoke.DirectMethodHandle$Holder.invokeStatic(java.lang.Object, int, java.lang.Object)'> (0x0000000089280f00) 
thrown [s\open\src\hotspot\share\interpreter\linkResolver.cpp, line 773]
Event: 2.161 Thread 0x0000024436526280 Exception <a 'java/lang/ClassNotFoundException'{0x000000008913c988}: com/sun/swing/internal/plaf/metal/resources/spi/metalProvider> (0x000000008913c988) 
thrown [s\open\src\hotspot\share\classfile\systemDictionary.cpp, line 305]
Event: 2.163 Thread 0x0000024436526280 Exception <a 'java/lang/ClassNotFoundException'{0x00000000891408e8}: com/sun/swing/internal/plaf/basic/resources/spi/basicProvider> (0x00000000891408e8) 
thrown [s\open\src\hotspot\share\classfile\systemDictionary.cpp, line 305]
Event: 2.182 Thread 0x0000024436526280 Exception <a 'java/lang/NoSuchMethodError'{0x000000008915fc70}: 'int java.lang.invoke.Invokers$Holder.invokeExact_MT(java.lang.Object, java.lang.Object)'> (0x000000008915fc70) 
thrown [s\open\src\hotspot\share\interpreter\linkResolver.cpp, line 773]
Event: 2.250 Thread 0x0000024436526280 Exception <a 'java/lang/NoSuchMethodError'{0x00000000891cf148}: 'void java.lang.invoke.DirectMethodHandle$Holder.invokeStaticInit(java.lang.Object)'> (0x00000000891cf148) 
thrown [s\open\src\hotspot\share\interpreter\linkResolver.cpp, line 773]
Event: 2.416 Thread 0x000002445264ebd0 Exception <a 'java/lang/NoSuchMethodError'{0x00000000893d8880}: 'void java.lang.invoke.DirectMethodHandle$Holder.invokeVirtual(java.lang.Object, java.lang.Object)'> (0x00000000893d8880) 
thrown [s\open\src\hotspot\share\interpreter\linkResolver.cpp, line 773]

VM Operations (20 events):
Event: 1.424 Executing VM operation: Cleanup done
Event: 1.897 Executing VM operation: HandshakeAllThreads
Event: 1.897 Executing VM operation: HandshakeAllThreads done
Event: 2.925 Executing VM operation: Cleanup
Event: 2.925 Executing VM operation: Cleanup done
Event: 3.939 Executing VM operation: Cleanup
Event: 3.939 Executing VM operation: Cleanup done
Event: 4.244 Executing VM operation: G1CollectForAllocation
Event: 4.252 Executing VM operation: G1CollectForAllocation done
Event: 5.253 Executing VM operation: Cleanup
Event: 5.253 Executing VM operation: Cleanup done
Event: 6.263 Executing VM operation: Cleanup
Event: 6.263 Executing VM operation: Cleanup done
Event: 7.274 Executing VM operation: Cleanup
Event: 7.274 Executing VM operation: Cleanup done
Event: 8.286 Executing VM operation: Cleanup
Event: 8.286 Executing VM operation: Cleanup done
Event: 9.290 Executing VM operation: Cleanup
Event: 9.290 Executing VM operation: Cleanup done
Event: 10.008 Executing VM operation: Exit

Events (20 events):
Event: 0.077 Thread 0x000002445264e130 Thread added: 0x000002445264e130
Event: 0.077 Thread 0x000002445264e680 Thread added: 0x000002445264e680
Event: 0.077 Thread 0x000002445264cbf0 Thread added: 0x000002445264cbf0
Event: 0.078 Thread 0x0000024452658f70 Thread added: 0x0000024452658f70
Event: 0.078 Thread 0x00000244526652e0 Thread added: 0x00000244526652e0
Event: 0.173 Thread 0x000002445264d690 Thread added: 0x000002445264d690
Event: 0.280 Thread 0x000002445264f670 Thread added: 0x000002445264f670
Event: 1.970 Thread 0x000002445264dbe0 Thread added: 0x000002445264dbe0
Event: 1.974 Thread 0x000002445264d140 Thread added: 0x000002445264d140
Event: 1.977 Thread 0x000002445264ebd0 Thread added: 0x000002445264ebd0
Event: 2.213 Thread 0x000002445264f120 Thread added: 0x000002445264f120
Event: 2.539 Thread 0x000002445264fbc0 Thread added: 0x000002445264fbc0
Event: 2.540 Thread 0x0000024436526280 Thread exited: 0x0000024436526280
Event: 2.540 Thread 0x0000024457e055c0 Thread added: 0x0000024457e055c0
Event: 5.072 Thread 0x000002445264fbc0 Thread exited: 0x000002445264fbc0
Event: 9.887 Thread 0x0000024457e09ad0 Thread added: 0x0000024457e09ad0
Event: 9.887 Thread 0x0000024457e075a0 Thread added: 0x0000024457e075a0
Event: 9.902 Thread 0x0000024457e075a0 Thread exited: 0x0000024457e075a0
Event: 9.905 Thread 0x000002445264ebd0 Thread exited: 0x000002445264ebd0
Event: 10.008 Thread 0x0000024457e09ad0 Thread exited: 0x0000024457e09ad0


Dynamic libraries:
0x00007ff607de0000 - 0x00007ff607df0000 	C:\Program Files\Java\jdk-20\bin\java.exe
0x00007fffc5810000 - 0x00007fffc5a08000 	C:\Windows\SYSTEM32\ntdll.dll
0x00007fff634f0000 - 0x00007fff63509000 	C:\Program Files\Avast Software\Avast\aswhook.dll
0x00007fffc4970000 - 0x00007fffc4a2d000 	C:\Windows\System32\KERNEL32.DLL
0x00007fffc31d0000 - 0x00007fffc34c6000 	C:\Windows\System32\KERNELBASE.dll
0x00007fffc3040000 - 0x00007fffc3140000 	C:\Windows\System32\ucrtbase.dll
0x00007fff8bd20000 - 0x00007fff8bd39000 	C:\Program Files\Java\jdk-20\bin\jli.dll
0x00007fffc04a0000 - 0x00007fffc04bb000 	C:\Program Files\Java\jdk-20\bin\VCRUNTIME140.dll
0x00007fffc48c0000 - 0x00007fffc496f000 	C:\Windows\System32\ADVAPI32.dll
0x00007fffc4aa0000 - 0x00007fffc4b3e000 	C:\Windows\System32\msvcrt.dll
0x00007fffc3870000 - 0x00007fffc390c000 	C:\Windows\System32\sechost.dll
0x00007fffc4670000 - 0x00007fffc4796000 	C:\Windows\System32\RPCRT4.dll
0x00007fffc4b40000 - 0x00007fffc4cde000 	C:\Windows\System32\USER32.dll
0x00007fffc34d0000 - 0x00007fffc34f2000 	C:\Windows\System32\win32u.dll
0x00007fffa9720000 - 0x00007fffa99ba000 	C:\Windows\WinSxS\amd64_microsoft.windows.common-controls_6595b64144ccf1df_6.0.19041.3636_none_60b6a03d71f818d5\COMCTL32.dll
0x00007fffc5680000 - 0x00007fffc56ac000 	C:\Windows\System32\GDI32.dll
0x00007fffc3500000 - 0x00007fffc361a000 	C:\Windows\System32\gdi32full.dll
0x00007fffc3670000 - 0x00007fffc370d000 	C:\Windows\System32\msvcp_win.dll
0x00007fffb9430000 - 0x00007fffb943a000 	C:\Windows\SYSTEM32\VERSION.dll
0x00007fffc3970000 - 0x00007fffc39a0000 	C:\Windows\System32\IMM32.DLL
0x00007fffc0490000 - 0x00007fffc049c000 	C:\Program Files\Java\jdk-20\bin\vcruntime140_1.dll
0x00007fffa52c0000 - 0x00007fffa534e000 	C:\Program Files\Java\jdk-20\bin\msvcp140.dll
0x00007fff4bcf0000 - 0x00007fff4c987000 	C:\Program Files\Java\jdk-20\bin\server\jvm.dll
0x00007fffafa00000 - 0x00007fffafa27000 	C:\Windows\SYSTEM32\WINMM.dll
0x00007fffb2e00000 - 0x00007fffb2e09000 	C:\Windows\SYSTEM32\WSOCK32.dll
0x00007fffc5760000 - 0x00007fffc57cb000 	C:\Windows\System32\WS2_32.dll
0x00007fffc0db0000 - 0x00007fffc0dc2000 	C:\Windows\SYSTEM32\kernel.appcore.dll
0x00007fffc0410000 - 0x00007fffc041a000 	C:\Program Files\Java\jdk-20\bin\jimage.dll
0x00007fffb8630000 - 0x00007fffb8814000 	C:\Windows\SYSTEM32\DBGHELP.DLL
0x00007fffb85f0000 - 0x00007fffb8624000 	C:\Windows\SYSTEM32\dbgcore.DLL
0x00007fffc3140000 - 0x00007fffc31c2000 	C:\Windows\System32\bcryptPrimitives.dll
0x00007fffc0420000 - 0x00007fffc0446000 	C:\Program Files\Java\jdk-20\bin\java.dll
0x00007fffbbce0000 - 0x00007fffbbdb7000 	C:\Program Files\Java\jdk-20\bin\jsvml.dll
0x00007fffc3f20000 - 0x00007fffc4664000 	C:\Windows\System32\SHELL32.dll
0x00007fffc0fb0000 - 0x00007fffc174b000 	C:\Windows\SYSTEM32\windows.storage.dll
0x00007fffc4f80000 - 0x00007fffc52d4000 	C:\Windows\System32\combase.dll
0x00007fffc2860000 - 0x00007fffc288d000 	C:\Windows\SYSTEM32\Wldp.dll
0x00007fffc56b0000 - 0x00007fffc575d000 	C:\Windows\System32\SHCORE.dll
0x00007fffc53c0000 - 0x00007fffc5415000 	C:\Windows\System32\shlwapi.dll
0x00007fffc2e20000 - 0x00007fffc2e45000 	C:\Windows\SYSTEM32\profapi.dll
0x00007fffc03f0000 - 0x00007fffc0403000 	C:\Program Files\Java\jdk-20\bin\net.dll
0x00007fffb82d0000 - 0x00007fffb83da000 	C:\Windows\SYSTEM32\WINHTTP.dll
0x00007fffc25c0000 - 0x00007fffc262a000 	C:\Windows\system32\mswsock.dll
0x00007fffbdaa0000 - 0x00007fffbdab6000 	C:\Program Files\Java\jdk-20\bin\nio.dll
0x00007fffbda80000 - 0x00007fffbda98000 	C:\Program Files\Java\jdk-20\bin\zip.dll
0x00007fff7f760000 - 0x00007fff82883000 	C:\Users\Elvis\Documents\NetBeansProjects\SofwareMatricula\opencv_java480.dll
0x00007fffc5530000 - 0x00007fffc565b000 	C:\Windows\System32\ole32.dll
0x00007fffc4cf0000 - 0x00007fffc4dbd000 	C:\Windows\System32\OLEAUT32.dll
0x00007fffa72b0000 - 0x00007fffa7334000 	C:\Windows\SYSTEM32\MF.dll
0x00007fffbce90000 - 0x00007fffbd04b000 	C:\Windows\SYSTEM32\MFPlat.DLL
0x00007fffc3620000 - 0x00007fffc366e000 	C:\Windows\System32\cfgmgr32.dll
0x00007fff899a0000 - 0x00007fff89aaa000 	C:\Windows\SYSTEM32\MFReadWrite.dll
0x00007fffbf2e0000 - 0x00007fffbf543000 	C:\Windows\SYSTEM32\d3d11.dll
0x00007fffc17b0000 - 0x00007fffc18a3000 	C:\Windows\SYSTEM32\dxgi.dll
0x00007fff829d0000 - 0x00007fff82e5e000 	C:\Windows\SYSTEM32\MFCORE.DLL
0x00007fffc3710000 - 0x00007fffc386d000 	C:\Windows\System32\CRYPT32.dll
0x00007fffc3010000 - 0x00007fffc3037000 	C:\Windows\System32\bcrypt.dll
0x00007fffc2d50000 - 0x00007fffc2d9b000 	C:\Windows\SYSTEM32\powrprof.dll
0x00007fffa5240000 - 0x00007fffa5249000 	C:\Windows\SYSTEM32\ksuser.dll
0x00007fffc27d0000 - 0x00007fffc27dc000 	C:\Windows\SYSTEM32\CRYPTBASE.DLL
0x00007fffbcde0000 - 0x00007fffbce14000 	C:\Windows\SYSTEM32\RTWorkQ.DLL
0x00007fffc2d30000 - 0x00007fffc2d42000 	C:\Windows\SYSTEM32\UMPDC.dll
0x00007fffc08c0000 - 0x00007fffc095e000 	C:\Windows\system32\uxtheme.dll
0x00007fffc0700000 - 0x00007fffc0790000 	C:\Windows\SYSTEM32\apphelp.dll
0x00007fffb9b00000 - 0x00007fffb9f5f000 	C:\Windows\SYSTEM32\igdusc64.dll
0x00007fffbace0000 - 0x00007fffbad1b000 	C:\Windows\SYSTEM32\dxcore.dll
0x00007fffbc010000 - 0x00007fffbc047000 	C:\Windows\SYSTEM32\CompPkgSup.DLL
0x00007fffc3e10000 - 0x00007fffc3eb9000 	C:\Windows\System32\clbcatq.dll
0x00007fff43670000 - 0x00007fff43d96000 	C:\Windows\System32\Windows.Media.dll
0x00007fffbb6b0000 - 0x00007fffbb796000 	C:\Windows\System32\Windows.ApplicationModel.dll
0x00007fffbdfe0000 - 0x00007fffbe1e7000 	C:\Windows\System32\twinapi.appcore.dll
0x00007fff897c0000 - 0x00007fff8982d000 	C:\Windows\System32\FrameServerClient.dll
0x00007fff89750000 - 0x00007fff897b7000 	C:\Windows\System32\MFSENSORGROUP.dll
0x00007fffbb5a0000 - 0x00007fffbb6a2000 	C:\Windows\System32\AppXDeploymentClient.dll
0x00007fffbe6c0000 - 0x00007fffbe6ca000 	C:\Windows\SYSTEM32\AVRT.dll
0x00007fff96fc0000 - 0x00007fff96fcd000 	C:\Windows\System32\vidcap.ax
0x00007fff8b5e0000 - 0x00007fff8b607000 	C:\Windows\System32\kswdmcap.ax
0x00007fff7f5f0000 - 0x00007fff7f75c000 	C:\Windows\System32\MFC42.dll
0x00007fffa5c70000 - 0x00007fffa5db6000 	C:\Windows\System32\Windows.StateRepositoryPS.dll
0x00007fffbed20000 - 0x00007fffbee75000 	C:\Windows\System32\WinTypes.dll
0x00007fff7f100000 - 0x00007fff7f1e5000 	C:\Program Files\Intel\Media SDK\mfx_mft_mjpgvd_64.dll
0x00007fff65a70000 - 0x00007fff65a94000 	C:\Windows\SYSTEM32\dxva2.dll
0x00007fffbea60000 - 0x00007fffbeb56000 	C:\Windows\SYSTEM32\PROPSYS.dll
0x00007fffa1a20000 - 0x00007fffa1adf000 	C:\Windows\SYSTEM32\EVR.dll
0x00007fff58bb0000 - 0x00007fff58d7d000 	C:\Windows\SYSTEM32\d3d9.dll
0x00007fffc09e0000 - 0x00007fffc0a0f000 	C:\Windows\SYSTEM32\dwmapi.dll
0x00007fff8b5c0000 - 0x00007fff8b5dd000 	C:\Windows\System32\mfmjpegdec.dll
0x00007fffb88c0000 - 0x00007fffb89ed000 	C:\Windows\System32\mfperfhelper.dll
0x00007fff42880000 - 0x00007fff429e0000 	C:\Windows\System32\msvproc.dll
0x00007fff55e40000 - 0x00007fff55fd1000 	C:\Program Files\Java\jdk-20\bin\awt.dll
0x00007fff93470000 - 0x00007fff93595000 	C:\Windows\system32\opengl32.dll
0x00007fff936f0000 - 0x00007fff9371c000 	C:\Windows\SYSTEM32\GLU32.dll
0x00007fffc47a0000 - 0x00007fffc48b4000 	C:\Windows\System32\MSCTF.dll
0x00007fffa8ac0000 - 0x00007fffa8b46000 	C:\Program Files\Java\jdk-20\bin\freetype.dll
0x00007fff97520000 - 0x00007fff975e6000 	C:\Program Files\Java\jdk-20\bin\fontmanager.dll
0x00007fffad0f0000 - 0x00007fffad1ea000 	C:\Windows\SYSTEM32\textinputframework.dll
0x00007fffc04c0000 - 0x00007fffc05b2000 	C:\Windows\System32\CoreMessaging.dll
0x00007fffbfd00000 - 0x00007fffc005b000 	C:\Windows\System32\CoreUIComponents.dll
0x00007fffc2010000 - 0x00007fffc2043000 	C:\Windows\SYSTEM32\ntmarta.dll
0x00007fff8b420000 - 0x00007fff8b435000 	C:\Windows\SYSTEM32\OpenCL.dll
0x00007fff7f090000 - 0x00007fff7f0f2000 	C:\Windows\SYSTEM32\IntelOpenCL64.dll
0x00007fff7ef90000 - 0x00007fff7f08d000 	C:\Program Files (x86)\Common Files\Intel\OpenCL\bin\x64\intelocl64.dll
0x00007fff7ef10000 - 0x00007fff7ef86000 	C:\Program Files (x86)\Common Files\Intel\OpenCL\bin\x64\task_executor64.dll
0x00007fff7ee70000 - 0x00007fff7ef05000 	C:\Program Files (x86)\Common Files\Intel\OpenCL\bin\x64\cpu_device64.dll
0x00007fff7ee00000 - 0x00007fff7ee69000 	C:\Program Files (x86)\Common Files\Intel\OpenCL\bin\x64\tbb\tbb.dll
0x00007fff7ec00000 - 0x00007fff7edf4000 	C:\Windows\SYSTEM32\igdrcl64.dll
0x00007fff520f0000 - 0x00007fff536d2000 	C:\Windows\SYSTEM32\igdfcl64.dll
0x00007fff7eba0000 - 0x00007fff7ebff000 	C:\Windows\SYSTEM32\igdbcl64.dll

dbghelp: loaded successfully - version: 4.0.5 - missing functions: none
symbol engine: initialized successfully - sym options: 0x614 - pdb path: .;C:\Program Files\Java\jdk-20\bin;C:\Windows\SYSTEM32;C:\Program Files\Avast Software\Avast;C:\Windows\WinSxS\amd64_microsoft.windows.common-controls_6595b64144ccf1df_6.0.19041.3636_none_60b6a03d71f818d5;C:\Program Files\Java\jdk-20\bin\server;C:\Users\Elvis\Documents\NetBeansProjects\SofwareMatricula;C:\Program Files\Intel\Media SDK;C:\Program Files (x86)\Common Files\Intel\OpenCL\bin\x64;C:\Program Files (x86)\Common Files\Intel\OpenCL\bin\x64\tbb

VM Arguments:
jvm_args: -Dfile.encoding=UTF-8 --module-path=C:\Users\Elvis\Documents\NetBeansProjects\SofwareMatricula\build\classes 
java_command: SofwareAsistencia.controler.metodos.FaceRecognition
java_class_path (initial): C:\Program Files\NetBeans-15\netbeans\java\modules\ext\AbsoluteLayout.jar;C:\Users\Elvis\Desktop\Software Farmacia\JarFiles_ProyectFarmacia\JarFiles_ProyectFarmacia\Librerias\Librerias\AbsoluteLayout.jar;C:\Users\Elvis\Downloads\opencv\build\java\opencv-480.jar;C:\Users\Elvis\Downloads\mysql-connector-j-8.2.0\mysql-connector-j-8.2.0.jar;C:\Users\Elvis\Downloads\libs\artoolkitplus-2.3.1-1.3-linux-ppc64le.jar;C:\Users\Elvis\Downloads\libs\artoolkitplus-2.3.1-1.3-linux-x86.jar;C:\Users\Elvis\Downloads\libs\artoolkitplus-2.3.1-1.3-macosx-x86_64.jar;C:\Users\Elvis\Downloads\libs\artoolkitplus-2.3.1-1.3.jar;C:\Users\Elvis\Downloads\libs\bridj-0.7.0.jar;C:\Users\Elvis\Downloads\libs\flandmark-1.07-1.3-macosx-x86_64.jar;C:\Users\Elvis\Downloads\libs\flandmark-1.07-1.3-windows-x86_64.jar;C:\Users\Elvis\Downloads\libs\flycapture-2.9.3.43-1.3-linux-x86_64.jar;C:\Users\Elvis\Downloads\libs\flycapture-2.9.3.43-1.3-windows-x86.jar;C:\Users\Elvis\Downloads\libs\flycapture-2.9.3.43-1.3.jar;C:\Users\Elvis\Downloads\libs\javacv-1.3.3.jar;C:\Users\Elvis\Downloads\libs\javacv-platform-1.3.3.jar;C:\Users\Elvis\Downloads\libs\libdc1394-2.2.4-1.3-windows-x86.jar;C:\Users\Elvis\Downloads\libs\libdc1394-platform-2.2.4-1.3.jar;C:\Users\Elvis\Downloads\libs\libfreenect-0.5.3-1.3-windows-x86.jar;C:\Users\Elvis\Downloads\libs\libfreenect2-0.2.0-1.3.jar;C:\Users\Elvis\Downloads\libs\opencv-3.2.0-1.3-linux-armhf.jar;C:\Users\Elvis\Downloads\libs\opencv-3.2.0-1.3-linux-x86_64.jar;C:\Users\Elvis\Downloads\libs\opencv-3.2.0-1.3-macosx-x86_64.jar;C:\Users\Elvis\Downloads\libs\opencv-3.2.0-1.3-windows-x86_64.jar;C:\Users\Elvis\Downloads\libs\opencv-platform-3.2.0-1.3.jar;C:\Users\Elvis\Downloads\libs\slf4j-api-1.7.2.jar;C:\Users\Elvis\Downloads\libs\v4l4j-0.9.1-r507.jar;C:\Users\Elvis\Downloads\libs\webcam-capture-0.3.12.jar;C:\Users\Elvis\Documents\NetBeansProjects\SofwareMatricula\build\classes
Launcher Type: SUN_STANDARD

[Global flags]
     intx CICompilerCount                          = 3                                         {product} {ergonomic}
     uint ConcGCThreads                            = 1                                         {product} {ergonomic}
     uint G1ConcRefinementThreads                  = 4                                         {product} {ergonomic}
   size_t G1HeapRegionSize                         = 1048576                                   {product} {ergonomic}
    uintx GCDrainStackTargetSize                   = 64                                        {product} {ergonomic}
   size_t InitialHeapSize                          = 134217728                                 {product} {ergonomic}
   size_t MarkStackSize                            = 4194304                                   {product} {ergonomic}
   size_t MaxHeapSize                              = 2122317824                                {product} {ergonomic}
   size_t MaxNewSize                               = 1272971264                                {product} {ergonomic}
   size_t MinHeapDeltaBytes                        = 1048576                                   {product} {ergonomic}
   size_t MinHeapSize                              = 8388608                                   {product} {ergonomic}
    uintx NonNMethodCodeHeapSize                   = 5832780                                {pd product} {ergonomic}
    uintx NonProfiledCodeHeapSize                  = 122912730                              {pd product} {ergonomic}
    uintx ProfiledCodeHeapSize                     = 122912730                              {pd product} {ergonomic}
    uintx ReservedCodeCacheSize                    = 251658240                              {pd product} {ergonomic}
     bool SegmentedCodeCache                       = true                                      {product} {ergonomic}
   size_t SoftMaxHeapSize                          = 2122317824                             {manageable} {ergonomic}
     bool UseCompressedClassPointers               = true                           {product lp64_product} {ergonomic}
     bool UseCompressedOops                        = true                           {product lp64_product} {ergonomic}
     bool UseG1GC                                  = true                                      {product} {ergonomic}
     bool UseLargePagesIndividualAllocation        = false                                  {pd product} {ergonomic}

Logging:
Log output configuration:
 #0: stdout all=off uptime,level,tags foldmultilines=false
 #1: stderr all=off uptime,level,tags foldmultilines=false

Environment Variables:
PATH=C:\Program Files (x86)\VMware\VMware Workstation\bin\;C:\Program Files\Microsoft MPI\Bin\;C:\Program Files\Common Files\Oracle\Java\javapath;C:\Program Files (x86)\Common Files\Oracle\Java\javapath;C:\Windows\system32;C:\Windows;C:\Windows\System32\Wbem;C:\Windows\System32\WindowsPowerShell\v1.0\;C:\Windows\System32\OpenSSH\;C:\Program Files\Git\cmd;C:\Program Files (x86)\Microsoft SQL Server\160\Tools\Binn\;C:\Program Files\Microsoft SQL Server\160\Tools\Binn\;C:\Program Files\Microsoft SQL Server\Client SDK\ODBC\170\Tools\Binn\;C:\Program Files\Microsoft SQL Server\160\DTS\Binn\;C:\Program Files (x86)\Microsoft SQL Server\160\DTS\Binn\;C:\Program Files\Azure Data Studio\bin;C:\ProgramData\chocolatey\bin;C:\Python\Python312\Scripts\;C:\Python\Python312\;C:\Users\Elvis\AppData\Local\Microsoft\WindowsApps;;C:\Users\Elvis\AppData\Local\Programs\Microsoft VS Code\bin;C:\Program Files\Azure Data Studio\bin;C:\Program Files\Azure Data Studio\bin;C:\Program Files\Azure Data Studio\bin
USERNAME=Elvis
OS=Windows_NT
PROCESSOR_IDENTIFIER=Intel64 Family 6 Model 58 Stepping 9, GenuineIntel
TMP=C:\Users\Elvis\AppData\Local\Temp
TEMP=C:\Users\Elvis\AppData\Local\Temp




---------------  S Y S T E M  ---------------

OS:
 Windows 10 , 64 bit Build 19041 (10.0.19041.3636)
OS uptime: 0 days 1:16 hours

CPU: total 4 (initial active 4) (2 cores per cpu, 2 threads per core) family 6 model 58 stepping 9 microcode 0x21, cx8, cmov, fxsr, ht, mmx, sse, sse2, sse3, ssse3, sse4.1, sse4.2, popcnt, tsc, tscinvbit, avx, aes, erms, clmul, vzeroupper, clflush, rdtscp, f16c

Memory: 4k page, system-wide physical 8095M (2703M free)
TotalPageFile size 10655M (AvailPageFile size 3052M)
current process WorkingSet (physical memory assigned to process): 116M, peak: 132M
current process commit charge ("private bytes"): 250M, peak: 270M

vm_info: Java HotSpot(TM) 64-Bit Server VM (20+36-2344) for windows-amd64 JRE (20+36-2344), built on 2023-02-10T19:30:15Z by "mach5one" with MS VC++ 17.1 (VS2022)

END.
