#
# A fatal error has been detected by the Java Runtime Environment:
#
#  EXCEPTION_ACCESS_VIOLATION (0xc0000005) at pc=0x00007ffbb89ffaad, pid=12760, tid=13344
#
# JRE version: Java(TM) SE Runtime Environment (20.0+36) (build 20+36-2344)
# Java VM: Java HotSpot(TM) 64-Bit Server VM (20+36-2344, mixed mode, sharing, tiered, compressed oops, compressed class ptrs, g1 gc, windows-amd64)
# Problematic frame:
# C  [ntdll.dll+0x2faad]
#
# No core dump will be written. Minidumps are not enabled by default on client versions of Windows
#
# If you would like to submit a bug report, please visit:
#   https://bugreport.java.com/bugreport/crash.jsp
#

---------------  S U M M A R Y ------------

Command Line: -Dfile.encoding=UTF-8 --module-path=C:\Users\Elvis\Documents\NetBeansProjects\SofwareMatricula\build\classes SoftwareAsistencia.SoftwareMatriculaAppliation

Host: Intel(R) Core(TM) i5-3337U CPU @ 1.80GHz, 4 cores, 7G,  Windows 10 , 64 bit Build 19041 (10.0.19041.3636)
Time: Fri Nov 24 07:53:46 2023 Hora est. Pacífico, Sudamérica elapsed time: 16.693383 seconds (0d 0h 0m 16s)

---------------  T H R E A D  ---------------

Current thread (0x000001d8e1b3b680):  VMThread "VM Thread" [stack: 0x000000c8f3000000,0x000000c8f3100000] [id=13344]

Stack: [0x000000c8f3000000,0x000000c8f3100000],  sp=0x000000c8f30feca0,  free space=1019k
Native frames: (J=compiled Java code, j=interpreted, Vv=VM code, C=native code)
C  [ntdll.dll+0x2faad]
C  [igdrcl64.dll+0x36542]


siginfo: EXCEPTION_ACCESS_VIOLATION (0xc0000005), writing address 0x0000000000000018


Registers:
RAX=0x000000c8f2547000, RBX=0x0000000000000000, RCX=0x0000000000000010, RDX=0x000001d8e642c410
RSP=0x000000c8f30feca0, RBP=0x000001d8e7957768, RSI=0x0000000000000010, RDI=0x000001d8e642c410
R8 =0x0000000000000032, R9 =0x0000000000000032, R10=0x0000000000000032, R11=0x000000c8f30fece0
R12=0x00007ffb7d64623c, R13=0x00007ffb47e9ea90, R14=0x0000c6ac5a4a1ad3, R15=0x000001d8e7957030
RIP=0x00007ffbb89ffaad, EFLAGS=0x0000000000010206


Register to memory mapping:

RIP=0x00007ffbb89ffaad ntdll.dll
RAX=0x000000c8f2547000 points into unknown readable memory: 0x0000000000000000 | 00 00 00 00 00 00 00 00
RBX=0x0 is NULL
RCX=0x0000000000000010 is an unknown value
RDX=0x000001d8e642c410 points into unknown readable memory: 0x00007ffb7a41ffa0 | a0 ff 41 7a fb 7f 00 00
RSP=0x000000c8f30feca0 points into unknown readable memory: 0x000001d8c3910000 | 00 00 91 c3 d8 01 00 00
RBP=0x000001d8e7957768 points into unknown readable memory: 0x0000c6ac5a4a1ad3 | d3 1a 4a 5a ac c6 00 00
RSI=0x0000000000000010 is an unknown value
RDI=0x000001d8e642c410 points into unknown readable memory: 0x00007ffb7a41ffa0 | a0 ff 41 7a fb 7f 00 00
R8 =0x0000000000000032 is an unknown value
R9 =0x0000000000000032 is an unknown value
R10=0x0000000000000032 is an unknown value
R11=0x000000c8f30fece0 points into unknown readable memory: 0x0000c6ac5a4a1ad3 | d3 1a 4a 5a ac c6 00 00
R12=0x00007ffb7d64623c opencv_java480.dll
R13=0x00007ffb47e9ea90 jvm.dll
R14=0x0000c6ac5a4a1ad3 is an unknown value
R15=0x000001d8e7957030 points into unknown readable memory: 0xffdb2d8eb94a1ad0 | d0 1a 4a b9 8e 2d db ff


Top of Stack: (sp=0x000000c8f30feca0)
0x000000c8f30feca0:   000001d8c3910000 0000c6ac5a4a1ad3
0x000000c8f30fecb0:   00007ffb47e9ea90 00007ffb7d64623c
0x000000c8f30fecc0:   000001d8e5e6d5b0 00007ffb7a276542
0x000000c8f30fecd0:   0000c664a945f153 0000c6ac00000002
0x000000c8f30fece0:   0000c6ac5a4a1ad3 000001d8e784e340
0x000000c8f30fecf0:   000001d8e78e9520 00007ffb7a271145
0x000000c8f30fed00:   000001d8c3910000 000001d8e642c410
0x000000c8f30fed10:   000000c8f30fee90 0000000000000000
0x000000c8f30fed20:   000001d8e784e340 00007ffb7c94c109
0x000000c8f30fed30:   000001d8e78e95b0 0000c6ac5a4a1ad3
0x000000c8f30fed40:   00007ffb47e9ea90 00007ffb7d64623c
0x000000c8f30fed50:   000001d8e78ae3c0 00007ffbb89f47b1
0x000000c8f30fed60:   000001d8e78e95b0 000001d8c3940000
0x000000c8f30fed70:   000001d8e7957768 0000000000000000
0x000000c8f30fed80:   0000000000000000 0000c664a945f7e3
0x000000c8f30fed90:   000001d8e784e340 00007ffb7c934061
0x000000c8f30feda0:   00007ffb7e1fcd48 000001d8e784e330
0x000000c8f30fedb0:   000001d8e6914db0 000001d8e78ae490
0x000000c8f30fedc0:   00000000ffffffff 00007ffb7d778ac0
0x000000c8f30fedd0:   000001d8e784e340 000001d8e784e330
0x000000c8f30fede0:   000000c8f30fee90 000001d8e7a02ed0
0x000000c8f30fedf0:   000001d8e7957750 00007ffb7d69442f
0x000000c8f30fee00:   000001d8e7957030 00007ffbb89d0000
0x000000c8f30fee10:   00007ffbadf67b10 00007ffbb617ac31
0x000000c8f30fee20:   0000000000000001 00007ffb7b240000
0x000000c8f30fee30:   000000c8f30fee90 00007ffb7d6941dd
0x000000c8f30fee40:   000000c8f30feec0 000000c8f30fef60
0x000000c8f30fee50:   0000000000000001 00007ffbb89f47b1
0x000000c8f30fee60:   000000c8f30fef40 00007ffb7d694501
0x000000c8f30fee70:   000000c8f30fef40 0000000000000000
0x000000c8f30fee80:   0000000000000000 000000c8f30feec0
0x000000c8f30fee90:   000000c8f30feeb0 00007ffbb688f05b 

Instructions: (pc=0x00007ffbb89ffaad)
0x00007ffbb89ff9ad:   48 b8 7f 7f 7f 7f 7f 7f 7f 7f 41 8b c8 48 0b cb
0x00007ffbb89ff9bd:   48 23 c8 83 e6 1f 49 89 8c f4 40 a5 16 00 48 81
0x00007ffbb89ff9cd:   c4 98 00 00 00 41 5f 41 5e 41 5d 41 5c 5f 5e 5b
0x00007ffbb89ff9dd:   5d c3 cc 33 d2 41 8b c6 41 f7 f0 44 8b c8 e9 d6
0x00007ffbb89ff9ed:   fc ff ff 41 8d 57 ff 41 85 d7 0f 84 13 38 08 00
0x00007ffbb89ff9fd:   41 b8 00 10 00 00 41 b9 ff ff 00 00 e9 3c 38 08
0x00007ffbb89ffa0d:   00 cc cc cc cc cc cc 48 8b c4 48 89 58 08 48 89
0x00007ffbb89ffa1d:   68 10 48 89 70 18 48 89 78 20 41 56 48 83 ec 20
0x00007ffbb89ffa2d:   40 8a ea 4c 8d 35 99 d1 13 00 48 8b f1 33 db 48
0x00007ffbb89ffa3d:   8d 0d 9d d1 13 00 e8 58 00 00 00 4c 8b 05 81 d1
0x00007ffbb89ffa4d:   13 00 4d 3b c6 0f 85 08 3b 08 00 48 85 db 75 33
0x00007ffbb89ffa5d:   48 8d 0d 7c d1 13 00 e8 c7 f7 ff ff 48 85 db 0f
0x00007ffbb89ffa6d:   85 23 3b 08 00 33 c0 48 8b 5c 24 30 48 8b 6c 24
0x00007ffbb89ffa7d:   38 48 8b 74 24 40 48 8b 7c 24 48 48 83 c4 20 41
0x00007ffbb89ffa8d:   5e c3 cc f0 ff 43 3c eb c7 cc cc cc cc cc cc cc
0x00007ffbb89ffa9d:   cc cc cc 48 83 ec 28 65 48 8b 04 25 30 00 00 00
0x00007ffbb89ffaad:   f0 0f ba 71 08 00 48 8b 40 48 73 13 48 89 41 10
0x00007ffbb89ffabd:   33 c0 c7 41 0c 01 00 00 00 48 83 c4 28 c3 cc 48
0x00007ffbb89ffacd:   39 41 10 75 0b ff 41 0c 33 c0 48 83 c4 28 c3 cc
0x00007ffbb89ffadd:   e8 0e 00 00 00 eb e2 cc cc cc cc cc cc cc cc cc
0x00007ffbb89ffaed:   cc cc cc 48 89 5c 24 18 55 56 57 41 54 41 55 41
0x00007ffbb89ffafd:   56 41 57 48 83 ec 20 8b 41 20 48 8b f1 48 0f ba
0x00007ffbb89ffb0d:   e0 1a 0f 82 df 01 00 00 33 ff 40 32 ed 66 83 3c
0x00007ffbb89ffb1d:   25 6a 03 fe 7f 01 76 19 48 8b 7e 20 48 8b c7 81
0x00007ffbb89ffb2d:   e7 ff ff ff 00 25 00 00 00 02 48 85 c0 40 0f 95
0x00007ffbb89ffb3d:   c5 45 32 ff b0 01 45 32 e4 41 bd 01 00 00 00 45
0x00007ffbb89ffb4d:   33 c0 ba 6a 03 fe 7f 84 c0 0f 84 14 01 00 00 8b
0x00007ffbb89ffb5d:   46 08 4c 8d 4e 08 45 84 e4 41 be 03 00 00 00 45
0x00007ffbb89ffb6d:   0f 44 f5 41 84 c5 0f 85 e2 00 00 00 8d 0c bf 03
0x00007ffbb89ffb7d:   c9 66 44 39 2a 0f 86 e8 00 00 00 4d 85 c9 74 0e
0x00007ffbb89ffb8d:   80 3c 25 97 02 fe 7f 00 0f 85 29 3a 08 00 0f b7
0x00007ffbb89ffb9d:   1c 25 d6 02 fe 7f 83 fb 0c 0f 85 a2 00 00 00 b8 


Stack slot to memory mapping:
stack at sp + 0 slots: 0x000001d8c3910000 points into unknown readable memory: 0x0000000000000000 | 00 00 00 00 00 00 00 00
stack at sp + 1 slots: 0x0000c6ac5a4a1ad3 is an unknown value
stack at sp + 2 slots: 0x00007ffb47e9ea90 jvm.dll
stack at sp + 3 slots: 0x00007ffb7d64623c opencv_java480.dll
stack at sp + 4 slots: 0x000001d8e5e6d5b0 points into unknown readable memory: 0x000001d8e5e6d5b0 | b0 d5 e6 e5 d8 01 00 00
stack at sp + 5 slots: 0x00007ffb7a276542 igdrcl64.dll
stack at sp + 6 slots: 0x0000c664a945f153 is an unknown value
stack at sp + 7 slots: 0x0000c6ac00000002 is an unknown value

VM_Operation (0x000000c8f3ffebe0): Exit, mode: safepoint, requested by thread 0x000001d8e62bd2e0


---------------  P R O C E S S  ---------------

Threads class SMR info:
_java_thread_list=0x000001d8e7957d10, length=16, elements={
0x000001d8e1b59330, 0x000001d8e1b59c20, 0x000001d8e1b5e6f0, 0x000001d8e1b60c50,
0x000001d8e1b63af0, 0x000001d8e1b66b30, 0x000001d8e1b6c200, 0x000001d8e1b6d0d0,
0x000001d8e5da1840, 0x000001d8e5e68e60, 0x000001d8e62da2c0, 0x000001d8e62ee020,
0x000001d8e62bd2e0, 0x000001d8c3ab4ed0, 0x000001d8e66bc100, 0x000001d8e66bbbb0
}

Java Threads: ( => current thread )
  0x000001d8e1b59330 JavaThread "Reference Handler" daemon [_thread_blocked, id=13476, stack(0x000000c8f3100000,0x000000c8f3200000)]
  0x000001d8e1b59c20 JavaThread "Finalizer" daemon [_thread_blocked, id=1120, stack(0x000000c8f3200000,0x000000c8f3300000)]
  0x000001d8e1b5e6f0 JavaThread "Signal Dispatcher" daemon [_thread_blocked, id=1292, stack(0x000000c8f3300000,0x000000c8f3400000)]
  0x000001d8e1b60c50 JavaThread "Attach Listener" daemon [_thread_blocked, id=5252, stack(0x000000c8f3400000,0x000000c8f3500000)]
  0x000001d8e1b63af0 JavaThread "Service Thread" daemon [_thread_blocked, id=13148, stack(0x000000c8f3500000,0x000000c8f3600000)]
  0x000001d8e1b66b30 JavaThread "Monitor Deflation Thread" daemon [_thread_blocked, id=11732, stack(0x000000c8f3600000,0x000000c8f3700000)]
  0x000001d8e1b6c200 JavaThread "C2 CompilerThread0" daemon [_thread_blocked, id=13328, stack(0x000000c8f3700000,0x000000c8f3800000)]
  0x000001d8e1b6d0d0 JavaThread "C1 CompilerThread0" daemon [_thread_blocked, id=14320, stack(0x000000c8f3800000,0x000000c8f3900000)]
  0x000001d8e5da1840 JavaThread "Common-Cleaner" daemon [_thread_blocked, id=8428, stack(0x000000c8f3900000,0x000000c8f3a00000)]
  0x000001d8e5e68e60 JavaThread "Notification Thread" daemon [_thread_blocked, id=13552, stack(0x000000c8f3a00000,0x000000c8f3b00000)]
  0x000001d8e62da2c0 JavaThread "Java2D Disposer" daemon [_thread_blocked, id=14096, stack(0x000000c8f3c00000,0x000000c8f3d00000)]
  0x000001d8e62ee020 JavaThread "AWT-Shutdown" [_thread_blocked, id=8180, stack(0x000000c8f3d00000,0x000000c8f3e00000)]
  0x000001d8e62bd2e0 JavaThread "AWT-EventQueue-0" [_thread_blocked, id=14068, stack(0x000000c8f3f00000,0x000000c8f4000000)]
  0x000001d8c3ab4ed0 JavaThread "DestroyJavaVM" [_thread_blocked, id=13092, stack(0x000000c8f2a00000,0x000000c8f2b00000)]
  0x000001d8e66bc100 JavaThread "mysql-cj-abandoned-connection-cleanup" daemon [_thread_blocked, id=11364, stack(0x000000c8f4800000,0x000000c8f4900000)]
  0x000001d8e66bbbb0 JavaThread "TimerQueue" daemon [_thread_blocked, id=12844, stack(0x000000c8f4900000,0x000000c8f4a00000)]

Other Threads:
=>0x000001d8e1b3b680 VMThread "VM Thread" [stack: 0x000000c8f3000000,0x000000c8f3100000] [id=13344]
  0x000001d8c3b13540 WorkerThread "GC Thread#0" [stack: 0x000000c8f2b00000,0x000000c8f2c00000] [id=13460]
  0x000001d8e657d370 WorkerThread "GC Thread#1" [stack: 0x000000c8f4100000,0x000000c8f4200000] [id=5136]
  0x000001d8e6580da0 WorkerThread "GC Thread#2" [stack: 0x000000c8f4500000,0x000000c8f4600000] [id=13912]
  0x000001d8e6581880 WorkerThread "GC Thread#3" [stack: 0x000000c8f4600000,0x000000c8f4700000] [id=8604]
  0x000001d8c3b253d0 ConcurrentGCThread "G1 Main Marker" terminated
  0x000001d8c3b265a0 WorkerThread "G1 Conc#0" [stack: 0x000000c8f2d00000,0x000000c8f2e00000] [id=13260]
  0x000001d8c3b7eb20 ConcurrentGCThread "G1 Refine#0" terminated
  0x000001d8e19eb5f0 ConcurrentGCThread "G1 Service" terminated

Threads with active compile tasks:

VM state: at safepoint (shutting down)

VM Mutex/Monitor currently owned by a thread:  ([mutex/lock_event])
[0x000001d8c3ab0c90] Threads_lock - owner thread: 0x000001d8e1b3b680
[0x000001d8c3ab23a0] Heap_lock - owner thread: 0x000001d8e62bd2e0

Heap address: 0x0000000081800000, size: 2024 MB, Compressed Oops mode: 32-bit

CDS archive(s) mapped at: [0x0000000800000000-0x0000000800c60000-0x0000000800c60000), size 12976128, SharedBaseAddress: 0x0000000800000000, ArchiveRelocationMode: 0.
Compressed class space mapped at: 0x0000000801000000-0x0000000841000000, reserved size: 1073741824
Narrow klass base: 0x0000000800000000, Narrow klass shift: 0, Narrow klass range: 0x100000000

GC Precious Log:
 CardTable entry size: 512
 Card Set container configuration: InlinePtr #cards 5 size 8 Array Of Cards #cards 12 size 40 Howl #buckets 4 coarsen threshold 1843 Howl Bitmap #cards 512 size 80 coarsen threshold 460 Card regions per heap region 1 cards per card region 2048
 CPUs: 4 total, 4 available
 Memory: 8095M
 Large Page Support: Disabled
 NUMA Support: Disabled
 Compressed Oops: Enabled (32-bit)
 Heap Region Size: 1M
 Heap Min Capacity: 8M
 Heap Initial Capacity: 128M
 Heap Max Capacity: 2024M
 Pre-touch: Disabled
 Parallel Workers: 4
 Concurrent Workers: 1
 Concurrent Refinement Workers: 4
 Periodic GC: Disabled

Heap:
 garbage-first heap   total 131072K, used 17747K [0x0000000081800000, 0x0000000100000000)
  region size 1024K, 13 young (13312K), 2 survivors (2048K)
 Metaspace       used 13287K, committed 13504K, reserved 1114112K
  class space    used 1355K, committed 1472K, reserved 1048576K

Heap Regions: E=young(eden), S=young(survivor), O=old, HS=humongous(starts), HC=humongous(continues), CS=collection set, F=free, OA=open archive, CA=closed archive, TAMS=top-at-mark-start, PB=parsable bottom
|   0|0x0000000081800000, 0x0000000081900000, 0x0000000081900000|100%| O|  |TAMS 0x0000000081800000| PB 0x0000000081800000| Untracked 
|   1|0x0000000081900000, 0x0000000081a00000, 0x0000000081a00000|100%| O|  |TAMS 0x0000000081900000| PB 0x0000000081900000| Untracked 
|   2|0x0000000081a00000, 0x0000000081b00000, 0x0000000081b00000|100%| O|  |TAMS 0x0000000081a00000| PB 0x0000000081a00000| Untracked 
|   3|0x0000000081b00000, 0x0000000081bc9000, 0x0000000081c00000| 78%| O|  |TAMS 0x0000000081b00000| PB 0x0000000081b00000| Untracked 
|   4|0x0000000081c00000, 0x0000000081d00000, 0x0000000081d00000|100%|HS|  |TAMS 0x0000000081c00000| PB 0x0000000081c00000| Complete 
|   5|0x0000000081d00000, 0x0000000081e00000, 0x0000000081e00000|100%|HS|  |TAMS 0x0000000081d00000| PB 0x0000000081d00000| Complete 
|   6|0x0000000081e00000, 0x0000000081f00000, 0x0000000081f00000|100%|HC|  |TAMS 0x0000000081e00000| PB 0x0000000081e00000| Complete 
|   7|0x0000000081f00000, 0x0000000081f00000, 0x0000000082000000|  0%| F|  |TAMS 0x0000000081f00000| PB 0x0000000081f00000| Untracked 
|   8|0x0000000082000000, 0x0000000082000000, 0x0000000082100000|  0%| F|  |TAMS 0x0000000082000000| PB 0x0000000082000000| Untracked 
|   9|0x0000000082100000, 0x0000000082100000, 0x0000000082200000|  0%| F|  |TAMS 0x0000000082100000| PB 0x0000000082100000| Untracked 
|  10|0x0000000082200000, 0x0000000082200000, 0x0000000082300000|  0%| F|  |TAMS 0x0000000082200000| PB 0x0000000082200000| Untracked 
|  11|0x0000000082300000, 0x0000000082300000, 0x0000000082400000|  0%| F|  |TAMS 0x0000000082300000| PB 0x0000000082300000| Untracked 
|  12|0x0000000082400000, 0x0000000082400000, 0x0000000082500000|  0%| F|  |TAMS 0x0000000082400000| PB 0x0000000082400000| Untracked 
|  13|0x0000000082500000, 0x0000000082500000, 0x0000000082600000|  0%| F|  |TAMS 0x0000000082500000| PB 0x0000000082500000| Untracked 
|  14|0x0000000082600000, 0x0000000082600000, 0x0000000082700000|  0%| F|  |TAMS 0x0000000082600000| PB 0x0000000082600000| Untracked 
|  15|0x0000000082700000, 0x0000000082700000, 0x0000000082800000|  0%| F|  |TAMS 0x0000000082700000| PB 0x0000000082700000| Untracked 
|  16|0x0000000082800000, 0x0000000082800000, 0x0000000082900000|  0%| F|  |TAMS 0x0000000082800000| PB 0x0000000082800000| Untracked 
|  17|0x0000000082900000, 0x0000000082900000, 0x0000000082a00000|  0%| F|  |TAMS 0x0000000082900000| PB 0x0000000082900000| Untracked 
|  18|0x0000000082a00000, 0x0000000082a00000, 0x0000000082b00000|  0%| F|  |TAMS 0x0000000082a00000| PB 0x0000000082a00000| Untracked 
|  19|0x0000000082b00000, 0x0000000082b00000, 0x0000000082c00000|  0%| F|  |TAMS 0x0000000082b00000| PB 0x0000000082b00000| Untracked 
|  20|0x0000000082c00000, 0x0000000082c00000, 0x0000000082d00000|  0%| F|  |TAMS 0x0000000082c00000| PB 0x0000000082c00000| Untracked 
|  21|0x0000000082d00000, 0x0000000082d00000, 0x0000000082e00000|  0%| F|  |TAMS 0x0000000082d00000| PB 0x0000000082d00000| Untracked 
|  22|0x0000000082e00000, 0x0000000082e00000, 0x0000000082f00000|  0%| F|  |TAMS 0x0000000082e00000| PB 0x0000000082e00000| Untracked 
|  23|0x0000000082f00000, 0x0000000082f00000, 0x0000000083000000|  0%| F|  |TAMS 0x0000000082f00000| PB 0x0000000082f00000| Untracked 
|  24|0x0000000083000000, 0x0000000083000000, 0x0000000083100000|  0%| F|  |TAMS 0x0000000083000000| PB 0x0000000083000000| Untracked 
|  25|0x0000000083100000, 0x0000000083100000, 0x0000000083200000|  0%| F|  |TAMS 0x0000000083100000| PB 0x0000000083100000| Untracked 
|  26|0x0000000083200000, 0x0000000083200000, 0x0000000083300000|  0%| F|  |TAMS 0x0000000083200000| PB 0x0000000083200000| Untracked 
|  27|0x0000000083300000, 0x0000000083300000, 0x0000000083400000|  0%| F|  |TAMS 0x0000000083300000| PB 0x0000000083300000| Untracked 
|  28|0x0000000083400000, 0x0000000083400000, 0x0000000083500000|  0%| F|  |TAMS 0x0000000083400000| PB 0x0000000083400000| Untracked 
|  29|0x0000000083500000, 0x0000000083500000, 0x0000000083600000|  0%| F|  |TAMS 0x0000000083500000| PB 0x0000000083500000| Untracked 
|  30|0x0000000083600000, 0x0000000083600000, 0x0000000083700000|  0%| F|  |TAMS 0x0000000083600000| PB 0x0000000083600000| Untracked 
|  31|0x0000000083700000, 0x0000000083700000, 0x0000000083800000|  0%| F|  |TAMS 0x0000000083700000| PB 0x0000000083700000| Untracked 
|  32|0x0000000083800000, 0x0000000083800000, 0x0000000083900000|  0%| F|  |TAMS 0x0000000083800000| PB 0x0000000083800000| Untracked 
|  33|0x0000000083900000, 0x0000000083900000, 0x0000000083a00000|  0%| F|  |TAMS 0x0000000083900000| PB 0x0000000083900000| Untracked 
|  34|0x0000000083a00000, 0x0000000083a00000, 0x0000000083b00000|  0%| F|  |TAMS 0x0000000083a00000| PB 0x0000000083a00000| Untracked 
|  35|0x0000000083b00000, 0x0000000083b00000, 0x0000000083c00000|  0%| F|  |TAMS 0x0000000083b00000| PB 0x0000000083b00000| Untracked 
|  36|0x0000000083c00000, 0x0000000083c00000, 0x0000000083d00000|  0%| F|  |TAMS 0x0000000083c00000| PB 0x0000000083c00000| Untracked 
|  37|0x0000000083d00000, 0x0000000083d00000, 0x0000000083e00000|  0%| F|  |TAMS 0x0000000083d00000| PB 0x0000000083d00000| Untracked 
|  38|0x0000000083e00000, 0x0000000083e00000, 0x0000000083f00000|  0%| F|  |TAMS 0x0000000083e00000| PB 0x0000000083e00000| Untracked 
|  39|0x0000000083f00000, 0x0000000083f00000, 0x0000000084000000|  0%| F|  |TAMS 0x0000000083f00000| PB 0x0000000083f00000| Untracked 
|  40|0x0000000084000000, 0x0000000084000000, 0x0000000084100000|  0%| F|  |TAMS 0x0000000084000000| PB 0x0000000084000000| Untracked 
|  41|0x0000000084100000, 0x0000000084100000, 0x0000000084200000|  0%| F|  |TAMS 0x0000000084100000| PB 0x0000000084100000| Untracked 
|  42|0x0000000084200000, 0x0000000084200000, 0x0000000084300000|  0%| F|  |TAMS 0x0000000084200000| PB 0x0000000084200000| Untracked 
|  43|0x0000000084300000, 0x0000000084300000, 0x0000000084400000|  0%| F|  |TAMS 0x0000000084300000| PB 0x0000000084300000| Untracked 
|  44|0x0000000084400000, 0x0000000084400000, 0x0000000084500000|  0%| F|  |TAMS 0x0000000084400000| PB 0x0000000084400000| Untracked 
|  45|0x0000000084500000, 0x0000000084500000, 0x0000000084600000|  0%| F|  |TAMS 0x0000000084500000| PB 0x0000000084500000| Untracked 
|  46|0x0000000084600000, 0x0000000084600000, 0x0000000084700000|  0%| F|  |TAMS 0x0000000084600000| PB 0x0000000084600000| Untracked 
|  47|0x0000000084700000, 0x0000000084700000, 0x0000000084800000|  0%| F|  |TAMS 0x0000000084700000| PB 0x0000000084700000| Untracked 
|  48|0x0000000084800000, 0x0000000084800000, 0x0000000084900000|  0%| F|  |TAMS 0x0000000084800000| PB 0x0000000084800000| Untracked 
|  49|0x0000000084900000, 0x0000000084900000, 0x0000000084a00000|  0%| F|  |TAMS 0x0000000084900000| PB 0x0000000084900000| Untracked 
|  50|0x0000000084a00000, 0x0000000084a00000, 0x0000000084b00000|  0%| F|  |TAMS 0x0000000084a00000| PB 0x0000000084a00000| Untracked 
|  51|0x0000000084b00000, 0x0000000084b00000, 0x0000000084c00000|  0%| F|  |TAMS 0x0000000084b00000| PB 0x0000000084b00000| Untracked 
|  52|0x0000000084c00000, 0x0000000084c00000, 0x0000000084d00000|  0%| F|  |TAMS 0x0000000084c00000| PB 0x0000000084c00000| Untracked 
|  53|0x0000000084d00000, 0x0000000084d00000, 0x0000000084e00000|  0%| F|  |TAMS 0x0000000084d00000| PB 0x0000000084d00000| Untracked 
|  54|0x0000000084e00000, 0x0000000084e00000, 0x0000000084f00000|  0%| F|  |TAMS 0x0000000084e00000| PB 0x0000000084e00000| Untracked 
|  55|0x0000000084f00000, 0x0000000084f00000, 0x0000000085000000|  0%| F|  |TAMS 0x0000000084f00000| PB 0x0000000084f00000| Untracked 
|  56|0x0000000085000000, 0x0000000085000000, 0x0000000085100000|  0%| F|  |TAMS 0x0000000085000000| PB 0x0000000085000000| Untracked 
|  57|0x0000000085100000, 0x0000000085100000, 0x0000000085200000|  0%| F|  |TAMS 0x0000000085100000| PB 0x0000000085100000| Untracked 
|  58|0x0000000085200000, 0x0000000085200000, 0x0000000085300000|  0%| F|  |TAMS 0x0000000085200000| PB 0x0000000085200000| Untracked 
|  59|0x0000000085300000, 0x0000000085300000, 0x0000000085400000|  0%| F|  |TAMS 0x0000000085300000| PB 0x0000000085300000| Untracked 
|  60|0x0000000085400000, 0x0000000085400000, 0x0000000085500000|  0%| F|  |TAMS 0x0000000085400000| PB 0x0000000085400000| Untracked 
|  61|0x0000000085500000, 0x0000000085500000, 0x0000000085600000|  0%| F|  |TAMS 0x0000000085500000| PB 0x0000000085500000| Untracked 
|  62|0x0000000085600000, 0x0000000085600000, 0x0000000085700000|  0%| F|  |TAMS 0x0000000085600000| PB 0x0000000085600000| Untracked 
|  63|0x0000000085700000, 0x0000000085700000, 0x0000000085800000|  0%| F|  |TAMS 0x0000000085700000| PB 0x0000000085700000| Untracked 
|  64|0x0000000085800000, 0x0000000085800000, 0x0000000085900000|  0%| F|  |TAMS 0x0000000085800000| PB 0x0000000085800000| Untracked 
|  65|0x0000000085900000, 0x0000000085900000, 0x0000000085a00000|  0%| F|  |TAMS 0x0000000085900000| PB 0x0000000085900000| Untracked 
|  66|0x0000000085a00000, 0x0000000085a00000, 0x0000000085b00000|  0%| F|  |TAMS 0x0000000085a00000| PB 0x0000000085a00000| Untracked 
|  67|0x0000000085b00000, 0x0000000085b00000, 0x0000000085c00000|  0%| F|  |TAMS 0x0000000085b00000| PB 0x0000000085b00000| Untracked 
|  68|0x0000000085c00000, 0x0000000085c00000, 0x0000000085d00000|  0%| F|  |TAMS 0x0000000085c00000| PB 0x0000000085c00000| Untracked 
|  69|0x0000000085d00000, 0x0000000085d00000, 0x0000000085e00000|  0%| F|  |TAMS 0x0000000085d00000| PB 0x0000000085d00000| Untracked 
|  70|0x0000000085e00000, 0x0000000085e00000, 0x0000000085f00000|  0%| F|  |TAMS 0x0000000085e00000| PB 0x0000000085e00000| Untracked 
|  71|0x0000000085f00000, 0x0000000085f00000, 0x0000000086000000|  0%| F|  |TAMS 0x0000000085f00000| PB 0x0000000085f00000| Untracked 
|  72|0x0000000086000000, 0x0000000086000000, 0x0000000086100000|  0%| F|  |TAMS 0x0000000086000000| PB 0x0000000086000000| Untracked 
|  73|0x0000000086100000, 0x0000000086100000, 0x0000000086200000|  0%| F|  |TAMS 0x0000000086100000| PB 0x0000000086100000| Untracked 
|  74|0x0000000086200000, 0x0000000086200000, 0x0000000086300000|  0%| F|  |TAMS 0x0000000086200000| PB 0x0000000086200000| Untracked 
|  75|0x0000000086300000, 0x0000000086300000, 0x0000000086400000|  0%| F|  |TAMS 0x0000000086300000| PB 0x0000000086300000| Untracked 
|  76|0x0000000086400000, 0x0000000086400000, 0x0000000086500000|  0%| F|  |TAMS 0x0000000086400000| PB 0x0000000086400000| Untracked 
|  77|0x0000000086500000, 0x0000000086500000, 0x0000000086600000|  0%| F|  |TAMS 0x0000000086500000| PB 0x0000000086500000| Untracked 
|  78|0x0000000086600000, 0x0000000086600000, 0x0000000086700000|  0%| F|  |TAMS 0x0000000086600000| PB 0x0000000086600000| Untracked 
|  79|0x0000000086700000, 0x0000000086700000, 0x0000000086800000|  0%| F|  |TAMS 0x0000000086700000| PB 0x0000000086700000| Untracked 
|  80|0x0000000086800000, 0x0000000086800000, 0x0000000086900000|  0%| F|  |TAMS 0x0000000086800000| PB 0x0000000086800000| Untracked 
|  81|0x0000000086900000, 0x0000000086900000, 0x0000000086a00000|  0%| F|  |TAMS 0x0000000086900000| PB 0x0000000086900000| Untracked 
|  82|0x0000000086a00000, 0x0000000086a00000, 0x0000000086b00000|  0%| F|  |TAMS 0x0000000086a00000| PB 0x0000000086a00000| Untracked 
|  83|0x0000000086b00000, 0x0000000086b00000, 0x0000000086c00000|  0%| F|  |TAMS 0x0000000086b00000| PB 0x0000000086b00000| Untracked 
|  84|0x0000000086c00000, 0x0000000086c00000, 0x0000000086d00000|  0%| F|  |TAMS 0x0000000086c00000| PB 0x0000000086c00000| Untracked 
|  85|0x0000000086d00000, 0x0000000086d00000, 0x0000000086e00000|  0%| F|  |TAMS 0x0000000086d00000| PB 0x0000000086d00000| Untracked 
|  86|0x0000000086e00000, 0x0000000086e00000, 0x0000000086f00000|  0%| F|  |TAMS 0x0000000086e00000| PB 0x0000000086e00000| Untracked 
|  87|0x0000000086f00000, 0x0000000086f00000, 0x0000000087000000|  0%| F|  |TAMS 0x0000000086f00000| PB 0x0000000086f00000| Untracked 
|  88|0x0000000087000000, 0x0000000087000000, 0x0000000087100000|  0%| F|  |TAMS 0x0000000087000000| PB 0x0000000087000000| Untracked 
|  89|0x0000000087100000, 0x0000000087100000, 0x0000000087200000|  0%| F|  |TAMS 0x0000000087100000| PB 0x0000000087100000| Untracked 
|  90|0x0000000087200000, 0x0000000087200000, 0x0000000087300000|  0%| F|  |TAMS 0x0000000087200000| PB 0x0000000087200000| Untracked 
|  91|0x0000000087300000, 0x0000000087300000, 0x0000000087400000|  0%| F|  |TAMS 0x0000000087300000| PB 0x0000000087300000| Untracked 
|  92|0x0000000087400000, 0x0000000087400000, 0x0000000087500000|  0%| F|  |TAMS 0x0000000087400000| PB 0x0000000087400000| Untracked 
|  93|0x0000000087500000, 0x0000000087500000, 0x0000000087600000|  0%| F|  |TAMS 0x0000000087500000| PB 0x0000000087500000| Untracked 
|  94|0x0000000087600000, 0x0000000087600000, 0x0000000087700000|  0%| F|  |TAMS 0x0000000087600000| PB 0x0000000087600000| Untracked 
|  95|0x0000000087700000, 0x0000000087700000, 0x0000000087800000|  0%| F|  |TAMS 0x0000000087700000| PB 0x0000000087700000| Untracked 
|  96|0x0000000087800000, 0x0000000087800000, 0x0000000087900000|  0%| F|  |TAMS 0x0000000087800000| PB 0x0000000087800000| Untracked 
|  97|0x0000000087900000, 0x0000000087900000, 0x0000000087a00000|  0%| F|  |TAMS 0x0000000087900000| PB 0x0000000087900000| Untracked 
|  98|0x0000000087a00000, 0x0000000087a00000, 0x0000000087b00000|  0%| F|  |TAMS 0x0000000087a00000| PB 0x0000000087a00000| Untracked 
|  99|0x0000000087b00000, 0x0000000087b00000, 0x0000000087c00000|  0%| F|  |TAMS 0x0000000087b00000| PB 0x0000000087b00000| Untracked 
| 100|0x0000000087c00000, 0x0000000087c00000, 0x0000000087d00000|  0%| F|  |TAMS 0x0000000087c00000| PB 0x0000000087c00000| Untracked 
| 101|0x0000000087d00000, 0x0000000087d00000, 0x0000000087e00000|  0%| F|  |TAMS 0x0000000087d00000| PB 0x0000000087d00000| Untracked 
| 102|0x0000000087e00000, 0x0000000087e00000, 0x0000000087f00000|  0%| F|  |TAMS 0x0000000087e00000| PB 0x0000000087e00000| Untracked 
| 103|0x0000000087f00000, 0x0000000087f00000, 0x0000000088000000|  0%| F|  |TAMS 0x0000000087f00000| PB 0x0000000087f00000| Untracked 
| 104|0x0000000088000000, 0x0000000088000000, 0x0000000088100000|  0%| F|  |TAMS 0x0000000088000000| PB 0x0000000088000000| Untracked 
| 105|0x0000000088100000, 0x0000000088100000, 0x0000000088200000|  0%| F|  |TAMS 0x0000000088100000| PB 0x0000000088100000| Untracked 
| 106|0x0000000088200000, 0x0000000088200000, 0x0000000088300000|  0%| F|  |TAMS 0x0000000088200000| PB 0x0000000088200000| Untracked 
| 107|0x0000000088300000, 0x0000000088300000, 0x0000000088400000|  0%| F|  |TAMS 0x0000000088300000| PB 0x0000000088300000| Untracked 
| 108|0x0000000088400000, 0x0000000088400000, 0x0000000088500000|  0%| F|  |TAMS 0x0000000088400000| PB 0x0000000088400000| Untracked 
| 109|0x0000000088500000, 0x0000000088500000, 0x0000000088600000|  0%| F|  |TAMS 0x0000000088500000| PB 0x0000000088500000| Untracked 
| 110|0x0000000088600000, 0x0000000088600000, 0x0000000088700000|  0%| F|  |TAMS 0x0000000088600000| PB 0x0000000088600000| Untracked 
| 111|0x0000000088700000, 0x000000008878bd40, 0x0000000088800000| 54%| S|CS|TAMS 0x0000000088700000| PB 0x0000000088700000| Complete 
| 112|0x0000000088800000, 0x0000000088900000, 0x0000000088900000|100%| S|CS|TAMS 0x0000000088800000| PB 0x0000000088800000| Complete 
| 113|0x0000000088900000, 0x0000000088900000, 0x0000000088a00000|  0%| F|  |TAMS 0x0000000088900000| PB 0x0000000088900000| Untracked 
| 114|0x0000000088a00000, 0x0000000088a00000, 0x0000000088b00000|  0%| F|  |TAMS 0x0000000088a00000| PB 0x0000000088a00000| Untracked 
| 115|0x0000000088b00000, 0x0000000088b00000, 0x0000000088c00000|  0%| F|  |TAMS 0x0000000088b00000| PB 0x0000000088b00000| Untracked 
| 116|0x0000000088c00000, 0x0000000088c00000, 0x0000000088d00000|  0%| F|  |TAMS 0x0000000088c00000| PB 0x0000000088c00000| Untracked 
| 117|0x0000000088d00000, 0x0000000088d50418, 0x0000000088e00000| 31%| E|  |TAMS 0x0000000088d00000| PB 0x0000000088d00000| Complete 
| 118|0x0000000088e00000, 0x0000000088f00000, 0x0000000088f00000|100%| E|CS|TAMS 0x0000000088e00000| PB 0x0000000088e00000| Complete 
| 119|0x0000000088f00000, 0x0000000089000000, 0x0000000089000000|100%| E|CS|TAMS 0x0000000088f00000| PB 0x0000000088f00000| Complete 
| 120|0x0000000089000000, 0x0000000089100000, 0x0000000089100000|100%| E|CS|TAMS 0x0000000089000000| PB 0x0000000089000000| Complete 
| 121|0x0000000089100000, 0x0000000089200000, 0x0000000089200000|100%| E|CS|TAMS 0x0000000089100000| PB 0x0000000089100000| Complete 
| 122|0x0000000089200000, 0x0000000089300000, 0x0000000089300000|100%| E|CS|TAMS 0x0000000089200000| PB 0x0000000089200000| Complete 
| 123|0x0000000089300000, 0x0000000089400000, 0x0000000089400000|100%| E|  |TAMS 0x0000000089300000| PB 0x0000000089300000| Complete 
| 124|0x0000000089400000, 0x0000000089500000, 0x0000000089500000|100%| E|CS|TAMS 0x0000000089400000| PB 0x0000000089400000| Complete 
| 125|0x0000000089500000, 0x0000000089600000, 0x0000000089600000|100%| E|CS|TAMS 0x0000000089500000| PB 0x0000000089500000| Complete 
| 126|0x0000000089600000, 0x0000000089700000, 0x0000000089700000|100%| E|CS|TAMS 0x0000000089600000| PB 0x0000000089600000| Complete 
| 127|0x0000000089700000, 0x0000000089800000, 0x0000000089800000|100%| E|CS|TAMS 0x0000000089700000| PB 0x0000000089700000| Complete 

Card table byte_map: [0x000001d8dcd80000,0x000001d8dd180000] _byte_map_base: 0x000001d8dc974000

Marking Bits: (CMBitMap*) 0x000001d8c3b14b80
 Bits: [0x000001d8dd580000, 0x000001d8df520000)

Polling page: 0x000001d8c3b80000

Metaspace:

Usage:
  Non-class:     11.65 MB used.
      Class:      1.32 MB used.
       Both:     12.98 MB used.

Virtual space:
  Non-class space:       64.00 MB reserved,      11.75 MB ( 18%) committed,  1 nodes.
      Class space:        1.00 GB reserved,       1.44 MB ( <1%) committed,  1 nodes.
             Both:        1.06 GB reserved,      13.19 MB (  1%) committed. 

Chunk freelists:
   Non-Class:  3.82 MB
       Class:  2.48 MB
        Both:  6.29 MB

MaxMetaspaceSize: unlimited
CompressedClassSpaceSize: 1.00 GB
Initial GC threshold: 21.00 MB
Current GC threshold: 21.00 MB
CDS: on
MetaspaceReclaimPolicy: balanced
 - commit_granule_bytes: 65536.
 - commit_granule_words: 8192.
 - virtual_space_node_default_size: 8388608.
 - enlarge_chunks_in_place: 1.
 - new_chunks_are_fully_committed: 0.
 - uncommit_free_chunks: 1.
 - use_allocation_guard: 0.


Internal statistics:

num_allocs_failed_limit: 0.
num_arena_births: 190.
num_arena_deaths: 0.
num_vsnodes_births: 2.
num_vsnodes_deaths: 0.
num_space_committed: 211.
num_space_uncommitted: 0.
num_chunks_returned_to_freelist: 0.
num_chunks_taken_from_freelist: 390.
num_chunk_merges: 0.
num_chunk_splits: 232.
num_chunks_enlarged: 118.
num_inconsistent_stats: 0.

CodeHeap 'non-profiled nmethods': size=120000Kb used=669Kb max_used=669Kb free=119330Kb
 bounds [0x000001d8d4e20000, 0x000001d8d5090000, 0x000001d8dc350000]
CodeHeap 'profiled nmethods': size=120000Kb used=3843Kb max_used=3843Kb free=116156Kb
 bounds [0x000001d8cd350000, 0x000001d8cd720000, 0x000001d8d4880000]
CodeHeap 'non-nmethods': size=5760Kb used=2012Kb max_used=2029Kb free=3748Kb
 bounds [0x000001d8d4880000, 0x000001d8d4af0000, 0x000001d8d4e20000]
 total_blobs=3044 nmethods=2088 adapters=867
 compilation: enabled
              stopped_count=0, restarted_count=0
 full_count=0

Compilation events (20 events):
Event: 14.544 Thread 0x000001d8e1b6d0d0 2080       1       java.awt.event.MouseEvent::getYOnScreen (5 bytes)
Event: 14.544 Thread 0x000001d8e1b6d0d0 nmethod 2080 0x000001d8d4ec5590 code [0x000001d8d4ec5700, 0x000001d8d4ec57c8]
Event: 14.544 Thread 0x000001d8e1b6d0d0 2081       1       java.awt.event.MouseEvent::getClickCount (5 bytes)
Event: 14.544 Thread 0x000001d8e1b6d0d0 nmethod 2081 0x000001d8d4ec5890 code [0x000001d8d4ec5a00, 0x000001d8d4ec5ac8]
Event: 14.544 Thread 0x000001d8e1b6d0d0 2082       1       java.awt.event.MouseEvent::isPopupTrigger (5 bytes)
Event: 14.545 Thread 0x000001d8e1b6d0d0 nmethod 2082 0x000001d8d4ec5b90 code [0x000001d8d4ec5d00, 0x000001d8d4ec5dd0]
Event: 15.027 Thread 0x000001d8e1b6d0d0 2083       3       sun.java2d.SunGraphics2D::validateColor (102 bytes)
Event: 15.030 Thread 0x000001d8e1b6d0d0 nmethod 2083 0x000001d8cd70f490 code [0x000001d8cd70f660, 0x000001d8cd70fb80]
Event: 15.030 Thread 0x000001d8e1b6d0d0 2084   !   3       sun.awt.image.SurfaceManager::getManager (47 bytes)
Event: 15.034 Thread 0x000001d8e1b6d0d0 nmethod 2084 0x000001d8cd70fd10 code [0x000001d8cd70ff20, 0x000001d8cd710678]
Event: 15.034 Thread 0x000001d8e1b6d0d0 2085       3       java.awt.Image$1::getSurfaceManager (5 bytes)
Event: 15.034 Thread 0x000001d8e1b6d0d0 nmethod 2085 0x000001d8cd710a10 code [0x000001d8cd710ba0, 0x000001d8cd710cb8]
Event: 15.034 Thread 0x000001d8e1b6d0d0 2086       1       java.util.IdentityHashMap::size (5 bytes)
Event: 15.035 Thread 0x000001d8e1b6d0d0 nmethod 2086 0x000001d8d4ec5e90 code [0x000001d8d4ec6000, 0x000001d8d4ec60c8]
Event: 15.060 Thread 0x000001d8e1b6c200 2087       4       java.security.AccessControlContext::optimize (319 bytes)
Event: 15.070 Thread 0x000001d8e1b6c200 nmethod 2087 0x000001d8d4ec6190 code [0x000001d8d4ec6340, 0x000001d8d4ec6630]
Event: 15.276 Thread 0x000001d8e1b6c200 2088   !   4       sun.awt.AWTAutoShutdown::setToolkitBusy (124 bytes)
Event: 15.291 Thread 0x000001d8e1b6c200 nmethod 2088 0x000001d8d4ec6a10 code [0x000001d8d4ec6ba0, 0x000001d8d4ec7100]
Event: 15.294 Thread 0x000001d8e1b6c200 2089       4       jdk.internal.misc.Unsafe::putReferenceOpaque (9 bytes)
Event: 15.297 Thread 0x000001d8e1b6c200 nmethod 2089 0x000001d8d4ec7490 code [0x000001d8d4ec7600, 0x000001d8d4ec7748]

GC Heap History (4 events):
Event: 1.544 GC heap before
{Heap before GC invocations=0 (full 0):
 garbage-first heap   total 131072K, used 13312K [0x0000000081800000, 0x0000000100000000)
  region size 1024K, 13 young (13312K), 0 survivors (0K)
 Metaspace       used 7624K, committed 7872K, reserved 1114112K
  class space    used 827K, committed 960K, reserved 1048576K
}
Event: 1.557 GC heap after
{Heap after GC invocations=1 (full 0):
 garbage-first heap   total 131072K, used 3792K [0x0000000081800000, 0x0000000100000000)
  region size 1024K, 2 young (2048K), 2 survivors (2048K)
 Metaspace       used 7624K, committed 7872K, reserved 1114112K
  class space    used 827K, committed 960K, reserved 1048576K
}
Event: 2.355 GC heap before
{Heap before GC invocations=1 (full 0):
 garbage-first heap   total 131072K, used 16080K [0x0000000081800000, 0x0000000100000000)
  region size 1024K, 15 young (15360K), 2 survivors (2048K)
 Metaspace       used 10807K, committed 11136K, reserved 1114112K
  class space    used 1132K, committed 1280K, reserved 1048576K
}
Event: 2.364 GC heap after
{Heap after GC invocations=2 (full 0):
 garbage-first heap   total 131072K, used 5459K [0x0000000081800000, 0x0000000100000000)
  region size 1024K, 2 young (2048K), 2 survivors (2048K)
 Metaspace       used 10807K, committed 11136K, reserved 1114112K
  class space    used 1132K, committed 1280K, reserved 1048576K
}

Dll operation events (11 events):
Event: 0.019 Loaded shared library C:\Program Files\Java\jdk-20\bin\java.dll
Event: 0.040 Loaded shared library C:\Program Files\Java\jdk-20\bin\jsvml.dll
Event: 0.164 Loaded shared library C:\Program Files\Java\jdk-20\bin\net.dll
Event: 0.169 Loaded shared library C:\Program Files\Java\jdk-20\bin\nio.dll
Event: 0.215 Loaded shared library C:\Program Files\Java\jdk-20\bin\zip.dll
Event: 0.324 Loaded shared library C:\Program Files\Java\jdk-20\bin\jimage.dll
Event: 0.332 Loaded shared library C:\Program Files\Java\jdk-20\bin\awt.dll
Event: 1.022 Loaded shared library C:\Program Files\Java\jdk-20\bin\freetype.dll
Event: 1.024 Loaded shared library C:\Program Files\Java\jdk-20\bin\fontmanager.dll
Event: 2.274 Loaded shared library C:\Program Files\Java\jdk-20\bin\extnet.dll
Event: 4.596 Loaded shared library C:\Users\Elvis\Documents\NetBeansProjects\SofwareMatricula\opencv_java480.dll

Deoptimization events (20 events):
Event: 2.013 Thread 0x000001d8e62bd2e0 DEOPT PACKING pc=0x000001d8d4e59c48 sp=0x000000c8f3ffe9e0
Event: 2.013 Thread 0x000001d8e62bd2e0 DEOPT UNPACKING pc=0x000001d8d48e9d22 sp=0x000000c8f3ffe998 mode 2
Event: 2.047 Thread 0x000001d8e62bd2e0 Uncommon trap: trap_request=0xffffff45 fr.pc=0x000001d8d4e6bb30 relative=0x00000000000000b0
Event: 2.047 Thread 0x000001d8e62bd2e0 Uncommon trap: reason=unstable_if action=reinterpret pc=0x000001d8d4e6bb30 method=java.nio.Buffer.position(I)Ljava/nio/Buffer; @ 37 c2
Event: 2.047 Thread 0x000001d8e62bd2e0 DEOPT PACKING pc=0x000001d8d4e6bb30 sp=0x000000c8f3ffbcd0
Event: 2.047 Thread 0x000001d8e62bd2e0 DEOPT UNPACKING pc=0x000001d8d48e9d22 sp=0x000000c8f3ffbc10 mode 2
Event: 2.049 Thread 0x000001d8e62bd2e0 Uncommon trap: trap_request=0xffffff45 fr.pc=0x000001d8d4e6972c relative=0x00000000000000ac
Event: 2.049 Thread 0x000001d8e62bd2e0 Uncommon trap: reason=unstable_if action=reinterpret pc=0x000001d8d4e6972c method=java.nio.Buffer.position(I)Ljava/nio/Buffer; @ 37 c2
Event: 2.049 Thread 0x000001d8e62bd2e0 DEOPT PACKING pc=0x000001d8d4e6972c sp=0x000000c8f3ffbc80
Event: 2.049 Thread 0x000001d8e62bd2e0 DEOPT UNPACKING pc=0x000001d8d48e9d22 sp=0x000000c8f3ffbc18 mode 2
Event: 2.284 Thread 0x000001d8e62bd2e0 DEOPT PACKING pc=0x000001d8cd431739 sp=0x000000c8f3ffc140
Event: 2.284 Thread 0x000001d8e62bd2e0 DEOPT UNPACKING pc=0x000001d8d48ea4c2 sp=0x000000c8f3ffb638 mode 0
Event: 2.520 Thread 0x000001d8e62bd2e0 Uncommon trap: trap_request=0xffffff45 fr.pc=0x000001d8d4e709a8 relative=0x0000000000000108
Event: 2.520 Thread 0x000001d8e62bd2e0 Uncommon trap: reason=unstable_if action=reinterpret pc=0x000001d8d4e709a8 method=java.util.concurrent.locks.ReentrantLock$Sync.tryRelease(I)Z @ 26 c2
Event: 2.520 Thread 0x000001d8e62bd2e0 DEOPT PACKING pc=0x000001d8d4e709a8 sp=0x000000c8f3ffec90
Event: 2.520 Thread 0x000001d8e62bd2e0 DEOPT UNPACKING pc=0x000001d8d48e9d22 sp=0x000000c8f3ffeb70 mode 2
Event: 2.523 Thread 0x000001d8e62bd2e0 Uncommon trap: trap_request=0xffffff45 fr.pc=0x000001d8d4e6facc relative=0x00000000000000cc
Event: 2.523 Thread 0x000001d8e62bd2e0 Uncommon trap: reason=unstable_if action=reinterpret pc=0x000001d8d4e6facc method=java.util.concurrent.locks.ReentrantLock$Sync.tryRelease(I)Z @ 26 c2
Event: 2.523 Thread 0x000001d8e62bd2e0 DEOPT PACKING pc=0x000001d8d4e6facc sp=0x000000c8f3ffeb80
Event: 2.523 Thread 0x000001d8e62bd2e0 DEOPT UNPACKING pc=0x000001d8d48e9d22 sp=0x000000c8f3ffeb20 mode 2

Classes loaded (20 events):
Event: 9.273 Loading class java/awt/image/DataBufferByte
Event: 9.274 Loading class java/awt/image/DataBufferByte done
Event: 9.274 Loading class java/awt/image/PixelInterleavedSampleModel
Event: 9.274 Loading class java/awt/image/ComponentSampleModel
Event: 9.274 Loading class java/awt/image/ComponentSampleModel done
Event: 9.274 Loading class java/awt/image/PixelInterleavedSampleModel done
Event: 9.274 Loading class sun/awt/image/ByteInterleavedRaster
Event: 9.274 Loading class sun/awt/image/ByteComponentRaster
Event: 9.275 Loading class sun/awt/image/ByteComponentRaster done
Event: 9.275 Loading class sun/awt/image/ByteInterleavedRaster done
Event: 9.277 Loading class jdk/internal/event/ThreadSleepEvent
Event: 9.277 Loading class javax/swing/CellRendererPane
Event: 9.277 Loading class jdk/internal/event/Event
Event: 9.277 Loading class jdk/internal/event/Event done
Event: 9.277 Loading class javax/swing/CellRendererPane done
Event: 9.277 Loading class jdk/internal/event/ThreadSleepEvent done
Event: 9.277 Loading class javax/swing/RepaintManager$3
Event: 9.277 Loading class javax/swing/RepaintManager$3 done
Event: 16.527 Loading class sun/awt/SunToolkit$1
Event: 16.527 Loading class sun/awt/SunToolkit$1 done

Classes unloaded (0 events):
No events

Classes redefined (0 events):
No events

Internal exceptions (20 events):
Event: 0.177 Thread 0x000001d8c3ab4ed0 Exception <a 'sun/nio/fs/WindowsException'{0x00000000896d1e40}> (0x00000000896d1e40) 
thrown [s\open\src\hotspot\share\prims\jni.cpp, line 519]
Event: 0.177 Thread 0x000001d8c3ab4ed0 Exception <a 'sun/nio/fs/WindowsException'{0x00000000896d2910}> (0x00000000896d2910) 
thrown [s\open\src\hotspot\share\prims\jni.cpp, line 519]
Event: 0.307 Thread 0x000001d8c3ab4ed0 Exception <a 'java/lang/ClassNotFoundException'{0x0000000089449f28}: sun/awt/resources/spi/awtProvider> (0x0000000089449f28) 
thrown [s\open\src\hotspot\share\classfile\systemDictionary.cpp, line 305]
Event: 0.355 Thread 0x000001d8c3ab4ed0 Exception <a 'java/io/FileNotFoundException'{0x00000000894a2848}> (0x00000000894a2848) 
thrown [s\open\src\hotspot\share\prims\jni.cpp, line 519]
Event: 0.366 Thread 0x000001d8c3ab4ed0 Exception <a 'java/io/FileNotFoundException'{0x00000000894ccc38}> (0x00000000894ccc38) 
thrown [s\open\src\hotspot\share\prims\jni.cpp, line 519]
Event: 0.553 Thread 0x000001d8e62bd2e0 Exception <a 'java/lang/NoSuchMethodError'{0x00000000892277a8}: 'void java.lang.invoke.DirectMethodHandle$Holder.invokeSpecial(java.lang.Object, java.lang.Object, java.lang.Object)'> (0x00000000892277a8) 
thrown [s\open\src\hotspot\share\interpreter\linkResolver.cpp, line 773]
Event: 0.574 Thread 0x000001d8e62bd2e0 Exception <a 'java/lang/NoSuchMethodError'{0x00000000892523d8}: 'java.lang.Object java.lang.invoke.DirectMethodHandle$Holder.newInvokeSpecial(java.lang.Object, java.lang.Object, java.lang.Object, java.lang.Object, java.lang.Object)'> (0x00000000892523d8) 
thrown [s\open\src\hotspot\share\interpreter\linkResolver.cpp, line 773]
Event: 0.589 Thread 0x000001d8e62bd2e0 Exception <a 'java/lang/NoSuchMethodError'{0x0000000089282c80}: 'java.lang.Object java.lang.invoke.DirectMethodHandle$Holder.invokeStatic(java.lang.Object, int, java.lang.Object)'> (0x0000000089282c80) 
thrown [s\open\src\hotspot\share\interpreter\linkResolver.cpp, line 773]
Event: 0.657 Thread 0x000001d8e62bd2e0 Exception <a 'java/lang/ClassNotFoundException'{0x000000008913e060}: com/sun/swing/internal/plaf/metal/resources/spi/metalProvider> (0x000000008913e060) 
thrown [s\open\src\hotspot\share\classfile\systemDictionary.cpp, line 305]
Event: 0.659 Thread 0x000001d8e62bd2e0 Exception <a 'java/lang/ClassNotFoundException'{0x0000000089141fc0}: com/sun/swing/internal/plaf/basic/resources/spi/basicProvider> (0x0000000089141fc0) 
thrown [s\open\src\hotspot\share\classfile\systemDictionary.cpp, line 305]
Event: 0.683 Thread 0x000001d8e62bd2e0 Exception <a 'java/lang/NoSuchMethodError'{0x0000000089160fd8}: 'int java.lang.invoke.Invokers$Holder.invokeExact_MT(java.lang.Object, java.lang.Object)'> (0x0000000089160fd8) 
thrown [s\open\src\hotspot\share\interpreter\linkResolver.cpp, line 773]
Event: 0.931 Thread 0x000001d8e63d0010 Exception <a 'java/lang/NoSuchMethodError'{0x0000000088f68cc0}: 'java.lang.Object java.lang.invoke.DirectMethodHandle$Holder.newInvokeSpecial(java.lang.Object, java.lang.Object, java.lang.Object, int, int, int, int, int)'> (0x0000000088f68cc0) 
thrown [s\open\src\hotspot\share\interpreter\linkResolver.cpp, line 773]
Event: 1.014 Thread 0x000001d8e62bd2e0 Exception <a 'java/lang/NoSuchMethodError'{0x00000000891c1240}: 'void java.lang.invoke.DirectMethodHandle$Holder.invokeStaticInit(java.lang.Object)'> (0x00000000891c1240) 
thrown [s\open\src\hotspot\share\interpreter\linkResolver.cpp, line 773]
Event: 1.879 Thread 0x000001d8e62bd2e0 Implicit null exception at 0x000001d8d4e7b9f4 to 0x000001d8d4e7f5f8
Event: 1.946 Thread 0x000001d8e62ee780 Exception <a 'java/lang/NoSuchMethodError'{0x000000008902def0}: 'void java.lang.invoke.DirectMethodHandle$Holder.invokeVirtual(java.lang.Object, java.lang.Object)'> (0x000000008902def0) 
thrown [s\open\src\hotspot\share\interpreter\linkResolver.cpp, line 773]
Event: 1.969 Thread 0x000001d8e62bd2e0 Implicit null exception at 0x000001d8d4e7510c to 0x000001d8d4e751a4
Event: 2.029 Thread 0x000001d8e62bd2e0 Exception <a 'java/lang/NoSuchMethodError'{0x0000000088f4f478}: 'java.lang.Object java.lang.invoke.DirectMethodHandle$Holder.invokeInterface(java.lang.Object, java.lang.Object)'> (0x0000000088f4f478) 
thrown [s\open\src\hotspot\share\interpreter\linkResolver.cpp, line 773]
Event: 2.081 Thread 0x000001d8e62bd2e0 Exception <a 'java/lang/NoSuchMethodError'{0x0000000088fcac18}: 'void java.lang.invoke.DirectMethodHandle$Holder.invokeStatic(java.lang.Object, java.lang.Object, java.lang.Object)'> (0x0000000088fcac18) 
thrown [s\open\src\hotspot\share\interpreter\linkResolver.cpp, line 773]
Event: 2.084 Thread 0x000001d8e62bd2e0 Exception <a 'java/lang/NoSuchMethodError'{0x0000000088fd4728}: 'java.lang.Object java.lang.invoke.DirectMethodHandle$Holder.invokeVirtual(java.lang.Object, java.lang.Object, java.lang.Object)'> (0x0000000088fd4728) 
thrown [s\open\src\hotspot\share\interpreter\linkResolver.cpp, line 773]
Event: 2.278 Thread 0x000001d8e62bd2e0 Exception <a 'java/lang/NoSuchMethodError'{0x0000000088cdb798}: 'void java.lang.invoke.DirectMethodHandle$Holder.invokeStatic(java.lang.Object, java.lang.Object)'> (0x0000000088cdb798) 
thrown [s\open\src\hotspot\share\interpreter\linkResolver.cpp, line 773]

VM Operations (20 events):
Event: 3.596 Executing VM operation: Cleanup done
Event: 4.604 Executing VM operation: Cleanup
Event: 4.604 Executing VM operation: Cleanup done
Event: 6.624 Executing VM operation: Cleanup
Event: 6.624 Executing VM operation: Cleanup done
Event: 7.633 Executing VM operation: Cleanup
Event: 7.633 Executing VM operation: Cleanup done
Event: 8.663 Executing VM operation: Cleanup
Event: 8.663 Executing VM operation: Cleanup done
Event: 9.670 Executing VM operation: Cleanup
Event: 9.671 Executing VM operation: Cleanup done
Event: 11.680 Executing VM operation: Cleanup
Event: 11.680 Executing VM operation: Cleanup done
Event: 12.692 Executing VM operation: Cleanup
Event: 12.692 Executing VM operation: Cleanup done
Event: 14.696 Executing VM operation: Cleanup
Event: 14.696 Executing VM operation: Cleanup done
Event: 15.698 Executing VM operation: Cleanup
Event: 15.698 Executing VM operation: Cleanup done
Event: 16.653 Executing VM operation: Exit

Events (20 events):
Event: 0.439 Thread 0x000001d8e62ee020 Thread added: 0x000001d8e62ee020
Event: 0.442 Thread 0x000001d8e62ee780 Thread added: 0x000001d8e62ee780
Event: 0.464 Thread 0x000001d8e62bd2e0 Thread added: 0x000001d8e62bd2e0
Event: 0.465 Thread 0x000001d8c3ab4ed0 Thread exited: 0x000001d8c3ab4ed0
Event: 0.465 Thread 0x000001d8c3ab4ed0 Thread added: 0x000001d8c3ab4ed0
Event: 0.762 Thread 0x000001d8e63d0010 Thread added: 0x000001d8e63d0010
Event: 0.833 Thread 0x000001d8e63dd080 Thread added: 0x000001d8e63dd080
Event: 1.482 Thread 0x000001d8e63dd080 Thread exited: 0x000001d8e63dd080
Event: 1.760 Thread 0x000001d8e6790ce0 Thread added: 0x000001d8e6790ce0
Event: 1.985 Thread 0x000001d8e66bc100 Thread added: 0x000001d8e66bc100
Event: 2.616 Thread 0x000001d8e66bbbb0 Thread added: 0x000001d8e66bbbb0
Event: 3.272 Thread 0x000001d8e6790ce0 Thread exited: 0x000001d8e6790ce0
Event: 8.237 Thread 0x000001d8e66bc650 Thread added: 0x000001d8e66bc650
Event: 8.890 Thread 0x000001d8e63d0010 Thread exited: 0x000001d8e63d0010
Event: 11.135 Thread 0x000001d8e66bc650 Thread exited: 0x000001d8e66bc650
Event: 16.534 Thread 0x000001d8e66bd0f0 Thread added: 0x000001d8e66bd0f0
Event: 16.534 Thread 0x000001d8e66bdb90 Thread added: 0x000001d8e66bdb90
Event: 16.542 Thread 0x000001d8e66bd0f0 Thread exited: 0x000001d8e66bd0f0
Event: 16.575 Thread 0x000001d8e62ee780 Thread exited: 0x000001d8e62ee780
Event: 16.653 Thread 0x000001d8e66bdb90 Thread exited: 0x000001d8e66bdb90


Dynamic libraries:
0x00007ff6a7350000 - 0x00007ff6a7360000 	C:\Program Files\Java\jdk-20\bin\java.exe
0x00007ffbb89d0000 - 0x00007ffbb8bc8000 	C:\Windows\SYSTEM32\ntdll.dll
0x00007ffb6e860000 - 0x00007ffb6e879000 	C:\Program Files\Avast Software\Avast\aswhook.dll
0x00007ffbb8460000 - 0x00007ffbb851d000 	C:\Windows\System32\KERNEL32.DLL
0x00007ffbb6140000 - 0x00007ffbb6436000 	C:\Windows\System32\KERNELBASE.dll
0x00007ffbb6880000 - 0x00007ffbb6980000 	C:\Windows\System32\ucrtbase.dll
0x00007ffbb0690000 - 0x00007ffbb06ab000 	C:\Program Files\Java\jdk-20\bin\VCRUNTIME140.dll
0x00007ffbb36e0000 - 0x00007ffbb36f9000 	C:\Program Files\Java\jdk-20\bin\jli.dll
0x00007ffbb7a30000 - 0x00007ffbb7adf000 	C:\Windows\System32\ADVAPI32.dll
0x00007ffbb6a30000 - 0x00007ffbb6ace000 	C:\Windows\System32\msvcrt.dll
0x00007ffbb6f30000 - 0x00007ffbb6fcc000 	C:\Windows\System32\sechost.dll
0x00007ffbb6e00000 - 0x00007ffbb6f26000 	C:\Windows\System32\RPCRT4.dll
0x00007ffbb7890000 - 0x00007ffbb7a2e000 	C:\Windows\System32\USER32.dll
0x00007ffbb6850000 - 0x00007ffbb6872000 	C:\Windows\System32\win32u.dll
0x00007ffb9ef00000 - 0x00007ffb9f19a000 	C:\Windows\WinSxS\amd64_microsoft.windows.common-controls_6595b64144ccf1df_6.0.19041.3636_none_60b6a03d71f818d5\COMCTL32.dll
0x00007ffbb6ad0000 - 0x00007ffbb6afc000 	C:\Windows\System32\GDI32.dll
0x00007ffbb6500000 - 0x00007ffbb661a000 	C:\Windows\System32\gdi32full.dll
0x00007ffbb6620000 - 0x00007ffbb66bd000 	C:\Windows\System32\msvcp_win.dll
0x00007ffbac290000 - 0x00007ffbac29a000 	C:\Windows\SYSTEM32\VERSION.dll
0x00007ffbb7bc0000 - 0x00007ffbb7bf0000 	C:\Windows\System32\IMM32.DLL
0x00007ffbb0680000 - 0x00007ffbb068c000 	C:\Program Files\Java\jdk-20\bin\vcruntime140_1.dll
0x00007ffb48960000 - 0x00007ffb489ee000 	C:\Program Files\Java\jdk-20\bin\msvcp140.dll
0x00007ffb472b0000 - 0x00007ffb47f47000 	C:\Program Files\Java\jdk-20\bin\server\jvm.dll
0x00007ffb9eed0000 - 0x00007ffb9eef7000 	C:\Windows\SYSTEM32\WINMM.dll
0x00007ffba6cf0000 - 0x00007ffba6cf9000 	C:\Windows\SYSTEM32\WSOCK32.dll
0x00007ffbb8230000 - 0x00007ffbb829b000 	C:\Windows\System32\WS2_32.dll
0x00007ffbb3f70000 - 0x00007ffbb3f82000 	C:\Windows\SYSTEM32\kernel.appcore.dll
0x00007ffb9fa20000 - 0x00007ffb9fa2a000 	C:\Program Files\Java\jdk-20\bin\jimage.dll
0x00007ffbabe30000 - 0x00007ffbac014000 	C:\Windows\SYSTEM32\DBGHELP.DLL
0x00007ffbabdf0000 - 0x00007ffbabe24000 	C:\Windows\SYSTEM32\dbgcore.DLL
0x00007ffbb60b0000 - 0x00007ffbb6132000 	C:\Windows\System32\bcryptPrimitives.dll
0x00007ffb57d00000 - 0x00007ffb57d26000 	C:\Program Files\Java\jdk-20\bin\java.dll
0x00007ffb48b90000 - 0x00007ffb48c67000 	C:\Program Files\Java\jdk-20\bin\jsvml.dll
0x00007ffbb7030000 - 0x00007ffbb7774000 	C:\Windows\System32\SHELL32.dll
0x00007ffbb4170000 - 0x00007ffbb490b000 	C:\Windows\SYSTEM32\windows.storage.dll
0x00007ffbb7cc0000 - 0x00007ffbb8014000 	C:\Windows\System32\combase.dll
0x00007ffbb5a20000 - 0x00007ffbb5a4d000 	C:\Windows\SYSTEM32\Wldp.dll
0x00007ffbb7780000 - 0x00007ffbb782d000 	C:\Windows\System32\SHCORE.dll
0x00007ffbb6b10000 - 0x00007ffbb6b65000 	C:\Windows\System32\shlwapi.dll
0x00007ffbb5fe0000 - 0x00007ffbb6005000 	C:\Windows\SYSTEM32\profapi.dll
0x00007ffb9f9d0000 - 0x00007ffb9f9e3000 	C:\Program Files\Java\jdk-20\bin\net.dll
0x00007ffbab6b0000 - 0x00007ffbab7ba000 	C:\Windows\SYSTEM32\WINHTTP.dll
0x00007ffbb5780000 - 0x00007ffbb57ea000 	C:\Windows\system32\mswsock.dll
0x00007ffb8cc00000 - 0x00007ffb8cc16000 	C:\Program Files\Java\jdk-20\bin\nio.dll
0x00007ffb89790000 - 0x00007ffb897a8000 	C:\Program Files\Java\jdk-20\bin\zip.dll
0x00007ffb489f0000 - 0x00007ffb48b81000 	C:\Program Files\Java\jdk-20\bin\awt.dll
0x00007ffbb7bf0000 - 0x00007ffbb7cbd000 	C:\Windows\System32\OLEAUT32.dll
0x00007ffbb38c0000 - 0x00007ffbb3950000 	C:\Windows\SYSTEM32\apphelp.dll
0x00007ffbb3a80000 - 0x00007ffbb3b1e000 	C:\Windows\system32\uxtheme.dll
0x00007ffbb8110000 - 0x00007ffbb8224000 	C:\Windows\System32\MSCTF.dll
0x00007ffbb8330000 - 0x00007ffbb845b000 	C:\Windows\System32\ole32.dll
0x00007ffbb3c80000 - 0x00007ffbb3caf000 	C:\Windows\system32\DWMAPI.DLL
0x00007ffb84120000 - 0x00007ffb84245000 	C:\Windows\system32\opengl32.dll
0x00007ffb84c30000 - 0x00007ffb84c5c000 	C:\Windows\SYSTEM32\GLU32.dll
0x00007ffb488d0000 - 0x00007ffb48956000 	C:\Program Files\Java\jdk-20\bin\freetype.dll
0x00007ffb48800000 - 0x00007ffb488c6000 	C:\Program Files\Java\jdk-20\bin\fontmanager.dll
0x00007ffbb6b90000 - 0x00007ffbb6c39000 	C:\Windows\System32\clbcatq.dll
0x00007ffbb12a0000 - 0x00007ffbb1454000 	C:\Windows\SYSTEM32\WindowsCodecs.dll
0x00007ffbb66c0000 - 0x00007ffbb66e7000 	C:\Windows\System32\bcrypt.dll
0x00007ffb8bdc0000 - 0x00007ffb8bdfe000 	C:\Windows\system32\dataexchange.dll
0x00007ffbb2cd0000 - 0x00007ffbb2eb3000 	C:\Windows\system32\dcomp.dll
0x00007ffbb24a0000 - 0x00007ffbb2703000 	C:\Windows\system32\d3d11.dll
0x00007ffbb4970000 - 0x00007ffbb4a63000 	C:\Windows\system32\dxgi.dll
0x00007ffbb0fe0000 - 0x00007ffbb11e7000 	C:\Windows\system32\twinapi.appcore.dll
0x00007ffbb54b0000 - 0x00007ffbb557a000 	C:\Windows\SYSTEM32\DNSAPI.dll
0x00007ffbb5470000 - 0x00007ffbb54ab000 	C:\Windows\SYSTEM32\IPHLPAPI.DLL
0x00007ffbb6df0000 - 0x00007ffbb6df8000 	C:\Windows\System32\NSI.dll
0x00007ffbab690000 - 0x00007ffbab69a000 	C:\Windows\System32\rasadhlp.dll
0x00007ffbab1a0000 - 0x00007ffbab220000 	C:\Windows\System32\fwpuclnt.dll
0x00007ffb89750000 - 0x00007ffb89757000 	C:\Program Files\Java\jdk-20\bin\extnet.dll
0x00007ffb9fb70000 - 0x00007ffb9fc6a000 	C:\Windows\SYSTEM32\textinputframework.dll
0x00007ffbb2ec0000 - 0x00007ffbb321b000 	C:\Windows\System32\CoreUIComponents.dll
0x00007ffbb35a0000 - 0x00007ffbb3692000 	C:\Windows\System32\CoreMessaging.dll
0x00007ffbb51d0000 - 0x00007ffbb5203000 	C:\Windows\SYSTEM32\ntmarta.dll
0x00007ffbb1da0000 - 0x00007ffbb1ef5000 	C:\Windows\SYSTEM32\wintypes.dll
0x00007ffb7b240000 - 0x00007ffb7e363000 	C:\Users\Elvis\Documents\NetBeansProjects\SofwareMatricula\opencv_java480.dll
0x00007ffbb01d0000 - 0x00007ffbb038b000 	C:\Windows\SYSTEM32\MFPlat.DLL
0x00007ffb484f0000 - 0x00007ffb485fa000 	C:\Windows\SYSTEM32\MFReadWrite.dll
0x00007ffb9ad40000 - 0x00007ffb9adc4000 	C:\Windows\SYSTEM32\MF.dll
0x00007ffbb6440000 - 0x00007ffbb648e000 	C:\Windows\System32\cfgmgr32.dll
0x00007ffb7f470000 - 0x00007ffb7f8fe000 	C:\Windows\SYSTEM32\MFCORE.DLL
0x00007ffbb66f0000 - 0x00007ffbb684d000 	C:\Windows\System32\CRYPT32.dll
0x00007ffbb5f10000 - 0x00007ffbb5f5b000 	C:\Windows\SYSTEM32\powrprof.dll
0x00007ffb8fb40000 - 0x00007ffb8fb49000 	C:\Windows\SYSTEM32\ksuser.dll
0x00007ffbb5970000 - 0x00007ffbb597c000 	C:\Windows\SYSTEM32\CRYPTBASE.DLL
0x00007ffbb0970000 - 0x00007ffbb09a4000 	C:\Windows\SYSTEM32\RTWorkQ.DLL
0x00007ffbb5ef0000 - 0x00007ffbb5f02000 	C:\Windows\SYSTEM32\UMPDC.dll
0x00007ffbadf40000 - 0x00007ffbadf7b000 	C:\Windows\SYSTEM32\dxcore.dll
0x00007ffbafb10000 - 0x00007ffbafb47000 	C:\Windows\SYSTEM32\CompPkgSup.DLL
0x00007ffb3ceb0000 - 0x00007ffb3d5d6000 	C:\Windows\System32\Windows.Media.dll
0x00007ffbaea20000 - 0x00007ffbaeb06000 	C:\Windows\System32\Windows.ApplicationModel.dll
0x00007ffbae910000 - 0x00007ffbaea12000 	C:\Windows\System32\AppXDeploymentClient.dll
0x00007ffb8d820000 - 0x00007ffb8d88d000 	C:\Windows\System32\FrameServerClient.dll
0x00007ffb88010000 - 0x00007ffb88077000 	C:\Windows\System32\MFSENSORGROUP.dll
0x00007ffbb1890000 - 0x00007ffbb189a000 	C:\Windows\SYSTEM32\AVRT.dll
0x00007ffbb0bc0000 - 0x00007ffbb0bcd000 	C:\Windows\System32\vidcap.ax
0x00007ffbb0430000 - 0x00007ffbb0457000 	C:\Windows\System32\kswdmcap.ax
0x00007ffb7b0d0000 - 0x00007ffb7b23c000 	C:\Windows\System32\MFC42.dll
0x00007ffb9a080000 - 0x00007ffb9a1c6000 	C:\Windows\System32\Windows.StateRepositoryPS.dll
0x00007ffb7af00000 - 0x00007ffb7afe5000 	C:\Program Files\Intel\Media SDK\mfx_mft_mjpgvd_64.dll
0x00007ffb46b80000 - 0x00007ffb46c3f000 	C:\Windows\SYSTEM32\EVR.dll
0x00007ffbb1c20000 - 0x00007ffbb1d16000 	C:\Windows\SYSTEM32\PROPSYS.dll
0x00007ffb8f9b0000 - 0x00007ffb8f9d4000 	C:\Windows\SYSTEM32\dxva2.dll
0x00007ffb4d790000 - 0x00007ffb4d95d000 	C:\Windows\SYSTEM32\d3d9.dll
0x00007ffbaec30000 - 0x00007ffbaec4d000 	C:\Windows\System32\mfmjpegdec.dll
0x00007ffb9aaf0000 - 0x00007ffb9ac1d000 	C:\Windows\System32\mfperfhelper.dll
0x00007ffb46650000 - 0x00007ffb467b0000 	C:\Windows\System32\msvproc.dll
0x00007ffbac750000 - 0x00007ffbacbaf000 	C:\Windows\SYSTEM32\igdusc64.dll
0x00007ffbb0c00000 - 0x00007ffbb0c15000 	C:\Windows\SYSTEM32\OpenCL.dll
0x00007ffb80d30000 - 0x00007ffb80d92000 	C:\Windows\SYSTEM32\IntelOpenCL64.dll
0x00007ffb7ae00000 - 0x00007ffb7aefd000 	C:\Program Files (x86)\Common Files\Intel\OpenCL\bin\x64\intelocl64.dll
0x00007ffb80360000 - 0x00007ffb803d6000 	C:\Program Files (x86)\Common Files\Intel\OpenCL\bin\x64\task_executor64.dll
0x00007ffb7fe00000 - 0x00007ffb7fe95000 	C:\Program Files (x86)\Common Files\Intel\OpenCL\bin\x64\cpu_device64.dll
0x00007ffb7fa40000 - 0x00007ffb7faa9000 	C:\Program Files (x86)\Common Files\Intel\OpenCL\bin\x64\tbb\tbb.dll
0x00007ffb7a240000 - 0x00007ffb7a434000 	C:\Windows\SYSTEM32\igdrcl64.dll
0x000001d8ea970000 - 0x000001d8ebf52000 	C:\Windows\SYSTEM32\igdfcl64.dll
0x00007ffb8cca0000 - 0x00007ffb8ccff000 	C:\Windows\SYSTEM32\igdbcl64.dll

dbghelp: loaded successfully - version: 4.0.5 - missing functions: none
symbol engine: initialized successfully - sym options: 0x614 - pdb path: .;C:\Program Files\Java\jdk-20\bin;C:\Windows\SYSTEM32;C:\Program Files\Avast Software\Avast;C:\Windows\WinSxS\amd64_microsoft.windows.common-controls_6595b64144ccf1df_6.0.19041.3636_none_60b6a03d71f818d5;C:\Program Files\Java\jdk-20\bin\server;C:\Users\Elvis\Documents\NetBeansProjects\SofwareMatricula;C:\Program Files\Intel\Media SDK;C:\Program Files (x86)\Common Files\Intel\OpenCL\bin\x64;C:\Program Files (x86)\Common Files\Intel\OpenCL\bin\x64\tbb

VM Arguments:
jvm_args: -Dfile.encoding=UTF-8 --module-path=C:\Users\Elvis\Documents\NetBeansProjects\SofwareMatricula\build\classes 
java_command: SoftwareAsistencia.SoftwareMatriculaAppliation
java_class_path (initial): C:\Program Files\NetBeans-15\netbeans\java\modules\ext\AbsoluteLayout.jar;C:\Users\Elvis\Desktop\Software Farmacia\JarFiles_ProyectFarmacia\JarFiles_ProyectFarmacia\Librerias\Librerias\AbsoluteLayout.jar;C:\Users\Elvis\Downloads\opencv\build\java\opencv-480.jar;C:\Users\Elvis\Downloads\mysql-connector-j-8.2.0\mysql-connector-j-8.2.0.jar;C:\Users\Elvis\Downloads\libs\artoolkitplus-2.3.1-1.3-linux-ppc64le.jar;C:\Users\Elvis\Downloads\libs\artoolkitplus-2.3.1-1.3-linux-x86.jar;C:\Users\Elvis\Downloads\libs\artoolkitplus-2.3.1-1.3-macosx-x86_64.jar;C:\Users\Elvis\Downloads\libs\artoolkitplus-2.3.1-1.3.jar;C:\Users\Elvis\Downloads\libs\bridj-0.7.0.jar;C:\Users\Elvis\Downloads\libs\flandmark-1.07-1.3-macosx-x86_64.jar;C:\Users\Elvis\Downloads\libs\flandmark-1.07-1.3-windows-x86_64.jar;C:\Users\Elvis\Downloads\libs\flycapture-2.9.3.43-1.3-linux-x86_64.jar;C:\Users\Elvis\Downloads\libs\flycapture-2.9.3.43-1.3-windows-x86.jar;C:\Users\Elvis\Downloads\libs\flycapture-2.9.3.43-1.3.jar;C:\Users\Elvis\Downloads\libs\javacv-1.3.3.jar;C:\Users\Elvis\Downloads\libs\javacv-platform-1.3.3.jar;C:\Users\Elvis\Downloads\libs\libdc1394-2.2.4-1.3-windows-x86.jar;C:\Users\Elvis\Downloads\libs\libdc1394-platform-2.2.4-1.3.jar;C:\Users\Elvis\Downloads\libs\libfreenect-0.5.3-1.3-windows-x86.jar;C:\Users\Elvis\Downloads\libs\libfreenect2-0.2.0-1.3.jar;C:\Users\Elvis\Downloads\libs\opencv-3.2.0-1.3-linux-armhf.jar;C:\Users\Elvis\Downloads\libs\opencv-3.2.0-1.3-linux-x86_64.jar;C:\Users\Elvis\Downloads\libs\opencv-3.2.0-1.3-macosx-x86_64.jar;C:\Users\Elvis\Downloads\libs\opencv-3.2.0-1.3-windows-x86_64.jar;C:\Users\Elvis\Downloads\libs\opencv-platform-3.2.0-1.3.jar;C:\Users\Elvis\Downloads\libs\slf4j-api-1.7.2.jar;C:\Users\Elvis\Downloads\libs\v4l4j-0.9.1-r507.jar;C:\Users\Elvis\Downloads\libs\webcam-capture-0.3.12.jar;C:\Users\Elvis\Documents\NetBeansProjects\SofwareMatricula\build\classes
Launcher Type: SUN_STANDARD

[Global flags]
     intx CICompilerCount                          = 3                                         {product} {ergonomic}
     uint ConcGCThreads                            = 1                                         {product} {ergonomic}
     uint G1ConcRefinementThreads                  = 4                                         {product} {ergonomic}
   size_t G1HeapRegionSize                         = 1048576                                   {product} {ergonomic}
    uintx GCDrainStackTargetSize                   = 64                                        {product} {ergonomic}
   size_t InitialHeapSize                          = 134217728                                 {product} {ergonomic}
   size_t MarkStackSize                            = 4194304                                   {product} {ergonomic}
   size_t MaxHeapSize                              = 2122317824                                {product} {ergonomic}
   size_t MaxNewSize                               = 1272971264                                {product} {ergonomic}
   size_t MinHeapDeltaBytes                        = 1048576                                   {product} {ergonomic}
   size_t MinHeapSize                              = 8388608                                   {product} {ergonomic}
    uintx NonNMethodCodeHeapSize                   = 5832780                                {pd product} {ergonomic}
    uintx NonProfiledCodeHeapSize                  = 122912730                              {pd product} {ergonomic}
    uintx ProfiledCodeHeapSize                     = 122912730                              {pd product} {ergonomic}
    uintx ReservedCodeCacheSize                    = 251658240                              {pd product} {ergonomic}
     bool SegmentedCodeCache                       = true                                      {product} {ergonomic}
   size_t SoftMaxHeapSize                          = 2122317824                             {manageable} {ergonomic}
     bool UseCompressedClassPointers               = true                           {product lp64_product} {ergonomic}
     bool UseCompressedOops                        = true                           {product lp64_product} {ergonomic}
     bool UseG1GC                                  = true                                      {product} {ergonomic}
     bool UseLargePagesIndividualAllocation        = false                                  {pd product} {ergonomic}

Logging:
Log output configuration:
 #0: stdout all=off uptime,level,tags foldmultilines=false
 #1: stderr all=off uptime,level,tags foldmultilines=false

Environment Variables:
PATH=C:\Program Files (x86)\VMware\VMware Workstation\bin\;C:\Program Files\Microsoft MPI\Bin\;C:\Program Files\Common Files\Oracle\Java\javapath;C:\Program Files (x86)\Common Files\Oracle\Java\javapath;C:\Windows\system32;C:\Windows;C:\Windows\System32\Wbem;C:\Windows\System32\WindowsPowerShell\v1.0\;C:\Windows\System32\OpenSSH\;C:\Program Files\Git\cmd;C:\Program Files (x86)\Microsoft SQL Server\160\Tools\Binn\;C:\Program Files\Microsoft SQL Server\160\Tools\Binn\;C:\Program Files\Microsoft SQL Server\Client SDK\ODBC\170\Tools\Binn\;C:\Program Files\Microsoft SQL Server\160\DTS\Binn\;C:\Program Files (x86)\Microsoft SQL Server\160\DTS\Binn\;C:\Program Files\Azure Data Studio\bin;C:\ProgramData\chocolatey\bin;C:\Python\Python312\Scripts\;C:\Python\Python312\;C:\Users\Elvis\AppData\Local\Microsoft\WindowsApps;;C:\Users\Elvis\AppData\Local\Programs\Microsoft VS Code\bin;C:\Program Files\Azure Data Studio\bin;C:\Program Files\Azure Data Studio\bin;C:\Program Files\Azure Data Studio\bin
USERNAME=Elvis
OS=Windows_NT
PROCESSOR_IDENTIFIER=Intel64 Family 6 Model 58 Stepping 9, GenuineIntel
TMP=C:\Users\Elvis\AppData\Local\Temp
TEMP=C:\Users\Elvis\AppData\Local\Temp




---------------  S Y S T E M  ---------------

OS:
 Windows 10 , 64 bit Build 19041 (10.0.19041.3636)
OS uptime: 0 days 0:14 hours

CPU: total 4 (initial active 4) (2 cores per cpu, 2 threads per core) family 6 model 58 stepping 9 microcode 0x21, cx8, cmov, fxsr, ht, mmx, sse, sse2, sse3, ssse3, sse4.1, sse4.2, popcnt, tsc, tscinvbit, avx, aes, erms, clmul, vzeroupper, clflush, rdtscp, f16c

Memory: 4k page, system-wide physical 8095M (2922M free)
TotalPageFile size 10655M (AvailPageFile size 4694M)
current process WorkingSet (physical memory assigned to process): 132M, peak: 157M
current process commit charge ("private bytes"): 259M, peak: 286M

vm_info: Java HotSpot(TM) 64-Bit Server VM (20+36-2344) for windows-amd64 JRE (20+36-2344), built on 2023-02-10T19:30:15Z by "mach5one" with MS VC++ 17.1 (VS2022)

END.
