#
# A fatal error has been detected by the Java Runtime Environment:
#
#  EXCEPTION_ACCESS_VIOLATION (0xc0000005) at pc=0x00007ffac285faad, pid=6392, tid=4836
#
# JRE version: Java(TM) SE Runtime Environment (20.0+36) (build 20+36-2344)
# Java VM: Java HotSpot(TM) 64-Bit Server VM (20+36-2344, mixed mode, sharing, tiered, compressed oops, compressed class ptrs, g1 gc, windows-amd64)
# Problematic frame:
# C  [ntdll.dll+0x2faad]
#
# No core dump will be written. Minidumps are not enabled by default on client versions of Windows
#
# If you would like to submit a bug report, please visit:
#   https://bugreport.java.com/bugreport/crash.jsp
#

---------------  S U M M A R Y ------------

Command Line: -Dfile.encoding=UTF-8 --module-path=C:\Users\Elvis\Documents\NetBeansProjects\SofwareMatricula\build\classes SoftwareAsistencia.SoftwareMatriculaAppliation

Host: Intel(R) Core(TM) i5-3337U CPU @ 1.80GHz, 4 cores, 7G,  Windows 10 , 64 bit Build 19041 (10.0.19041.3636)
Time: Fri Nov 24 10:57:25 2023 Hora est. Pacífico, Sudamérica elapsed time: 89.369104 seconds (0d 0h 1m 29s)

---------------  T H R E A D  ---------------

Current thread (0x0000029c7ad191c0):  VMThread "VM Thread" [stack: 0x000000cff1b00000,0x000000cff1c00000] [id=4836]

Stack: [0x000000cff1b00000,0x000000cff1c00000],  sp=0x000000cff1bff220,  free space=1020k
Native frames: (J=compiled Java code, j=interpreted, Vv=VM code, C=native code)
C  [ntdll.dll+0x2faad]
C  [igdrcl64.dll+0x36542]


siginfo: EXCEPTION_ACCESS_VIOLATION (0xc0000005), writing address 0x0000000000000018


Registers:
RAX=0x000000cff108c000, RBX=0x0000000000000000, RCX=0x0000000000000010, RDX=0x0000029c7f7e7a90
RSP=0x000000cff1bff220, RBP=0x0000029c7f8551b8, RSI=0x0000000000000010, RDI=0x0000029c7f7e7a90
R8 =0x0000000000000032, R9 =0x0000000000000032, R10=0x0000000000000032, R11=0x000000cff1bff260
R12=0x00007ffa4da5623c, R13=0x00007ffa6479ea90, R14=0x0000bfd7939da109, R15=0x0000029c7f854a80
RIP=0x00007ffac285faad, EFLAGS=0x0000000000010202


Register to memory mapping:

RIP=0x00007ffac285faad ntdll.dll
RAX=0x000000cff108c000 points into unknown readable memory: 0x0000000000000000 | 00 00 00 00 00 00 00 00
RBX=0x0 is NULL
RCX=0x0000000000000010 is an unknown value
RDX=0x0000029c7f7e7a90 points into unknown readable memory: 0x00007ffa51fcffa0 | a0 ff fc 51 fa 7f 00 00
RSP=0x000000cff1bff220 points into unknown readable memory: 0x0000029c6baa0000 | 00 00 aa 6b 9c 02 00 00
RBP=0x0000029c7f8551b8 points into unknown readable memory: 0x0000bfd7939da109 | 09 a1 9d 93 d7 bf 00 00
RSI=0x0000000000000010 is an unknown value
RDI=0x0000029c7f7e7a90 points into unknown readable memory: 0x00007ffa51fcffa0 | a0 ff fc 51 fa 7f 00 00
R8 =0x0000000000000032 is an unknown value
R9 =0x0000000000000032 is an unknown value
R10=0x0000000000000032 is an unknown value
R11=0x000000cff1bff260 points into unknown readable memory: 0x0000bfd7939da109 | 09 a1 9d 93 d7 bf 00 00
R12=0x00007ffa4da5623c opencv_java480.dll
R13=0x00007ffa6479ea90 jvm.dll
R14=0x0000bfd7939da109 is an unknown value
R15=0x0000029c7f854a80 points into unknown readable memory: 0x00ff4b4cd9256109 | 09 61 25 d9 4c 4b ff 00


Top of Stack: (sp=0x000000cff1bff220)
0x000000cff1bff220:   0000029c6baa0000 0000bfd7939da109
0x000000cff1bff230:   00007ffa6479ea90 00007ffa4da5623c
0x000000cff1bff240:   0000029c0fef4d20 00007ffa51e26542
0x000000cff1bff250:   0000bf1862225009 0000bfd70000001c
0x000000cff1bff260:   0000bfd7939da109 0000029c7f3c29b0
0x000000cff1bff270:   0000029c7f9a6d60 00007ffa51e21145
0x000000cff1bff280:   0000029c6baa0000 0000029c7f7e7a90
0x000000cff1bff290:   000000cff1bff410 0000000000000000
0x000000cff1bff2a0:   0000029c7f3c29b0 00007ffa4cd5c109
0x000000cff1bff2b0:   0000029c7f9a6ee0 0000bfd7939da109
0x000000cff1bff2c0:   00007ffa6479ea90 00007ffa4da5623c
0x000000cff1bff2d0:   0000029c0fd43bb0 00007ffac28547b1
0x000000cff1bff2e0:   0000029c7f9a6ee0 0000029c6bae0000
0x000000cff1bff2f0:   0000029c7f8551b8 0000000000000000
0x000000cff1bff300:   0000000000000000 0000bf18622253b9
0x000000cff1bff310:   0000029c7f3c29b0 00007ffa4cd44061
0x000000cff1bff320:   00007ffa4e60cd48 0000029c7f3c29a0
0x000000cff1bff330:   0000029c7f6d3040 0000029c0fd43c80
0x000000cff1bff340:   00000000ffffffff 00007ffa4db88ac0
0x000000cff1bff350:   0000029c7f3c29b0 0000029c7f3c29a0
0x000000cff1bff360:   000000cff1bff410 0000029c7fca2c40
0x000000cff1bff370:   0000029c7f8551a0 00007ffa4daa442f
0x000000cff1bff380:   0000029c7f854a80 00007ffac2830000
0x000000cff1bff390:   00007ffab7ea7b10 00007ffac028ac31
0x000000cff1bff3a0:   0000000000000001 00007ffa4b650000
0x000000cff1bff3b0:   000000cff1bff410 00007ffa4daa41dd
0x000000cff1bff3c0:   000000cff1bff440 000000cff1bff4e0
0x000000cff1bff3d0:   0000000000000001 00007ffac28547b1
0x000000cff1bff3e0:   000000cff1bff4c0 00007ffa4daa4501
0x000000cff1bff3f0:   000000cff1bff4c0 0000000000000000
0x000000cff1bff400:   0000000000000000 000000cff1bff440
0x000000cff1bff410:   000000cff1bff430 00007ffac070f05b 

Instructions: (pc=0x00007ffac285faad)
0x00007ffac285f9ad:   48 b8 7f 7f 7f 7f 7f 7f 7f 7f 41 8b c8 48 0b cb
0x00007ffac285f9bd:   48 23 c8 83 e6 1f 49 89 8c f4 40 a5 16 00 48 81
0x00007ffac285f9cd:   c4 98 00 00 00 41 5f 41 5e 41 5d 41 5c 5f 5e 5b
0x00007ffac285f9dd:   5d c3 cc 33 d2 41 8b c6 41 f7 f0 44 8b c8 e9 d6
0x00007ffac285f9ed:   fc ff ff 41 8d 57 ff 41 85 d7 0f 84 13 38 08 00
0x00007ffac285f9fd:   41 b8 00 10 00 00 41 b9 ff ff 00 00 e9 3c 38 08
0x00007ffac285fa0d:   00 cc cc cc cc cc cc 48 8b c4 48 89 58 08 48 89
0x00007ffac285fa1d:   68 10 48 89 70 18 48 89 78 20 41 56 48 83 ec 20
0x00007ffac285fa2d:   40 8a ea 4c 8d 35 99 d1 13 00 48 8b f1 33 db 48
0x00007ffac285fa3d:   8d 0d 9d d1 13 00 e8 58 00 00 00 4c 8b 05 81 d1
0x00007ffac285fa4d:   13 00 4d 3b c6 0f 85 08 3b 08 00 48 85 db 75 33
0x00007ffac285fa5d:   48 8d 0d 7c d1 13 00 e8 c7 f7 ff ff 48 85 db 0f
0x00007ffac285fa6d:   85 23 3b 08 00 33 c0 48 8b 5c 24 30 48 8b 6c 24
0x00007ffac285fa7d:   38 48 8b 74 24 40 48 8b 7c 24 48 48 83 c4 20 41
0x00007ffac285fa8d:   5e c3 cc f0 ff 43 3c eb c7 cc cc cc cc cc cc cc
0x00007ffac285fa9d:   cc cc cc 48 83 ec 28 65 48 8b 04 25 30 00 00 00
0x00007ffac285faad:   f0 0f ba 71 08 00 48 8b 40 48 73 13 48 89 41 10
0x00007ffac285fabd:   33 c0 c7 41 0c 01 00 00 00 48 83 c4 28 c3 cc 48
0x00007ffac285facd:   39 41 10 75 0b ff 41 0c 33 c0 48 83 c4 28 c3 cc
0x00007ffac285fadd:   e8 0e 00 00 00 eb e2 cc cc cc cc cc cc cc cc cc
0x00007ffac285faed:   cc cc cc 48 89 5c 24 18 55 56 57 41 54 41 55 41
0x00007ffac285fafd:   56 41 57 48 83 ec 20 8b 41 20 48 8b f1 48 0f ba
0x00007ffac285fb0d:   e0 1a 0f 82 df 01 00 00 33 ff 40 32 ed 66 83 3c
0x00007ffac285fb1d:   25 6a 03 fe 7f 01 76 19 48 8b 7e 20 48 8b c7 81
0x00007ffac285fb2d:   e7 ff ff ff 00 25 00 00 00 02 48 85 c0 40 0f 95
0x00007ffac285fb3d:   c5 45 32 ff b0 01 45 32 e4 41 bd 01 00 00 00 45
0x00007ffac285fb4d:   33 c0 ba 6a 03 fe 7f 84 c0 0f 84 14 01 00 00 8b
0x00007ffac285fb5d:   46 08 4c 8d 4e 08 45 84 e4 41 be 03 00 00 00 45
0x00007ffac285fb6d:   0f 44 f5 41 84 c5 0f 85 e2 00 00 00 8d 0c bf 03
0x00007ffac285fb7d:   c9 66 44 39 2a 0f 86 e8 00 00 00 4d 85 c9 74 0e
0x00007ffac285fb8d:   80 3c 25 97 02 fe 7f 00 0f 85 29 3a 08 00 0f b7
0x00007ffac285fb9d:   1c 25 d6 02 fe 7f 83 fb 0c 0f 85 a2 00 00 00 b8 


Stack slot to memory mapping:
stack at sp + 0 slots: 0x0000029c6baa0000 points into unknown readable memory: 0x0000000000000000 | 00 00 00 00 00 00 00 00
stack at sp + 1 slots: 0x0000bfd7939da109 is an unknown value
stack at sp + 2 slots: 0x00007ffa6479ea90 jvm.dll
stack at sp + 3 slots: 0x00007ffa4da5623c opencv_java480.dll
stack at sp + 4 slots: 0x0000029c0fef4d20 points into unknown readable memory: 0x0000029c0fef4d20 | 20 4d ef 0f 9c 02 00 00
stack at sp + 5 slots: 0x00007ffa51e26542 igdrcl64.dll
stack at sp + 6 slots: 0x0000bf1862225009 is an unknown value
stack at sp + 7 slots: 0x0000bfd70000001c is an unknown value

VM_Operation (0x000000cff2afe8c0): Exit, mode: safepoint, requested by thread 0x0000029c7ad41470


---------------  P R O C E S S  ---------------

Threads class SMR info:
_java_thread_list=0x0000029c0fa8fe50, length=14, elements={
0x0000029c7ad39db0, 0x0000029c7ad3d0a0, 0x0000029c7ad419c0, 0x0000029c7ad409d0,
0x0000029c7ad42460, 0x0000029c7ad4e710, 0x0000029c7ad530a0, 0x0000029c7ad3ef40,
0x0000029c7ad3ff30, 0x0000029c7ad3f490, 0x0000029c7ad40f20, 0x0000029c7ad41470,
0x0000029c7ad41f10, 0x0000029c7f6ed650
}

Java Threads: ( => current thread )
  0x0000029c7ad39db0 JavaThread "Reference Handler" daemon [_thread_blocked, id=9544, stack(0x000000cff1c00000,0x000000cff1d00000)]
  0x0000029c7ad3d0a0 JavaThread "Finalizer" daemon [_thread_blocked, id=7428, stack(0x000000cff1d00000,0x000000cff1e00000)]
  0x0000029c7ad419c0 JavaThread "Attach Listener" daemon [_thread_blocked, id=5224, stack(0x000000cff1f00000,0x000000cff2000000)]
  0x0000029c7ad409d0 JavaThread "Service Thread" daemon [_thread_blocked, id=9732, stack(0x000000cff2000000,0x000000cff2100000)]
  0x0000029c7ad42460 JavaThread "Monitor Deflation Thread" daemon [_thread_blocked, id=12212, stack(0x000000cff2100000,0x000000cff2200000)]
  0x0000029c7ad4e710 JavaThread "C2 CompilerThread0" daemon [_thread_blocked, id=5336, stack(0x000000cff2200000,0x000000cff2300000)]
  0x0000029c7ad530a0 JavaThread "C1 CompilerThread0" daemon [_thread_blocked, id=1220, stack(0x000000cff2300000,0x000000cff2400000)]
  0x0000029c7ad3ef40 JavaThread "Common-Cleaner" daemon [_thread_blocked, id=7544, stack(0x000000cff2400000,0x000000cff2500000)]
  0x0000029c7ad3ff30 JavaThread "Notification Thread" daemon [_thread_blocked, id=5724, stack(0x000000cff2500000,0x000000cff2600000)]
  0x0000029c7ad3f490 JavaThread "Java2D Disposer" daemon [_thread_blocked, id=6768, stack(0x000000cff2700000,0x000000cff2800000)]
  0x0000029c7ad40f20 JavaThread "AWT-Shutdown" [_thread_blocked, id=8956, stack(0x000000cff2800000,0x000000cff2900000)]
  0x0000029c7ad41470 JavaThread "AWT-EventQueue-0" [_thread_blocked, id=12720, stack(0x000000cff2a00000,0x000000cff2b00000)]
  0x0000029c7ad41f10 JavaThread "DestroyJavaVM" [_thread_blocked, id=8888, stack(0x000000cff1500000,0x000000cff1600000)]
  0x0000029c7f6ed650 JavaThread "TimerQueue" daemon [_thread_blocked, id=5212, stack(0x000000cff3200000,0x000000cff3300000)]

Other Threads:
=>0x0000029c7ad191c0 VMThread "VM Thread" [stack: 0x000000cff1b00000,0x000000cff1c00000] [id=4836]
  0x0000029c6dc62300 WorkerThread "GC Thread#0" [stack: 0x000000cff1600000,0x000000cff1700000] [id=4520]
  0x0000029c7f9c24a0 WorkerThread "GC Thread#1" [stack: 0x000000cff2f00000,0x000000cff3000000] [id=4572]
  0x0000029c7f9c2770 WorkerThread "GC Thread#2" [stack: 0x000000cff3000000,0x000000cff3100000] [id=8376]
  0x0000029c7f9b9990 WorkerThread "GC Thread#3" [stack: 0x000000cff3100000,0x000000cff3200000] [id=6328]
  0x0000029c6dc750d0 ConcurrentGCThread "G1 Main Marker" terminated
  0x0000029c6dc772b0 WorkerThread "G1 Conc#0" [stack: 0x000000cff1800000,0x000000cff1900000] [id=10520]
  0x0000029c6dcce7d0 ConcurrentGCThread "G1 Refine#0" terminated
  0x0000029c7abcb450 ConcurrentGCThread "G1 Service" terminated

Threads with active compile tasks:

VM state: at safepoint (shutting down)

VM Mutex/Monitor currently owned by a thread:  ([mutex/lock_event])
[0x0000029c6dc01f90] Threads_lock - owner thread: 0x0000029c7ad191c0
[0x0000029c6dc009a0] Heap_lock - owner thread: 0x0000029c7ad41470

Heap address: 0x0000000081800000, size: 2024 MB, Compressed Oops mode: 32-bit

CDS archive(s) mapped at: [0x0000000800000000-0x0000000800c60000-0x0000000800c60000), size 12976128, SharedBaseAddress: 0x0000000800000000, ArchiveRelocationMode: 0.
Compressed class space mapped at: 0x0000000801000000-0x0000000841000000, reserved size: 1073741824
Narrow klass base: 0x0000000800000000, Narrow klass shift: 0, Narrow klass range: 0x100000000

GC Precious Log:
 CardTable entry size: 512
 Card Set container configuration: InlinePtr #cards 5 size 8 Array Of Cards #cards 12 size 40 Howl #buckets 4 coarsen threshold 1843 Howl Bitmap #cards 512 size 80 coarsen threshold 460 Card regions per heap region 1 cards per card region 2048
 CPUs: 4 total, 4 available
 Memory: 8095M
 Large Page Support: Disabled
 NUMA Support: Disabled
 Compressed Oops: Enabled (32-bit)
 Heap Region Size: 1M
 Heap Min Capacity: 8M
 Heap Initial Capacity: 128M
 Heap Max Capacity: 2024M
 Pre-touch: Disabled
 Parallel Workers: 4
 Concurrent Workers: 1
 Concurrent Refinement Workers: 4
 Periodic GC: Disabled

Heap:
 garbage-first heap   total 131072K, used 8573K [0x0000000081800000, 0x0000000100000000)
  region size 1024K, 4 young (4096K), 2 survivors (2048K)
 Metaspace       used 11222K, committed 11392K, reserved 1114112K
  class space    used 1198K, committed 1280K, reserved 1048576K

Heap Regions: E=young(eden), S=young(survivor), O=old, HS=humongous(starts), HC=humongous(continues), CS=collection set, F=free, OA=open archive, CA=closed archive, TAMS=top-at-mark-start, PB=parsable bottom
|   0|0x0000000081800000, 0x0000000081900000, 0x0000000081900000|100%| O|  |TAMS 0x0000000081800000| PB 0x0000000081800000| Untracked 
|   1|0x0000000081900000, 0x0000000081a00000, 0x0000000081a00000|100%| O|  |TAMS 0x0000000081900000| PB 0x0000000081900000| Untracked 
|   2|0x0000000081a00000, 0x0000000081a00000, 0x0000000081b00000|  0%| F|  |TAMS 0x0000000081a00000| PB 0x0000000081a00000| Untracked 
|   3|0x0000000081b00000, 0x0000000081b00000, 0x0000000081c00000|  0%| F|  |TAMS 0x0000000081b00000| PB 0x0000000081b00000| Untracked 
|   4|0x0000000081c00000, 0x0000000081c00000, 0x0000000081d00000|  0%| F|  |TAMS 0x0000000081c00000| PB 0x0000000081c00000| Untracked 
|   5|0x0000000081d00000, 0x0000000081e00000, 0x0000000081e00000|100%|HS|  |TAMS 0x0000000081d00000| PB 0x0000000081d00000| Complete 
|   6|0x0000000081e00000, 0x0000000081f00000, 0x0000000081f00000|100%|HC|  |TAMS 0x0000000081e00000| PB 0x0000000081e00000| Complete 
|   7|0x0000000081f00000, 0x0000000082000000, 0x0000000082000000|100%| O|  |TAMS 0x0000000081f00000| PB 0x0000000081f00000| Untracked 
|   8|0x0000000082000000, 0x00000000820f5e00, 0x0000000082100000| 96%| O|  |TAMS 0x0000000082000000| PB 0x0000000082000000| Untracked 
|   9|0x0000000082100000, 0x0000000082100000, 0x0000000082200000|  0%| F|  |TAMS 0x0000000082100000| PB 0x0000000082100000| Untracked 
|  10|0x0000000082200000, 0x0000000082200000, 0x0000000082300000|  0%| F|  |TAMS 0x0000000082200000| PB 0x0000000082200000| Untracked 
|  11|0x0000000082300000, 0x0000000082300000, 0x0000000082400000|  0%| F|  |TAMS 0x0000000082300000| PB 0x0000000082300000| Untracked 
|  12|0x0000000082400000, 0x0000000082400000, 0x0000000082500000|  0%| F|  |TAMS 0x0000000082400000| PB 0x0000000082400000| Untracked 
|  13|0x0000000082500000, 0x0000000082500000, 0x0000000082600000|  0%| F|  |TAMS 0x0000000082500000| PB 0x0000000082500000| Untracked 
|  14|0x0000000082600000, 0x0000000082600000, 0x0000000082700000|  0%| F|  |TAMS 0x0000000082600000| PB 0x0000000082600000| Untracked 
|  15|0x0000000082700000, 0x0000000082700000, 0x0000000082800000|  0%| F|  |TAMS 0x0000000082700000| PB 0x0000000082700000| Untracked 
|  16|0x0000000082800000, 0x0000000082800000, 0x0000000082900000|  0%| F|  |TAMS 0x0000000082800000| PB 0x0000000082800000| Untracked 
|  17|0x0000000082900000, 0x0000000082900000, 0x0000000082a00000|  0%| F|  |TAMS 0x0000000082900000| PB 0x0000000082900000| Untracked 
|  18|0x0000000082a00000, 0x0000000082a00000, 0x0000000082b00000|  0%| F|  |TAMS 0x0000000082a00000| PB 0x0000000082a00000| Untracked 
|  19|0x0000000082b00000, 0x0000000082b00000, 0x0000000082c00000|  0%| F|  |TAMS 0x0000000082b00000| PB 0x0000000082b00000| Untracked 
|  20|0x0000000082c00000, 0x0000000082c00000, 0x0000000082d00000|  0%| F|  |TAMS 0x0000000082c00000| PB 0x0000000082c00000| Untracked 
|  21|0x0000000082d00000, 0x0000000082d00000, 0x0000000082e00000|  0%| F|  |TAMS 0x0000000082d00000| PB 0x0000000082d00000| Untracked 
|  22|0x0000000082e00000, 0x0000000082e00000, 0x0000000082f00000|  0%| F|  |TAMS 0x0000000082e00000| PB 0x0000000082e00000| Untracked 
|  23|0x0000000082f00000, 0x0000000082f00000, 0x0000000083000000|  0%| F|  |TAMS 0x0000000082f00000| PB 0x0000000082f00000| Untracked 
|  24|0x0000000083000000, 0x0000000083000000, 0x0000000083100000|  0%| F|  |TAMS 0x0000000083000000| PB 0x0000000083000000| Untracked 
|  25|0x0000000083100000, 0x0000000083100000, 0x0000000083200000|  0%| F|  |TAMS 0x0000000083100000| PB 0x0000000083100000| Untracked 
|  26|0x0000000083200000, 0x0000000083200000, 0x0000000083300000|  0%| F|  |TAMS 0x0000000083200000| PB 0x0000000083200000| Untracked 
|  27|0x0000000083300000, 0x0000000083300000, 0x0000000083400000|  0%| F|  |TAMS 0x0000000083300000| PB 0x0000000083300000| Untracked 
|  28|0x0000000083400000, 0x0000000083400000, 0x0000000083500000|  0%| F|  |TAMS 0x0000000083400000| PB 0x0000000083400000| Untracked 
|  29|0x0000000083500000, 0x0000000083500000, 0x0000000083600000|  0%| F|  |TAMS 0x0000000083500000| PB 0x0000000083500000| Untracked 
|  30|0x0000000083600000, 0x0000000083600000, 0x0000000083700000|  0%| F|  |TAMS 0x0000000083600000| PB 0x0000000083600000| Untracked 
|  31|0x0000000083700000, 0x0000000083700000, 0x0000000083800000|  0%| F|  |TAMS 0x0000000083700000| PB 0x0000000083700000| Untracked 
|  32|0x0000000083800000, 0x0000000083800000, 0x0000000083900000|  0%| F|  |TAMS 0x0000000083800000| PB 0x0000000083800000| Untracked 
|  33|0x0000000083900000, 0x0000000083900000, 0x0000000083a00000|  0%| F|  |TAMS 0x0000000083900000| PB 0x0000000083900000| Untracked 
|  34|0x0000000083a00000, 0x0000000083a00000, 0x0000000083b00000|  0%| F|  |TAMS 0x0000000083a00000| PB 0x0000000083a00000| Untracked 
|  35|0x0000000083b00000, 0x0000000083b00000, 0x0000000083c00000|  0%| F|  |TAMS 0x0000000083b00000| PB 0x0000000083b00000| Untracked 
|  36|0x0000000083c00000, 0x0000000083c00000, 0x0000000083d00000|  0%| F|  |TAMS 0x0000000083c00000| PB 0x0000000083c00000| Untracked 
|  37|0x0000000083d00000, 0x0000000083d00000, 0x0000000083e00000|  0%| F|  |TAMS 0x0000000083d00000| PB 0x0000000083d00000| Untracked 
|  38|0x0000000083e00000, 0x0000000083e00000, 0x0000000083f00000|  0%| F|  |TAMS 0x0000000083e00000| PB 0x0000000083e00000| Untracked 
|  39|0x0000000083f00000, 0x0000000083f00000, 0x0000000084000000|  0%| F|  |TAMS 0x0000000083f00000| PB 0x0000000083f00000| Untracked 
|  40|0x0000000084000000, 0x0000000084000000, 0x0000000084100000|  0%| F|  |TAMS 0x0000000084000000| PB 0x0000000084000000| Untracked 
|  41|0x0000000084100000, 0x0000000084100000, 0x0000000084200000|  0%| F|  |TAMS 0x0000000084100000| PB 0x0000000084100000| Untracked 
|  42|0x0000000084200000, 0x0000000084200000, 0x0000000084300000|  0%| F|  |TAMS 0x0000000084200000| PB 0x0000000084200000| Untracked 
|  43|0x0000000084300000, 0x0000000084300000, 0x0000000084400000|  0%| F|  |TAMS 0x0000000084300000| PB 0x0000000084300000| Untracked 
|  44|0x0000000084400000, 0x0000000084400000, 0x0000000084500000|  0%| F|  |TAMS 0x0000000084400000| PB 0x0000000084400000| Untracked 
|  45|0x0000000084500000, 0x0000000084500000, 0x0000000084600000|  0%| F|  |TAMS 0x0000000084500000| PB 0x0000000084500000| Untracked 
|  46|0x0000000084600000, 0x0000000084600000, 0x0000000084700000|  0%| F|  |TAMS 0x0000000084600000| PB 0x0000000084600000| Untracked 
|  47|0x0000000084700000, 0x0000000084700000, 0x0000000084800000|  0%| F|  |TAMS 0x0000000084700000| PB 0x0000000084700000| Untracked 
|  48|0x0000000084800000, 0x0000000084800000, 0x0000000084900000|  0%| F|  |TAMS 0x0000000084800000| PB 0x0000000084800000| Untracked 
|  49|0x0000000084900000, 0x0000000084900000, 0x0000000084a00000|  0%| F|  |TAMS 0x0000000084900000| PB 0x0000000084900000| Untracked 
|  50|0x0000000084a00000, 0x0000000084a00000, 0x0000000084b00000|  0%| F|  |TAMS 0x0000000084a00000| PB 0x0000000084a00000| Untracked 
|  51|0x0000000084b00000, 0x0000000084b00000, 0x0000000084c00000|  0%| F|  |TAMS 0x0000000084b00000| PB 0x0000000084b00000| Untracked 
|  52|0x0000000084c00000, 0x0000000084c00000, 0x0000000084d00000|  0%| F|  |TAMS 0x0000000084c00000| PB 0x0000000084c00000| Untracked 
|  53|0x0000000084d00000, 0x0000000084d00000, 0x0000000084e00000|  0%| F|  |TAMS 0x0000000084d00000| PB 0x0000000084d00000| Untracked 
|  54|0x0000000084e00000, 0x0000000084e00000, 0x0000000084f00000|  0%| F|  |TAMS 0x0000000084e00000| PB 0x0000000084e00000| Untracked 
|  55|0x0000000084f00000, 0x0000000084f00000, 0x0000000085000000|  0%| F|  |TAMS 0x0000000084f00000| PB 0x0000000084f00000| Untracked 
|  56|0x0000000085000000, 0x0000000085000000, 0x0000000085100000|  0%| F|  |TAMS 0x0000000085000000| PB 0x0000000085000000| Untracked 
|  57|0x0000000085100000, 0x0000000085100000, 0x0000000085200000|  0%| F|  |TAMS 0x0000000085100000| PB 0x0000000085100000| Untracked 
|  58|0x0000000085200000, 0x0000000085200000, 0x0000000085300000|  0%| F|  |TAMS 0x0000000085200000| PB 0x0000000085200000| Untracked 
|  59|0x0000000085300000, 0x0000000085300000, 0x0000000085400000|  0%| F|  |TAMS 0x0000000085300000| PB 0x0000000085300000| Untracked 
|  60|0x0000000085400000, 0x0000000085400000, 0x0000000085500000|  0%| F|  |TAMS 0x0000000085400000| PB 0x0000000085400000| Untracked 
|  61|0x0000000085500000, 0x0000000085500000, 0x0000000085600000|  0%| F|  |TAMS 0x0000000085500000| PB 0x0000000085500000| Untracked 
|  62|0x0000000085600000, 0x0000000085600000, 0x0000000085700000|  0%| F|  |TAMS 0x0000000085600000| PB 0x0000000085600000| Untracked 
|  63|0x0000000085700000, 0x0000000085700000, 0x0000000085800000|  0%| F|  |TAMS 0x0000000085700000| PB 0x0000000085700000| Untracked 
|  64|0x0000000085800000, 0x0000000085800000, 0x0000000085900000|  0%| F|  |TAMS 0x0000000085800000| PB 0x0000000085800000| Untracked 
|  65|0x0000000085900000, 0x0000000085900000, 0x0000000085a00000|  0%| F|  |TAMS 0x0000000085900000| PB 0x0000000085900000| Untracked 
|  66|0x0000000085a00000, 0x0000000085a00000, 0x0000000085b00000|  0%| F|  |TAMS 0x0000000085a00000| PB 0x0000000085a00000| Untracked 
|  67|0x0000000085b00000, 0x0000000085b00000, 0x0000000085c00000|  0%| F|  |TAMS 0x0000000085b00000| PB 0x0000000085b00000| Untracked 
|  68|0x0000000085c00000, 0x0000000085c00000, 0x0000000085d00000|  0%| F|  |TAMS 0x0000000085c00000| PB 0x0000000085c00000| Untracked 
|  69|0x0000000085d00000, 0x0000000085d00000, 0x0000000085e00000|  0%| F|  |TAMS 0x0000000085d00000| PB 0x0000000085d00000| Untracked 
|  70|0x0000000085e00000, 0x0000000085e00000, 0x0000000085f00000|  0%| F|  |TAMS 0x0000000085e00000| PB 0x0000000085e00000| Untracked 
|  71|0x0000000085f00000, 0x0000000085f00000, 0x0000000086000000|  0%| F|  |TAMS 0x0000000085f00000| PB 0x0000000085f00000| Untracked 
|  72|0x0000000086000000, 0x0000000086000000, 0x0000000086100000|  0%| F|  |TAMS 0x0000000086000000| PB 0x0000000086000000| Untracked 
|  73|0x0000000086100000, 0x0000000086100000, 0x0000000086200000|  0%| F|  |TAMS 0x0000000086100000| PB 0x0000000086100000| Untracked 
|  74|0x0000000086200000, 0x0000000086200000, 0x0000000086300000|  0%| F|  |TAMS 0x0000000086200000| PB 0x0000000086200000| Untracked 
|  75|0x0000000086300000, 0x0000000086300000, 0x0000000086400000|  0%| F|  |TAMS 0x0000000086300000| PB 0x0000000086300000| Untracked 
|  76|0x0000000086400000, 0x0000000086400000, 0x0000000086500000|  0%| F|  |TAMS 0x0000000086400000| PB 0x0000000086400000| Untracked 
|  77|0x0000000086500000, 0x0000000086500000, 0x0000000086600000|  0%| F|  |TAMS 0x0000000086500000| PB 0x0000000086500000| Untracked 
|  78|0x0000000086600000, 0x0000000086600000, 0x0000000086700000|  0%| F|  |TAMS 0x0000000086600000| PB 0x0000000086600000| Untracked 
|  79|0x0000000086700000, 0x0000000086700000, 0x0000000086800000|  0%| F|  |TAMS 0x0000000086700000| PB 0x0000000086700000| Untracked 
|  80|0x0000000086800000, 0x0000000086800000, 0x0000000086900000|  0%| F|  |TAMS 0x0000000086800000| PB 0x0000000086800000| Untracked 
|  81|0x0000000086900000, 0x0000000086900000, 0x0000000086a00000|  0%| F|  |TAMS 0x0000000086900000| PB 0x0000000086900000| Untracked 
|  82|0x0000000086a00000, 0x0000000086a00000, 0x0000000086b00000|  0%| F|  |TAMS 0x0000000086a00000| PB 0x0000000086a00000| Untracked 
|  83|0x0000000086b00000, 0x0000000086b00000, 0x0000000086c00000|  0%| F|  |TAMS 0x0000000086b00000| PB 0x0000000086b00000| Untracked 
|  84|0x0000000086c00000, 0x0000000086c00000, 0x0000000086d00000|  0%| F|  |TAMS 0x0000000086c00000| PB 0x0000000086c00000| Untracked 
|  85|0x0000000086d00000, 0x0000000086d00000, 0x0000000086e00000|  0%| F|  |TAMS 0x0000000086d00000| PB 0x0000000086d00000| Untracked 
|  86|0x0000000086e00000, 0x0000000086e00000, 0x0000000086f00000|  0%| F|  |TAMS 0x0000000086e00000| PB 0x0000000086e00000| Untracked 
|  87|0x0000000086f00000, 0x0000000086f00000, 0x0000000087000000|  0%| F|  |TAMS 0x0000000086f00000| PB 0x0000000086f00000| Untracked 
|  88|0x0000000087000000, 0x0000000087000000, 0x0000000087100000|  0%| F|  |TAMS 0x0000000087000000| PB 0x0000000087000000| Untracked 
|  89|0x0000000087100000, 0x0000000087100000, 0x0000000087200000|  0%| F|  |TAMS 0x0000000087100000| PB 0x0000000087100000| Untracked 
|  90|0x0000000087200000, 0x0000000087200000, 0x0000000087300000|  0%| F|  |TAMS 0x0000000087200000| PB 0x0000000087200000| Untracked 
|  91|0x0000000087300000, 0x0000000087300000, 0x0000000087400000|  0%| F|  |TAMS 0x0000000087300000| PB 0x0000000087300000| Untracked 
|  92|0x0000000087400000, 0x0000000087400000, 0x0000000087500000|  0%| F|  |TAMS 0x0000000087400000| PB 0x0000000087400000| Untracked 
|  93|0x0000000087500000, 0x0000000087500000, 0x0000000087600000|  0%| F|  |TAMS 0x0000000087500000| PB 0x0000000087500000| Untracked 
|  94|0x0000000087600000, 0x0000000087600000, 0x0000000087700000|  0%| F|  |TAMS 0x0000000087600000| PB 0x0000000087600000| Untracked 
|  95|0x0000000087700000, 0x0000000087700000, 0x0000000087800000|  0%| F|  |TAMS 0x0000000087700000| PB 0x0000000087700000| Untracked 
|  96|0x0000000087800000, 0x0000000087800000, 0x0000000087900000|  0%| F|  |TAMS 0x0000000087800000| PB 0x0000000087800000| Untracked 
|  97|0x0000000087900000, 0x0000000087900000, 0x0000000087a00000|  0%| F|  |TAMS 0x0000000087900000| PB 0x0000000087900000| Untracked 
|  98|0x0000000087a00000, 0x0000000087a697d0, 0x0000000087b00000| 41%| S|CS|TAMS 0x0000000087a00000| PB 0x0000000087a00000| Complete 
|  99|0x0000000087b00000, 0x0000000087c00000, 0x0000000087c00000|100%| S|CS|TAMS 0x0000000087b00000| PB 0x0000000087b00000| Complete 
| 100|0x0000000087c00000, 0x0000000087c00000, 0x0000000087d00000|  0%| F|  |TAMS 0x0000000087c00000| PB 0x0000000087c00000| Untracked 
| 101|0x0000000087d00000, 0x0000000087d00000, 0x0000000087e00000|  0%| F|  |TAMS 0x0000000087d00000| PB 0x0000000087d00000| Untracked 
| 102|0x0000000087e00000, 0x0000000087e00000, 0x0000000087f00000|  0%| F|  |TAMS 0x0000000087e00000| PB 0x0000000087e00000| Untracked 
| 103|0x0000000087f00000, 0x0000000087f00000, 0x0000000088000000|  0%| F|  |TAMS 0x0000000087f00000| PB 0x0000000087f00000| Untracked 
| 104|0x0000000088000000, 0x0000000088000000, 0x0000000088100000|  0%| F|  |TAMS 0x0000000088000000| PB 0x0000000088000000| Untracked 
| 105|0x0000000088100000, 0x0000000088100000, 0x0000000088200000|  0%| F|  |TAMS 0x0000000088100000| PB 0x0000000088100000| Untracked 
| 106|0x0000000088200000, 0x0000000088200000, 0x0000000088300000|  0%| F|  |TAMS 0x0000000088200000| PB 0x0000000088200000| Untracked 
| 107|0x0000000088300000, 0x0000000088300000, 0x0000000088400000|  0%| F|  |TAMS 0x0000000088300000| PB 0x0000000088300000| Untracked 
| 108|0x0000000088400000, 0x0000000088400000, 0x0000000088500000|  0%| F|  |TAMS 0x0000000088400000| PB 0x0000000088400000| Untracked 
| 109|0x0000000088500000, 0x0000000088500000, 0x0000000088600000|  0%| F|  |TAMS 0x0000000088500000| PB 0x0000000088500000| Untracked 
| 110|0x0000000088600000, 0x0000000088600000, 0x0000000088700000|  0%| F|  |TAMS 0x0000000088600000| PB 0x0000000088600000| Untracked 
| 111|0x0000000088700000, 0x0000000088700000, 0x0000000088800000|  0%| F|  |TAMS 0x0000000088700000| PB 0x0000000088700000| Untracked 
| 112|0x0000000088800000, 0x0000000088800000, 0x0000000088900000|  0%| F|  |TAMS 0x0000000088800000| PB 0x0000000088800000| Untracked 
| 113|0x0000000088900000, 0x0000000088900000, 0x0000000088a00000|  0%| F|  |TAMS 0x0000000088900000| PB 0x0000000088900000| Untracked 
| 114|0x0000000088a00000, 0x0000000088a00000, 0x0000000088b00000|  0%| F|  |TAMS 0x0000000088a00000| PB 0x0000000088a00000| Untracked 
| 115|0x0000000088b00000, 0x0000000088b00000, 0x0000000088c00000|  0%| F|  |TAMS 0x0000000088b00000| PB 0x0000000088b00000| Untracked 
| 116|0x0000000088c00000, 0x0000000088c00000, 0x0000000088d00000|  0%| F|  |TAMS 0x0000000088c00000| PB 0x0000000088c00000| Untracked 
| 117|0x0000000088d00000, 0x0000000088d00000, 0x0000000088e00000|  0%| F|  |TAMS 0x0000000088d00000| PB 0x0000000088d00000| Untracked 
| 118|0x0000000088e00000, 0x0000000088e00000, 0x0000000088f00000|  0%| F|  |TAMS 0x0000000088e00000| PB 0x0000000088e00000| Untracked 
| 119|0x0000000088f00000, 0x0000000088f00000, 0x0000000089000000|  0%| F|  |TAMS 0x0000000088f00000| PB 0x0000000088f00000| Untracked 
| 120|0x0000000089000000, 0x0000000089000000, 0x0000000089100000|  0%| F|  |TAMS 0x0000000089000000| PB 0x0000000089000000| Untracked 
| 121|0x0000000089100000, 0x0000000089100000, 0x0000000089200000|  0%| F|  |TAMS 0x0000000089100000| PB 0x0000000089100000| Untracked 
| 122|0x0000000089200000, 0x0000000089200000, 0x0000000089300000|  0%| F|  |TAMS 0x0000000089200000| PB 0x0000000089200000| Untracked 
| 123|0x0000000089300000, 0x0000000089300000, 0x0000000089400000|  0%| F|  |TAMS 0x0000000089300000| PB 0x0000000089300000| Untracked 
| 124|0x0000000089400000, 0x0000000089400000, 0x0000000089500000|  0%| F|  |TAMS 0x0000000089400000| PB 0x0000000089400000| Untracked 
| 125|0x0000000089500000, 0x0000000089500000, 0x0000000089600000|  0%| F|  |TAMS 0x0000000089500000| PB 0x0000000089500000| Untracked 
| 126|0x0000000089600000, 0x000000008965c8c8, 0x0000000089700000| 36%| E|  |TAMS 0x0000000089600000| PB 0x0000000089600000| Complete 
| 127|0x0000000089700000, 0x0000000089800000, 0x0000000089800000|100%| E|CS|TAMS 0x0000000089700000| PB 0x0000000089700000| Complete 

Card table byte_map: [0x0000029c760c0000,0x0000029c764c0000] _byte_map_base: 0x0000029c75cb4000

Marking Bits: (CMBitMap*) 0x0000029c6dc62930
 Bits: [0x0000029c768c0000, 0x0000029c78860000)

Polling page: 0x0000029c6bda0000

Metaspace:

Usage:
  Non-class:      9.79 MB used.
      Class:      1.17 MB used.
       Both:     10.96 MB used.

Virtual space:
  Non-class space:       64.00 MB reserved,       9.88 MB ( 15%) committed,  1 nodes.
      Class space:        1.00 GB reserved,       1.25 MB ( <1%) committed,  1 nodes.
             Both:        1.06 GB reserved,      11.12 MB (  1%) committed. 

Chunk freelists:
   Non-Class:  2.06 MB
       Class:  2.71 MB
        Both:  4.78 MB

MaxMetaspaceSize: unlimited
CompressedClassSpaceSize: 1.00 GB
Initial GC threshold: 21.00 MB
Current GC threshold: 21.00 MB
CDS: on
MetaspaceReclaimPolicy: balanced
 - commit_granule_bytes: 65536.
 - commit_granule_words: 8192.
 - virtual_space_node_default_size: 8388608.
 - enlarge_chunks_in_place: 1.
 - new_chunks_are_fully_committed: 0.
 - uncommit_free_chunks: 1.
 - use_allocation_guard: 0.


Internal statistics:

num_allocs_failed_limit: 0.
num_arena_births: 164.
num_arena_deaths: 0.
num_vsnodes_births: 2.
num_vsnodes_deaths: 0.
num_space_committed: 178.
num_space_uncommitted: 0.
num_chunks_returned_to_freelist: 0.
num_chunks_taken_from_freelist: 245.
num_chunk_merges: 0.
num_chunk_splits: 139.
num_chunks_enlarged: 60.
num_inconsistent_stats: 0.

CodeHeap 'non-profiled nmethods': size=120000Kb used=580Kb max_used=580Kb free=119419Kb
 bounds [0x0000029c07ad0000, 0x0000029c07d40000, 0x0000029c0f000000]
CodeHeap 'profiled nmethods': size=120000Kb used=3588Kb max_used=3588Kb free=116412Kb
 bounds [0x0000029c00000000, 0x0000029c00390000, 0x0000029c07530000]
CodeHeap 'non-nmethods': size=5760Kb used=1973Kb max_used=1989Kb free=3786Kb
 bounds [0x0000029c07530000, 0x0000029c077a0000, 0x0000029c07ad0000]
 total_blobs=2898 nmethods=1973 adapters=835
 compilation: enabled
              stopped_count=0, restarted_count=0
 full_count=0

Compilation events (20 events):
Event: 85.801 Thread 0x0000029c7ad530a0 1964       3       java.util.concurrent.ConcurrentHashMap::sumCount (60 bytes)
Event: 85.801 Thread 0x0000029c7ad530a0 nmethod 1964 0x0000029c00375390 code [0x0000029c00375520, 0x0000029c00375780]
Event: 85.907 Thread 0x0000029c7ad4e710 1965       4       java.util.concurrent.locks.ReentrantLock$Sync::tryRelease (51 bytes)
Event: 85.908 Thread 0x0000029c7ad4e710 nmethod 1965 0x0000029c07b60c90 code [0x0000029c07b60e00, 0x0000029c07b60f18]
Event: 86.067 Thread 0x0000029c7ad530a0 1966   !   3       javax.swing.JComponent::paintChildren (684 bytes)
Event: 86.080 Thread 0x0000029c7ad530a0 nmethod 1966 0x0000029c00375890 code [0x0000029c00375fc0, 0x0000029c0037b370]
Event: 86.322 Thread 0x0000029c7ad530a0 1967       3       sun.awt.NullComponentPeer::handleEvent (1 bytes)
Event: 86.323 Thread 0x0000029c7ad530a0 nmethod 1967 0x0000029c0037d990 code [0x0000029c0037db20, 0x0000029c0037dc30]
Event: 86.458 Thread 0x0000029c7ad530a0 1968       3       java.awt.Container::processEvent (22 bytes)
Event: 86.459 Thread 0x0000029c7ad530a0 nmethod 1968 0x0000029c0037dc90 code [0x0000029c0037de40, 0x0000029c0037e278]
Event: 86.459 Thread 0x0000029c7ad530a0 1969       3       java.awt.Component::processEvent (220 bytes)
Event: 86.460 Thread 0x0000029c7ad530a0 nmethod 1969 0x0000029c0037e390 code [0x0000029c0037e6a0, 0x0000029c00380310]
Event: 86.729 Thread 0x0000029c7ad4e710 1970       4       sun.awt.SunToolkit::getAppContext (42 bytes)
Event: 86.732 Thread 0x0000029c7ad4e710 nmethod 1970 0x0000029c07b60f90 code [0x0000029c07b61100, 0x0000029c07b611e0]
Event: 87.155 Thread 0x0000029c7ad530a0 1971       3       java.awt.event.InputEvent$1::canAccessSystemClipboard (5 bytes)
Event: 87.156 Thread 0x0000029c7ad530a0 nmethod 1971 0x0000029c00380610 code [0x0000029c003807a0, 0x0000029c003808b8]
Event: 89.185 Thread 0x0000029c7ad530a0 1972       3       java.util.WeakHashMap::indexFor (6 bytes)
Event: 89.185 Thread 0x0000029c7ad530a0 nmethod 1972 0x0000029c00380990 code [0x0000029c00380b20, 0x0000029c00380c18]
Event: 89.203 Thread 0x0000029c7ad530a0 1973       3       java.util.HashMap::isEmpty (13 bytes)
Event: 89.203 Thread 0x0000029c7ad530a0 nmethod 1973 0x0000029c00380c90 code [0x0000029c00380e20, 0x0000029c00380f90]

GC Heap History (6 events):
Event: 2.080 GC heap before
{Heap before GC invocations=0 (full 0):
 garbage-first heap   total 131072K, used 13312K [0x0000000081800000, 0x0000000100000000)
  region size 1024K, 13 young (13312K), 0 survivors (0K)
 Metaspace       used 9532K, committed 9792K, reserved 1114112K
  class space    used 1095K, committed 1216K, reserved 1048576K
}
Event: 2.094 GC heap after
{Heap after GC invocations=1 (full 0):
 garbage-first heap   total 131072K, used 3992K [0x0000000081800000, 0x0000000100000000)
  region size 1024K, 2 young (2048K), 2 survivors (2048K)
 Metaspace       used 9532K, committed 9792K, reserved 1114112K
  class space    used 1095K, committed 1216K, reserved 1048576K
}
Event: 79.214 GC heap before
{Heap before GC invocations=1 (full 0):
 garbage-first heap   total 131072K, used 21400K [0x0000000081800000, 0x0000000100000000)
  region size 1024K, 15 young (15360K), 2 survivors (2048K)
 Metaspace       used 11063K, committed 11264K, reserved 1114112K
  class space    used 1192K, committed 1280K, reserved 1048576K
}
Event: 79.222 GC heap after
{Heap after GC invocations=2 (full 0):
 garbage-first heap   total 131072K, used 10471K [0x0000000081800000, 0x0000000100000000)
  region size 1024K, 2 young (2048K), 2 survivors (2048K)
 Metaspace       used 11063K, committed 11264K, reserved 1114112K
  class space    used 1192K, committed 1280K, reserved 1048576K
}
Event: 85.904 GC heap before
{Heap before GC invocations=2 (full 0):
 garbage-first heap   total 131072K, used 36071K [0x0000000081800000, 0x0000000100000000)
  region size 1024K, 28 young (28672K), 2 survivors (2048K)
 Metaspace       used 11209K, committed 11392K, reserved 1114112K
  class space    used 1198K, committed 1280K, reserved 1048576K
}
Event: 85.906 GC heap after
{Heap after GC invocations=3 (full 0):
 garbage-first heap   total 131072K, used 7549K [0x0000000081800000, 0x0000000100000000)
  region size 1024K, 2 young (2048K), 2 survivors (2048K)
 Metaspace       used 11209K, committed 11392K, reserved 1114112K
  class space    used 1198K, committed 1280K, reserved 1048576K
}

Dll operation events (10 events):
Event: 0.019 Loaded shared library C:\Program Files\Java\jdk-20\bin\java.dll
Event: 0.039 Loaded shared library C:\Program Files\Java\jdk-20\bin\jsvml.dll
Event: 0.194 Loaded shared library C:\Program Files\Java\jdk-20\bin\net.dll
Event: 0.199 Loaded shared library C:\Program Files\Java\jdk-20\bin\nio.dll
Event: 0.288 Loaded shared library C:\Program Files\Java\jdk-20\bin\zip.dll
Event: 0.448 Loaded shared library C:\Program Files\Java\jdk-20\bin\jimage.dll
Event: 0.455 Loaded shared library C:\Program Files\Java\jdk-20\bin\awt.dll
Event: 1.440 Loaded shared library C:\Program Files\Java\jdk-20\bin\freetype.dll
Event: 1.442 Loaded shared library C:\Program Files\Java\jdk-20\bin\fontmanager.dll
Event: 67.298 Loaded shared library C:\Users\Elvis\Documents\NetBeansProjects\SofwareMatricula\opencv_java480.dll

Deoptimization events (20 events):
Event: 4.135 Thread 0x0000029c7ad41470 Uncommon trap: trap_request=0xffffff45 fr.pc=0x0000029c07b07e4c relative=0x00000000000000cc
Event: 4.135 Thread 0x0000029c7ad41470 Uncommon trap: reason=unstable_if action=reinterpret pc=0x0000029c07b07e4c method=java.util.concurrent.locks.ReentrantLock$Sync.tryRelease(I)Z @ 26 c2
Event: 4.135 Thread 0x0000029c7ad41470 DEOPT PACKING pc=0x0000029c07b07e4c sp=0x000000cff2afe450
Event: 4.135 Thread 0x0000029c7ad41470 DEOPT UNPACKING pc=0x0000029c07599d22 sp=0x000000cff2afe3f0 mode 2
Event: 67.268 Thread 0x0000029c7ad41470 Uncommon trap: trap_request=0xffffffc6 fr.pc=0x0000029c07b12234 relative=0x0000000000000ab4
Event: 67.268 Thread 0x0000029c7ad41470 Uncommon trap: reason=bimorphic_or_optimized_type_check action=maybe_recompile pc=0x0000029c07b12234 method=java.util.HashMap.putVal(ILjava/lang/Object;Ljava/lang/Object;ZZ)Ljava/lang/Object; @ 152 c2
Event: 67.268 Thread 0x0000029c7ad41470 DEOPT PACKING pc=0x0000029c07b12234 sp=0x000000cff2afcf50
Event: 67.268 Thread 0x0000029c7ad41470 DEOPT UNPACKING pc=0x0000029c07599d22 sp=0x000000cff2afce78 mode 2
Event: 67.278 Thread 0x0000029c7ad41470 Uncommon trap: trap_request=0xffffff45 fr.pc=0x0000029c07b22698 relative=0x00000000000001f8
Event: 67.278 Thread 0x0000029c7ad41470 Uncommon trap: reason=unstable_if action=reinterpret pc=0x0000029c07b22698 method=java.io.WinNTFileSystem.normalize(Ljava/lang/String;)Ljava/lang/String; @ 128 c2
Event: 67.278 Thread 0x0000029c7ad41470 DEOPT PACKING pc=0x0000029c07b22698 sp=0x000000cff2afe0a0
Event: 67.278 Thread 0x0000029c7ad41470 DEOPT UNPACKING pc=0x0000029c07599d22 sp=0x000000cff2afe028 mode 2
Event: 89.203 Thread 0x0000029c7ad3f9e0 Uncommon trap: trap_request=0xffffff45 fr.pc=0x0000029c07b54ff4 relative=0x00000000000004d4
Event: 89.203 Thread 0x0000029c7ad3f9e0 Uncommon trap: reason=unstable_if action=reinterpret pc=0x0000029c07b54ff4 method=sun.awt.AWTAutoShutdown.isReadyToShutdown()Z @ 16 c2
Event: 89.203 Thread 0x0000029c7ad3f9e0 DEOPT PACKING pc=0x0000029c07b54ff4 sp=0x000000cff29fe900
Event: 89.203 Thread 0x0000029c7ad3f9e0 DEOPT UNPACKING pc=0x0000029c07599d22 sp=0x000000cff29fe850 mode 2
Event: 89.204 Thread 0x0000029c7ad3f9e0 Uncommon trap: trap_request=0xffffff45 fr.pc=0x0000029c07b526a0 relative=0x00000000000000a0
Event: 89.204 Thread 0x0000029c7ad3f9e0 Uncommon trap: reason=unstable_if action=reinterpret pc=0x0000029c07b526a0 method=sun.awt.AWTAutoShutdown.isReadyToShutdown()Z @ 16 c2
Event: 89.204 Thread 0x0000029c7ad3f9e0 DEOPT PACKING pc=0x0000029c07b526a0 sp=0x000000cff29fe8e0
Event: 89.204 Thread 0x0000029c7ad3f9e0 DEOPT UNPACKING pc=0x0000029c07599d22 sp=0x000000cff29fe880 mode 2

Classes loaded (20 events):
Event: 77.401 Loading class java/lang/Thread$ThreadNumbering
Event: 77.401 Loading class java/lang/Thread$ThreadNumbering done
Event: 78.305 Loading class java/awt/image/ComponentColorModel
Event: 78.306 Loading class java/awt/image/ComponentColorModel done
Event: 78.307 Loading class java/awt/image/DataBufferByte
Event: 78.307 Loading class java/awt/image/DataBufferByte done
Event: 78.307 Loading class java/awt/image/PixelInterleavedSampleModel
Event: 78.307 Loading class java/awt/image/ComponentSampleModel
Event: 78.308 Loading class java/awt/image/ComponentSampleModel done
Event: 78.308 Loading class java/awt/image/PixelInterleavedSampleModel done
Event: 78.308 Loading class sun/awt/image/ByteInterleavedRaster
Event: 78.308 Loading class sun/awt/image/ByteComponentRaster
Event: 78.308 Loading class sun/awt/image/ByteComponentRaster done
Event: 78.308 Loading class sun/awt/image/ByteInterleavedRaster done
Event: 78.311 Loading class jdk/internal/event/ThreadSleepEvent
Event: 78.311 Loading class jdk/internal/event/Event
Event: 78.311 Loading class jdk/internal/event/Event done
Event: 78.311 Loading class jdk/internal/event/ThreadSleepEvent done
Event: 89.169 Loading class sun/awt/SunToolkit$1
Event: 89.169 Loading class sun/awt/SunToolkit$1 done

Classes unloaded (0 events):
No events

Classes redefined (0 events):
No events

Internal exceptions (19 events):
Event: 0.202 Thread 0x0000029c6dc04be0 Exception <a 'sun/nio/fs/WindowsException'{0x00000000896cc730}> (0x00000000896cc730) 
thrown [s\open\src\hotspot\share\prims\jni.cpp, line 519]
Event: 0.207 Thread 0x0000029c6dc04be0 Exception <a 'sun/nio/fs/WindowsException'{0x00000000896cec20}> (0x00000000896cec20) 
thrown [s\open\src\hotspot\share\prims\jni.cpp, line 519]
Event: 0.208 Thread 0x0000029c6dc04be0 Exception <a 'sun/nio/fs/WindowsException'{0x00000000896cfc18}> (0x00000000896cfc18) 
thrown [s\open\src\hotspot\share\prims\jni.cpp, line 519]
Event: 0.209 Thread 0x0000029c6dc04be0 Exception <a 'sun/nio/fs/WindowsException'{0x00000000896d0760}> (0x00000000896d0760) 
thrown [s\open\src\hotspot\share\prims\jni.cpp, line 519]
Event: 0.210 Thread 0x0000029c6dc04be0 Exception <a 'sun/nio/fs/WindowsException'{0x00000000896d12a8}> (0x00000000896d12a8) 
thrown [s\open\src\hotspot\share\prims\jni.cpp, line 519]
Event: 0.211 Thread 0x0000029c6dc04be0 Exception <a 'sun/nio/fs/WindowsException'{0x00000000896d1e40}> (0x00000000896d1e40) 
thrown [s\open\src\hotspot\share\prims\jni.cpp, line 519]
Event: 0.212 Thread 0x0000029c6dc04be0 Exception <a 'sun/nio/fs/WindowsException'{0x00000000896d2910}> (0x00000000896d2910) 
thrown [s\open\src\hotspot\share\prims\jni.cpp, line 519]
Event: 0.427 Thread 0x0000029c6dc04be0 Exception <a 'java/lang/ClassNotFoundException'{0x0000000089449eb8}: sun/awt/resources/spi/awtProvider> (0x0000000089449eb8) 
thrown [s\open\src\hotspot\share\classfile\systemDictionary.cpp, line 305]
Event: 0.491 Thread 0x0000029c6dc04be0 Exception <a 'java/io/FileNotFoundException'{0x00000000894a27f8}> (0x00000000894a27f8) 
thrown [s\open\src\hotspot\share\prims\jni.cpp, line 519]
Event: 0.512 Thread 0x0000029c6dc04be0 Exception <a 'java/io/FileNotFoundException'{0x00000000894cccc8}> (0x00000000894cccc8) 
thrown [s\open\src\hotspot\share\prims\jni.cpp, line 519]
Event: 0.770 Thread 0x0000029c7ad41470 Exception <a 'java/lang/NoSuchMethodError'{0x0000000089228a80}: 'void java.lang.invoke.DirectMethodHandle$Holder.invokeSpecial(java.lang.Object, java.lang.Object, java.lang.Object)'> (0x0000000089228a80) 
thrown [s\open\src\hotspot\share\interpreter\linkResolver.cpp, line 773]
Event: 0.792 Thread 0x0000029c7ad41470 Exception <a 'java/lang/NoSuchMethodError'{0x0000000089253488}: 'java.lang.Object java.lang.invoke.DirectMethodHandle$Holder.newInvokeSpecial(java.lang.Object, java.lang.Object, java.lang.Object, java.lang.Object, java.lang.Object)'> (0x0000000089253488) 
thrown [s\open\src\hotspot\share\interpreter\linkResolver.cpp, line 773]
Event: 0.807 Thread 0x0000029c7ad41470 Exception <a 'java/lang/NoSuchMethodError'{0x0000000089283d30}: 'java.lang.Object java.lang.invoke.DirectMethodHandle$Holder.invokeStatic(java.lang.Object, int, java.lang.Object)'> (0x0000000089283d30) 
thrown [s\open\src\hotspot\share\interpreter\linkResolver.cpp, line 773]
Event: 0.893 Thread 0x0000029c7ad41470 Exception <a 'java/lang/ClassNotFoundException'{0x000000008913f1d0}: com/sun/swing/internal/plaf/metal/resources/spi/metalProvider> (0x000000008913f1d0) 
thrown [s\open\src\hotspot\share\classfile\systemDictionary.cpp, line 305]
Event: 0.896 Thread 0x0000029c7ad41470 Exception <a 'java/lang/ClassNotFoundException'{0x0000000089143370}: com/sun/swing/internal/plaf/basic/resources/spi/basicProvider> (0x0000000089143370) 
thrown [s\open\src\hotspot\share\classfile\systemDictionary.cpp, line 305]
Event: 0.919 Thread 0x0000029c7ad41470 Exception <a 'java/lang/NoSuchMethodError'{0x0000000089162120}: 'int java.lang.invoke.Invokers$Holder.invokeExact_MT(java.lang.Object, java.lang.Object)'> (0x0000000089162120) 
thrown [s\open\src\hotspot\share\interpreter\linkResolver.cpp, line 773]
Event: 1.327 Thread 0x0000029c7f6f1b60 Exception <a 'java/lang/NoSuchMethodError'{0x0000000088f9bf18}: 'java.lang.Object java.lang.invoke.DirectMethodHandle$Holder.newInvokeSpecial(java.lang.Object, java.lang.Object, java.lang.Object, int, int, int, int, int)'> (0x0000000088f9bf18) 
thrown [s\open\src\hotspot\share\interpreter\linkResolver.cpp, line 773]
Event: 1.382 Thread 0x0000029c7ad3f9e0 Exception <a 'java/lang/NoSuchMethodError'{0x0000000089394dd8}: 'void java.lang.invoke.DirectMethodHandle$Holder.invokeVirtual(java.lang.Object, java.lang.Object)'> (0x0000000089394dd8) 
thrown [s\open\src\hotspot\share\interpreter\linkResolver.cpp, line 773]
Event: 1.423 Thread 0x0000029c7ad41470 Exception <a 'java/lang/NoSuchMethodError'{0x0000000088fe3130}: 'void java.lang.invoke.DirectMethodHandle$Holder.invokeStaticInit(java.lang.Object)'> (0x0000000088fe3130) 
thrown [s\open\src\hotspot\share\interpreter\linkResolver.cpp, line 773]

VM Operations (20 events):
Event: 79.222 Executing VM operation: G1CollectForAllocation done
Event: 80.225 Executing VM operation: Cleanup
Event: 80.225 Executing VM operation: Cleanup done
Event: 81.228 Executing VM operation: Cleanup
Event: 81.228 Executing VM operation: Cleanup done
Event: 82.243 Executing VM operation: Cleanup
Event: 82.243 Executing VM operation: Cleanup done
Event: 83.248 Executing VM operation: Cleanup
Event: 83.248 Executing VM operation: Cleanup done
Event: 84.255 Executing VM operation: Cleanup
Event: 84.255 Executing VM operation: Cleanup done
Event: 85.267 Executing VM operation: Cleanup
Event: 85.267 Executing VM operation: Cleanup done
Event: 85.903 Executing VM operation: G1CollectForAllocation
Event: 85.906 Executing VM operation: G1CollectForAllocation done
Event: 86.916 Executing VM operation: Cleanup
Event: 86.916 Executing VM operation: Cleanup done
Event: 87.923 Executing VM operation: Cleanup
Event: 87.923 Executing VM operation: Cleanup done
Event: 89.330 Executing VM operation: Exit

Events (20 events):
Event: 0.270 Thread 0x0000029c7ad3ff30 Thread added: 0x0000029c7ad3ff30
Event: 0.628 Thread 0x0000029c7ad3f490 Thread added: 0x0000029c7ad3f490
Event: 0.634 Thread 0x0000029c7ad40f20 Thread added: 0x0000029c7ad40f20
Event: 0.637 Thread 0x0000029c7ad3f9e0 Thread added: 0x0000029c7ad3f9e0
Event: 0.662 Thread 0x0000029c7ad41470 Thread added: 0x0000029c7ad41470
Event: 0.663 Thread 0x0000029c6dc04be0 Thread exited: 0x0000029c6dc04be0
Event: 0.664 Thread 0x0000029c7ad41f10 Thread added: 0x0000029c7ad41f10
Event: 1.183 Thread 0x0000029c7f6f1b60 Thread added: 0x0000029c7f6f1b60
Event: 2.320 Thread 0x0000029c7f61cc30 Thread added: 0x0000029c7f61cc30
Event: 2.724 Thread 0x0000029c7f61cc30 Thread exited: 0x0000029c7f61cc30
Event: 4.134 Thread 0x0000029c7f6ed650 Thread added: 0x0000029c7f6ed650
Event: 6.362 Thread 0x0000029c7f6f1b60 Thread exited: 0x0000029c7f6f1b60
Event: 77.401 Thread 0x0000029c7f6ed100 Thread added: 0x0000029c7f6ed100
Event: 85.919 Thread 0x0000029c7f6ed100 Thread exited: 0x0000029c7f6ed100
Event: 89.204 Thread 0x0000029c7f6ef0e0 Thread added: 0x0000029c7f6ef0e0
Event: 89.204 Thread 0x0000029c7f6f2b50 Thread added: 0x0000029c7f6f2b50
Event: 89.219 Thread 0x0000029c7f6f2b50 Thread exited: 0x0000029c7f6f2b50
Event: 89.225 Thread 0x0000029c7ad3f9e0 Thread exited: 0x0000029c7ad3f9e0
Event: 89.330 Thread 0x0000029c7f6ef0e0 Thread exited: 0x0000029c7f6ef0e0
Event: 89.330 Thread 0x0000029c7ad40480 Thread exited: 0x0000029c7ad40480


Dynamic libraries:
0x00007ff7cb7a0000 - 0x00007ff7cb7b0000 	C:\Program Files\Java\jdk-20\bin\java.exe
0x00007ffac2830000 - 0x00007ffac2a28000 	C:\Windows\SYSTEM32\ntdll.dll
0x00007ffa86260000 - 0x00007ffa86279000 	C:\Program Files\Avast Software\Avast\aswhook.dll
0x00007ffac2450000 - 0x00007ffac250d000 	C:\Windows\System32\KERNEL32.DLL
0x00007ffac0250000 - 0x00007ffac0546000 	C:\Windows\System32\KERNELBASE.dll
0x00007ffac0700000 - 0x00007ffac0800000 	C:\Windows\System32\ucrtbase.dll
0x00007ffaac880000 - 0x00007ffaac89b000 	C:\Program Files\Java\jdk-20\bin\VCRUNTIME140.dll
0x00007ffaac370000 - 0x00007ffaac389000 	C:\Program Files\Java\jdk-20\bin\jli.dll
0x00007ffac22e0000 - 0x00007ffac238f000 	C:\Windows\System32\ADVAPI32.dll
0x00007ffac1800000 - 0x00007ffac189e000 	C:\Windows\System32\msvcrt.dll
0x00007ffac08a0000 - 0x00007ffac093c000 	C:\Windows\System32\sechost.dll
0x00007ffac2580000 - 0x00007ffac26a6000 	C:\Windows\System32\RPCRT4.dll
0x00007ffac1090000 - 0x00007ffac122e000 	C:\Windows\System32\USER32.dll
0x00007ffaa6c00000 - 0x00007ffaa6e9a000 	C:\Windows\WinSxS\amd64_microsoft.windows.common-controls_6595b64144ccf1df_6.0.19041.3636_none_60b6a03d71f818d5\COMCTL32.dll
0x00007ffac06a0000 - 0x00007ffac06c2000 	C:\Windows\System32\win32u.dll
0x00007ffac2710000 - 0x00007ffac273c000 	C:\Windows\System32\GDI32.dll
0x00007ffabff10000 - 0x00007ffac002a000 	C:\Windows\System32\gdi32full.dll
0x00007ffac0600000 - 0x00007ffac069d000 	C:\Windows\System32\msvcp_win.dll
0x00007ffab60c0000 - 0x00007ffab60ca000 	C:\Windows\SYSTEM32\VERSION.dll
0x00007ffac2110000 - 0x00007ffac2140000 	C:\Windows\System32\IMM32.DLL
0x00007ffabbe00000 - 0x00007ffabbe0c000 	C:\Program Files\Java\jdk-20\bin\vcruntime140_1.dll
0x00007ffaa6ee0000 - 0x00007ffaa6f6e000 	C:\Program Files\Java\jdk-20\bin\msvcp140.dll
0x00007ffa63bb0000 - 0x00007ffa64847000 	C:\Program Files\Java\jdk-20\bin\server\jvm.dll
0x00007ffaac580000 - 0x00007ffaac5a7000 	C:\Windows\SYSTEM32\WINMM.dll
0x00007ffab1260000 - 0x00007ffab1269000 	C:\Windows\SYSTEM32\WSOCK32.dll
0x00007ffac2510000 - 0x00007ffac257b000 	C:\Windows\System32\ws2_32.DLL
0x00007ffabddd0000 - 0x00007ffabdde2000 	C:\Windows\SYSTEM32\kernel.appcore.dll
0x00007ffab8a10000 - 0x00007ffab8a1a000 	C:\Program Files\Java\jdk-20\bin\jimage.dll
0x00007ffab5c90000 - 0x00007ffab5e74000 	C:\Windows\SYSTEM32\DBGHELP.DLL
0x00007ffab5c30000 - 0x00007ffab5c64000 	C:\Windows\SYSTEM32\dbgcore.DLL
0x00007ffac0800000 - 0x00007ffac0882000 	C:\Windows\System32\bcryptPrimitives.dll
0x00007ffaa7810000 - 0x00007ffaa7836000 	C:\Program Files\Java\jdk-20\bin\java.dll
0x00007ffaa7730000 - 0x00007ffaa7807000 	C:\Program Files\Java\jdk-20\bin\jsvml.dll
0x00007ffac0940000 - 0x00007ffac1084000 	C:\Windows\System32\SHELL32.dll
0x00007ffabdfd0000 - 0x00007ffabe76b000 	C:\Windows\SYSTEM32\windows.storage.dll
0x00007ffac12b0000 - 0x00007ffac1604000 	C:\Windows\System32\combase.dll
0x00007ffabf880000 - 0x00007ffabf8ad000 	C:\Windows\SYSTEM32\Wldp.dll
0x00007ffac2390000 - 0x00007ffac243d000 	C:\Windows\System32\SHCORE.dll
0x00007ffac26b0000 - 0x00007ffac2705000 	C:\Windows\System32\shlwapi.dll
0x00007ffabfe40000 - 0x00007ffabfe65000 	C:\Windows\SYSTEM32\profapi.dll
0x00007ffaabe30000 - 0x00007ffaabe43000 	C:\Program Files\Java\jdk-20\bin\net.dll
0x00007ffab5820000 - 0x00007ffab592a000 	C:\Windows\SYSTEM32\WINHTTP.dll
0x00007ffabf5e0000 - 0x00007ffabf64a000 	C:\Windows\system32\mswsock.dll
0x00007ffaa7890000 - 0x00007ffaa78a6000 	C:\Program Files\Java\jdk-20\bin\nio.dll
0x00007ffaa76b0000 - 0x00007ffaa76c8000 	C:\Program Files\Java\jdk-20\bin\zip.dll
0x00007ffaa7510000 - 0x00007ffaa76a1000 	C:\Program Files\Java\jdk-20\bin\awt.dll
0x00007ffac1730000 - 0x00007ffac17fd000 	C:\Windows\System32\OLEAUT32.dll
0x00007ffabd720000 - 0x00007ffabd7b0000 	C:\Windows\SYSTEM32\apphelp.dll
0x00007ffabd8e0000 - 0x00007ffabd97e000 	C:\Windows\system32\uxtheme.dll
0x00007ffac1610000 - 0x00007ffac1724000 	C:\Windows\System32\MSCTF.dll
0x00007ffac1930000 - 0x00007ffac1a5b000 	C:\Windows\System32\ole32.dll
0x00007ffabdae0000 - 0x00007ffabdb0f000 	C:\Windows\system32\DWMAPI.DLL
0x00007ffaac1c0000 - 0x00007ffaac2e5000 	C:\Windows\system32\opengl32.dll
0x00007ffab2a50000 - 0x00007ffab2a7c000 	C:\Windows\SYSTEM32\GLU32.dll
0x00007ffaa62b0000 - 0x00007ffaa6336000 	C:\Program Files\Java\jdk-20\bin\freetype.dll
0x00007ffaa61e0000 - 0x00007ffaa62a6000 	C:\Program Files\Java\jdk-20\bin\fontmanager.dll
0x00007ffac2740000 - 0x00007ffac27e9000 	C:\Windows\System32\clbcatq.dll
0x00007ffabb100000 - 0x00007ffabb2b4000 	C:\Windows\SYSTEM32\WindowsCodecs.dll
0x00007ffac06d0000 - 0x00007ffac06f7000 	C:\Windows\System32\bcrypt.dll
0x00007ffaa2570000 - 0x00007ffaa25ae000 	C:\Windows\system32\dataexchange.dll
0x00007ffabc3e0000 - 0x00007ffabc643000 	C:\Windows\system32\d3d11.dll
0x00007ffabcc10000 - 0x00007ffabcdf3000 	C:\Windows\system32\dcomp.dll
0x00007ffabe7d0000 - 0x00007ffabe8c3000 	C:\Windows\system32\dxgi.dll
0x00007ffabae40000 - 0x00007ffabb047000 	C:\Windows\system32\twinapi.appcore.dll
0x00007ffaaa550000 - 0x00007ffaaa64a000 	C:\Windows\SYSTEM32\textinputframework.dll
0x00007ffabd4e0000 - 0x00007ffabd5d2000 	C:\Windows\System32\CoreMessaging.dll
0x00007ffabce00000 - 0x00007ffabd15b000 	C:\Windows\System32\CoreUIComponents.dll
0x00007ffabbe20000 - 0x00007ffabbf75000 	C:\Windows\SYSTEM32\wintypes.dll
0x00007ffabf030000 - 0x00007ffabf063000 	C:\Windows\SYSTEM32\ntmarta.dll
0x00007ffa4b650000 - 0x00007ffa4e773000 	C:\Users\Elvis\Documents\NetBeansProjects\SofwareMatricula\opencv_java480.dll
0x00007ffab99e0000 - 0x00007ffab9b9b000 	C:\Windows\SYSTEM32\MFPlat.DLL
0x00007ffac0200000 - 0x00007ffac024e000 	C:\Windows\System32\cfgmgr32.dll
0x00007ffa73a70000 - 0x00007ffa73af4000 	C:\Windows\SYSTEM32\MF.dll
0x00007ffa69980000 - 0x00007ffa69a8a000 	C:\Windows\SYSTEM32\MFReadWrite.dll
0x00007ffa53cc0000 - 0x00007ffa5414e000 	C:\Windows\SYSTEM32\MFCORE.DLL
0x00007ffac00a0000 - 0x00007ffac01fd000 	C:\Windows\System32\CRYPT32.dll
0x00007ffabfd70000 - 0x00007ffabfdbb000 	C:\Windows\SYSTEM32\powrprof.dll
0x00007ffaa3da0000 - 0x00007ffaa3da9000 	C:\Windows\SYSTEM32\ksuser.dll
0x00007ffabf7d0000 - 0x00007ffabf7dc000 	C:\Windows\SYSTEM32\CRYPTBASE.DLL
0x00007ffab9f20000 - 0x00007ffab9f54000 	C:\Windows\SYSTEM32\RTWorkQ.DLL
0x00007ffabfd50000 - 0x00007ffabfd62000 	C:\Windows\SYSTEM32\UMPDC.dll
0x00007ffab7e80000 - 0x00007ffab7ebb000 	C:\Windows\SYSTEM32\dxcore.dll
0x00007ffab9140000 - 0x00007ffab9177000 	C:\Windows\SYSTEM32\CompPkgSup.DLL
0x00007ffa68390000 - 0x00007ffa68ab6000 	C:\Windows\System32\Windows.Media.dll
0x00007ffab8720000 - 0x00007ffab8806000 	C:\Windows\System32\Windows.ApplicationModel.dll
0x00007ffab8610000 - 0x00007ffab8712000 	C:\Windows\System32\AppXDeploymentClient.dll
0x00007ffa8ed60000 - 0x00007ffa8edcd000 	C:\Windows\System32\FrameServerClient.dll
0x00007ffa8eaf0000 - 0x00007ffa8eb57000 	C:\Windows\System32\MFSENSORGROUP.dll
0x00007ffabb720000 - 0x00007ffabb72a000 	C:\Windows\SYSTEM32\AVRT.dll
0x00007ffab3e20000 - 0x00007ffab3e2d000 	C:\Windows\System32\vidcap.ax
0x00007ffaa3c50000 - 0x00007ffaa3c77000 	C:\Windows\System32\kswdmcap.ax
0x00007ffa70d20000 - 0x00007ffa70e8c000 	C:\Windows\System32\MFC42.dll
0x00007ffaa3730000 - 0x00007ffaa3876000 	C:\Windows\System32\Windows.StateRepositoryPS.dll
0x00007ffa8b410000 - 0x00007ffa8b4f5000 	C:\Program Files\Intel\Media SDK\mfx_mft_mjpgvd_64.dll
0x00007ffa6a650000 - 0x00007ffa6a674000 	C:\Windows\SYSTEM32\dxva2.dll
0x00007ffa65800000 - 0x00007ffa659cd000 	C:\Windows\SYSTEM32\d3d9.dll
0x00007ffabba80000 - 0x00007ffabbb76000 	C:\Windows\SYSTEM32\PROPSYS.dll
0x00007ffa60440000 - 0x00007ffa604ff000 	C:\Windows\SYSTEM32\EVR.dll
0x00007ffa90690000 - 0x00007ffa906ad000 	C:\Windows\System32\mfmjpegdec.dll
0x00007ffa73820000 - 0x00007ffa7394d000 	C:\Windows\System32\mfperfhelper.dll
0x00007ffa52f40000 - 0x00007ffa530a0000 	C:\Windows\System32\msvproc.dll
0x00007ffab6c90000 - 0x00007ffab70ef000 	C:\Windows\SYSTEM32\igdusc64.dll
0x00007ffa866e0000 - 0x00007ffa866f5000 	C:\Windows\SYSTEM32\OpenCL.dll
0x00007ffa73a00000 - 0x00007ffa73a62000 	C:\Windows\SYSTEM32\IntelOpenCL64.dll
0x00007ffa60c40000 - 0x00007ffa60d3d000 	C:\Program Files (x86)\Common Files\Intel\OpenCL\bin\x64\intelocl64.dll
0x00007ffa73980000 - 0x00007ffa739f6000 	C:\Program Files (x86)\Common Files\Intel\OpenCL\bin\x64\task_executor64.dll
0x00007ffa71540000 - 0x00007ffa715d5000 	C:\Program Files (x86)\Common Files\Intel\OpenCL\bin\x64\cpu_device64.dll
0x00007ffa64990000 - 0x00007ffa649f9000 	C:\Program Files (x86)\Common Files\Intel\OpenCL\bin\x64\tbb\tbb.dll
0x00007ffa51df0000 - 0x00007ffa51fe4000 	C:\Windows\SYSTEM32\igdrcl64.dll
0x00007ffa4a060000 - 0x00007ffa4b642000 	C:\Windows\SYSTEM32\igdfcl64.dll
0x00007ffa63a60000 - 0x00007ffa63abf000 	C:\Windows\SYSTEM32\igdbcl64.dll

dbghelp: loaded successfully - version: 4.0.5 - missing functions: none
symbol engine: initialized successfully - sym options: 0x614 - pdb path: .;C:\Program Files\Java\jdk-20\bin;C:\Windows\SYSTEM32;C:\Program Files\Avast Software\Avast;C:\Windows\WinSxS\amd64_microsoft.windows.common-controls_6595b64144ccf1df_6.0.19041.3636_none_60b6a03d71f818d5;C:\Program Files\Java\jdk-20\bin\server;C:\Users\Elvis\Documents\NetBeansProjects\SofwareMatricula;C:\Program Files\Intel\Media SDK;C:\Program Files (x86)\Common Files\Intel\OpenCL\bin\x64;C:\Program Files (x86)\Common Files\Intel\OpenCL\bin\x64\tbb

VM Arguments:
jvm_args: -Dfile.encoding=UTF-8 --module-path=C:\Users\Elvis\Documents\NetBeansProjects\SofwareMatricula\build\classes 
java_command: SoftwareAsistencia.SoftwareMatriculaAppliation
java_class_path (initial): C:\Program Files\NetBeans-15\netbeans\java\modules\ext\AbsoluteLayout.jar;C:\Users\Elvis\Desktop\Software Farmacia\JarFiles_ProyectFarmacia\JarFiles_ProyectFarmacia\Librerias\Librerias\AbsoluteLayout.jar;C:\Users\Elvis\Downloads\opencv\build\java\opencv-480.jar;C:\Users\Elvis\Downloads\mysql-connector-j-8.2.0\mysql-connector-j-8.2.0.jar;C:\Users\Elvis\Downloads\libs\artoolkitplus-2.3.1-1.3-linux-ppc64le.jar;C:\Users\Elvis\Downloads\libs\artoolkitplus-2.3.1-1.3-linux-x86.jar;C:\Users\Elvis\Downloads\libs\artoolkitplus-2.3.1-1.3-macosx-x86_64.jar;C:\Users\Elvis\Downloads\libs\artoolkitplus-2.3.1-1.3.jar;C:\Users\Elvis\Downloads\libs\bridj-0.7.0.jar;C:\Users\Elvis\Downloads\libs\flandmark-1.07-1.3-macosx-x86_64.jar;C:\Users\Elvis\Downloads\libs\flandmark-1.07-1.3-windows-x86_64.jar;C:\Users\Elvis\Downloads\libs\flycapture-2.9.3.43-1.3-linux-x86_64.jar;C:\Users\Elvis\Downloads\libs\flycapture-2.9.3.43-1.3-windows-x86.jar;C:\Users\Elvis\Downloads\libs\flycapture-2.9.3.43-1.3.jar;C:\Users\Elvis\Downloads\libs\javacv-1.3.3.jar;C:\Users\Elvis\Downloads\libs\javacv-platform-1.3.3.jar;C:\Users\Elvis\Downloads\libs\libdc1394-2.2.4-1.3-windows-x86.jar;C:\Users\Elvis\Downloads\libs\libdc1394-platform-2.2.4-1.3.jar;C:\Users\Elvis\Downloads\libs\libfreenect-0.5.3-1.3-windows-x86.jar;C:\Users\Elvis\Downloads\libs\libfreenect2-0.2.0-1.3.jar;C:\Users\Elvis\Downloads\libs\opencv-3.2.0-1.3-linux-armhf.jar;C:\Users\Elvis\Downloads\libs\opencv-3.2.0-1.3-linux-x86_64.jar;C:\Users\Elvis\Downloads\libs\opencv-3.2.0-1.3-macosx-x86_64.jar;C:\Users\Elvis\Downloads\libs\opencv-3.2.0-1.3-windows-x86_64.jar;C:\Users\Elvis\Downloads\libs\opencv-platform-3.2.0-1.3.jar;C:\Users\Elvis\Downloads\libs\slf4j-api-1.7.2.jar;C:\Users\Elvis\Downloads\libs\v4l4j-0.9.1-r507.jar;C:\Users\Elvis\Downloads\libs\webcam-capture-0.3.12.jar;C:\Users\Elvis\Documents\NetBeansProjects\SofwareMatricula\build\classes
Launcher Type: SUN_STANDARD

[Global flags]
     intx CICompilerCount                          = 3                                         {product} {ergonomic}
     uint ConcGCThreads                            = 1                                         {product} {ergonomic}
     uint G1ConcRefinementThreads                  = 4                                         {product} {ergonomic}
   size_t G1HeapRegionSize                         = 1048576                                   {product} {ergonomic}
    uintx GCDrainStackTargetSize                   = 64                                        {product} {ergonomic}
   size_t InitialHeapSize                          = 134217728                                 {product} {ergonomic}
   size_t MarkStackSize                            = 4194304                                   {product} {ergonomic}
   size_t MaxHeapSize                              = 2122317824                                {product} {ergonomic}
   size_t MaxNewSize                               = 1272971264                                {product} {ergonomic}
   size_t MinHeapDeltaBytes                        = 1048576                                   {product} {ergonomic}
   size_t MinHeapSize                              = 8388608                                   {product} {ergonomic}
    uintx NonNMethodCodeHeapSize                   = 5832780                                {pd product} {ergonomic}
    uintx NonProfiledCodeHeapSize                  = 122912730                              {pd product} {ergonomic}
    uintx ProfiledCodeHeapSize                     = 122912730                              {pd product} {ergonomic}
    uintx ReservedCodeCacheSize                    = 251658240                              {pd product} {ergonomic}
     bool SegmentedCodeCache                       = true                                      {product} {ergonomic}
   size_t SoftMaxHeapSize                          = 2122317824                             {manageable} {ergonomic}
     bool UseCompressedClassPointers               = true                           {product lp64_product} {ergonomic}
     bool UseCompressedOops                        = true                           {product lp64_product} {ergonomic}
     bool UseG1GC                                  = true                                      {product} {ergonomic}
     bool UseLargePagesIndividualAllocation        = false                                  {pd product} {ergonomic}

Logging:
Log output configuration:
 #0: stdout all=off uptime,level,tags foldmultilines=false
 #1: stderr all=off uptime,level,tags foldmultilines=false

Environment Variables:
PATH=C:\Program Files (x86)\VMware\VMware Workstation\bin\;C:\Program Files\Microsoft MPI\Bin\;C:\Program Files\Common Files\Oracle\Java\javapath;C:\Program Files (x86)\Common Files\Oracle\Java\javapath;C:\Windows\system32;C:\Windows;C:\Windows\System32\Wbem;C:\Windows\System32\WindowsPowerShell\v1.0\;C:\Windows\System32\OpenSSH\;C:\Program Files\Git\cmd;C:\Program Files (x86)\Microsoft SQL Server\160\Tools\Binn\;C:\Program Files\Microsoft SQL Server\160\Tools\Binn\;C:\Program Files\Microsoft SQL Server\Client SDK\ODBC\170\Tools\Binn\;C:\Program Files\Microsoft SQL Server\160\DTS\Binn\;C:\Program Files (x86)\Microsoft SQL Server\160\DTS\Binn\;C:\Program Files\Azure Data Studio\bin;C:\ProgramData\chocolatey\bin;C:\Python\Python312\Scripts\;C:\Python\Python312\;C:\Users\Elvis\AppData\Local\Microsoft\WindowsApps;;C:\Users\Elvis\AppData\Local\Programs\Microsoft VS Code\bin;C:\Program Files\Azure Data Studio\bin;C:\Program Files\Azure Data Studio\bin;C:\Program Files\Azure Data Studio\bin
USERNAME=Elvis
OS=Windows_NT
PROCESSOR_IDENTIFIER=Intel64 Family 6 Model 58 Stepping 9, GenuineIntel
TMP=C:\Users\Elvis\AppData\Local\Temp
TEMP=C:\Users\Elvis\AppData\Local\Temp




---------------  S Y S T E M  ---------------

OS:
 Windows 10 , 64 bit Build 19041 (10.0.19041.3636)
OS uptime: 0 days 2:57 hours

CPU: total 4 (initial active 4) (2 cores per cpu, 2 threads per core) family 6 model 58 stepping 9 microcode 0x21, cx8, cmov, fxsr, ht, mmx, sse, sse2, sse3, ssse3, sse4.1, sse4.2, popcnt, tsc, tscinvbit, avx, aes, erms, clmul, vzeroupper, clflush, rdtscp, f16c

Memory: 4k page, system-wide physical 8095M (2623M free)
TotalPageFile size 10655M (AvailPageFile size 4266M)
current process WorkingSet (physical memory assigned to process): 139M, peak: 161M
current process commit charge ("private bytes"): 253M, peak: 279M

vm_info: Java HotSpot(TM) 64-Bit Server VM (20+36-2344) for windows-amd64 JRE (20+36-2344), built on 2023-02-10T19:30:15Z by "mach5one" with MS VC++ 17.1 (VS2022)

END.
