#
# A fatal error has been detected by the Java Runtime Environment:
#
#  EXCEPTION_ACCESS_VIOLATION (0xc0000005) at pc=0x00007ffac285faad, pid=6424, tid=10108
#
# JRE version: Java(TM) SE Runtime Environment (20.0+36) (build 20+36-2344)
# Java VM: Java HotSpot(TM) 64-Bit Server VM (20+36-2344, mixed mode, sharing, tiered, compressed oops, compressed class ptrs, g1 gc, windows-amd64)
# Problematic frame:
# C  [ntdll.dll+0x2faad]
#
# No core dump will be written. Minidumps are not enabled by default on client versions of Windows
#
# If you would like to submit a bug report, please visit:
#   https://bugreport.java.com/bugreport/crash.jsp
#

---------------  S U M M A R Y ------------

Command Line: -Dfile.encoding=UTF-8 --module-path=C:\Users\Elvis\Documents\NetBeansProjects\SofwareMatricula\build\classes SoftwareAsistencia.SoftwareMatriculaAppliation

Host: Intel(R) Core(TM) i5-3337U CPU @ 1.80GHz, 4 cores, 7G,  Windows 10 , 64 bit Build 19041 (10.0.19041.3636)
Time: Fri Nov 24 10:28:49 2023 Hora est. Pacífico, Sudamérica elapsed time: 15.692187 seconds (0d 0h 0m 15s)

---------------  T H R E A D  ---------------

Current thread (0x000001c89c6dbb30):  VMThread "VM Thread" [stack: 0x000000584b800000,0x000000584b900000] [id=10108]

Stack: [0x000000584b800000,0x000000584b900000],  sp=0x000000584b8fec40,  free space=1019k
Native frames: (J=compiled Java code, j=interpreted, Vv=VM code, C=native code)
C  [ntdll.dll+0x2faad]
C  [igdrcl64.dll+0x36542]


siginfo: EXCEPTION_ACCESS_VIOLATION (0xc0000005), writing address 0x0000000000000018


Registers:
RAX=0x000000584ad4e000, RBX=0x0000000000000000, RCX=0x0000000000000010, RDX=0x000001c8a10e5ff0
RSP=0x000000584b8fec40, RBP=0x000001c8a0970760, RSI=0x0000000000000010, RDI=0x000001c8a10e5ff0
R8 =0x0000000000000032, R9 =0x0000000000000032, R10=0x0000000000000032, R11=0x000000584b8fec80
R12=0x00007ffa4da5623c, R13=0x00007ffa6479ea90, R14=0x000068d85b0ba205, R15=0x000001c8a0970030
RIP=0x00007ffac285faad, EFLAGS=0x0000000000010202


Register to memory mapping:

RIP=0x00007ffac285faad ntdll.dll
RAX=0x000000584ad4e000 points into unknown readable memory: 0x0000000000000000 | 00 00 00 00 00 00 00 00
RBX=0x0 is NULL
RCX=0x0000000000000010 is an unknown value
RDX=0x000001c8a10e5ff0 points into unknown readable memory: 0x00007ffa5221ffa0 | a0 ff 21 52 fa 7f 00 00
RSP=0x000000584b8fec40 points into unknown readable memory: 0x000001c8fe3e3d90 | 90 3d 3e fe c8 01 00 00
RBP=0x000001c8a0970760 points into unknown readable memory: 0x000068d85b0ba205 | 05 a2 0b 5b d8 68 00 00
RSI=0x0000000000000010 is an unknown value
RDI=0x000001c8a10e5ff0 points into unknown readable memory: 0x00007ffa5221ffa0 | a0 ff 21 52 fa 7f 00 00
R8 =0x0000000000000032 is an unknown value
R9 =0x0000000000000032 is an unknown value
R10=0x0000000000000032 is an unknown value
R11=0x000000584b8fec80 points into unknown readable memory: 0x000068d85b0ba205 | 05 a2 0b 5b d8 68 00 00
R12=0x00007ffa4da5623c opencv_java480.dll
R13=0x00007ffa6479ea90 jvm.dll
R14=0x000068d85b0ba205 is an unknown value
R15=0x000001c8a0970030 points into unknown readable memory: 0x000f9791efa02e05 | 05 2e a0 ef 91 97 0f 00


Top of Stack: (sp=0x000000584b8fec40)
0x000000584b8fec40:   000001c8fe3e3d90 000001c8a2435780
0x000000584b8fec50:   0000000000000000 00007ffac28602c9
0x000000584b8fec60:   00007ffab7e83a6b 00007ffa52076542
0x000000584b8fec70:   0000688010844925 0000000000000000
0x000000584b8fec80:   000068d85b0ba205 000001c8a241a390
0x000000584b8fec90:   000001c8a1299470 00007ffa52071145
0x000000584b8feca0:   0000000100000009 000001c8a10e5ff0
0x000000584b8fecb0:   000000584b8fee30 00007ffab7e83a6b
0x000000584b8fecc0:   000001c8a241a390 00007ffa4cd5c109
0x000000584b8fecd0:   000001c8a1299650 000000584b8fee18
0x000000584b8fece0:   0000000000000000 0000000000000000
0x000000584b8fecf0:   0000000000000000 0000000000000000
0x000000584b8fed00:   000001c8a1299650 0000000000000000
0x000000584b8fed10:   0000000000000000 0000000000000000
0x000000584b8fed20:   0000000000000000 0000688010844ed5
0x000000584b8fed30:   000001c8a241a390 00007ffa4cd44061
0x000000584b8fed40:   0000000000000000 000001c8a241a380
0x000000584b8fed50:   0000000000000000 0000000000000000
0x000000584b8fed60:   00000000ffffffff 00007ffa4db88ac0
0x000000584b8fed70:   000001c8a241a390 000001c8a241a380
0x000000584b8fed80:   000000584b8fef38 000001c8a2437020
0x000000584b8fed90:   000001c8a0970750 00007ffa4daa442f
0x000000584b8feda0:   000001c8a0970030 00007ffac2830000
0x000000584b8fedb0:   00007ffab7ea7b10 00007ffac028ac31
0x000000584b8fedc0:   0000000000000001 00007ffa4b650000
0x000000584b8fedd0:   000000584b8fee30 00007ffa4daa41dd
0x000000584b8fede0:   000000584b8fee60 000000584b8fef00
0x000000584b8fedf0:   0000000000000001 00007ffac28547b1
0x000000584b8fee00:   000000584b8feee0 00007ffa4daa4501
0x000000584b8fee10:   000000584b8feee0 0000000000000000
0x000000584b8fee20:   0000000000000000 000000584b8fee60
0x000000584b8fee30:   000000584b8fee50 00007ffac070f05b 

Instructions: (pc=0x00007ffac285faad)
0x00007ffac285f9ad:   48 b8 7f 7f 7f 7f 7f 7f 7f 7f 41 8b c8 48 0b cb
0x00007ffac285f9bd:   48 23 c8 83 e6 1f 49 89 8c f4 40 a5 16 00 48 81
0x00007ffac285f9cd:   c4 98 00 00 00 41 5f 41 5e 41 5d 41 5c 5f 5e 5b
0x00007ffac285f9dd:   5d c3 cc 33 d2 41 8b c6 41 f7 f0 44 8b c8 e9 d6
0x00007ffac285f9ed:   fc ff ff 41 8d 57 ff 41 85 d7 0f 84 13 38 08 00
0x00007ffac285f9fd:   41 b8 00 10 00 00 41 b9 ff ff 00 00 e9 3c 38 08
0x00007ffac285fa0d:   00 cc cc cc cc cc cc 48 8b c4 48 89 58 08 48 89
0x00007ffac285fa1d:   68 10 48 89 70 18 48 89 78 20 41 56 48 83 ec 20
0x00007ffac285fa2d:   40 8a ea 4c 8d 35 99 d1 13 00 48 8b f1 33 db 48
0x00007ffac285fa3d:   8d 0d 9d d1 13 00 e8 58 00 00 00 4c 8b 05 81 d1
0x00007ffac285fa4d:   13 00 4d 3b c6 0f 85 08 3b 08 00 48 85 db 75 33
0x00007ffac285fa5d:   48 8d 0d 7c d1 13 00 e8 c7 f7 ff ff 48 85 db 0f
0x00007ffac285fa6d:   85 23 3b 08 00 33 c0 48 8b 5c 24 30 48 8b 6c 24
0x00007ffac285fa7d:   38 48 8b 74 24 40 48 8b 7c 24 48 48 83 c4 20 41
0x00007ffac285fa8d:   5e c3 cc f0 ff 43 3c eb c7 cc cc cc cc cc cc cc
0x00007ffac285fa9d:   cc cc cc 48 83 ec 28 65 48 8b 04 25 30 00 00 00
0x00007ffac285faad:   f0 0f ba 71 08 00 48 8b 40 48 73 13 48 89 41 10
0x00007ffac285fabd:   33 c0 c7 41 0c 01 00 00 00 48 83 c4 28 c3 cc 48
0x00007ffac285facd:   39 41 10 75 0b ff 41 0c 33 c0 48 83 c4 28 c3 cc
0x00007ffac285fadd:   e8 0e 00 00 00 eb e2 cc cc cc cc cc cc cc cc cc
0x00007ffac285faed:   cc cc cc 48 89 5c 24 18 55 56 57 41 54 41 55 41
0x00007ffac285fafd:   56 41 57 48 83 ec 20 8b 41 20 48 8b f1 48 0f ba
0x00007ffac285fb0d:   e0 1a 0f 82 df 01 00 00 33 ff 40 32 ed 66 83 3c
0x00007ffac285fb1d:   25 6a 03 fe 7f 01 76 19 48 8b 7e 20 48 8b c7 81
0x00007ffac285fb2d:   e7 ff ff ff 00 25 00 00 00 02 48 85 c0 40 0f 95
0x00007ffac285fb3d:   c5 45 32 ff b0 01 45 32 e4 41 bd 01 00 00 00 45
0x00007ffac285fb4d:   33 c0 ba 6a 03 fe 7f 84 c0 0f 84 14 01 00 00 8b
0x00007ffac285fb5d:   46 08 4c 8d 4e 08 45 84 e4 41 be 03 00 00 00 45
0x00007ffac285fb6d:   0f 44 f5 41 84 c5 0f 85 e2 00 00 00 8d 0c bf 03
0x00007ffac285fb7d:   c9 66 44 39 2a 0f 86 e8 00 00 00 4d 85 c9 74 0e
0x00007ffac285fb8d:   80 3c 25 97 02 fe 7f 00 0f 85 29 3a 08 00 0f b7
0x00007ffac285fb9d:   1c 25 d6 02 fe 7f 83 fb 0c 0f 85 a2 00 00 00 b8 


Stack slot to memory mapping:
stack at sp + 0 slots: 0x000001c8fe3e3d90 points into unknown readable memory: 0x000001c8fe3e46f0 | f0 46 3e fe c8 01 00 00
stack at sp + 1 slots: 0x000001c8a2435780 points into unknown readable memory: 0x000001c8a24358b0 | b0 58 43 a2 c8 01 00 00
stack at sp + 2 slots: 0x0 is NULL
stack at sp + 3 slots: 0x00007ffac28602c9 ntdll.dll
stack at sp + 4 slots: 0x00007ffab7e83a6b dxcore.dll
stack at sp + 5 slots: 0x00007ffa52076542 igdrcl64.dll
stack at sp + 6 slots: 0x0000688010844925 is an unknown value
stack at sp + 7 slots: 0x0 is NULL

VM_Operation (0x000000584c7fe990): Exit, mode: safepoint, requested by thread 0x000001c8a0f682c0


---------------  P R O C E S S  ---------------

Threads class SMR info:
_java_thread_list=0x000001c8a13d4680, length=15, elements={
0x000001c89c6f63b0, 0x000001c89c6f9570, 0x000001c89c6fec40, 0x000001c89c6ff930,
0x000001c89c706a50, 0x000001c89c70b780, 0x000001c89c70d4c0, 0x000001c89c6c7800,
0x000001c8a0a51ca0, 0x000001c8a0d1ded0, 0x000001c8a0c6f7f0, 0x000001c8a0f682c0,
0x000001c8fe4ddf90, 0x000001c8a23b7080, 0x000001c8a23b8b10
}

Java Threads: ( => current thread )
  0x000001c89c6f63b0 JavaThread "Reference Handler" daemon [_thread_blocked, id=9608, stack(0x000000584b900000,0x000000584ba00000)]
  0x000001c89c6f9570 JavaThread "Finalizer" daemon [_thread_blocked, id=8860, stack(0x000000584ba00000,0x000000584bb00000)]
  0x000001c89c6fec40 JavaThread "Attach Listener" daemon [_thread_blocked, id=10436, stack(0x000000584bc00000,0x000000584bd00000)]
  0x000001c89c6ff930 JavaThread "Service Thread" daemon [_thread_blocked, id=3420, stack(0x000000584bd00000,0x000000584be00000)]
  0x000001c89c706a50 JavaThread "Monitor Deflation Thread" daemon [_thread_blocked, id=4372, stack(0x000000584be00000,0x000000584bf00000)]
  0x000001c89c70b780 JavaThread "C2 CompilerThread0" daemon [_thread_blocked, id=6984, stack(0x000000584bf00000,0x000000584c000000)]
  0x000001c89c70d4c0 JavaThread "C1 CompilerThread0" daemon [_thread_blocked, id=8420, stack(0x000000584c000000,0x000000584c100000)]
  0x000001c89c6c7800 JavaThread "Common-Cleaner" daemon [_thread_blocked, id=9856, stack(0x000000584c100000,0x000000584c200000)]
  0x000001c8a0a51ca0 JavaThread "Notification Thread" daemon [_thread_blocked, id=12420, stack(0x000000584c200000,0x000000584c300000)]
  0x000001c8a0d1ded0 JavaThread "Java2D Disposer" daemon [_thread_blocked, id=11624, stack(0x000000584c400000,0x000000584c500000)]
  0x000001c8a0c6f7f0 JavaThread "AWT-Shutdown" [_thread_blocked, id=4108, stack(0x000000584c500000,0x000000584c600000)]
  0x000001c8a0f682c0 JavaThread "AWT-EventQueue-0" [_thread_blocked, id=6028, stack(0x000000584c700000,0x000000584c800000)]
  0x000001c8fe4ddf90 JavaThread "DestroyJavaVM" [_thread_blocked, id=1072, stack(0x000000584b200000,0x000000584b300000)]
  0x000001c8a23b7080 JavaThread "mysql-cj-abandoned-connection-cleanup" daemon [_thread_blocked, id=200, stack(0x000000584d000000,0x000000584d100000)]
  0x000001c8a23b8b10 JavaThread "TimerQueue" daemon [_thread_blocked, id=4988, stack(0x000000584d100000,0x000000584d200000)]

Other Threads:
=>0x000001c89c6dbb30 VMThread "VM Thread" [stack: 0x000000584b800000,0x000000584b900000] [id=10108]
  0x000001c8ffe73d30 WorkerThread "GC Thread#0" [stack: 0x000000584b300000,0x000000584b400000] [id=6704]
  0x000001c8a103e1c0 WorkerThread "GC Thread#1" [stack: 0x000000584c900000,0x000000584ca00000] [id=5976]
  0x000001c8a103e490 WorkerThread "GC Thread#2" [stack: 0x000000584cd00000,0x000000584ce00000] [id=13104]
  0x000001c8a103e760 WorkerThread "GC Thread#3" [stack: 0x000000584ce00000,0x000000584cf00000] [id=7400]
  0x000001c8ffe84bb0 ConcurrentGCThread "G1 Main Marker" terminated
  0x000001c8ffe86d90 WorkerThread "G1 Conc#0" [stack: 0x000000584b500000,0x000000584b600000] [id=4128]
  0x000001c8ffedebd0 ConcurrentGCThread "G1 Refine#0" terminated
  0x000001c89c58d460 ConcurrentGCThread "G1 Service" terminated

Threads with active compile tasks:

VM state: at safepoint (shutting down)

VM Mutex/Monitor currently owned by a thread:  ([mutex/lock_event])
[0x000001c8fe4daa70] Threads_lock - owner thread: 0x000001c89c6dbb30
[0x000001c8fe4dab00] Heap_lock - owner thread: 0x000001c8a0f682c0

Heap address: 0x0000000081800000, size: 2024 MB, Compressed Oops mode: 32-bit

CDS archive(s) mapped at: [0x0000000800000000-0x0000000800c60000-0x0000000800c60000), size 12976128, SharedBaseAddress: 0x0000000800000000, ArchiveRelocationMode: 0.
Compressed class space mapped at: 0x0000000801000000-0x0000000841000000, reserved size: 1073741824
Narrow klass base: 0x0000000800000000, Narrow klass shift: 0, Narrow klass range: 0x100000000

GC Precious Log:
 CardTable entry size: 512
 Card Set container configuration: InlinePtr #cards 5 size 8 Array Of Cards #cards 12 size 40 Howl #buckets 4 coarsen threshold 1843 Howl Bitmap #cards 512 size 80 coarsen threshold 460 Card regions per heap region 1 cards per card region 2048
 CPUs: 4 total, 4 available
 Memory: 8095M
 Large Page Support: Disabled
 NUMA Support: Disabled
 Compressed Oops: Enabled (32-bit)
 Heap Region Size: 1M
 Heap Min Capacity: 8M
 Heap Initial Capacity: 128M
 Heap Max Capacity: 2024M
 Pre-touch: Disabled
 Parallel Workers: 4
 Concurrent Workers: 1
 Concurrent Refinement Workers: 4
 Periodic GC: Disabled

Heap:
 garbage-first heap   total 131072K, used 24987K [0x0000000081800000, 0x0000000100000000)
  region size 1024K, 20 young (20480K), 2 survivors (2048K)
 Metaspace       used 12979K, committed 13184K, reserved 1114112K
  class space    used 1331K, committed 1408K, reserved 1048576K

Heap Regions: E=young(eden), S=young(survivor), O=old, HS=humongous(starts), HC=humongous(continues), CS=collection set, F=free, OA=open archive, CA=closed archive, TAMS=top-at-mark-start, PB=parsable bottom
|   0|0x0000000081800000, 0x0000000081900000, 0x0000000081900000|100%| O|  |TAMS 0x0000000081800000| PB 0x0000000081800000| Untracked 
|   1|0x0000000081900000, 0x0000000081a00000, 0x0000000081a00000|100%| O|  |TAMS 0x0000000081900000| PB 0x0000000081900000| Untracked 
|   2|0x0000000081a00000, 0x0000000081b00000, 0x0000000081b00000|100%| O|  |TAMS 0x0000000081a00000| PB 0x0000000081a00000| Untracked 
|   3|0x0000000081b00000, 0x0000000081bc6c00, 0x0000000081c00000| 77%| O|  |TAMS 0x0000000081b00000| PB 0x0000000081b00000| Untracked 
|   4|0x0000000081c00000, 0x0000000081d00000, 0x0000000081d00000|100%|HS|  |TAMS 0x0000000081c00000| PB 0x0000000081c00000| Complete 
|   5|0x0000000081d00000, 0x0000000081e00000, 0x0000000081e00000|100%|HS|  |TAMS 0x0000000081d00000| PB 0x0000000081d00000| Complete 
|   6|0x0000000081e00000, 0x0000000081f00000, 0x0000000081f00000|100%|HC|  |TAMS 0x0000000081e00000| PB 0x0000000081e00000| Complete 
|   7|0x0000000081f00000, 0x0000000081f00000, 0x0000000082000000|  0%| F|  |TAMS 0x0000000081f00000| PB 0x0000000081f00000| Untracked 
|   8|0x0000000082000000, 0x0000000082000000, 0x0000000082100000|  0%| F|  |TAMS 0x0000000082000000| PB 0x0000000082000000| Untracked 
|   9|0x0000000082100000, 0x0000000082100000, 0x0000000082200000|  0%| F|  |TAMS 0x0000000082100000| PB 0x0000000082100000| Untracked 
|  10|0x0000000082200000, 0x0000000082200000, 0x0000000082300000|  0%| F|  |TAMS 0x0000000082200000| PB 0x0000000082200000| Untracked 
|  11|0x0000000082300000, 0x0000000082300000, 0x0000000082400000|  0%| F|  |TAMS 0x0000000082300000| PB 0x0000000082300000| Untracked 
|  12|0x0000000082400000, 0x0000000082400000, 0x0000000082500000|  0%| F|  |TAMS 0x0000000082400000| PB 0x0000000082400000| Untracked 
|  13|0x0000000082500000, 0x0000000082500000, 0x0000000082600000|  0%| F|  |TAMS 0x0000000082500000| PB 0x0000000082500000| Untracked 
|  14|0x0000000082600000, 0x0000000082600000, 0x0000000082700000|  0%| F|  |TAMS 0x0000000082600000| PB 0x0000000082600000| Untracked 
|  15|0x0000000082700000, 0x0000000082700000, 0x0000000082800000|  0%| F|  |TAMS 0x0000000082700000| PB 0x0000000082700000| Untracked 
|  16|0x0000000082800000, 0x0000000082800000, 0x0000000082900000|  0%| F|  |TAMS 0x0000000082800000| PB 0x0000000082800000| Untracked 
|  17|0x0000000082900000, 0x0000000082900000, 0x0000000082a00000|  0%| F|  |TAMS 0x0000000082900000| PB 0x0000000082900000| Untracked 
|  18|0x0000000082a00000, 0x0000000082a00000, 0x0000000082b00000|  0%| F|  |TAMS 0x0000000082a00000| PB 0x0000000082a00000| Untracked 
|  19|0x0000000082b00000, 0x0000000082b00000, 0x0000000082c00000|  0%| F|  |TAMS 0x0000000082b00000| PB 0x0000000082b00000| Untracked 
|  20|0x0000000082c00000, 0x0000000082c00000, 0x0000000082d00000|  0%| F|  |TAMS 0x0000000082c00000| PB 0x0000000082c00000| Untracked 
|  21|0x0000000082d00000, 0x0000000082d00000, 0x0000000082e00000|  0%| F|  |TAMS 0x0000000082d00000| PB 0x0000000082d00000| Untracked 
|  22|0x0000000082e00000, 0x0000000082e00000, 0x0000000082f00000|  0%| F|  |TAMS 0x0000000082e00000| PB 0x0000000082e00000| Untracked 
|  23|0x0000000082f00000, 0x0000000082f00000, 0x0000000083000000|  0%| F|  |TAMS 0x0000000082f00000| PB 0x0000000082f00000| Untracked 
|  24|0x0000000083000000, 0x0000000083000000, 0x0000000083100000|  0%| F|  |TAMS 0x0000000083000000| PB 0x0000000083000000| Untracked 
|  25|0x0000000083100000, 0x0000000083100000, 0x0000000083200000|  0%| F|  |TAMS 0x0000000083100000| PB 0x0000000083100000| Untracked 
|  26|0x0000000083200000, 0x0000000083200000, 0x0000000083300000|  0%| F|  |TAMS 0x0000000083200000| PB 0x0000000083200000| Untracked 
|  27|0x0000000083300000, 0x0000000083300000, 0x0000000083400000|  0%| F|  |TAMS 0x0000000083300000| PB 0x0000000083300000| Untracked 
|  28|0x0000000083400000, 0x0000000083400000, 0x0000000083500000|  0%| F|  |TAMS 0x0000000083400000| PB 0x0000000083400000| Untracked 
|  29|0x0000000083500000, 0x0000000083500000, 0x0000000083600000|  0%| F|  |TAMS 0x0000000083500000| PB 0x0000000083500000| Untracked 
|  30|0x0000000083600000, 0x0000000083600000, 0x0000000083700000|  0%| F|  |TAMS 0x0000000083600000| PB 0x0000000083600000| Untracked 
|  31|0x0000000083700000, 0x0000000083700000, 0x0000000083800000|  0%| F|  |TAMS 0x0000000083700000| PB 0x0000000083700000| Untracked 
|  32|0x0000000083800000, 0x0000000083800000, 0x0000000083900000|  0%| F|  |TAMS 0x0000000083800000| PB 0x0000000083800000| Untracked 
|  33|0x0000000083900000, 0x0000000083900000, 0x0000000083a00000|  0%| F|  |TAMS 0x0000000083900000| PB 0x0000000083900000| Untracked 
|  34|0x0000000083a00000, 0x0000000083a00000, 0x0000000083b00000|  0%| F|  |TAMS 0x0000000083a00000| PB 0x0000000083a00000| Untracked 
|  35|0x0000000083b00000, 0x0000000083b00000, 0x0000000083c00000|  0%| F|  |TAMS 0x0000000083b00000| PB 0x0000000083b00000| Untracked 
|  36|0x0000000083c00000, 0x0000000083c00000, 0x0000000083d00000|  0%| F|  |TAMS 0x0000000083c00000| PB 0x0000000083c00000| Untracked 
|  37|0x0000000083d00000, 0x0000000083d00000, 0x0000000083e00000|  0%| F|  |TAMS 0x0000000083d00000| PB 0x0000000083d00000| Untracked 
|  38|0x0000000083e00000, 0x0000000083e00000, 0x0000000083f00000|  0%| F|  |TAMS 0x0000000083e00000| PB 0x0000000083e00000| Untracked 
|  39|0x0000000083f00000, 0x0000000083f00000, 0x0000000084000000|  0%| F|  |TAMS 0x0000000083f00000| PB 0x0000000083f00000| Untracked 
|  40|0x0000000084000000, 0x0000000084000000, 0x0000000084100000|  0%| F|  |TAMS 0x0000000084000000| PB 0x0000000084000000| Untracked 
|  41|0x0000000084100000, 0x0000000084100000, 0x0000000084200000|  0%| F|  |TAMS 0x0000000084100000| PB 0x0000000084100000| Untracked 
|  42|0x0000000084200000, 0x0000000084200000, 0x0000000084300000|  0%| F|  |TAMS 0x0000000084200000| PB 0x0000000084200000| Untracked 
|  43|0x0000000084300000, 0x0000000084300000, 0x0000000084400000|  0%| F|  |TAMS 0x0000000084300000| PB 0x0000000084300000| Untracked 
|  44|0x0000000084400000, 0x0000000084400000, 0x0000000084500000|  0%| F|  |TAMS 0x0000000084400000| PB 0x0000000084400000| Untracked 
|  45|0x0000000084500000, 0x0000000084500000, 0x0000000084600000|  0%| F|  |TAMS 0x0000000084500000| PB 0x0000000084500000| Untracked 
|  46|0x0000000084600000, 0x0000000084600000, 0x0000000084700000|  0%| F|  |TAMS 0x0000000084600000| PB 0x0000000084600000| Untracked 
|  47|0x0000000084700000, 0x0000000084700000, 0x0000000084800000|  0%| F|  |TAMS 0x0000000084700000| PB 0x0000000084700000| Untracked 
|  48|0x0000000084800000, 0x0000000084800000, 0x0000000084900000|  0%| F|  |TAMS 0x0000000084800000| PB 0x0000000084800000| Untracked 
|  49|0x0000000084900000, 0x0000000084900000, 0x0000000084a00000|  0%| F|  |TAMS 0x0000000084900000| PB 0x0000000084900000| Untracked 
|  50|0x0000000084a00000, 0x0000000084a00000, 0x0000000084b00000|  0%| F|  |TAMS 0x0000000084a00000| PB 0x0000000084a00000| Untracked 
|  51|0x0000000084b00000, 0x0000000084b00000, 0x0000000084c00000|  0%| F|  |TAMS 0x0000000084b00000| PB 0x0000000084b00000| Untracked 
|  52|0x0000000084c00000, 0x0000000084c00000, 0x0000000084d00000|  0%| F|  |TAMS 0x0000000084c00000| PB 0x0000000084c00000| Untracked 
|  53|0x0000000084d00000, 0x0000000084d00000, 0x0000000084e00000|  0%| F|  |TAMS 0x0000000084d00000| PB 0x0000000084d00000| Untracked 
|  54|0x0000000084e00000, 0x0000000084e00000, 0x0000000084f00000|  0%| F|  |TAMS 0x0000000084e00000| PB 0x0000000084e00000| Untracked 
|  55|0x0000000084f00000, 0x0000000084f00000, 0x0000000085000000|  0%| F|  |TAMS 0x0000000084f00000| PB 0x0000000084f00000| Untracked 
|  56|0x0000000085000000, 0x0000000085000000, 0x0000000085100000|  0%| F|  |TAMS 0x0000000085000000| PB 0x0000000085000000| Untracked 
|  57|0x0000000085100000, 0x0000000085100000, 0x0000000085200000|  0%| F|  |TAMS 0x0000000085100000| PB 0x0000000085100000| Untracked 
|  58|0x0000000085200000, 0x0000000085200000, 0x0000000085300000|  0%| F|  |TAMS 0x0000000085200000| PB 0x0000000085200000| Untracked 
|  59|0x0000000085300000, 0x0000000085300000, 0x0000000085400000|  0%| F|  |TAMS 0x0000000085300000| PB 0x0000000085300000| Untracked 
|  60|0x0000000085400000, 0x0000000085400000, 0x0000000085500000|  0%| F|  |TAMS 0x0000000085400000| PB 0x0000000085400000| Untracked 
|  61|0x0000000085500000, 0x0000000085500000, 0x0000000085600000|  0%| F|  |TAMS 0x0000000085500000| PB 0x0000000085500000| Untracked 
|  62|0x0000000085600000, 0x0000000085600000, 0x0000000085700000|  0%| F|  |TAMS 0x0000000085600000| PB 0x0000000085600000| Untracked 
|  63|0x0000000085700000, 0x0000000085700000, 0x0000000085800000|  0%| F|  |TAMS 0x0000000085700000| PB 0x0000000085700000| Untracked 
|  64|0x0000000085800000, 0x0000000085800000, 0x0000000085900000|  0%| F|  |TAMS 0x0000000085800000| PB 0x0000000085800000| Untracked 
|  65|0x0000000085900000, 0x0000000085900000, 0x0000000085a00000|  0%| F|  |TAMS 0x0000000085900000| PB 0x0000000085900000| Untracked 
|  66|0x0000000085a00000, 0x0000000085a00000, 0x0000000085b00000|  0%| F|  |TAMS 0x0000000085a00000| PB 0x0000000085a00000| Untracked 
|  67|0x0000000085b00000, 0x0000000085b00000, 0x0000000085c00000|  0%| F|  |TAMS 0x0000000085b00000| PB 0x0000000085b00000| Untracked 
|  68|0x0000000085c00000, 0x0000000085c00000, 0x0000000085d00000|  0%| F|  |TAMS 0x0000000085c00000| PB 0x0000000085c00000| Untracked 
|  69|0x0000000085d00000, 0x0000000085d00000, 0x0000000085e00000|  0%| F|  |TAMS 0x0000000085d00000| PB 0x0000000085d00000| Untracked 
|  70|0x0000000085e00000, 0x0000000085e00000, 0x0000000085f00000|  0%| F|  |TAMS 0x0000000085e00000| PB 0x0000000085e00000| Untracked 
|  71|0x0000000085f00000, 0x0000000085f00000, 0x0000000086000000|  0%| F|  |TAMS 0x0000000085f00000| PB 0x0000000085f00000| Untracked 
|  72|0x0000000086000000, 0x0000000086000000, 0x0000000086100000|  0%| F|  |TAMS 0x0000000086000000| PB 0x0000000086000000| Untracked 
|  73|0x0000000086100000, 0x0000000086100000, 0x0000000086200000|  0%| F|  |TAMS 0x0000000086100000| PB 0x0000000086100000| Untracked 
|  74|0x0000000086200000, 0x0000000086200000, 0x0000000086300000|  0%| F|  |TAMS 0x0000000086200000| PB 0x0000000086200000| Untracked 
|  75|0x0000000086300000, 0x0000000086300000, 0x0000000086400000|  0%| F|  |TAMS 0x0000000086300000| PB 0x0000000086300000| Untracked 
|  76|0x0000000086400000, 0x0000000086400000, 0x0000000086500000|  0%| F|  |TAMS 0x0000000086400000| PB 0x0000000086400000| Untracked 
|  77|0x0000000086500000, 0x0000000086500000, 0x0000000086600000|  0%| F|  |TAMS 0x0000000086500000| PB 0x0000000086500000| Untracked 
|  78|0x0000000086600000, 0x0000000086600000, 0x0000000086700000|  0%| F|  |TAMS 0x0000000086600000| PB 0x0000000086600000| Untracked 
|  79|0x0000000086700000, 0x0000000086700000, 0x0000000086800000|  0%| F|  |TAMS 0x0000000086700000| PB 0x0000000086700000| Untracked 
|  80|0x0000000086800000, 0x0000000086800000, 0x0000000086900000|  0%| F|  |TAMS 0x0000000086800000| PB 0x0000000086800000| Untracked 
|  81|0x0000000086900000, 0x0000000086900000, 0x0000000086a00000|  0%| F|  |TAMS 0x0000000086900000| PB 0x0000000086900000| Untracked 
|  82|0x0000000086a00000, 0x0000000086a00000, 0x0000000086b00000|  0%| F|  |TAMS 0x0000000086a00000| PB 0x0000000086a00000| Untracked 
|  83|0x0000000086b00000, 0x0000000086b00000, 0x0000000086c00000|  0%| F|  |TAMS 0x0000000086b00000| PB 0x0000000086b00000| Untracked 
|  84|0x0000000086c00000, 0x0000000086c00000, 0x0000000086d00000|  0%| F|  |TAMS 0x0000000086c00000| PB 0x0000000086c00000| Untracked 
|  85|0x0000000086d00000, 0x0000000086d00000, 0x0000000086e00000|  0%| F|  |TAMS 0x0000000086d00000| PB 0x0000000086d00000| Untracked 
|  86|0x0000000086e00000, 0x0000000086e00000, 0x0000000086f00000|  0%| F|  |TAMS 0x0000000086e00000| PB 0x0000000086e00000| Untracked 
|  87|0x0000000086f00000, 0x0000000086f00000, 0x0000000087000000|  0%| F|  |TAMS 0x0000000086f00000| PB 0x0000000086f00000| Untracked 
|  88|0x0000000087000000, 0x0000000087000000, 0x0000000087100000|  0%| F|  |TAMS 0x0000000087000000| PB 0x0000000087000000| Untracked 
|  89|0x0000000087100000, 0x0000000087100000, 0x0000000087200000|  0%| F|  |TAMS 0x0000000087100000| PB 0x0000000087100000| Untracked 
|  90|0x0000000087200000, 0x0000000087200000, 0x0000000087300000|  0%| F|  |TAMS 0x0000000087200000| PB 0x0000000087200000| Untracked 
|  91|0x0000000087300000, 0x0000000087300000, 0x0000000087400000|  0%| F|  |TAMS 0x0000000087300000| PB 0x0000000087300000| Untracked 
|  92|0x0000000087400000, 0x0000000087400000, 0x0000000087500000|  0%| F|  |TAMS 0x0000000087400000| PB 0x0000000087400000| Untracked 
|  93|0x0000000087500000, 0x0000000087500000, 0x0000000087600000|  0%| F|  |TAMS 0x0000000087500000| PB 0x0000000087500000| Untracked 
|  94|0x0000000087600000, 0x0000000087600000, 0x0000000087700000|  0%| F|  |TAMS 0x0000000087600000| PB 0x0000000087600000| Untracked 
|  95|0x0000000087700000, 0x0000000087700000, 0x0000000087800000|  0%| F|  |TAMS 0x0000000087700000| PB 0x0000000087700000| Untracked 
|  96|0x0000000087800000, 0x0000000087800000, 0x0000000087900000|  0%| F|  |TAMS 0x0000000087800000| PB 0x0000000087800000| Untracked 
|  97|0x0000000087900000, 0x0000000087900000, 0x0000000087a00000|  0%| F|  |TAMS 0x0000000087900000| PB 0x0000000087900000| Untracked 
|  98|0x0000000087a00000, 0x0000000087a00000, 0x0000000087b00000|  0%| F|  |TAMS 0x0000000087a00000| PB 0x0000000087a00000| Untracked 
|  99|0x0000000087b00000, 0x0000000087b00000, 0x0000000087c00000|  0%| F|  |TAMS 0x0000000087b00000| PB 0x0000000087b00000| Untracked 
| 100|0x0000000087c00000, 0x0000000087c00000, 0x0000000087d00000|  0%| F|  |TAMS 0x0000000087c00000| PB 0x0000000087c00000| Untracked 
| 101|0x0000000087d00000, 0x0000000087d00000, 0x0000000087e00000|  0%| F|  |TAMS 0x0000000087d00000| PB 0x0000000087d00000| Untracked 
| 102|0x0000000087e00000, 0x0000000087e00000, 0x0000000087f00000|  0%| F|  |TAMS 0x0000000087e00000| PB 0x0000000087e00000| Untracked 
| 103|0x0000000087f00000, 0x0000000087f00000, 0x0000000088000000|  0%| F|  |TAMS 0x0000000087f00000| PB 0x0000000087f00000| Untracked 
| 104|0x0000000088000000, 0x0000000088000000, 0x0000000088100000|  0%| F|  |TAMS 0x0000000088000000| PB 0x0000000088000000| Untracked 
| 105|0x0000000088100000, 0x0000000088100000, 0x0000000088200000|  0%| F|  |TAMS 0x0000000088100000| PB 0x0000000088100000| Untracked 
| 106|0x0000000088200000, 0x0000000088200000, 0x0000000088300000|  0%| F|  |TAMS 0x0000000088200000| PB 0x0000000088200000| Untracked 
| 107|0x0000000088300000, 0x0000000088300000, 0x0000000088400000|  0%| F|  |TAMS 0x0000000088300000| PB 0x0000000088300000| Untracked 
| 108|0x0000000088400000, 0x00000000884e1030, 0x0000000088500000| 87%| E|  |TAMS 0x0000000088400000| PB 0x0000000088400000| Complete 
| 109|0x0000000088500000, 0x00000000885fa9e0, 0x0000000088600000| 97%| E|  |TAMS 0x0000000088500000| PB 0x0000000088500000| Complete 
| 110|0x0000000088600000, 0x0000000088700000, 0x0000000088700000|100%| E|CS|TAMS 0x0000000088600000| PB 0x0000000088600000| Complete 
| 111|0x0000000088700000, 0x00000000887a0120, 0x0000000088800000| 62%| S|CS|TAMS 0x0000000088700000| PB 0x0000000088700000| Complete 
| 112|0x0000000088800000, 0x0000000088900000, 0x0000000088900000|100%| S|CS|TAMS 0x0000000088800000| PB 0x0000000088800000| Complete 
| 113|0x0000000088900000, 0x0000000088a00000, 0x0000000088a00000|100%| E|CS|TAMS 0x0000000088900000| PB 0x0000000088900000| Complete 
| 114|0x0000000088a00000, 0x0000000088b00000, 0x0000000088b00000|100%| E|CS|TAMS 0x0000000088a00000| PB 0x0000000088a00000| Complete 
| 115|0x0000000088b00000, 0x0000000088c00000, 0x0000000088c00000|100%| E|CS|TAMS 0x0000000088b00000| PB 0x0000000088b00000| Complete 
| 116|0x0000000088c00000, 0x0000000088d00000, 0x0000000088d00000|100%| E|CS|TAMS 0x0000000088c00000| PB 0x0000000088c00000| Complete 
| 117|0x0000000088d00000, 0x0000000088e00000, 0x0000000088e00000|100%| E|CS|TAMS 0x0000000088d00000| PB 0x0000000088d00000| Complete 
| 118|0x0000000088e00000, 0x0000000088f00000, 0x0000000088f00000|100%| E|CS|TAMS 0x0000000088e00000| PB 0x0000000088e00000| Complete 
| 119|0x0000000088f00000, 0x0000000089000000, 0x0000000089000000|100%| E|CS|TAMS 0x0000000088f00000| PB 0x0000000088f00000| Complete 
| 120|0x0000000089000000, 0x0000000089100000, 0x0000000089100000|100%| E|CS|TAMS 0x0000000089000000| PB 0x0000000089000000| Complete 
| 121|0x0000000089100000, 0x0000000089200000, 0x0000000089200000|100%| E|CS|TAMS 0x0000000089100000| PB 0x0000000089100000| Complete 
| 122|0x0000000089200000, 0x0000000089300000, 0x0000000089300000|100%| E|CS|TAMS 0x0000000089200000| PB 0x0000000089200000| Complete 
| 123|0x0000000089300000, 0x0000000089400000, 0x0000000089400000|100%| E|CS|TAMS 0x0000000089300000| PB 0x0000000089300000| Complete 
| 124|0x0000000089400000, 0x0000000089500000, 0x0000000089500000|100%| E|CS|TAMS 0x0000000089400000| PB 0x0000000089400000| Complete 
| 125|0x0000000089500000, 0x0000000089600000, 0x0000000089600000|100%| E|CS|TAMS 0x0000000089500000| PB 0x0000000089500000| Complete 
| 126|0x0000000089600000, 0x0000000089700000, 0x0000000089700000|100%| E|CS|TAMS 0x0000000089600000| PB 0x0000000089600000| Complete 
| 127|0x0000000089700000, 0x0000000089800000, 0x0000000089800000|100%| E|CS|TAMS 0x0000000089700000| PB 0x0000000089700000| Complete 

Card table byte_map: [0x000001c897930000,0x000001c897d30000] _byte_map_base: 0x000001c897524000

Marking Bits: (CMBitMap*) 0x000001c8ffe74360
 Bits: [0x000001c898130000, 0x000001c89a0d0000)

Polling page: 0x000001c8ffee0000

Metaspace:

Usage:
  Non-class:     11.37 MB used.
      Class:      1.30 MB used.
       Both:     12.67 MB used.

Virtual space:
  Non-class space:       64.00 MB reserved,      11.50 MB ( 18%) committed,  1 nodes.
      Class space:        1.00 GB reserved,       1.38 MB ( <1%) committed,  1 nodes.
             Both:        1.06 GB reserved,      12.88 MB (  1%) committed. 

Chunk freelists:
   Non-Class:  3.86 MB
       Class:  2.50 MB
        Both:  6.36 MB

MaxMetaspaceSize: unlimited
CompressedClassSpaceSize: 1.00 GB
Initial GC threshold: 21.00 MB
Current GC threshold: 21.00 MB
CDS: on
MetaspaceReclaimPolicy: balanced
 - commit_granule_bytes: 65536.
 - commit_granule_words: 8192.
 - virtual_space_node_default_size: 8388608.
 - enlarge_chunks_in_place: 1.
 - new_chunks_are_fully_committed: 0.
 - uncommit_free_chunks: 1.
 - use_allocation_guard: 0.


Internal statistics:

num_allocs_failed_limit: 0.
num_arena_births: 178.
num_arena_deaths: 0.
num_vsnodes_births: 2.
num_vsnodes_deaths: 0.
num_space_committed: 206.
num_space_uncommitted: 0.
num_chunks_returned_to_freelist: 0.
num_chunks_taken_from_freelist: 376.
num_chunk_merges: 0.
num_chunk_splits: 222.
num_chunks_enlarged: 110.
num_inconsistent_stats: 0.

CodeHeap 'non-profiled nmethods': size=120000Kb used=625Kb max_used=625Kb free=119374Kb
 bounds [0x000001c88fac0000, 0x000001c88fd30000, 0x000001c896ff0000]
CodeHeap 'profiled nmethods': size=120000Kb used=3488Kb max_used=3488Kb free=116511Kb
 bounds [0x000001c887ff0000, 0x000001c888360000, 0x000001c88f520000]
CodeHeap 'non-nmethods': size=5760Kb used=2005Kb max_used=2022Kb free=3754Kb
 bounds [0x000001c88f520000, 0x000001c88f790000, 0x000001c88fac0000]
 total_blobs=2941 nmethods=1989 adapters=863
 compilation: enabled
              stopped_count=0, restarted_count=0
 full_count=0

Compilation events (20 events):
Event: 15.095 Thread 0x000001c89c70d4c0 1981       3       sun.java2d.SunGraphics2D::transformShape (36 bytes)
Event: 15.096 Thread 0x000001c89c70d4c0 nmethod 1981 0x000001c88834ff10 code [0x000001c8883500c0, 0x000001c888350310]
Event: 15.096 Thread 0x000001c89c70d4c0 1982       1       javax.swing.JComponent::getBorder (5 bytes)
Event: 15.097 Thread 0x000001c89c70d4c0 nmethod 1982 0x000001c88fb5bf10 code [0x000001c88fb5c080, 0x000001c88fb5c150]
Event: 15.097 Thread 0x000001c89c70d4c0 1983       1       javax.swing.AbstractButton::getIcon (5 bytes)
Event: 15.097 Thread 0x000001c89c70d4c0 nmethod 1983 0x000001c88fb5c210 code [0x000001c88fb5c380, 0x000001c88fb5c450]
Event: 15.097 Thread 0x000001c89c70d4c0 1984   !   3       sun.font.FontDesignMetrics::getMetrics (265 bytes)
Event: 15.100 Thread 0x000001c89c70d4c0 nmethod 1984 0x000001c888350410 code [0x000001c888350840, 0x000001c888352c68]
Event: 15.101 Thread 0x000001c89c70d4c0 1985       3       sun.font.FontDesignMetrics::getDefaultFrc (53 bytes)
Event: 15.102 Thread 0x000001c89c70d4c0 nmethod 1985 0x000001c888353890 code [0x000001c888353b00, 0x000001c888354580]
Event: 15.534 Thread 0x000001c89c70d4c0 1986       3       java.util.WeakHashMap::matchesKey (33 bytes)
Event: 15.535 Thread 0x000001c89c70d4c0 nmethod 1986 0x000001c888354910 code [0x000001c888354ae0, 0x000001c888354ff8]
Event: 15.535 Thread 0x000001c89c70d4c0 1989       3       sun.util.locale.LocaleObjectCache::get (126 bytes)
Event: 15.537 Thread 0x000001c89c70d4c0 nmethod 1989 0x000001c888355190 code [0x000001c888355440, 0x000001c8883565f0]
Event: 15.537 Thread 0x000001c89c70d4c0 1990       3       sun.util.locale.LocaleObjectCache::cleanStaleEntries (34 bytes)
Event: 15.538 Thread 0x000001c89c70d4c0 nmethod 1990 0x000001c888356a90 code [0x000001c888356c60, 0x000001c8883570d8]
Event: 15.538 Thread 0x000001c89c70d4c0 1987       3       java.awt.EventQueue::coalesceMouseEvent (44 bytes)
Event: 15.539 Thread 0x000001c89c70d4c0 nmethod 1987 0x000001c888357290 code [0x000001c888357460, 0x000001c8883578e0]
Event: 15.539 Thread 0x000001c89c70d4c0 1988  s    3       java.beans.ChangeListenerMap::get (25 bytes)
Event: 15.539 Thread 0x000001c89c70d4c0 nmethod 1988 0x000001c888357a90 code [0x000001c888357c40, 0x000001c888358038]

GC Heap History (4 events):
Event: 1.763 GC heap before
{Heap before GC invocations=0 (full 0):
 garbage-first heap   total 131072K, used 13312K [0x0000000081800000, 0x0000000100000000)
  region size 1024K, 13 young (13312K), 0 survivors (0K)
 Metaspace       used 7633K, committed 7872K, reserved 1114112K
  class space    used 827K, committed 960K, reserved 1048576K
}
Event: 1.774 GC heap after
{Heap after GC invocations=1 (full 0):
 garbage-first heap   total 131072K, used 3776K [0x0000000081800000, 0x0000000100000000)
  region size 1024K, 2 young (2048K), 2 survivors (2048K)
 Metaspace       used 7633K, committed 7872K, reserved 1114112K
  class space    used 827K, committed 960K, reserved 1048576K
}
Event: 2.553 GC heap before
{Heap before GC invocations=1 (full 0):
 garbage-first heap   total 131072K, used 16064K [0x0000000081800000, 0x0000000100000000)
  region size 1024K, 15 young (15360K), 2 survivors (2048K)
 Metaspace       used 10825K, committed 11136K, reserved 1114112K
  class space    used 1132K, committed 1280K, reserved 1048576K
}
Event: 2.563 GC heap after
{Heap after GC invocations=2 (full 0):
 garbage-first heap   total 131072K, used 5531K [0x0000000081800000, 0x0000000100000000)
  region size 1024K, 2 young (2048K), 2 survivors (2048K)
 Metaspace       used 10825K, committed 11136K, reserved 1114112K
  class space    used 1132K, committed 1280K, reserved 1048576K
}

Dll operation events (11 events):
Event: 0.020 Loaded shared library C:\Program Files\Java\jdk-20\bin\java.dll
Event: 0.045 Loaded shared library C:\Program Files\Java\jdk-20\bin\jsvml.dll
Event: 0.211 Loaded shared library C:\Program Files\Java\jdk-20\bin\net.dll
Event: 0.217 Loaded shared library C:\Program Files\Java\jdk-20\bin\nio.dll
Event: 0.267 Loaded shared library C:\Program Files\Java\jdk-20\bin\zip.dll
Event: 0.378 Loaded shared library C:\Program Files\Java\jdk-20\bin\jimage.dll
Event: 0.387 Loaded shared library C:\Program Files\Java\jdk-20\bin\awt.dll
Event: 1.075 Loaded shared library C:\Program Files\Java\jdk-20\bin\freetype.dll
Event: 1.077 Loaded shared library C:\Program Files\Java\jdk-20\bin\fontmanager.dll
Event: 2.469 Loaded shared library C:\Program Files\Java\jdk-20\bin\extnet.dll
Event: 7.753 Loaded shared library C:\Users\Elvis\Documents\NetBeansProjects\SofwareMatricula\opencv_java480.dll

Deoptimization events (20 events):
Event: 2.712 Thread 0x000001c8a0f682c0 Uncommon trap: trap_request=0xffffff45 fr.pc=0x000001c88fb0ffcc relative=0x00000000000000cc
Event: 2.712 Thread 0x000001c8a0f682c0 Uncommon trap: reason=unstable_if action=reinterpret pc=0x000001c88fb0ffcc method=java.util.concurrent.locks.ReentrantLock$Sync.tryRelease(I)Z @ 26 c2
Event: 2.712 Thread 0x000001c8a0f682c0 DEOPT PACKING pc=0x000001c88fb0ffcc sp=0x000000584c7fe8d0
Event: 2.713 Thread 0x000001c8a0f682c0 DEOPT UNPACKING pc=0x000001c88f589d22 sp=0x000000584c7fe870 mode 2
Event: 8.842 Thread 0x000001c8a0f682c0 Uncommon trap: trap_request=0xffffffc6 fr.pc=0x000001c88fb2fa94 relative=0x0000000000000094
Event: 8.842 Thread 0x000001c8a0f682c0 Uncommon trap: reason=bimorphic_or_optimized_type_check action=maybe_recompile pc=0x000001c88fb2fa94 method=java.lang.ref.Reference.refersTo(Ljava/lang/Object;)Z @ 2 c2
Event: 8.842 Thread 0x000001c8a0f682c0 DEOPT PACKING pc=0x000001c88fb2fa94 sp=0x000000584c7fdd60
Event: 8.842 Thread 0x000001c8a0f682c0 DEOPT UNPACKING pc=0x000001c88f589d22 sp=0x000000584c7fdcf8 mode 2
Event: 8.842 Thread 0x000001c8a0f682c0 Uncommon trap: trap_request=0xffffffc6 fr.pc=0x000001c88fb2fa94 relative=0x0000000000000094
Event: 8.842 Thread 0x000001c8a0f682c0 Uncommon trap: reason=bimorphic_or_optimized_type_check action=maybe_recompile pc=0x000001c88fb2fa94 method=java.lang.ref.Reference.refersTo(Ljava/lang/Object;)Z @ 2 c2
Event: 8.842 Thread 0x000001c8a0f682c0 DEOPT PACKING pc=0x000001c88fb2fa94 sp=0x000000584c7fdd60
Event: 8.843 Thread 0x000001c8a0f682c0 DEOPT UNPACKING pc=0x000001c88f589d22 sp=0x000000584c7fdcf8 mode 2
Event: 8.843 Thread 0x000001c8a0f682c0 Uncommon trap: trap_request=0xffffffc6 fr.pc=0x000001c88fb2fa94 relative=0x0000000000000094
Event: 8.843 Thread 0x000001c8a0f682c0 Uncommon trap: reason=bimorphic_or_optimized_type_check action=maybe_recompile pc=0x000001c88fb2fa94 method=java.lang.ref.Reference.refersTo(Ljava/lang/Object;)Z @ 2 c2
Event: 8.843 Thread 0x000001c8a0f682c0 DEOPT PACKING pc=0x000001c88fb2fa94 sp=0x000000584c7fdf10
Event: 8.843 Thread 0x000001c8a0f682c0 DEOPT UNPACKING pc=0x000001c88f589d22 sp=0x000000584c7fdea8 mode 2
Event: 8.843 Thread 0x000001c8a0f682c0 Uncommon trap: trap_request=0xffffffc6 fr.pc=0x000001c88fb2fa94 relative=0x0000000000000094
Event: 8.843 Thread 0x000001c8a0f682c0 Uncommon trap: reason=bimorphic_or_optimized_type_check action=maybe_recompile pc=0x000001c88fb2fa94 method=java.lang.ref.Reference.refersTo(Ljava/lang/Object;)Z @ 2 c2
Event: 8.843 Thread 0x000001c8a0f682c0 DEOPT PACKING pc=0x000001c88fb2fa94 sp=0x000000584c7fdf80
Event: 8.843 Thread 0x000001c8a0f682c0 DEOPT UNPACKING pc=0x000001c88f589d22 sp=0x000000584c7fdf18 mode 2

Classes loaded (20 events):
Event: 11.654 Loading class java/awt/image/ComponentSampleModel done
Event: 11.654 Loading class java/awt/image/PixelInterleavedSampleModel done
Event: 11.655 Loading class sun/awt/image/ByteInterleavedRaster
Event: 11.655 Loading class sun/awt/image/ByteComponentRaster
Event: 11.655 Loading class sun/awt/image/ByteComponentRaster done
Event: 11.655 Loading class sun/awt/image/ByteInterleavedRaster done
Event: 11.658 Loading class jdk/internal/event/ThreadSleepEvent
Event: 11.658 Loading class javax/swing/CellRendererPane
Event: 11.658 Loading class jdk/internal/event/Event
Event: 11.658 Loading class javax/swing/CellRendererPane done
Event: 11.658 Loading class jdk/internal/event/Event done
Event: 11.659 Loading class javax/swing/RepaintManager$3
Event: 11.659 Loading class javax/swing/RepaintManager$3 done
Event: 11.659 Loading class jdk/internal/event/ThreadSleepEvent done
Event: 15.526 Loading class java/awt/Window$1DisposeAction
Event: 15.527 Loading class java/awt/Window$1DisposeAction done
Event: 15.527 Loading class java/awt/KeyboardFocusManager$2
Event: 15.527 Loading class java/awt/KeyboardFocusManager$2 done
Event: 15.528 Loading class sun/awt/SunToolkit$1
Event: 15.528 Loading class sun/awt/SunToolkit$1 done

Classes unloaded (0 events):
No events

Classes redefined (0 events):
No events

Internal exceptions (20 events):
Event: 0.226 Thread 0x000001c8fe4ddf90 Exception <a 'sun/nio/fs/WindowsException'{0x00000000896d12a8}> (0x00000000896d12a8) 
thrown [s\open\src\hotspot\share\prims\jni.cpp, line 519]
Event: 0.227 Thread 0x000001c8fe4ddf90 Exception <a 'sun/nio/fs/WindowsException'{0x00000000896d1e40}> (0x00000000896d1e40) 
thrown [s\open\src\hotspot\share\prims\jni.cpp, line 519]
Event: 0.227 Thread 0x000001c8fe4ddf90 Exception <a 'sun/nio/fs/WindowsException'{0x00000000896d2910}> (0x00000000896d2910) 
thrown [s\open\src\hotspot\share\prims\jni.cpp, line 519]
Event: 0.360 Thread 0x000001c8fe4ddf90 Exception <a 'java/lang/ClassNotFoundException'{0x0000000089449f28}: sun/awt/resources/spi/awtProvider> (0x0000000089449f28) 
thrown [s\open\src\hotspot\share\classfile\systemDictionary.cpp, line 305]
Event: 0.408 Thread 0x000001c8fe4ddf90 Exception <a 'java/io/FileNotFoundException'{0x00000000894a2848}> (0x00000000894a2848) 
thrown [s\open\src\hotspot\share\prims\jni.cpp, line 519]
Event: 0.421 Thread 0x000001c8fe4ddf90 Exception <a 'java/io/FileNotFoundException'{0x00000000894ccc38}> (0x00000000894ccc38) 
thrown [s\open\src\hotspot\share\prims\jni.cpp, line 519]
Event: 0.677 Thread 0x000001c8a0f682c0 Exception <a 'java/lang/NoSuchMethodError'{0x000000008925f008}: 'void java.lang.invoke.DirectMethodHandle$Holder.invokeSpecial(java.lang.Object, java.lang.Object, java.lang.Object)'> (0x000000008925f008) 
thrown [s\open\src\hotspot\share\interpreter\linkResolver.cpp, line 773]
Event: 0.694 Thread 0x000001c8a0f682c0 Exception <a 'java/lang/NoSuchMethodError'{0x0000000089289958}: 'java.lang.Object java.lang.invoke.DirectMethodHandle$Holder.newInvokeSpecial(java.lang.Object, java.lang.Object, java.lang.Object, java.lang.Object, java.lang.Object)'> (0x0000000089289958) 
thrown [s\open\src\hotspot\share\interpreter\linkResolver.cpp, line 773]
Event: 0.711 Thread 0x000001c8a0f682c0 Exception <a 'java/lang/NoSuchMethodError'{0x00000000892ba200}: 'java.lang.Object java.lang.invoke.DirectMethodHandle$Holder.invokeStatic(java.lang.Object, int, java.lang.Object)'> (0x00000000892ba200) 
thrown [s\open\src\hotspot\share\interpreter\linkResolver.cpp, line 773]
Event: 0.771 Thread 0x000001c8a0f682c0 Exception <a 'java/lang/ClassNotFoundException'{0x0000000089175788}: com/sun/swing/internal/plaf/metal/resources/spi/metalProvider> (0x0000000089175788) 
thrown [s\open\src\hotspot\share\classfile\systemDictionary.cpp, line 305]
Event: 0.772 Thread 0x000001c8a0f682c0 Exception <a 'java/lang/ClassNotFoundException'{0x00000000891796e8}: com/sun/swing/internal/plaf/basic/resources/spi/basicProvider> (0x00000000891796e8) 
thrown [s\open\src\hotspot\share\classfile\systemDictionary.cpp, line 305]
Event: 0.786 Thread 0x000001c8a0f682c0 Exception <a 'java/lang/NoSuchMethodError'{0x00000000891986f0}: 'int java.lang.invoke.Invokers$Holder.invokeExact_MT(java.lang.Object, java.lang.Object)'> (0x00000000891986f0) 
thrown [s\open\src\hotspot\share\interpreter\linkResolver.cpp, line 773]
Event: 0.998 Thread 0x000001c8a100f030 Exception <a 'java/lang/NoSuchMethodError'{0x0000000088fa0f88}: 'java.lang.Object java.lang.invoke.DirectMethodHandle$Holder.newInvokeSpecial(java.lang.Object, java.lang.Object, java.lang.Object, int, int, int, int, int)'> (0x0000000088fa0f88) 
thrown [s\open\src\hotspot\share\interpreter\linkResolver.cpp, line 773]
Event: 1.067 Thread 0x000001c8a0f682c0 Exception <a 'java/lang/NoSuchMethodError'{0x00000000891f8c00}: 'void java.lang.invoke.DirectMethodHandle$Holder.invokeStaticInit(java.lang.Object)'> (0x00000000891f8c00) 
thrown [s\open\src\hotspot\share\interpreter\linkResolver.cpp, line 773]
Event: 2.121 Thread 0x000001c8a0c70550 Exception <a 'java/lang/NoSuchMethodError'{0x00000000890554c8}: 'void java.lang.invoke.DirectMethodHandle$Holder.invokeVirtual(java.lang.Object, java.lang.Object)'> (0x00000000890554c8) 
thrown [s\open\src\hotspot\share\interpreter\linkResolver.cpp, line 773]
Event: 2.142 Thread 0x000001c8a0f682c0 Implicit null exception at 0x000001c88fb1500c to 0x000001c88fb150a4
Event: 2.198 Thread 0x000001c8a0f682c0 Exception <a 'java/lang/NoSuchMethodError'{0x0000000088f4f498}: 'java.lang.Object java.lang.invoke.DirectMethodHandle$Holder.invokeInterface(java.lang.Object, java.lang.Object)'> (0x0000000088f4f498) 
thrown [s\open\src\hotspot\share\interpreter\linkResolver.cpp, line 773]
Event: 2.245 Thread 0x000001c8a0f682c0 Exception <a 'java/lang/NoSuchMethodError'{0x0000000088fc95d0}: 'void java.lang.invoke.DirectMethodHandle$Holder.invokeStatic(java.lang.Object, java.lang.Object, java.lang.Object)'> (0x0000000088fc95d0) 
thrown [s\open\src\hotspot\share\interpreter\linkResolver.cpp, line 773]
Event: 2.249 Thread 0x000001c8a0f682c0 Exception <a 'java/lang/NoSuchMethodError'{0x0000000088fd30e0}: 'java.lang.Object java.lang.invoke.DirectMethodHandle$Holder.invokeVirtual(java.lang.Object, java.lang.Object, java.lang.Object)'> (0x0000000088fd30e0) 
thrown [s\open\src\hotspot\share\interpreter\linkResolver.cpp, line 773]
Event: 2.472 Thread 0x000001c8a0f682c0 Exception <a 'java/lang/NoSuchMethodError'{0x0000000088cda110}: 'void java.lang.invoke.DirectMethodHandle$Holder.invokeStatic(java.lang.Object, java.lang.Object)'> (0x0000000088cda110) 
thrown [s\open\src\hotspot\share\interpreter\linkResolver.cpp, line 773]

VM Operations (20 events):
Event: 2.461 Executing VM operation: HandshakeAllThreads done
Event: 2.553 Executing VM operation: G1CollectForAllocation
Event: 2.564 Executing VM operation: G1CollectForAllocation done
Event: 2.602 Executing VM operation: HandshakeAllThreads
Event: 2.603 Executing VM operation: HandshakeAllThreads done
Event: 2.773 Executing VM operation: HandshakeAllThreads
Event: 2.773 Executing VM operation: HandshakeAllThreads done
Event: 3.779 Executing VM operation: Cleanup
Event: 3.779 Executing VM operation: Cleanup done
Event: 7.803 Executing VM operation: Cleanup
Event: 7.803 Executing VM operation: Cleanup done
Event: 9.807 Executing VM operation: Cleanup
Event: 9.807 Executing VM operation: Cleanup done
Event: 12.837 Executing VM operation: Cleanup
Event: 12.837 Executing VM operation: Cleanup done
Event: 13.843 Executing VM operation: Cleanup
Event: 13.843 Executing VM operation: Cleanup done
Event: 14.854 Executing VM operation: Cleanup
Event: 14.854 Executing VM operation: Cleanup done
Event: 15.649 Executing VM operation: Exit

Events (20 events):
Event: 0.497 Thread 0x000001c8a0c70550 Thread added: 0x000001c8a0c70550
Event: 0.527 Thread 0x000001c8a0f682c0 Thread added: 0x000001c8a0f682c0
Event: 0.529 Thread 0x000001c8fe4ddf90 Thread exited: 0x000001c8fe4ddf90
Event: 0.529 Thread 0x000001c8fe4ddf90 Thread added: 0x000001c8fe4ddf90
Event: 0.851 Thread 0x000001c8a100f030 Thread added: 0x000001c8a100f030
Event: 0.908 Thread 0x000001c8a10500e0 Thread added: 0x000001c8a10500e0
Event: 1.658 Thread 0x000001c8a10500e0 Thread exited: 0x000001c8a10500e0
Event: 1.974 Thread 0x000001c8a1334fa0 Thread added: 0x000001c8a1334fa0
Event: 2.158 Thread 0x000001c8a23b7080 Thread added: 0x000001c8a23b7080
Event: 2.807 Thread 0x000001c8a23b8b10 Thread added: 0x000001c8a23b8b10
Event: 3.127 Thread 0x000001c8a1334fa0 Thread exited: 0x000001c8a1334fa0
Event: 6.031 Thread 0x000001c8a100f030 Thread exited: 0x000001c8a100f030
Event: 10.730 Thread 0x000001c8a23b95b0 Thread added: 0x000001c8a23b95b0
Event: 15.303 Thread 0x000001c8a23b95b0 Thread exited: 0x000001c8a23b95b0
Event: 15.538 Thread 0x000001c8a23b85c0 Thread added: 0x000001c8a23b85c0
Event: 15.538 Thread 0x000001c8a23b75d0 Thread added: 0x000001c8a23b75d0
Event: 15.543 Thread 0x000001c8a23b85c0 Thread exited: 0x000001c8a23b85c0
Event: 15.612 Thread 0x000001c8a0c70550 Thread exited: 0x000001c8a0c70550
Event: 15.648 Thread 0x000001c8a23b75d0 Thread exited: 0x000001c8a23b75d0
Event: 15.649 Thread 0x000001c89c6fd6e0 Thread exited: 0x000001c89c6fd6e0


Dynamic libraries:
0x00007ff7cb7a0000 - 0x00007ff7cb7b0000 	C:\Program Files\Java\jdk-20\bin\java.exe
0x00007ffac2830000 - 0x00007ffac2a28000 	C:\Windows\SYSTEM32\ntdll.dll
0x00007ffa86260000 - 0x00007ffa86279000 	C:\Program Files\Avast Software\Avast\aswhook.dll
0x00007ffac2450000 - 0x00007ffac250d000 	C:\Windows\System32\KERNEL32.DLL
0x00007ffac0250000 - 0x00007ffac0546000 	C:\Windows\System32\KERNELBASE.dll
0x00007ffac0700000 - 0x00007ffac0800000 	C:\Windows\System32\ucrtbase.dll
0x00007ffaac880000 - 0x00007ffaac89b000 	C:\Program Files\Java\jdk-20\bin\VCRUNTIME140.dll
0x00007ffaac370000 - 0x00007ffaac389000 	C:\Program Files\Java\jdk-20\bin\jli.dll
0x00007ffac22e0000 - 0x00007ffac238f000 	C:\Windows\System32\ADVAPI32.dll
0x00007ffac1800000 - 0x00007ffac189e000 	C:\Windows\System32\msvcrt.dll
0x00007ffac08a0000 - 0x00007ffac093c000 	C:\Windows\System32\sechost.dll
0x00007ffac2580000 - 0x00007ffac26a6000 	C:\Windows\System32\RPCRT4.dll
0x00007ffac1090000 - 0x00007ffac122e000 	C:\Windows\System32\USER32.dll
0x00007ffac06a0000 - 0x00007ffac06c2000 	C:\Windows\System32\win32u.dll
0x00007ffac2710000 - 0x00007ffac273c000 	C:\Windows\System32\GDI32.dll
0x00007ffabff10000 - 0x00007ffac002a000 	C:\Windows\System32\gdi32full.dll
0x00007ffac0600000 - 0x00007ffac069d000 	C:\Windows\System32\msvcp_win.dll
0x00007ffaa6c00000 - 0x00007ffaa6e9a000 	C:\Windows\WinSxS\amd64_microsoft.windows.common-controls_6595b64144ccf1df_6.0.19041.3636_none_60b6a03d71f818d5\COMCTL32.dll
0x00007ffab60c0000 - 0x00007ffab60ca000 	C:\Windows\SYSTEM32\VERSION.dll
0x00007ffac2110000 - 0x00007ffac2140000 	C:\Windows\System32\IMM32.DLL
0x00007ffabbe00000 - 0x00007ffabbe0c000 	C:\Program Files\Java\jdk-20\bin\vcruntime140_1.dll
0x00007ffaa6ee0000 - 0x00007ffaa6f6e000 	C:\Program Files\Java\jdk-20\bin\msvcp140.dll
0x00007ffa63bb0000 - 0x00007ffa64847000 	C:\Program Files\Java\jdk-20\bin\server\jvm.dll
0x00007ffab1260000 - 0x00007ffab1269000 	C:\Windows\SYSTEM32\WSOCK32.dll
0x00007ffaac580000 - 0x00007ffaac5a7000 	C:\Windows\SYSTEM32\WINMM.dll
0x00007ffac2510000 - 0x00007ffac257b000 	C:\Windows\System32\WS2_32.dll
0x00007ffabddd0000 - 0x00007ffabdde2000 	C:\Windows\SYSTEM32\kernel.appcore.dll
0x00007ffab8a10000 - 0x00007ffab8a1a000 	C:\Program Files\Java\jdk-20\bin\jimage.dll
0x00007ffab5c90000 - 0x00007ffab5e74000 	C:\Windows\SYSTEM32\DBGHELP.DLL
0x00007ffab5c30000 - 0x00007ffab5c64000 	C:\Windows\SYSTEM32\dbgcore.DLL
0x00007ffac0800000 - 0x00007ffac0882000 	C:\Windows\System32\bcryptPrimitives.dll
0x00007ffaa7810000 - 0x00007ffaa7836000 	C:\Program Files\Java\jdk-20\bin\java.dll
0x00007ffaa7730000 - 0x00007ffaa7807000 	C:\Program Files\Java\jdk-20\bin\jsvml.dll
0x00007ffac0940000 - 0x00007ffac1084000 	C:\Windows\System32\SHELL32.dll
0x00007ffabdfd0000 - 0x00007ffabe76b000 	C:\Windows\SYSTEM32\windows.storage.dll
0x00007ffac12b0000 - 0x00007ffac1604000 	C:\Windows\System32\combase.dll
0x00007ffabf880000 - 0x00007ffabf8ad000 	C:\Windows\SYSTEM32\Wldp.dll
0x00007ffac2390000 - 0x00007ffac243d000 	C:\Windows\System32\SHCORE.dll
0x00007ffac26b0000 - 0x00007ffac2705000 	C:\Windows\System32\shlwapi.dll
0x00007ffabfe40000 - 0x00007ffabfe65000 	C:\Windows\SYSTEM32\profapi.dll
0x00007ffaabe30000 - 0x00007ffaabe43000 	C:\Program Files\Java\jdk-20\bin\net.dll
0x00007ffab5820000 - 0x00007ffab592a000 	C:\Windows\SYSTEM32\WINHTTP.dll
0x00007ffabf5e0000 - 0x00007ffabf64a000 	C:\Windows\system32\mswsock.dll
0x00007ffaa7890000 - 0x00007ffaa78a6000 	C:\Program Files\Java\jdk-20\bin\nio.dll
0x00007ffaa76b0000 - 0x00007ffaa76c8000 	C:\Program Files\Java\jdk-20\bin\zip.dll
0x00007ffaa7510000 - 0x00007ffaa76a1000 	C:\Program Files\Java\jdk-20\bin\awt.dll
0x00007ffac1730000 - 0x00007ffac17fd000 	C:\Windows\System32\OLEAUT32.dll
0x00007ffabd720000 - 0x00007ffabd7b0000 	C:\Windows\SYSTEM32\apphelp.dll
0x00007ffabd8e0000 - 0x00007ffabd97e000 	C:\Windows\system32\uxtheme.dll
0x00007ffac1610000 - 0x00007ffac1724000 	C:\Windows\System32\MSCTF.dll
0x00007ffac1930000 - 0x00007ffac1a5b000 	C:\Windows\System32\ole32.dll
0x00007ffabdae0000 - 0x00007ffabdb0f000 	C:\Windows\system32\DWMAPI.DLL
0x00007ffaac1c0000 - 0x00007ffaac2e5000 	C:\Windows\system32\opengl32.dll
0x00007ffab2a50000 - 0x00007ffab2a7c000 	C:\Windows\SYSTEM32\GLU32.dll
0x00007ffaa62b0000 - 0x00007ffaa6336000 	C:\Program Files\Java\jdk-20\bin\freetype.dll
0x00007ffaa61e0000 - 0x00007ffaa62a6000 	C:\Program Files\Java\jdk-20\bin\fontmanager.dll
0x00007ffac2740000 - 0x00007ffac27e9000 	C:\Windows\System32\clbcatq.dll
0x00007ffabb100000 - 0x00007ffabb2b4000 	C:\Windows\SYSTEM32\WindowsCodecs.dll
0x00007ffac06d0000 - 0x00007ffac06f7000 	C:\Windows\System32\bcrypt.dll
0x00007ffaa2570000 - 0x00007ffaa25ae000 	C:\Windows\system32\dataexchange.dll
0x00007ffabcc10000 - 0x00007ffabcdf3000 	C:\Windows\system32\dcomp.dll
0x00007ffabc3e0000 - 0x00007ffabc643000 	C:\Windows\system32\d3d11.dll
0x00007ffabe7d0000 - 0x00007ffabe8c3000 	C:\Windows\system32\dxgi.dll
0x00007ffabae40000 - 0x00007ffabb047000 	C:\Windows\system32\twinapi.appcore.dll
0x00007ffabf310000 - 0x00007ffabf3da000 	C:\Windows\SYSTEM32\DNSAPI.dll
0x00007ffabf2d0000 - 0x00007ffabf30b000 	C:\Windows\SYSTEM32\IPHLPAPI.DLL
0x00007ffac2440000 - 0x00007ffac2448000 	C:\Windows\System32\NSI.dll
0x00007ffab5430000 - 0x00007ffab543a000 	C:\Windows\System32\rasadhlp.dll
0x00007ffab5350000 - 0x00007ffab53d0000 	C:\Windows\System32\fwpuclnt.dll
0x00007ffab1010000 - 0x00007ffab1017000 	C:\Program Files\Java\jdk-20\bin\extnet.dll
0x00007ffaaa550000 - 0x00007ffaaa64a000 	C:\Windows\SYSTEM32\textinputframework.dll
0x00007ffabd4e0000 - 0x00007ffabd5d2000 	C:\Windows\System32\CoreMessaging.dll
0x00007ffabce00000 - 0x00007ffabd15b000 	C:\Windows\System32\CoreUIComponents.dll
0x00007ffabf030000 - 0x00007ffabf063000 	C:\Windows\SYSTEM32\ntmarta.dll
0x00007ffabbe20000 - 0x00007ffabbf75000 	C:\Windows\SYSTEM32\wintypes.dll
0x00007ffa4b650000 - 0x00007ffa4e773000 	C:\Users\Elvis\Documents\NetBeansProjects\SofwareMatricula\opencv_java480.dll
0x00007ffab99e0000 - 0x00007ffab9b9b000 	C:\Windows\SYSTEM32\MFPlat.DLL
0x00007ffa73a70000 - 0x00007ffa73af4000 	C:\Windows\SYSTEM32\MF.dll
0x00007ffa69980000 - 0x00007ffa69a8a000 	C:\Windows\SYSTEM32\MFReadWrite.dll
0x00007ffac0200000 - 0x00007ffac024e000 	C:\Windows\System32\cfgmgr32.dll
0x00007ffa53cc0000 - 0x00007ffa5414e000 	C:\Windows\SYSTEM32\MFCORE.DLL
0x00007ffac00a0000 - 0x00007ffac01fd000 	C:\Windows\System32\CRYPT32.dll
0x00007ffabfd70000 - 0x00007ffabfdbb000 	C:\Windows\SYSTEM32\powrprof.dll
0x00007ffaa3da0000 - 0x00007ffaa3da9000 	C:\Windows\SYSTEM32\ksuser.dll
0x00007ffabf7d0000 - 0x00007ffabf7dc000 	C:\Windows\SYSTEM32\CRYPTBASE.DLL
0x00007ffab9f20000 - 0x00007ffab9f54000 	C:\Windows\SYSTEM32\RTWorkQ.DLL
0x00007ffabfd50000 - 0x00007ffabfd62000 	C:\Windows\SYSTEM32\UMPDC.dll
0x00007ffab7e80000 - 0x00007ffab7ebb000 	C:\Windows\SYSTEM32\dxcore.dll
0x00007ffab9140000 - 0x00007ffab9177000 	C:\Windows\SYSTEM32\CompPkgSup.DLL
0x00007ffa68390000 - 0x00007ffa68ab6000 	C:\Windows\System32\Windows.Media.dll
0x00007ffab8720000 - 0x00007ffab8806000 	C:\Windows\System32\Windows.ApplicationModel.dll
0x00007ffab8610000 - 0x00007ffab8712000 	C:\Windows\System32\AppXDeploymentClient.dll
0x00007ffaa3d30000 - 0x00007ffaa3d9d000 	C:\Windows\System32\FrameServerClient.dll
0x00007ffaa3cc0000 - 0x00007ffaa3d27000 	C:\Windows\System32\MFSENSORGROUP.dll
0x00007ffabb720000 - 0x00007ffabb72a000 	C:\Windows\SYSTEM32\AVRT.dll
0x00007ffaa4a30000 - 0x00007ffaa4a3d000 	C:\Windows\System32\vidcap.ax
0x00007ffaa3c50000 - 0x00007ffaa3c77000 	C:\Windows\System32\kswdmcap.ax
0x00007ffa627c0000 - 0x00007ffa6292c000 	C:\Windows\System32\MFC42.dll
0x00007ffaa3730000 - 0x00007ffaa3876000 	C:\Windows\System32\Windows.StateRepositoryPS.dll
0x00007ffa8ea70000 - 0x00007ffa8eb55000 	C:\Program Files\Intel\Media SDK\mfx_mft_mjpgvd_64.dll
0x00007ffa65800000 - 0x00007ffa659cd000 	C:\Windows\SYSTEM32\d3d9.dll
0x00007ffa6a650000 - 0x00007ffa6a674000 	C:\Windows\SYSTEM32\dxva2.dll
0x00007ffa60440000 - 0x00007ffa604ff000 	C:\Windows\SYSTEM32\EVR.dll
0x00007ffabba80000 - 0x00007ffabbb76000 	C:\Windows\SYSTEM32\PROPSYS.dll
0x00007ffaa4a40000 - 0x00007ffaa4a5d000 	C:\Windows\System32\mfmjpegdec.dll
0x00007ffa73820000 - 0x00007ffa7394d000 	C:\Windows\System32\mfperfhelper.dll
0x00007ffa52f40000 - 0x00007ffa530a0000 	C:\Windows\System32\msvproc.dll
0x00007ffab6c90000 - 0x00007ffab70ef000 	C:\Windows\SYSTEM32\igdusc64.dll
0x00007ffaa4a10000 - 0x00007ffaa4a25000 	C:\Windows\SYSTEM32\OpenCL.dll
0x00007ffa90230000 - 0x00007ffa90292000 	C:\Windows\SYSTEM32\IntelOpenCL64.dll
0x00007ffa63570000 - 0x00007ffa6366d000 	C:\Program Files (x86)\Common Files\Intel\OpenCL\bin\x64\intelocl64.dll
0x00007ffa8ed50000 - 0x00007ffa8edc6000 	C:\Program Files (x86)\Common Files\Intel\OpenCL\bin\x64\task_executor64.dll
0x00007ffa8d030000 - 0x00007ffa8d0c5000 	C:\Program Files (x86)\Common Files\Intel\OpenCL\bin\x64\cpu_device64.dll
0x00007ffa8b490000 - 0x00007ffa8b4f9000 	C:\Program Files (x86)\Common Files\Intel\OpenCL\bin\x64\tbb\tbb.dll
0x00007ffa52040000 - 0x00007ffa52234000 	C:\Windows\SYSTEM32\igdrcl64.dll
0x00007ffa4a060000 - 0x00007ffa4b642000 	C:\Windows\SYSTEM32\igdfcl64.dll
0x00007ffa8b430000 - 0x00007ffa8b48f000 	C:\Windows\SYSTEM32\igdbcl64.dll

dbghelp: loaded successfully - version: 4.0.5 - missing functions: none
symbol engine: initialized successfully - sym options: 0x614 - pdb path: .;C:\Program Files\Java\jdk-20\bin;C:\Windows\SYSTEM32;C:\Program Files\Avast Software\Avast;C:\Windows\WinSxS\amd64_microsoft.windows.common-controls_6595b64144ccf1df_6.0.19041.3636_none_60b6a03d71f818d5;C:\Program Files\Java\jdk-20\bin\server;C:\Users\Elvis\Documents\NetBeansProjects\SofwareMatricula;C:\Program Files\Intel\Media SDK;C:\Program Files (x86)\Common Files\Intel\OpenCL\bin\x64;C:\Program Files (x86)\Common Files\Intel\OpenCL\bin\x64\tbb

VM Arguments:
jvm_args: -Dfile.encoding=UTF-8 --module-path=C:\Users\Elvis\Documents\NetBeansProjects\SofwareMatricula\build\classes 
java_command: SoftwareAsistencia.SoftwareMatriculaAppliation
java_class_path (initial): C:\Program Files\NetBeans-15\netbeans\java\modules\ext\AbsoluteLayout.jar;C:\Users\Elvis\Desktop\Software Farmacia\JarFiles_ProyectFarmacia\JarFiles_ProyectFarmacia\Librerias\Librerias\AbsoluteLayout.jar;C:\Users\Elvis\Downloads\opencv\build\java\opencv-480.jar;C:\Users\Elvis\Downloads\mysql-connector-j-8.2.0\mysql-connector-j-8.2.0.jar;C:\Users\Elvis\Downloads\libs\artoolkitplus-2.3.1-1.3-linux-ppc64le.jar;C:\Users\Elvis\Downloads\libs\artoolkitplus-2.3.1-1.3-linux-x86.jar;C:\Users\Elvis\Downloads\libs\artoolkitplus-2.3.1-1.3-macosx-x86_64.jar;C:\Users\Elvis\Downloads\libs\artoolkitplus-2.3.1-1.3.jar;C:\Users\Elvis\Downloads\libs\bridj-0.7.0.jar;C:\Users\Elvis\Downloads\libs\flandmark-1.07-1.3-macosx-x86_64.jar;C:\Users\Elvis\Downloads\libs\flandmark-1.07-1.3-windows-x86_64.jar;C:\Users\Elvis\Downloads\libs\flycapture-2.9.3.43-1.3-linux-x86_64.jar;C:\Users\Elvis\Downloads\libs\flycapture-2.9.3.43-1.3-windows-x86.jar;C:\Users\Elvis\Downloads\libs\flycapture-2.9.3.43-1.3.jar;C:\Users\Elvis\Downloads\libs\javacv-1.3.3.jar;C:\Users\Elvis\Downloads\libs\javacv-platform-1.3.3.jar;C:\Users\Elvis\Downloads\libs\libdc1394-2.2.4-1.3-windows-x86.jar;C:\Users\Elvis\Downloads\libs\libdc1394-platform-2.2.4-1.3.jar;C:\Users\Elvis\Downloads\libs\libfreenect-0.5.3-1.3-windows-x86.jar;C:\Users\Elvis\Downloads\libs\libfreenect2-0.2.0-1.3.jar;C:\Users\Elvis\Downloads\libs\opencv-3.2.0-1.3-linux-armhf.jar;C:\Users\Elvis\Downloads\libs\opencv-3.2.0-1.3-linux-x86_64.jar;C:\Users\Elvis\Downloads\libs\opencv-3.2.0-1.3-macosx-x86_64.jar;C:\Users\Elvis\Downloads\libs\opencv-3.2.0-1.3-windows-x86_64.jar;C:\Users\Elvis\Downloads\libs\opencv-platform-3.2.0-1.3.jar;C:\Users\Elvis\Downloads\libs\slf4j-api-1.7.2.jar;C:\Users\Elvis\Downloads\libs\v4l4j-0.9.1-r507.jar;C:\Users\Elvis\Downloads\libs\webcam-capture-0.3.12.jar;C:\Users\Elvis\Documents\NetBeansProjects\SofwareMatricula\build\classes
Launcher Type: SUN_STANDARD

[Global flags]
     intx CICompilerCount                          = 3                                         {product} {ergonomic}
     uint ConcGCThreads                            = 1                                         {product} {ergonomic}
     uint G1ConcRefinementThreads                  = 4                                         {product} {ergonomic}
   size_t G1HeapRegionSize                         = 1048576                                   {product} {ergonomic}
    uintx GCDrainStackTargetSize                   = 64                                        {product} {ergonomic}
   size_t InitialHeapSize                          = 134217728                                 {product} {ergonomic}
   size_t MarkStackSize                            = 4194304                                   {product} {ergonomic}
   size_t MaxHeapSize                              = 2122317824                                {product} {ergonomic}
   size_t MaxNewSize                               = 1272971264                                {product} {ergonomic}
   size_t MinHeapDeltaBytes                        = 1048576                                   {product} {ergonomic}
   size_t MinHeapSize                              = 8388608                                   {product} {ergonomic}
    uintx NonNMethodCodeHeapSize                   = 5832780                                {pd product} {ergonomic}
    uintx NonProfiledCodeHeapSize                  = 122912730                              {pd product} {ergonomic}
    uintx ProfiledCodeHeapSize                     = 122912730                              {pd product} {ergonomic}
    uintx ReservedCodeCacheSize                    = 251658240                              {pd product} {ergonomic}
     bool SegmentedCodeCache                       = true                                      {product} {ergonomic}
   size_t SoftMaxHeapSize                          = 2122317824                             {manageable} {ergonomic}
     bool UseCompressedClassPointers               = true                           {product lp64_product} {ergonomic}
     bool UseCompressedOops                        = true                           {product lp64_product} {ergonomic}
     bool UseG1GC                                  = true                                      {product} {ergonomic}
     bool UseLargePagesIndividualAllocation        = false                                  {pd product} {ergonomic}

Logging:
Log output configuration:
 #0: stdout all=off uptime,level,tags foldmultilines=false
 #1: stderr all=off uptime,level,tags foldmultilines=false

Environment Variables:
PATH=C:\Program Files (x86)\VMware\VMware Workstation\bin\;C:\Program Files\Microsoft MPI\Bin\;C:\Program Files\Common Files\Oracle\Java\javapath;C:\Program Files (x86)\Common Files\Oracle\Java\javapath;C:\Windows\system32;C:\Windows;C:\Windows\System32\Wbem;C:\Windows\System32\WindowsPowerShell\v1.0\;C:\Windows\System32\OpenSSH\;C:\Program Files\Git\cmd;C:\Program Files (x86)\Microsoft SQL Server\160\Tools\Binn\;C:\Program Files\Microsoft SQL Server\160\Tools\Binn\;C:\Program Files\Microsoft SQL Server\Client SDK\ODBC\170\Tools\Binn\;C:\Program Files\Microsoft SQL Server\160\DTS\Binn\;C:\Program Files (x86)\Microsoft SQL Server\160\DTS\Binn\;C:\Program Files\Azure Data Studio\bin;C:\ProgramData\chocolatey\bin;C:\Python\Python312\Scripts\;C:\Python\Python312\;C:\Users\Elvis\AppData\Local\Microsoft\WindowsApps;;C:\Users\Elvis\AppData\Local\Programs\Microsoft VS Code\bin;C:\Program Files\Azure Data Studio\bin;C:\Program Files\Azure Data Studio\bin;C:\Program Files\Azure Data Studio\bin
USERNAME=Elvis
OS=Windows_NT
PROCESSOR_IDENTIFIER=Intel64 Family 6 Model 58 Stepping 9, GenuineIntel
TMP=C:\Users\Elvis\AppData\Local\Temp
TEMP=C:\Users\Elvis\AppData\Local\Temp




---------------  S Y S T E M  ---------------

OS:
 Windows 10 , 64 bit Build 19041 (10.0.19041.3636)
OS uptime: 0 days 2:28 hours

CPU: total 4 (initial active 4) (2 cores per cpu, 2 threads per core) family 6 model 58 stepping 9 microcode 0x21, cx8, cmov, fxsr, ht, mmx, sse, sse2, sse3, ssse3, sse4.1, sse4.2, popcnt, tsc, tscinvbit, avx, aes, erms, clmul, vzeroupper, clflush, rdtscp, f16c

Memory: 4k page, system-wide physical 8095M (2581M free)
TotalPageFile size 10655M (AvailPageFile size 4362M)
current process WorkingSet (physical memory assigned to process): 131M, peak: 154M
current process commit charge ("private bytes"): 253M, peak: 280M

vm_info: Java HotSpot(TM) 64-Bit Server VM (20+36-2344) for windows-amd64 JRE (20+36-2344), built on 2023-02-10T19:30:15Z by "mach5one" with MS VC++ 17.1 (VS2022)

END.
