#
# A fatal error has been detected by the Java Runtime Environment:
#
#  EXCEPTION_ACCESS_VIOLATION (0xc0000005) at pc=0x00007fffc583faad, pid=7376, tid=3956
#
# JRE version: Java(TM) SE Runtime Environment (20.0+36) (build 20+36-2344)
# Java VM: Java HotSpot(TM) 64-Bit Server VM (20+36-2344, mixed mode, sharing, tiered, compressed oops, compressed class ptrs, g1 gc, windows-amd64)
# Problematic frame:
# C  [ntdll.dll+0x2faad]
#
# No core dump will be written. Minidumps are not enabled by default on client versions of Windows
#
# If you would like to submit a bug report, please visit:
#   https://bugreport.java.com/bugreport/crash.jsp
#

---------------  S U M M A R Y ------------

Command Line: -Dfile.encoding=UTF-8 --module-path=C:\Users\Elvis\Documents\NetBeansProjects\SofwareMatricula\build\classes SofwareAsistencia.controler.metodos.FaceRecognition

Host: Intel(R) Core(TM) i5-3337U CPU @ 1.80GHz, 4 cores, 7G,  Windows 10 , 64 bit Build 19041 (10.0.19041.3636)
Time: Sat Nov 18 15:48:19 2023 Hora est. Pacífico, Sudamérica elapsed time: 7.024482 seconds (0d 0h 0m 7s)

---------------  T H R E A D  ---------------

Current thread (0x000001d0b62bd280):  VMThread "VM Thread" [stack: 0x0000000265200000,0x0000000265300000] [id=3956]

Stack: [0x0000000265200000,0x0000000265300000],  sp=0x00000002652fef30,  free space=1019k
Native frames: (J=compiled Java code, j=interpreted, Vv=VM code, C=native code)
C  [ntdll.dll+0x2faad]
C  [igdrcl64.dll+0x36542]


siginfo: EXCEPTION_ACCESS_VIOLATION (0xc0000005), writing address 0x0000000000000018


Registers:
RAX=0x000000026475b000, RBX=0x0000000000000000, RCX=0x0000000000000010, RDX=0x000001d0bb842b60
RSP=0x00000002652fef30, RBP=0x000001d0ba87a018, RSI=0x0000000000000010, RDI=0x000001d0bb842b60
R8 =0x0000000000000032, R9 =0x0000000000000032, R10=0x0000000000000032, R11=0x00000002652fef70
R12=0x00007fff81af623c, R13=0x00007fff4c8dea90, R14=0x000066223fdeda59, R15=0x000001d0ba8798e0
RIP=0x00007fffc583faad, EFLAGS=0x0000000000010206


Register to memory mapping:

RIP=0x00007fffc583faad ntdll.dll
RAX=0x000000026475b000 points into unknown readable memory: 0x0000000000000000 | 00 00 00 00 00 00 00 00
RBX=0x0 is NULL
RCX=0x0000000000000010 is an unknown value
RDX=0x000001d0bb842b60 points into unknown readable memory: 0x00007fff7e9cffa0 | a0 ff 9c 7e ff 7f 00 00
RSP=0x00000002652fef30 points into unknown readable memory: 0x000001d097fd0000 | 00 00 fd 97 d0 01 00 00
RBP=0x000001d0ba87a018 points into unknown readable memory: 0x000066223fdeda59 | 59 da de 3f 22 66 00 00
RSI=0x0000000000000010 is an unknown value
RDI=0x000001d0bb842b60 points into unknown readable memory: 0x00007fff7e9cffa0 | a0 ff 9c 7e ff 7f 00 00
R8 =0x0000000000000032 is an unknown value
R9 =0x0000000000000032 is an unknown value
R10=0x0000000000000032 is an unknown value
R11=0x00000002652fef70 points into unknown readable memory: 0x000066223fdeda59 | 59 da de 3f 22 66 00 00
R12=0x00007fff81af623c opencv_java480.dll
R13=0x00007fff4c8dea90 jvm.dll
R14=0x000066223fdeda59 is an unknown value
R15=0x000001d0ba8798e0 points into unknown readable memory: 0xff03389affdedaa6 | a6 da de ff 9a 38 03 ff


Top of Stack: (sp=0x00000002652fef30)
0x00000002652fef30:   000001d097fd0000 000066223fdeda59
0x00000002652fef40:   00007fff4c8dea90 00007fff81af623c
0x00000002652fef50:   000001d0bbd59e00 00007fff7e826542
0x00000002652fef60:   000066205af13449 0000662200000006
0x00000002652fef70:   000066223fdeda59 000001d0bbd85300
0x00000002652fef80:   000001d0bb8652e0 00007fff7e821145
0x00000002652fef90:   000001d097fd0000 000001d0bb842b60
0x00000002652fefa0:   00000002652ff120 0000000000000000
0x00000002652fefb0:   000001d0bbd85300 00007fff80dfc109
0x00000002652fefc0:   000001d0bb8658e0 000066223fdeda59
0x00000002652fefd0:   00007fff4c8dea90 00007fff81af623c
0x00000002652fefe0:   000001d0bb8858b0 00007fffc58347b1
0x00000002652feff0:   000001d0bb8658e0 000001d098060000
0x00000002652ff000:   000001d0ba87a018 0000000000000000
0x00000002652ff010:   0000000000000000 000066205af13599
0x00000002652ff020:   000001d0bbd85300 00007fff80de4061
0x00000002652ff030:   00007fff826acd48 000001d0bbd852f0
0x00000002652ff040:   000001d0be172c90 000001d0bb885980
0x00000002652ff050:   00000000ffffffff 00007fff81c28ac0
0x00000002652ff060:   000001d0bbd85300 000001d0bbd852f0
0x00000002652ff070:   00000002652ff120 00007fffc08c936a
0x00000002652ff080:   000001d0ba87a000 00007fff81b4442f
0x00000002652ff090:   000001d0ba8798e0 000001d0981dc390
0x00000002652ff0a0:   000001d0981dc390 00007fffc58347b1
0x00000002652ff0b0:   0000000000000001 00007fff7f6f0000
0x00000002652ff0c0:   00000002652ff120 00007fff81b441dd
0x00000002652ff0d0:   00000002652ff150 00000002652ff1f0
0x00000002652ff0e0:   0000000000000001 00007fffc4ab9c9c
0x00000002652ff0f0:   00000002652ff1d0 00007fff81b44501
0x00000002652ff100:   00000002652ff1d0 00000002652ff520
0x00000002652ff110:   0000000000000000 00000002652ff150
0x00000002652ff120:   00000002652ff140 000001d0981dc398 

Instructions: (pc=0x00007fffc583faad)
0x00007fffc583f9ad:   48 b8 7f 7f 7f 7f 7f 7f 7f 7f 41 8b c8 48 0b cb
0x00007fffc583f9bd:   48 23 c8 83 e6 1f 49 89 8c f4 40 a5 16 00 48 81
0x00007fffc583f9cd:   c4 98 00 00 00 41 5f 41 5e 41 5d 41 5c 5f 5e 5b
0x00007fffc583f9dd:   5d c3 cc 33 d2 41 8b c6 41 f7 f0 44 8b c8 e9 d6
0x00007fffc583f9ed:   fc ff ff 41 8d 57 ff 41 85 d7 0f 84 13 38 08 00
0x00007fffc583f9fd:   41 b8 00 10 00 00 41 b9 ff ff 00 00 e9 3c 38 08
0x00007fffc583fa0d:   00 cc cc cc cc cc cc 48 8b c4 48 89 58 08 48 89
0x00007fffc583fa1d:   68 10 48 89 70 18 48 89 78 20 41 56 48 83 ec 20
0x00007fffc583fa2d:   40 8a ea 4c 8d 35 99 d1 13 00 48 8b f1 33 db 48
0x00007fffc583fa3d:   8d 0d 9d d1 13 00 e8 58 00 00 00 4c 8b 05 81 d1
0x00007fffc583fa4d:   13 00 4d 3b c6 0f 85 08 3b 08 00 48 85 db 75 33
0x00007fffc583fa5d:   48 8d 0d 7c d1 13 00 e8 c7 f7 ff ff 48 85 db 0f
0x00007fffc583fa6d:   85 23 3b 08 00 33 c0 48 8b 5c 24 30 48 8b 6c 24
0x00007fffc583fa7d:   38 48 8b 74 24 40 48 8b 7c 24 48 48 83 c4 20 41
0x00007fffc583fa8d:   5e c3 cc f0 ff 43 3c eb c7 cc cc cc cc cc cc cc
0x00007fffc583fa9d:   cc cc cc 48 83 ec 28 65 48 8b 04 25 30 00 00 00
0x00007fffc583faad:   f0 0f ba 71 08 00 48 8b 40 48 73 13 48 89 41 10
0x00007fffc583fabd:   33 c0 c7 41 0c 01 00 00 00 48 83 c4 28 c3 cc 48
0x00007fffc583facd:   39 41 10 75 0b ff 41 0c 33 c0 48 83 c4 28 c3 cc
0x00007fffc583fadd:   e8 0e 00 00 00 eb e2 cc cc cc cc cc cc cc cc cc
0x00007fffc583faed:   cc cc cc 48 89 5c 24 18 55 56 57 41 54 41 55 41
0x00007fffc583fafd:   56 41 57 48 83 ec 20 8b 41 20 48 8b f1 48 0f ba
0x00007fffc583fb0d:   e0 1a 0f 82 df 01 00 00 33 ff 40 32 ed 66 83 3c
0x00007fffc583fb1d:   25 6a 03 fe 7f 01 76 19 48 8b 7e 20 48 8b c7 81
0x00007fffc583fb2d:   e7 ff ff ff 00 25 00 00 00 02 48 85 c0 40 0f 95
0x00007fffc583fb3d:   c5 45 32 ff b0 01 45 32 e4 41 bd 01 00 00 00 45
0x00007fffc583fb4d:   33 c0 ba 6a 03 fe 7f 84 c0 0f 84 14 01 00 00 8b
0x00007fffc583fb5d:   46 08 4c 8d 4e 08 45 84 e4 41 be 03 00 00 00 45
0x00007fffc583fb6d:   0f 44 f5 41 84 c5 0f 85 e2 00 00 00 8d 0c bf 03
0x00007fffc583fb7d:   c9 66 44 39 2a 0f 86 e8 00 00 00 4d 85 c9 74 0e
0x00007fffc583fb8d:   80 3c 25 97 02 fe 7f 00 0f 85 29 3a 08 00 0f b7
0x00007fffc583fb9d:   1c 25 d6 02 fe 7f 83 fb 0c 0f 85 a2 00 00 00 b8 


Stack slot to memory mapping:
stack at sp + 0 slots: 0x000001d097fd0000 points into unknown readable memory: 0x0000000000000000 | 00 00 00 00 00 00 00 00
stack at sp + 1 slots: 0x000066223fdeda59 is an unknown value
stack at sp + 2 slots: 0x00007fff4c8dea90 jvm.dll
stack at sp + 3 slots: 0x00007fff81af623c opencv_java480.dll
stack at sp + 4 slots: 0x000001d0bbd59e00 points into unknown readable memory: 0x000001d0bbd59e00 | 00 9e d5 bb d0 01 00 00
stack at sp + 5 slots: 0x00007fff7e826542 igdrcl64.dll
stack at sp + 6 slots: 0x000066205af13449 is an unknown value
stack at sp + 7 slots: 0x0000662200000006 is an unknown value

VM_Operation (0x00000002667fe930): Exit, mode: safepoint, requested by thread 0x000001d0bb7997d0


---------------  P R O C E S S  ---------------

Threads class SMR info:
_java_thread_list=0x000001d0be2db6c0, length=13, elements={
0x000001d0b62dc710, 0x000001d0b62dd580, 0x000001d0b62e3660, 0x000001d0b62e5220,
0x000001d0b62e92d0, 0x000001d0b62eb0f0, 0x000001d0b62f3c20, 0x000001d0ba590760,
0x000001d0ba61ac00, 0x000001d0ba73d650, 0x000001d0bb6732f0, 0x000001d0bb7997d0,
0x000001d09a1b6850
}

Java Threads: ( => current thread )
  0x000001d0b62dc710 JavaThread "Reference Handler" daemon [_thread_blocked, id=4428, stack(0x0000000265300000,0x0000000265400000)]
  0x000001d0b62dd580 JavaThread "Finalizer" daemon [_thread_blocked, id=7124, stack(0x0000000265400000,0x0000000265500000)]
  0x000001d0b62e3660 JavaThread "Attach Listener" daemon [_thread_blocked, id=8368, stack(0x0000000265600000,0x0000000265700000)]
  0x000001d0b62e5220 JavaThread "Service Thread" daemon [_thread_blocked, id=1864, stack(0x0000000265700000,0x0000000265800000)]
  0x000001d0b62e92d0 JavaThread "Monitor Deflation Thread" daemon [_thread_blocked, id=2868, stack(0x0000000265800000,0x0000000265900000)]
  0x000001d0b62eb0f0 JavaThread "C2 CompilerThread0" daemon [_thread_blocked, id=6532, stack(0x0000000265900000,0x0000000265a00000)]
  0x000001d0b62f3c20 JavaThread "C1 CompilerThread0" daemon [_thread_blocked, id=4816, stack(0x0000000265a00000,0x0000000265b00000)]
  0x000001d0ba590760 JavaThread "Common-Cleaner" daemon [_thread_blocked, id=9064, stack(0x0000000265b00000,0x0000000265c00000)]
  0x000001d0ba61ac00 JavaThread "Notification Thread" daemon [_thread_blocked, id=1432, stack(0x0000000265c00000,0x0000000265d00000)]
  0x000001d0ba73d650 JavaThread "Java2D Disposer" daemon [_thread_blocked, id=6140, stack(0x0000000266400000,0x0000000266500000)]
  0x000001d0bb6732f0 JavaThread "AWT-Shutdown" [_thread_blocked, id=11096, stack(0x0000000266500000,0x0000000266600000)]
  0x000001d0bb7997d0 JavaThread "AWT-EventQueue-0" [_thread_blocked, id=4396, stack(0x0000000266700000,0x0000000266800000)]
  0x000001d09a1b6850 JavaThread "DestroyJavaVM" [_thread_blocked, id=748, stack(0x0000000264c00000,0x0000000264d00000)]

Other Threads:
=>0x000001d0b62bd280 VMThread "VM Thread" [stack: 0x0000000265200000,0x0000000265300000] [id=3956]
  0x000001d09a2155f0 WorkerThread "GC Thread#0" [stack: 0x0000000264d00000,0x0000000264e00000] [id=4780]
  0x000001d0be1efd90 WorkerThread "GC Thread#1" [stack: 0x0000000267500000,0x0000000267600000] [id=9224]
  0x000001d0be1f1410 WorkerThread "GC Thread#2" [stack: 0x0000000267600000,0x0000000267700000] [id=11708]
  0x000001d0be1efac0 WorkerThread "GC Thread#3" [stack: 0x0000000267700000,0x0000000267800000] [id=12020]
  0x000001d09a226380 ConcurrentGCThread "G1 Main Marker" terminated
  0x000001d09a227460 WorkerThread "G1 Conc#0" [stack: 0x0000000264f00000,0x0000000265000000] [id=2940]
  0x000001d09a27e930 ConcurrentGCThread "G1 Refine#0" terminated
  0x000001d0b616d500 ConcurrentGCThread "G1 Service" terminated

Threads with active compile tasks:

VM state: at safepoint (shutting down)

VM Mutex/Monitor currently owned by a thread:  ([mutex/lock_event])
[0x000001d09a1b5100] Threads_lock - owner thread: 0x000001d0b62bd280
[0x000001d09a1b58e0] Heap_lock - owner thread: 0x000001d0bb7997d0

Heap address: 0x0000000081800000, size: 2024 MB, Compressed Oops mode: 32-bit

CDS archive(s) mapped at: [0x0000000800000000-0x0000000800c60000-0x0000000800c60000), size 12976128, SharedBaseAddress: 0x0000000800000000, ArchiveRelocationMode: 0.
Compressed class space mapped at: 0x0000000801000000-0x0000000841000000, reserved size: 1073741824
Narrow klass base: 0x0000000800000000, Narrow klass shift: 0, Narrow klass range: 0x100000000

GC Precious Log:
 CardTable entry size: 512
 Card Set container configuration: InlinePtr #cards 5 size 8 Array Of Cards #cards 12 size 40 Howl #buckets 4 coarsen threshold 1843 Howl Bitmap #cards 512 size 80 coarsen threshold 460 Card regions per heap region 1 cards per card region 2048
 CPUs: 4 total, 4 available
 Memory: 8095M
 Large Page Support: Disabled
 NUMA Support: Disabled
 Compressed Oops: Enabled (32-bit)
 Heap Region Size: 1M
 Heap Min Capacity: 8M
 Heap Initial Capacity: 128M
 Heap Max Capacity: 2024M
 Pre-touch: Disabled
 Parallel Workers: 4
 Concurrent Workers: 1
 Concurrent Refinement Workers: 4
 Periodic GC: Disabled

Heap:
 garbage-first heap   total 131072K, used 9392K [0x0000000081800000, 0x0000000100000000)
  region size 1024K, 8 young (8192K), 2 survivors (2048K)
 Metaspace       used 7371K, committed 7616K, reserved 1114112K
  class space    used 767K, committed 896K, reserved 1048576K

Heap Regions: E=young(eden), S=young(survivor), O=old, HS=humongous(starts), HC=humongous(continues), CS=collection set, F=free, OA=open archive, CA=closed archive, TAMS=top-at-mark-start, PB=parsable bottom
|   0|0x0000000081800000, 0x0000000081900000, 0x0000000081900000|100%|HS|  |TAMS 0x0000000081800000| PB 0x0000000081800000| Complete 
|   1|0x0000000081900000, 0x0000000081a00000, 0x0000000081a00000|100%|HC|  |TAMS 0x0000000081900000| PB 0x0000000081900000| Complete 
|   2|0x0000000081a00000, 0x0000000081b00000, 0x0000000081b00000|100%| O|  |TAMS 0x0000000081a00000| PB 0x0000000081a00000| Untracked 
|   3|0x0000000081b00000, 0x0000000081b2c200, 0x0000000081c00000| 17%| O|  |TAMS 0x0000000081b00000| PB 0x0000000081b00000| Untracked 
|   4|0x0000000081c00000, 0x0000000081c00000, 0x0000000081d00000|  0%| F|  |TAMS 0x0000000081c00000| PB 0x0000000081c00000| Untracked 
|   5|0x0000000081d00000, 0x0000000081d00000, 0x0000000081e00000|  0%| F|  |TAMS 0x0000000081d00000| PB 0x0000000081d00000| Untracked 
|   6|0x0000000081e00000, 0x0000000081e00000, 0x0000000081f00000|  0%| F|  |TAMS 0x0000000081e00000| PB 0x0000000081e00000| Untracked 
|   7|0x0000000081f00000, 0x0000000081f00000, 0x0000000082000000|  0%| F|  |TAMS 0x0000000081f00000| PB 0x0000000081f00000| Untracked 
|   8|0x0000000082000000, 0x0000000082000000, 0x0000000082100000|  0%| F|  |TAMS 0x0000000082000000| PB 0x0000000082000000| Untracked 
|   9|0x0000000082100000, 0x0000000082100000, 0x0000000082200000|  0%| F|  |TAMS 0x0000000082100000| PB 0x0000000082100000| Untracked 
|  10|0x0000000082200000, 0x0000000082200000, 0x0000000082300000|  0%| F|  |TAMS 0x0000000082200000| PB 0x0000000082200000| Untracked 
|  11|0x0000000082300000, 0x0000000082300000, 0x0000000082400000|  0%| F|  |TAMS 0x0000000082300000| PB 0x0000000082300000| Untracked 
|  12|0x0000000082400000, 0x0000000082400000, 0x0000000082500000|  0%| F|  |TAMS 0x0000000082400000| PB 0x0000000082400000| Untracked 
|  13|0x0000000082500000, 0x0000000082500000, 0x0000000082600000|  0%| F|  |TAMS 0x0000000082500000| PB 0x0000000082500000| Untracked 
|  14|0x0000000082600000, 0x0000000082600000, 0x0000000082700000|  0%| F|  |TAMS 0x0000000082600000| PB 0x0000000082600000| Untracked 
|  15|0x0000000082700000, 0x0000000082700000, 0x0000000082800000|  0%| F|  |TAMS 0x0000000082700000| PB 0x0000000082700000| Untracked 
|  16|0x0000000082800000, 0x0000000082800000, 0x0000000082900000|  0%| F|  |TAMS 0x0000000082800000| PB 0x0000000082800000| Untracked 
|  17|0x0000000082900000, 0x0000000082900000, 0x0000000082a00000|  0%| F|  |TAMS 0x0000000082900000| PB 0x0000000082900000| Untracked 
|  18|0x0000000082a00000, 0x0000000082a00000, 0x0000000082b00000|  0%| F|  |TAMS 0x0000000082a00000| PB 0x0000000082a00000| Untracked 
|  19|0x0000000082b00000, 0x0000000082b00000, 0x0000000082c00000|  0%| F|  |TAMS 0x0000000082b00000| PB 0x0000000082b00000| Untracked 
|  20|0x0000000082c00000, 0x0000000082c00000, 0x0000000082d00000|  0%| F|  |TAMS 0x0000000082c00000| PB 0x0000000082c00000| Untracked 
|  21|0x0000000082d00000, 0x0000000082d00000, 0x0000000082e00000|  0%| F|  |TAMS 0x0000000082d00000| PB 0x0000000082d00000| Untracked 
|  22|0x0000000082e00000, 0x0000000082e00000, 0x0000000082f00000|  0%| F|  |TAMS 0x0000000082e00000| PB 0x0000000082e00000| Untracked 
|  23|0x0000000082f00000, 0x0000000082f00000, 0x0000000083000000|  0%| F|  |TAMS 0x0000000082f00000| PB 0x0000000082f00000| Untracked 
|  24|0x0000000083000000, 0x0000000083000000, 0x0000000083100000|  0%| F|  |TAMS 0x0000000083000000| PB 0x0000000083000000| Untracked 
|  25|0x0000000083100000, 0x0000000083100000, 0x0000000083200000|  0%| F|  |TAMS 0x0000000083100000| PB 0x0000000083100000| Untracked 
|  26|0x0000000083200000, 0x0000000083200000, 0x0000000083300000|  0%| F|  |TAMS 0x0000000083200000| PB 0x0000000083200000| Untracked 
|  27|0x0000000083300000, 0x0000000083300000, 0x0000000083400000|  0%| F|  |TAMS 0x0000000083300000| PB 0x0000000083300000| Untracked 
|  28|0x0000000083400000, 0x0000000083400000, 0x0000000083500000|  0%| F|  |TAMS 0x0000000083400000| PB 0x0000000083400000| Untracked 
|  29|0x0000000083500000, 0x0000000083500000, 0x0000000083600000|  0%| F|  |TAMS 0x0000000083500000| PB 0x0000000083500000| Untracked 
|  30|0x0000000083600000, 0x0000000083600000, 0x0000000083700000|  0%| F|  |TAMS 0x0000000083600000| PB 0x0000000083600000| Untracked 
|  31|0x0000000083700000, 0x0000000083700000, 0x0000000083800000|  0%| F|  |TAMS 0x0000000083700000| PB 0x0000000083700000| Untracked 
|  32|0x0000000083800000, 0x0000000083800000, 0x0000000083900000|  0%| F|  |TAMS 0x0000000083800000| PB 0x0000000083800000| Untracked 
|  33|0x0000000083900000, 0x0000000083900000, 0x0000000083a00000|  0%| F|  |TAMS 0x0000000083900000| PB 0x0000000083900000| Untracked 
|  34|0x0000000083a00000, 0x0000000083a00000, 0x0000000083b00000|  0%| F|  |TAMS 0x0000000083a00000| PB 0x0000000083a00000| Untracked 
|  35|0x0000000083b00000, 0x0000000083b00000, 0x0000000083c00000|  0%| F|  |TAMS 0x0000000083b00000| PB 0x0000000083b00000| Untracked 
|  36|0x0000000083c00000, 0x0000000083c00000, 0x0000000083d00000|  0%| F|  |TAMS 0x0000000083c00000| PB 0x0000000083c00000| Untracked 
|  37|0x0000000083d00000, 0x0000000083d00000, 0x0000000083e00000|  0%| F|  |TAMS 0x0000000083d00000| PB 0x0000000083d00000| Untracked 
|  38|0x0000000083e00000, 0x0000000083e00000, 0x0000000083f00000|  0%| F|  |TAMS 0x0000000083e00000| PB 0x0000000083e00000| Untracked 
|  39|0x0000000083f00000, 0x0000000083f00000, 0x0000000084000000|  0%| F|  |TAMS 0x0000000083f00000| PB 0x0000000083f00000| Untracked 
|  40|0x0000000084000000, 0x0000000084000000, 0x0000000084100000|  0%| F|  |TAMS 0x0000000084000000| PB 0x0000000084000000| Untracked 
|  41|0x0000000084100000, 0x0000000084100000, 0x0000000084200000|  0%| F|  |TAMS 0x0000000084100000| PB 0x0000000084100000| Untracked 
|  42|0x0000000084200000, 0x0000000084200000, 0x0000000084300000|  0%| F|  |TAMS 0x0000000084200000| PB 0x0000000084200000| Untracked 
|  43|0x0000000084300000, 0x0000000084300000, 0x0000000084400000|  0%| F|  |TAMS 0x0000000084300000| PB 0x0000000084300000| Untracked 
|  44|0x0000000084400000, 0x0000000084400000, 0x0000000084500000|  0%| F|  |TAMS 0x0000000084400000| PB 0x0000000084400000| Untracked 
|  45|0x0000000084500000, 0x0000000084500000, 0x0000000084600000|  0%| F|  |TAMS 0x0000000084500000| PB 0x0000000084500000| Untracked 
|  46|0x0000000084600000, 0x0000000084600000, 0x0000000084700000|  0%| F|  |TAMS 0x0000000084600000| PB 0x0000000084600000| Untracked 
|  47|0x0000000084700000, 0x0000000084700000, 0x0000000084800000|  0%| F|  |TAMS 0x0000000084700000| PB 0x0000000084700000| Untracked 
|  48|0x0000000084800000, 0x0000000084800000, 0x0000000084900000|  0%| F|  |TAMS 0x0000000084800000| PB 0x0000000084800000| Untracked 
|  49|0x0000000084900000, 0x0000000084900000, 0x0000000084a00000|  0%| F|  |TAMS 0x0000000084900000| PB 0x0000000084900000| Untracked 
|  50|0x0000000084a00000, 0x0000000084a00000, 0x0000000084b00000|  0%| F|  |TAMS 0x0000000084a00000| PB 0x0000000084a00000| Untracked 
|  51|0x0000000084b00000, 0x0000000084b00000, 0x0000000084c00000|  0%| F|  |TAMS 0x0000000084b00000| PB 0x0000000084b00000| Untracked 
|  52|0x0000000084c00000, 0x0000000084c00000, 0x0000000084d00000|  0%| F|  |TAMS 0x0000000084c00000| PB 0x0000000084c00000| Untracked 
|  53|0x0000000084d00000, 0x0000000084d00000, 0x0000000084e00000|  0%| F|  |TAMS 0x0000000084d00000| PB 0x0000000084d00000| Untracked 
|  54|0x0000000084e00000, 0x0000000084e00000, 0x0000000084f00000|  0%| F|  |TAMS 0x0000000084e00000| PB 0x0000000084e00000| Untracked 
|  55|0x0000000084f00000, 0x0000000084f00000, 0x0000000085000000|  0%| F|  |TAMS 0x0000000084f00000| PB 0x0000000084f00000| Untracked 
|  56|0x0000000085000000, 0x0000000085000000, 0x0000000085100000|  0%| F|  |TAMS 0x0000000085000000| PB 0x0000000085000000| Untracked 
|  57|0x0000000085100000, 0x0000000085100000, 0x0000000085200000|  0%| F|  |TAMS 0x0000000085100000| PB 0x0000000085100000| Untracked 
|  58|0x0000000085200000, 0x0000000085200000, 0x0000000085300000|  0%| F|  |TAMS 0x0000000085200000| PB 0x0000000085200000| Untracked 
|  59|0x0000000085300000, 0x0000000085300000, 0x0000000085400000|  0%| F|  |TAMS 0x0000000085300000| PB 0x0000000085300000| Untracked 
|  60|0x0000000085400000, 0x0000000085400000, 0x0000000085500000|  0%| F|  |TAMS 0x0000000085400000| PB 0x0000000085400000| Untracked 
|  61|0x0000000085500000, 0x0000000085500000, 0x0000000085600000|  0%| F|  |TAMS 0x0000000085500000| PB 0x0000000085500000| Untracked 
|  62|0x0000000085600000, 0x0000000085600000, 0x0000000085700000|  0%| F|  |TAMS 0x0000000085600000| PB 0x0000000085600000| Untracked 
|  63|0x0000000085700000, 0x0000000085700000, 0x0000000085800000|  0%| F|  |TAMS 0x0000000085700000| PB 0x0000000085700000| Untracked 
|  64|0x0000000085800000, 0x0000000085800000, 0x0000000085900000|  0%| F|  |TAMS 0x0000000085800000| PB 0x0000000085800000| Untracked 
|  65|0x0000000085900000, 0x0000000085900000, 0x0000000085a00000|  0%| F|  |TAMS 0x0000000085900000| PB 0x0000000085900000| Untracked 
|  66|0x0000000085a00000, 0x0000000085a00000, 0x0000000085b00000|  0%| F|  |TAMS 0x0000000085a00000| PB 0x0000000085a00000| Untracked 
|  67|0x0000000085b00000, 0x0000000085b00000, 0x0000000085c00000|  0%| F|  |TAMS 0x0000000085b00000| PB 0x0000000085b00000| Untracked 
|  68|0x0000000085c00000, 0x0000000085c00000, 0x0000000085d00000|  0%| F|  |TAMS 0x0000000085c00000| PB 0x0000000085c00000| Untracked 
|  69|0x0000000085d00000, 0x0000000085d00000, 0x0000000085e00000|  0%| F|  |TAMS 0x0000000085d00000| PB 0x0000000085d00000| Untracked 
|  70|0x0000000085e00000, 0x0000000085e00000, 0x0000000085f00000|  0%| F|  |TAMS 0x0000000085e00000| PB 0x0000000085e00000| Untracked 
|  71|0x0000000085f00000, 0x0000000085f00000, 0x0000000086000000|  0%| F|  |TAMS 0x0000000085f00000| PB 0x0000000085f00000| Untracked 
|  72|0x0000000086000000, 0x0000000086000000, 0x0000000086100000|  0%| F|  |TAMS 0x0000000086000000| PB 0x0000000086000000| Untracked 
|  73|0x0000000086100000, 0x0000000086100000, 0x0000000086200000|  0%| F|  |TAMS 0x0000000086100000| PB 0x0000000086100000| Untracked 
|  74|0x0000000086200000, 0x0000000086200000, 0x0000000086300000|  0%| F|  |TAMS 0x0000000086200000| PB 0x0000000086200000| Untracked 
|  75|0x0000000086300000, 0x0000000086300000, 0x0000000086400000|  0%| F|  |TAMS 0x0000000086300000| PB 0x0000000086300000| Untracked 
|  76|0x0000000086400000, 0x0000000086400000, 0x0000000086500000|  0%| F|  |TAMS 0x0000000086400000| PB 0x0000000086400000| Untracked 
|  77|0x0000000086500000, 0x0000000086500000, 0x0000000086600000|  0%| F|  |TAMS 0x0000000086500000| PB 0x0000000086500000| Untracked 
|  78|0x0000000086600000, 0x0000000086600000, 0x0000000086700000|  0%| F|  |TAMS 0x0000000086600000| PB 0x0000000086600000| Untracked 
|  79|0x0000000086700000, 0x0000000086700000, 0x0000000086800000|  0%| F|  |TAMS 0x0000000086700000| PB 0x0000000086700000| Untracked 
|  80|0x0000000086800000, 0x0000000086800000, 0x0000000086900000|  0%| F|  |TAMS 0x0000000086800000| PB 0x0000000086800000| Untracked 
|  81|0x0000000086900000, 0x0000000086900000, 0x0000000086a00000|  0%| F|  |TAMS 0x0000000086900000| PB 0x0000000086900000| Untracked 
|  82|0x0000000086a00000, 0x0000000086a00000, 0x0000000086b00000|  0%| F|  |TAMS 0x0000000086a00000| PB 0x0000000086a00000| Untracked 
|  83|0x0000000086b00000, 0x0000000086b00000, 0x0000000086c00000|  0%| F|  |TAMS 0x0000000086b00000| PB 0x0000000086b00000| Untracked 
|  84|0x0000000086c00000, 0x0000000086c00000, 0x0000000086d00000|  0%| F|  |TAMS 0x0000000086c00000| PB 0x0000000086c00000| Untracked 
|  85|0x0000000086d00000, 0x0000000086d00000, 0x0000000086e00000|  0%| F|  |TAMS 0x0000000086d00000| PB 0x0000000086d00000| Untracked 
|  86|0x0000000086e00000, 0x0000000086e00000, 0x0000000086f00000|  0%| F|  |TAMS 0x0000000086e00000| PB 0x0000000086e00000| Untracked 
|  87|0x0000000086f00000, 0x0000000086f00000, 0x0000000087000000|  0%| F|  |TAMS 0x0000000086f00000| PB 0x0000000086f00000| Untracked 
|  88|0x0000000087000000, 0x0000000087000000, 0x0000000087100000|  0%| F|  |TAMS 0x0000000087000000| PB 0x0000000087000000| Untracked 
|  89|0x0000000087100000, 0x0000000087100000, 0x0000000087200000|  0%| F|  |TAMS 0x0000000087100000| PB 0x0000000087100000| Untracked 
|  90|0x0000000087200000, 0x0000000087200000, 0x0000000087300000|  0%| F|  |TAMS 0x0000000087200000| PB 0x0000000087200000| Untracked 
|  91|0x0000000087300000, 0x0000000087300000, 0x0000000087400000|  0%| F|  |TAMS 0x0000000087300000| PB 0x0000000087300000| Untracked 
|  92|0x0000000087400000, 0x0000000087400000, 0x0000000087500000|  0%| F|  |TAMS 0x0000000087400000| PB 0x0000000087400000| Untracked 
|  93|0x0000000087500000, 0x0000000087500000, 0x0000000087600000|  0%| F|  |TAMS 0x0000000087500000| PB 0x0000000087500000| Untracked 
|  94|0x0000000087600000, 0x0000000087600000, 0x0000000087700000|  0%| F|  |TAMS 0x0000000087600000| PB 0x0000000087600000| Untracked 
|  95|0x0000000087700000, 0x0000000087700000, 0x0000000087800000|  0%| F|  |TAMS 0x0000000087700000| PB 0x0000000087700000| Untracked 
|  96|0x0000000087800000, 0x0000000087800000, 0x0000000087900000|  0%| F|  |TAMS 0x0000000087800000| PB 0x0000000087800000| Untracked 
|  97|0x0000000087900000, 0x0000000087900000, 0x0000000087a00000|  0%| F|  |TAMS 0x0000000087900000| PB 0x0000000087900000| Untracked 
|  98|0x0000000087a00000, 0x0000000087a00000, 0x0000000087b00000|  0%| F|  |TAMS 0x0000000087a00000| PB 0x0000000087a00000| Untracked 
|  99|0x0000000087b00000, 0x0000000087b00000, 0x0000000087c00000|  0%| F|  |TAMS 0x0000000087b00000| PB 0x0000000087b00000| Untracked 
| 100|0x0000000087c00000, 0x0000000087c00000, 0x0000000087d00000|  0%| F|  |TAMS 0x0000000087c00000| PB 0x0000000087c00000| Untracked 
| 101|0x0000000087d00000, 0x0000000087d00000, 0x0000000087e00000|  0%| F|  |TAMS 0x0000000087d00000| PB 0x0000000087d00000| Untracked 
| 102|0x0000000087e00000, 0x0000000087e00000, 0x0000000087f00000|  0%| F|  |TAMS 0x0000000087e00000| PB 0x0000000087e00000| Untracked 
| 103|0x0000000087f00000, 0x0000000087f00000, 0x0000000088000000|  0%| F|  |TAMS 0x0000000087f00000| PB 0x0000000087f00000| Untracked 
| 104|0x0000000088000000, 0x0000000088000000, 0x0000000088100000|  0%| F|  |TAMS 0x0000000088000000| PB 0x0000000088000000| Untracked 
| 105|0x0000000088100000, 0x0000000088100000, 0x0000000088200000|  0%| F|  |TAMS 0x0000000088100000| PB 0x0000000088100000| Untracked 
| 106|0x0000000088200000, 0x0000000088200000, 0x0000000088300000|  0%| F|  |TAMS 0x0000000088200000| PB 0x0000000088200000| Untracked 
| 107|0x0000000088300000, 0x0000000088300000, 0x0000000088400000|  0%| F|  |TAMS 0x0000000088300000| PB 0x0000000088300000| Untracked 
| 108|0x0000000088400000, 0x0000000088400000, 0x0000000088500000|  0%| F|  |TAMS 0x0000000088400000| PB 0x0000000088400000| Untracked 
| 109|0x0000000088500000, 0x0000000088500000, 0x0000000088600000|  0%| F|  |TAMS 0x0000000088500000| PB 0x0000000088500000| Untracked 
| 110|0x0000000088600000, 0x0000000088600000, 0x0000000088700000|  0%| F|  |TAMS 0x0000000088600000| PB 0x0000000088600000| Untracked 
| 111|0x0000000088700000, 0x0000000088700000, 0x0000000088800000|  0%| F|  |TAMS 0x0000000088700000| PB 0x0000000088700000| Untracked 
| 112|0x0000000088800000, 0x0000000088800000, 0x0000000088900000|  0%| F|  |TAMS 0x0000000088800000| PB 0x0000000088800000| Untracked 
| 113|0x0000000088900000, 0x0000000088a00000, 0x0000000088a00000|100%| S|CS|TAMS 0x0000000088900000| PB 0x0000000088900000| Complete 
| 114|0x0000000088a00000, 0x0000000088b00000, 0x0000000088b00000|100%| S|CS|TAMS 0x0000000088a00000| PB 0x0000000088a00000| Complete 
| 115|0x0000000088b00000, 0x0000000088b00000, 0x0000000088c00000|  0%| F|  |TAMS 0x0000000088b00000| PB 0x0000000088b00000| Untracked 
| 116|0x0000000088c00000, 0x0000000088c00000, 0x0000000088d00000|  0%| F|  |TAMS 0x0000000088c00000| PB 0x0000000088c00000| Untracked 
| 117|0x0000000088d00000, 0x0000000088d00000, 0x0000000088e00000|  0%| F|  |TAMS 0x0000000088d00000| PB 0x0000000088d00000| Untracked 
| 118|0x0000000088e00000, 0x0000000088e00000, 0x0000000088f00000|  0%| F|  |TAMS 0x0000000088e00000| PB 0x0000000088e00000| Untracked 
| 119|0x0000000088f00000, 0x0000000088f00000, 0x0000000089000000|  0%| F|  |TAMS 0x0000000088f00000| PB 0x0000000088f00000| Untracked 
| 120|0x0000000089000000, 0x0000000089000000, 0x0000000089100000|  0%| F|  |TAMS 0x0000000089000000| PB 0x0000000089000000| Untracked 
| 121|0x0000000089100000, 0x0000000089100000, 0x0000000089200000|  0%| F|  |TAMS 0x0000000089100000| PB 0x0000000089100000| Untracked 
| 122|0x0000000089200000, 0x000000008925b648, 0x0000000089300000| 35%| E|  |TAMS 0x0000000089200000| PB 0x0000000089200000| Complete 
| 123|0x0000000089300000, 0x0000000089400000, 0x0000000089400000|100%| E|  |TAMS 0x0000000089300000| PB 0x0000000089300000| Complete 
| 124|0x0000000089400000, 0x0000000089500000, 0x0000000089500000|100%| E|CS|TAMS 0x0000000089400000| PB 0x0000000089400000| Complete 
| 125|0x0000000089500000, 0x0000000089600000, 0x0000000089600000|100%| E|CS|TAMS 0x0000000089500000| PB 0x0000000089500000| Complete 
| 126|0x0000000089600000, 0x0000000089700000, 0x0000000089700000|100%| E|CS|TAMS 0x0000000089600000| PB 0x0000000089600000| Complete 
| 127|0x0000000089700000, 0x0000000089800000, 0x0000000089800000|100%| E|CS|TAMS 0x0000000089700000| PB 0x0000000089700000| Complete 

Card table byte_map: [0x000001d0b1670000,0x000001d0b1a70000] _byte_map_base: 0x000001d0b1264000

Marking Bits: (CMBitMap*) 0x000001d09a215b30
 Bits: [0x000001d0b1e70000, 0x000001d0b3e10000)

Polling page: 0x000001d098160000

Metaspace:

Usage:
  Non-class:      6.45 MB used.
      Class:    767.88 KB used.
       Both:      7.20 MB used.

Virtual space:
  Non-class space:       64.00 MB reserved,       6.56 MB ( 10%) committed,  1 nodes.
      Class space:        1.00 GB reserved,     896.00 KB ( <1%) committed,  1 nodes.
             Both:        1.06 GB reserved,       7.44 MB ( <1%) committed. 

Chunk freelists:
   Non-Class:  772.00 KB
       Class:  3.09 MB
        Both:  3.84 MB

MaxMetaspaceSize: unlimited
CompressedClassSpaceSize: 1.00 GB
Initial GC threshold: 21.00 MB
Current GC threshold: 21.00 MB
CDS: on
MetaspaceReclaimPolicy: balanced
 - commit_granule_bytes: 65536.
 - commit_granule_words: 8192.
 - virtual_space_node_default_size: 8388608.
 - enlarge_chunks_in_place: 1.
 - new_chunks_are_fully_committed: 0.
 - uncommit_free_chunks: 1.
 - use_allocation_guard: 0.


Internal statistics:

num_allocs_failed_limit: 0.
num_arena_births: 152.
num_arena_deaths: 0.
num_vsnodes_births: 2.
num_vsnodes_deaths: 0.
num_space_committed: 119.
num_space_uncommitted: 0.
num_chunks_returned_to_freelist: 0.
num_chunks_taken_from_freelist: 210.
num_chunk_merges: 0.
num_chunk_splits: 126.
num_chunks_enlarged: 57.
num_inconsistent_stats: 0.

CodeHeap 'non-profiled nmethods': size=120000Kb used=281Kb max_used=281Kb free=119718Kb
 bounds [0x000001d0a9d40000, 0x000001d0a9fb0000, 0x000001d0b1270000]
CodeHeap 'profiled nmethods': size=120000Kb used=1286Kb max_used=1286Kb free=118713Kb
 bounds [0x000001d0a2270000, 0x000001d0a24e0000, 0x000001d0a97a0000]
CodeHeap 'non-nmethods': size=5760Kb used=1914Kb max_used=1927Kb free=3845Kb
 bounds [0x000001d0a97a0000, 0x000001d0a9a10000, 0x000001d0a9d40000]
 total_blobs=1825 nmethods=947 adapters=789
 compilation: enabled
              stopped_count=0, restarted_count=0
 full_count=0

Compilation events (20 events):
Event: 6.415 Thread 0x000001d0b62f3c20  938       3       java.util.concurrent.locks.AbstractQueuedSynchronizer$ConditionNode::isReleasable (23 bytes)
Event: 6.416 Thread 0x000001d0b62f3c20 nmethod 938 0x000001d0a23aab90 code [0x000001d0a23aad20, 0x000001d0a23aaf88]
Event: 6.418 Thread 0x000001d0b62f3c20  939       3       java.security.AccessControlContext::<init> (63 bytes)
Event: 6.418 Thread 0x000001d0b62f3c20 nmethod 939 0x000001d0a23ab090 code [0x000001d0a23ab240, 0x000001d0a23ab5d8]
Event: 6.467 Thread 0x000001d0b62f3c20  940       3       sun.awt.AWTAccessor::getEventQueueAccessor (19 bytes)
Event: 6.467 Thread 0x000001d0b62f3c20 nmethod 940 0x000001d0a23ab710 code [0x000001d0a23ab900, 0x000001d0a23abd78]
Event: 6.473 Thread 0x000001d0b62f3c20  941       3       sun.awt.SunToolkit::setSystemGenerated (10 bytes)
Event: 6.474 Thread 0x000001d0b62f3c20 nmethod 941 0x000001d0a23ac010 code [0x000001d0a23ac220, 0x000001d0a23ac7c8]
Event: 6.474 Thread 0x000001d0b62f3c20  942       3       sun.awt.AWTAccessor::getAWTEventAccessor (19 bytes)
Event: 6.475 Thread 0x000001d0b62f3c20 nmethod 942 0x000001d0a23acb10 code [0x000001d0a23acd00, 0x000001d0a23ad178]
Event: 6.722 Thread 0x000001d0b62f3c20  943       3       sun.awt.SunToolkit::postEvent (147 bytes)
Event: 6.726 Thread 0x000001d0b62f3c20 nmethod 943 0x000001d0a23ad410 code [0x000001d0a23ad840, 0x000001d0a23af8e8]
Event: 6.726 Thread 0x000001d0b62f3c20  944   !   3       sun.awt.AWTAccessor::getSequencedEventAccessor (26 bytes)
Event: 6.727 Thread 0x000001d0b62f3c20 nmethod 944 0x000001d0a23b0590 code [0x000001d0a23b07a0, 0x000001d0a23b0d00]
Event: 6.727 Thread 0x000001d0b62f3c20  945       3       java.awt.SequencedEvent$1::isSequencedEvent (5 bytes)
Event: 6.727 Thread 0x000001d0b62f3c20 nmethod 945 0x000001d0a23b1090 code [0x000001d0a23b1220, 0x000001d0a23b1428]
Event: 6.739 Thread 0x000001d0b62f3c20  946       3       java.awt.EventQueue::noEvents (29 bytes)
Event: 6.739 Thread 0x000001d0b62f3c20 nmethod 946 0x000001d0a23b1490 code [0x000001d0a23b1640, 0x000001d0a23b18a0]
Event: 6.741 Thread 0x000001d0b62eb0f0  947       4       java.awt.Component::getTreeLock (4 bytes)
Event: 6.741 Thread 0x000001d0b62eb0f0 nmethod 947 0x000001d0a9d86190 code [0x000001d0a9d86300, 0x000001d0a9d86390]

GC Heap History (2 events):
Event: 3.962 GC heap before
{Heap before GC invocations=0 (full 0):
 garbage-first heap   total 131072K, used 14336K [0x0000000081800000, 0x0000000100000000)
  region size 1024K, 13 young (13312K), 0 survivors (0K)
 Metaspace       used 7282K, committed 7488K, reserved 1114112K
  class space    used 765K, committed 896K, reserved 1048576K
}
Event: 3.969 GC heap after
{Heap after GC invocations=1 (full 0):
 garbage-first heap   total 131072K, used 5296K [0x0000000081800000, 0x0000000100000000)
  region size 1024K, 2 young (2048K), 2 survivors (2048K)
 Metaspace       used 7282K, committed 7488K, reserved 1114112K
  class space    used 765K, committed 896K, reserved 1048576K
}

Dll operation events (10 events):
Event: 0.015 Loaded shared library C:\Program Files\Java\jdk-20\bin\java.dll
Event: 0.035 Loaded shared library C:\Program Files\Java\jdk-20\bin\jsvml.dll
Event: 0.168 Loaded shared library C:\Program Files\Java\jdk-20\bin\net.dll
Event: 0.172 Loaded shared library C:\Program Files\Java\jdk-20\bin\nio.dll
Event: 0.232 Loaded shared library C:\Program Files\Java\jdk-20\bin\zip.dll
Event: 0.407 Loaded shared library C:\Users\Elvis\Documents\NetBeansProjects\SofwareMatricula\opencv_java480.dll
Event: 1.695 Loaded shared library C:\Program Files\Java\jdk-20\bin\jimage.dll
Event: 1.722 Loaded shared library C:\Program Files\Java\jdk-20\bin\awt.dll
Event: 2.034 Loaded shared library C:\Program Files\Java\jdk-20\bin\freetype.dll
Event: 2.036 Loaded shared library C:\Program Files\Java\jdk-20\bin\fontmanager.dll

Deoptimization events (12 events):
Event: 0.365 Thread 0x000001d09a1b6850 Uncommon trap: trap_request=0xffffffde fr.pc=0x000001d0a9d50934 relative=0x0000000000000934
Event: 0.366 Thread 0x000001d09a1b6850 Uncommon trap: reason=class_check action=maybe_recompile pc=0x000001d0a9d50934 method=java.util.HashMap.putVal(ILjava/lang/Object;Ljava/lang/Object;ZZ)Ljava/lang/Object; @ 152 c2
Event: 0.366 Thread 0x000001d09a1b6850 DEOPT PACKING pc=0x000001d0a9d50934 sp=0x0000000264cfdb90
Event: 0.366 Thread 0x000001d09a1b6850 DEOPT UNPACKING pc=0x000001d0a9809d22 sp=0x0000000264cfdb20 mode 2
Event: 1.726 Thread 0x000001d09a1b6850 DEOPT PACKING pc=0x000001d0a227f0d7 sp=0x0000000264cfbcd0
Event: 1.726 Thread 0x000001d09a1b6850 DEOPT UNPACKING pc=0x000001d0a980a4c2 sp=0x0000000264cfb0f0 mode 0
Event: 1.756 Thread 0x000001d09a1b6850 DEOPT PACKING pc=0x000001d0a22781c1 sp=0x0000000264cfd1d0
Event: 1.756 Thread 0x000001d09a1b6850 DEOPT UNPACKING pc=0x000001d0a980a4c2 sp=0x0000000264cfc648 mode 0
Event: 1.878 Thread 0x000001d09a1b6850 Uncommon trap: trap_request=0xffffff45 fr.pc=0x000001d0a9d509f8 relative=0x00000000000009f8
Event: 1.878 Thread 0x000001d09a1b6850 Uncommon trap: reason=unstable_if action=reinterpret pc=0x000001d0a9d509f8 method=java.util.HashMap.putVal(ILjava/lang/Object;Ljava/lang/Object;ZZ)Ljava/lang/Object; @ 81 c2
Event: 1.878 Thread 0x000001d09a1b6850 DEOPT PACKING pc=0x000001d0a9d509f8 sp=0x0000000264cfdf50
Event: 1.878 Thread 0x000001d09a1b6850 DEOPT UNPACKING pc=0x000001d0a9809d22 sp=0x0000000264cfdf00 mode 2

Classes loaded (20 events):
Event: 3.137 Loading class jdk/internal/event/ThreadSleepEvent
Event: 3.137 Loading class javax/swing/CellRendererPane
Event: 3.137 Loading class jdk/internal/event/Event
Event: 3.137 Loading class javax/swing/CellRendererPane done
Event: 3.137 Loading class jdk/internal/event/Event done
Event: 3.137 Loading class javax/swing/RepaintManager$3
Event: 3.137 Loading class jdk/internal/event/ThreadSleepEvent done
Event: 3.137 Loading class javax/swing/RepaintManager$3 done
Event: 3.140 Loading class sun/awt/image/BufImgSurfaceManager
Event: 3.140 Loading class sun/awt/image/BufImgSurfaceManager done
Event: 4.427 Loading class javax/swing/event/ChangeEvent
Event: 4.427 Loading class javax/swing/event/ChangeEvent done
Event: 6.473 Loading class java/awt/LightweightDispatcher$2
Event: 6.473 Loading class java/awt/LightweightDispatcher$2 done
Event: 6.722 Loading class java/awt/Window$1DisposeAction
Event: 6.723 Loading class java/awt/Window$1DisposeAction done
Event: 6.723 Loading class java/awt/KeyboardFocusManager$2
Event: 6.723 Loading class java/awt/KeyboardFocusManager$2 done
Event: 6.723 Loading class sun/awt/SunToolkit$1
Event: 6.723 Loading class sun/awt/SunToolkit$1 done

Classes unloaded (0 events):
No events

Classes redefined (0 events):
No events

Internal exceptions (18 events):
Event: 0.175 Thread 0x000001d09a1b6850 Exception <a 'sun/nio/fs/WindowsException'{0x00000000896cc730}> (0x00000000896cc730) 
thrown [s\open\src\hotspot\share\prims\jni.cpp, line 519]
Event: 0.181 Thread 0x000001d09a1b6850 Exception <a 'sun/nio/fs/WindowsException'{0x00000000896cec20}> (0x00000000896cec20) 
thrown [s\open\src\hotspot\share\prims\jni.cpp, line 519]
Event: 0.182 Thread 0x000001d09a1b6850 Exception <a 'sun/nio/fs/WindowsException'{0x00000000896cfc18}> (0x00000000896cfc18) 
thrown [s\open\src\hotspot\share\prims\jni.cpp, line 519]
Event: 0.182 Thread 0x000001d09a1b6850 Exception <a 'sun/nio/fs/WindowsException'{0x00000000896d0760}> (0x00000000896d0760) 
thrown [s\open\src\hotspot\share\prims\jni.cpp, line 519]
Event: 0.183 Thread 0x000001d09a1b6850 Exception <a 'sun/nio/fs/WindowsException'{0x00000000896d12a8}> (0x00000000896d12a8) 
thrown [s\open\src\hotspot\share\prims\jni.cpp, line 519]
Event: 0.183 Thread 0x000001d09a1b6850 Exception <a 'sun/nio/fs/WindowsException'{0x00000000896d1e40}> (0x00000000896d1e40) 
thrown [s\open\src\hotspot\share\prims\jni.cpp, line 519]
Event: 0.183 Thread 0x000001d09a1b6850 Exception <a 'sun/nio/fs/WindowsException'{0x00000000896d2910}> (0x00000000896d2910) 
thrown [s\open\src\hotspot\share\prims\jni.cpp, line 519]
Event: 1.705 Thread 0x000001d09a1b6850 Exception <a 'java/lang/ClassNotFoundException'{0x000000008949df60}: sun/awt/resources/spi/awtProvider> (0x000000008949df60) 
thrown [s\open\src\hotspot\share\classfile\systemDictionary.cpp, line 305]
Event: 1.745 Thread 0x000001d09a1b6850 Exception <a 'java/io/FileNotFoundException'{0x00000000894f4828}> (0x00000000894f4828) 
thrown [s\open\src\hotspot\share\prims\jni.cpp, line 519]
Event: 1.756 Thread 0x000001d09a1b6850 Exception <a 'java/io/FileNotFoundException'{0x000000008931edf8}> (0x000000008931edf8) 
thrown [s\open\src\hotspot\share\prims\jni.cpp, line 519]
Event: 1.881 Thread 0x000001d09a1b6850 Exception <a 'java/lang/NoSuchMethodError'{0x0000000089225b58}: 'void java.lang.invoke.DirectMethodHandle$Holder.invokeSpecial(java.lang.Object, java.lang.Object, java.lang.Object)'> (0x0000000089225b58) 
thrown [s\open\src\hotspot\share\interpreter\linkResolver.cpp, line 773]
Event: 1.897 Thread 0x000001d09a1b6850 Exception <a 'java/lang/NoSuchMethodError'{0x0000000089250530}: 'java.lang.Object java.lang.invoke.DirectMethodHandle$Holder.newInvokeSpecial(java.lang.Object, java.lang.Object, java.lang.Object, java.lang.Object, java.lang.Object)'> (0x0000000089250530) 
thrown [s\open\src\hotspot\share\interpreter\linkResolver.cpp, line 773]
Event: 1.909 Thread 0x000001d09a1b6850 Exception <a 'java/lang/NoSuchMethodError'{0x0000000089280dd8}: 'java.lang.Object java.lang.invoke.DirectMethodHandle$Holder.invokeStatic(java.lang.Object, int, java.lang.Object)'> (0x0000000089280dd8) 
thrown [s\open\src\hotspot\share\interpreter\linkResolver.cpp, line 773]
Event: 1.966 Thread 0x000001d09a1b6850 Exception <a 'java/lang/ClassNotFoundException'{0x000000008913c7b0}: com/sun/swing/internal/plaf/metal/resources/spi/metalProvider> (0x000000008913c7b0) 
thrown [s\open\src\hotspot\share\classfile\systemDictionary.cpp, line 305]
Event: 1.967 Thread 0x000001d09a1b6850 Exception <a 'java/lang/ClassNotFoundException'{0x0000000089140710}: com/sun/swing/internal/plaf/basic/resources/spi/basicProvider> (0x0000000089140710) 
thrown [s\open\src\hotspot\share\classfile\systemDictionary.cpp, line 305]
Event: 1.981 Thread 0x000001d09a1b6850 Exception <a 'java/lang/NoSuchMethodError'{0x000000008915faa8}: 'int java.lang.invoke.Invokers$Holder.invokeExact_MT(java.lang.Object, java.lang.Object)'> (0x000000008915faa8) 
thrown [s\open\src\hotspot\share\interpreter\linkResolver.cpp, line 773]
Event: 2.026 Thread 0x000001d09a1b6850 Exception <a 'java/lang/NoSuchMethodError'{0x00000000891cf2c0}: 'void java.lang.invoke.DirectMethodHandle$Holder.invokeStaticInit(java.lang.Object)'> (0x00000000891cf2c0) 
thrown [s\open\src\hotspot\share\interpreter\linkResolver.cpp, line 773]
Event: 2.151 Thread 0x000001d0bb755ad0 Exception <a 'java/lang/NoSuchMethodError'{0x00000000893d8880}: 'void java.lang.invoke.DirectMethodHandle$Holder.invokeVirtual(java.lang.Object, java.lang.Object)'> (0x00000000893d8880) 
thrown [s\open\src\hotspot\share\interpreter\linkResolver.cpp, line 773]

VM Operations (19 events):
Event: 0.185 Executing VM operation: HandshakeAllThreads
Event: 0.185 Executing VM operation: HandshakeAllThreads done
Event: 0.374 Executing VM operation: HandshakeAllThreads
Event: 0.374 Executing VM operation: HandshakeAllThreads done
Event: 1.387 Executing VM operation: Cleanup
Event: 1.387 Executing VM operation: Cleanup done
Event: 1.770 Executing VM operation: HandshakeAllThreads
Event: 1.770 Executing VM operation: HandshakeAllThreads done
Event: 2.771 Executing VM operation: Cleanup
Event: 2.771 Executing VM operation: Cleanup done
Event: 3.777 Executing VM operation: Cleanup
Event: 3.777 Executing VM operation: Cleanup done
Event: 3.962 Executing VM operation: G1CollectForAllocation
Event: 3.969 Executing VM operation: G1CollectForAllocation done
Event: 4.982 Executing VM operation: Cleanup
Event: 4.982 Executing VM operation: Cleanup done
Event: 5.982 Executing VM operation: Cleanup
Event: 5.983 Executing VM operation: Cleanup done
Event: 6.885 Executing VM operation: Exit

Events (20 events):
Event: 0.064 Thread 0x000001d0b62e5220 Thread added: 0x000001d0b62e5220
Event: 0.064 Thread 0x000001d0b62e92d0 Thread added: 0x000001d0b62e92d0
Event: 0.064 Thread 0x000001d0b62eb0f0 Thread added: 0x000001d0b62eb0f0
Event: 0.065 Thread 0x000001d0b62f3c20 Thread added: 0x000001d0b62f3c20
Event: 0.136 Thread 0x000001d0ba590760 Thread added: 0x000001d0ba590760
Event: 0.219 Thread 0x000001d0ba61ac00 Thread added: 0x000001d0ba61ac00
Event: 1.826 Thread 0x000001d0ba73d650 Thread added: 0x000001d0ba73d650
Event: 1.828 Thread 0x000001d0bb6732f0 Thread added: 0x000001d0bb6732f0
Event: 1.831 Thread 0x000001d0bb755ad0 Thread added: 0x000001d0bb755ad0
Event: 2.004 Thread 0x000001d0bb7997d0 Thread added: 0x000001d0bb7997d0
Event: 2.276 Thread 0x000001d0bb82f2d0 Thread added: 0x000001d0bb82f2d0
Event: 2.276 Thread 0x000001d09a1b6850 Thread exited: 0x000001d09a1b6850
Event: 2.276 Thread 0x000001d09a1b6850 Thread added: 0x000001d09a1b6850
Event: 4.916 Thread 0x000001d0bb82f2d0 Thread exited: 0x000001d0bb82f2d0
Event: 6.754 Thread 0x000001d0bb607d00 Thread added: 0x000001d0bb607d00
Event: 6.754 Thread 0x000001d0ba8d5100 Thread added: 0x000001d0ba8d5100
Event: 6.770 Thread 0x000001d0ba8d5100 Thread exited: 0x000001d0ba8d5100
Event: 6.775 Thread 0x000001d0bb755ad0 Thread exited: 0x000001d0bb755ad0
Event: 6.885 Thread 0x000001d0bb607d00 Thread exited: 0x000001d0bb607d00
Event: 6.885 Thread 0x000001d0b62e1aa0 Thread exited: 0x000001d0b62e1aa0


Dynamic libraries:
0x00007ff607de0000 - 0x00007ff607df0000 	C:\Program Files\Java\jdk-20\bin\java.exe
0x00007fffc5810000 - 0x00007fffc5a08000 	C:\Windows\SYSTEM32\ntdll.dll
0x00007fff634f0000 - 0x00007fff63509000 	C:\Program Files\Avast Software\Avast\aswhook.dll
0x00007fffc4970000 - 0x00007fffc4a2d000 	C:\Windows\System32\KERNEL32.DLL
0x00007fffc31d0000 - 0x00007fffc34c6000 	C:\Windows\System32\KERNELBASE.dll
0x00007fffc3040000 - 0x00007fffc3140000 	C:\Windows\System32\ucrtbase.dll
0x00007fffc04a0000 - 0x00007fffc04bb000 	C:\Program Files\Java\jdk-20\bin\VCRUNTIME140.dll
0x00007fffa5ac0000 - 0x00007fffa5ad9000 	C:\Program Files\Java\jdk-20\bin\jli.dll
0x00007fffc48c0000 - 0x00007fffc496f000 	C:\Windows\System32\ADVAPI32.dll
0x00007fffc4aa0000 - 0x00007fffc4b3e000 	C:\Windows\System32\msvcrt.dll
0x00007fffc3870000 - 0x00007fffc390c000 	C:\Windows\System32\sechost.dll
0x00007fffc4670000 - 0x00007fffc4796000 	C:\Windows\System32\RPCRT4.dll
0x00007fffc4b40000 - 0x00007fffc4cde000 	C:\Windows\System32\USER32.dll
0x00007fffc34d0000 - 0x00007fffc34f2000 	C:\Windows\System32\win32u.dll
0x00007fffa9720000 - 0x00007fffa99ba000 	C:\Windows\WinSxS\amd64_microsoft.windows.common-controls_6595b64144ccf1df_6.0.19041.3636_none_60b6a03d71f818d5\COMCTL32.dll
0x00007fffc5680000 - 0x00007fffc56ac000 	C:\Windows\System32\GDI32.dll
0x00007fffc3500000 - 0x00007fffc361a000 	C:\Windows\System32\gdi32full.dll
0x00007fffc3670000 - 0x00007fffc370d000 	C:\Windows\System32\msvcp_win.dll
0x00007fffb9430000 - 0x00007fffb943a000 	C:\Windows\SYSTEM32\VERSION.dll
0x00007fffc3970000 - 0x00007fffc39a0000 	C:\Windows\System32\IMM32.DLL
0x00007fffc0490000 - 0x00007fffc049c000 	C:\Program Files\Java\jdk-20\bin\vcruntime140_1.dll
0x00007fffa52c0000 - 0x00007fffa534e000 	C:\Program Files\Java\jdk-20\bin\msvcp140.dll
0x00007fff4bcf0000 - 0x00007fff4c987000 	C:\Program Files\Java\jdk-20\bin\server\jvm.dll
0x00007fffb2e00000 - 0x00007fffb2e09000 	C:\Windows\SYSTEM32\WSOCK32.dll
0x00007fffafa00000 - 0x00007fffafa27000 	C:\Windows\SYSTEM32\WINMM.dll
0x00007fffc5760000 - 0x00007fffc57cb000 	C:\Windows\System32\WS2_32.dll
0x00007fffc0db0000 - 0x00007fffc0dc2000 	C:\Windows\SYSTEM32\kernel.appcore.dll
0x00007fffc0410000 - 0x00007fffc041a000 	C:\Program Files\Java\jdk-20\bin\jimage.dll
0x00007fffb8630000 - 0x00007fffb8814000 	C:\Windows\SYSTEM32\DBGHELP.DLL
0x00007fffb85f0000 - 0x00007fffb8624000 	C:\Windows\SYSTEM32\dbgcore.DLL
0x00007fffc3140000 - 0x00007fffc31c2000 	C:\Windows\System32\bcryptPrimitives.dll
0x00007fffc0420000 - 0x00007fffc0446000 	C:\Program Files\Java\jdk-20\bin\java.dll
0x00007fffbbce0000 - 0x00007fffbbdb7000 	C:\Program Files\Java\jdk-20\bin\jsvml.dll
0x00007fffc3f20000 - 0x00007fffc4664000 	C:\Windows\System32\SHELL32.dll
0x00007fffc0fb0000 - 0x00007fffc174b000 	C:\Windows\SYSTEM32\windows.storage.dll
0x00007fffc4f80000 - 0x00007fffc52d4000 	C:\Windows\System32\combase.dll
0x00007fffc2860000 - 0x00007fffc288d000 	C:\Windows\SYSTEM32\Wldp.dll
0x00007fffc56b0000 - 0x00007fffc575d000 	C:\Windows\System32\SHCORE.dll
0x00007fffc53c0000 - 0x00007fffc5415000 	C:\Windows\System32\shlwapi.dll
0x00007fffc2e20000 - 0x00007fffc2e45000 	C:\Windows\SYSTEM32\profapi.dll
0x00007fffc03f0000 - 0x00007fffc0403000 	C:\Program Files\Java\jdk-20\bin\net.dll
0x00007fffb82d0000 - 0x00007fffb83da000 	C:\Windows\SYSTEM32\WINHTTP.dll
0x00007fffc25c0000 - 0x00007fffc262a000 	C:\Windows\system32\mswsock.dll
0x00007fffbdaa0000 - 0x00007fffbdab6000 	C:\Program Files\Java\jdk-20\bin\nio.dll
0x00007fffbda80000 - 0x00007fffbda98000 	C:\Program Files\Java\jdk-20\bin\zip.dll
0x00007fff7f6f0000 - 0x00007fff82813000 	C:\Users\Elvis\Documents\NetBeansProjects\SofwareMatricula\opencv_java480.dll
0x00007fffc5530000 - 0x00007fffc565b000 	C:\Windows\System32\ole32.dll
0x00007fffc4cf0000 - 0x00007fffc4dbd000 	C:\Windows\System32\OLEAUT32.dll
0x00007fffbce90000 - 0x00007fffbd04b000 	C:\Windows\SYSTEM32\MFPlat.DLL
0x00007fff899a0000 - 0x00007fff89aaa000 	C:\Windows\SYSTEM32\MFReadWrite.dll
0x00007fffc3620000 - 0x00007fffc366e000 	C:\Windows\System32\cfgmgr32.dll
0x00007fffa72b0000 - 0x00007fffa7334000 	C:\Windows\SYSTEM32\MF.dll
0x00007fffc17b0000 - 0x00007fffc18a3000 	C:\Windows\SYSTEM32\dxgi.dll
0x00007fffbf2e0000 - 0x00007fffbf543000 	C:\Windows\SYSTEM32\d3d11.dll
0x00007fff7efb0000 - 0x00007fff7f43e000 	C:\Windows\SYSTEM32\MFCORE.DLL
0x00007fffc3710000 - 0x00007fffc386d000 	C:\Windows\System32\CRYPT32.dll
0x00007fffc3010000 - 0x00007fffc3037000 	C:\Windows\System32\bcrypt.dll
0x00007fffc2d50000 - 0x00007fffc2d9b000 	C:\Windows\SYSTEM32\powrprof.dll
0x00007fffa5240000 - 0x00007fffa5249000 	C:\Windows\SYSTEM32\ksuser.dll
0x00007fffc27d0000 - 0x00007fffc27dc000 	C:\Windows\SYSTEM32\CRYPTBASE.DLL
0x00007fffbcde0000 - 0x00007fffbce14000 	C:\Windows\SYSTEM32\RTWorkQ.DLL
0x00007fffc2d30000 - 0x00007fffc2d42000 	C:\Windows\SYSTEM32\UMPDC.dll
0x00007fffc08c0000 - 0x00007fffc095e000 	C:\Windows\system32\uxtheme.dll
0x00007fffc0700000 - 0x00007fffc0790000 	C:\Windows\SYSTEM32\apphelp.dll
0x00007fffb9b00000 - 0x00007fffb9f5f000 	C:\Windows\SYSTEM32\igdusc64.dll
0x00007fffbace0000 - 0x00007fffbad1b000 	C:\Windows\SYSTEM32\dxcore.dll
0x00007fffbc010000 - 0x00007fffbc047000 	C:\Windows\SYSTEM32\CompPkgSup.DLL
0x00007fffc3e10000 - 0x00007fffc3eb9000 	C:\Windows\System32\clbcatq.dll
0x00007fff43670000 - 0x00007fff43d96000 	C:\Windows\System32\Windows.Media.dll
0x00007fffbb6b0000 - 0x00007fffbb796000 	C:\Windows\System32\Windows.ApplicationModel.dll
0x00007fffbdfe0000 - 0x00007fffbe1e7000 	C:\Windows\System32\twinapi.appcore.dll
0x00007fffa5a50000 - 0x00007fffa5abd000 	C:\Windows\System32\FrameServerClient.dll
0x00007fff898d0000 - 0x00007fff89937000 	C:\Windows\System32\MFSENSORGROUP.dll
0x00007fffbe6c0000 - 0x00007fffbe6ca000 	C:\Windows\SYSTEM32\AVRT.dll
0x00007fffbb5a0000 - 0x00007fffbb6a2000 	C:\Windows\System32\AppXDeploymentClient.dll
0x00007fffa5990000 - 0x00007fffa599d000 	C:\Windows\System32\vidcap.ax
0x00007fff8b570000 - 0x00007fff8b597000 	C:\Windows\System32\kswdmcap.ax
0x00007fff7ebf0000 - 0x00007fff7ed5c000 	C:\Windows\System32\MFC42.dll
0x00007fffa5c70000 - 0x00007fffa5db6000 	C:\Windows\System32\Windows.StateRepositoryPS.dll
0x00007fffbed20000 - 0x00007fffbee75000 	C:\Windows\System32\WinTypes.dll
0x00007fff82ec0000 - 0x00007fff82fa5000 	C:\Program Files\Intel\Media SDK\mfx_mft_mjpgvd_64.dll
0x00007fff65a70000 - 0x00007fff65a94000 	C:\Windows\SYSTEM32\dxva2.dll
0x00007fffa1a20000 - 0x00007fffa1adf000 	C:\Windows\SYSTEM32\EVR.dll
0x00007fff58bb0000 - 0x00007fff58d7d000 	C:\Windows\SYSTEM32\d3d9.dll
0x00007fffbea60000 - 0x00007fffbeb56000 	C:\Windows\SYSTEM32\PROPSYS.dll
0x00007fffc09e0000 - 0x00007fffc0a0f000 	C:\Windows\SYSTEM32\dwmapi.dll
0x00007fffa5970000 - 0x00007fffa598d000 	C:\Windows\System32\mfmjpegdec.dll
0x00007fffb88c0000 - 0x00007fffb89ed000 	C:\Windows\System32\mfperfhelper.dll
0x00007fff42880000 - 0x00007fff429e0000 	C:\Windows\System32\msvproc.dll
0x00007fff55e40000 - 0x00007fff55fd1000 	C:\Program Files\Java\jdk-20\bin\awt.dll
0x00007fff93470000 - 0x00007fff93595000 	C:\Windows\system32\opengl32.dll
0x00007fff936f0000 - 0x00007fff9371c000 	C:\Windows\SYSTEM32\GLU32.dll
0x00007fffc47a0000 - 0x00007fffc48b4000 	C:\Windows\System32\MSCTF.dll
0x00007fffa8ac0000 - 0x00007fffa8b46000 	C:\Program Files\Java\jdk-20\bin\freetype.dll
0x00007fff97520000 - 0x00007fff975e6000 	C:\Program Files\Java\jdk-20\bin\fontmanager.dll
0x00007fffad0f0000 - 0x00007fffad1ea000 	C:\Windows\SYSTEM32\textinputframework.dll
0x00007fffc04c0000 - 0x00007fffc05b2000 	C:\Windows\System32\CoreMessaging.dll
0x00007fffbfd00000 - 0x00007fffc005b000 	C:\Windows\System32\CoreUIComponents.dll
0x00007fffc2010000 - 0x00007fffc2043000 	C:\Windows\SYSTEM32\ntmarta.dll
0x00007fff8bd20000 - 0x00007fff8bd35000 	C:\Windows\SYSTEM32\OpenCL.dll
0x00007fff894b0000 - 0x00007fff89512000 	C:\Windows\SYSTEM32\IntelOpenCL64.dll
0x00007fff82c50000 - 0x00007fff82d4d000 	C:\Program Files (x86)\Common Files\Intel\OpenCL\bin\x64\intelocl64.dll
0x00007fff7f670000 - 0x00007fff7f6e6000 	C:\Program Files (x86)\Common Files\Intel\OpenCL\bin\x64\task_executor64.dll
0x00007fff7f5d0000 - 0x00007fff7f665000 	C:\Program Files (x86)\Common Files\Intel\OpenCL\bin\x64\cpu_device64.dll
0x00007fff7eb80000 - 0x00007fff7ebe9000 	C:\Program Files (x86)\Common Files\Intel\OpenCL\bin\x64\tbb\tbb.dll
0x00007fff7e7f0000 - 0x00007fff7e9e4000 	C:\Windows\SYSTEM32\igdrcl64.dll
0x00007fff520f0000 - 0x00007fff536d2000 	C:\Windows\SYSTEM32\igdfcl64.dll
0x00007fff7eb20000 - 0x00007fff7eb7f000 	C:\Windows\SYSTEM32\igdbcl64.dll

dbghelp: loaded successfully - version: 4.0.5 - missing functions: none
symbol engine: initialized successfully - sym options: 0x614 - pdb path: .;C:\Program Files\Java\jdk-20\bin;C:\Windows\SYSTEM32;C:\Program Files\Avast Software\Avast;C:\Windows\WinSxS\amd64_microsoft.windows.common-controls_6595b64144ccf1df_6.0.19041.3636_none_60b6a03d71f818d5;C:\Program Files\Java\jdk-20\bin\server;C:\Users\Elvis\Documents\NetBeansProjects\SofwareMatricula;C:\Program Files\Intel\Media SDK;C:\Program Files (x86)\Common Files\Intel\OpenCL\bin\x64;C:\Program Files (x86)\Common Files\Intel\OpenCL\bin\x64\tbb

VM Arguments:
jvm_args: -Dfile.encoding=UTF-8 --module-path=C:\Users\Elvis\Documents\NetBeansProjects\SofwareMatricula\build\classes 
java_command: SofwareAsistencia.controler.metodos.FaceRecognition
java_class_path (initial): C:\Program Files\NetBeans-15\netbeans\java\modules\ext\AbsoluteLayout.jar;C:\Users\Elvis\Desktop\Software Farmacia\JarFiles_ProyectFarmacia\JarFiles_ProyectFarmacia\Librerias\Librerias\AbsoluteLayout.jar;C:\Users\Elvis\Downloads\opencv\build\java\opencv-480.jar;C:\Users\Elvis\Downloads\mysql-connector-j-8.2.0\mysql-connector-j-8.2.0.jar;C:\Users\Elvis\Downloads\libs\artoolkitplus-2.3.1-1.3-linux-ppc64le.jar;C:\Users\Elvis\Downloads\libs\artoolkitplus-2.3.1-1.3-linux-x86.jar;C:\Users\Elvis\Downloads\libs\artoolkitplus-2.3.1-1.3-macosx-x86_64.jar;C:\Users\Elvis\Downloads\libs\artoolkitplus-2.3.1-1.3.jar;C:\Users\Elvis\Downloads\libs\bridj-0.7.0.jar;C:\Users\Elvis\Downloads\libs\flandmark-1.07-1.3-macosx-x86_64.jar;C:\Users\Elvis\Downloads\libs\flandmark-1.07-1.3-windows-x86_64.jar;C:\Users\Elvis\Downloads\libs\flycapture-2.9.3.43-1.3-linux-x86_64.jar;C:\Users\Elvis\Downloads\libs\flycapture-2.9.3.43-1.3-windows-x86.jar;C:\Users\Elvis\Downloads\libs\flycapture-2.9.3.43-1.3.jar;C:\Users\Elvis\Downloads\libs\javacv-1.3.3.jar;C:\Users\Elvis\Downloads\libs\javacv-platform-1.3.3.jar;C:\Users\Elvis\Downloads\libs\libdc1394-2.2.4-1.3-windows-x86.jar;C:\Users\Elvis\Downloads\libs\libdc1394-platform-2.2.4-1.3.jar;C:\Users\Elvis\Downloads\libs\libfreenect-0.5.3-1.3-windows-x86.jar;C:\Users\Elvis\Downloads\libs\libfreenect2-0.2.0-1.3.jar;C:\Users\Elvis\Downloads\libs\opencv-3.2.0-1.3-linux-armhf.jar;C:\Users\Elvis\Downloads\libs\opencv-3.2.0-1.3-linux-x86_64.jar;C:\Users\Elvis\Downloads\libs\opencv-3.2.0-1.3-macosx-x86_64.jar;C:\Users\Elvis\Downloads\libs\opencv-3.2.0-1.3-windows-x86_64.jar;C:\Users\Elvis\Downloads\libs\opencv-platform-3.2.0-1.3.jar;C:\Users\Elvis\Downloads\libs\slf4j-api-1.7.2.jar;C:\Users\Elvis\Downloads\libs\v4l4j-0.9.1-r507.jar;C:\Users\Elvis\Downloads\libs\webcam-capture-0.3.12.jar;C:\Users\Elvis\Documents\NetBeansProjects\SofwareMatricula\build\classes
Launcher Type: SUN_STANDARD

[Global flags]
     intx CICompilerCount                          = 3                                         {product} {ergonomic}
     uint ConcGCThreads                            = 1                                         {product} {ergonomic}
     uint G1ConcRefinementThreads                  = 4                                         {product} {ergonomic}
   size_t G1HeapRegionSize                         = 1048576                                   {product} {ergonomic}
    uintx GCDrainStackTargetSize                   = 64                                        {product} {ergonomic}
   size_t InitialHeapSize                          = 134217728                                 {product} {ergonomic}
   size_t MarkStackSize                            = 4194304                                   {product} {ergonomic}
   size_t MaxHeapSize                              = 2122317824                                {product} {ergonomic}
   size_t MaxNewSize                               = 1272971264                                {product} {ergonomic}
   size_t MinHeapDeltaBytes                        = 1048576                                   {product} {ergonomic}
   size_t MinHeapSize                              = 8388608                                   {product} {ergonomic}
    uintx NonNMethodCodeHeapSize                   = 5832780                                {pd product} {ergonomic}
    uintx NonProfiledCodeHeapSize                  = 122912730                              {pd product} {ergonomic}
    uintx ProfiledCodeHeapSize                     = 122912730                              {pd product} {ergonomic}
    uintx ReservedCodeCacheSize                    = 251658240                              {pd product} {ergonomic}
     bool SegmentedCodeCache                       = true                                      {product} {ergonomic}
   size_t SoftMaxHeapSize                          = 2122317824                             {manageable} {ergonomic}
     bool UseCompressedClassPointers               = true                           {product lp64_product} {ergonomic}
     bool UseCompressedOops                        = true                           {product lp64_product} {ergonomic}
     bool UseG1GC                                  = true                                      {product} {ergonomic}
     bool UseLargePagesIndividualAllocation        = false                                  {pd product} {ergonomic}

Logging:
Log output configuration:
 #0: stdout all=off uptime,level,tags foldmultilines=false
 #1: stderr all=off uptime,level,tags foldmultilines=false

Environment Variables:
PATH=C:\Program Files (x86)\VMware\VMware Workstation\bin\;C:\Program Files\Microsoft MPI\Bin\;C:\Program Files\Common Files\Oracle\Java\javapath;C:\Program Files (x86)\Common Files\Oracle\Java\javapath;C:\Windows\system32;C:\Windows;C:\Windows\System32\Wbem;C:\Windows\System32\WindowsPowerShell\v1.0\;C:\Windows\System32\OpenSSH\;C:\Program Files\Git\cmd;C:\Program Files (x86)\Microsoft SQL Server\160\Tools\Binn\;C:\Program Files\Microsoft SQL Server\160\Tools\Binn\;C:\Program Files\Microsoft SQL Server\Client SDK\ODBC\170\Tools\Binn\;C:\Program Files\Microsoft SQL Server\160\DTS\Binn\;C:\Program Files (x86)\Microsoft SQL Server\160\DTS\Binn\;C:\Program Files\Azure Data Studio\bin;C:\ProgramData\chocolatey\bin;C:\Python\Python312\Scripts\;C:\Python\Python312\;C:\Users\Elvis\AppData\Local\Microsoft\WindowsApps;;C:\Users\Elvis\AppData\Local\Programs\Microsoft VS Code\bin;C:\Program Files\Azure Data Studio\bin;C:\Program Files\Azure Data Studio\bin;C:\Program Files\Azure Data Studio\bin
USERNAME=Elvis
OS=Windows_NT
PROCESSOR_IDENTIFIER=Intel64 Family 6 Model 58 Stepping 9, GenuineIntel
TMP=C:\Users\Elvis\AppData\Local\Temp
TEMP=C:\Users\Elvis\AppData\Local\Temp




---------------  S Y S T E M  ---------------

OS:
 Windows 10 , 64 bit Build 19041 (10.0.19041.3636)
OS uptime: 0 days 1:40 hours

CPU: total 4 (initial active 4) (2 cores per cpu, 2 threads per core) family 6 model 58 stepping 9 microcode 0x21, cx8, cmov, fxsr, ht, mmx, sse, sse2, sse3, ssse3, sse4.1, sse4.2, popcnt, tsc, tscinvbit, avx, aes, erms, clmul, vzeroupper, clflush, rdtscp, f16c

Memory: 4k page, system-wide physical 8095M (2310M free)
TotalPageFile size 10655M (AvailPageFile size 2602M)
current process WorkingSet (physical memory assigned to process): 111M, peak: 134M
current process commit charge ("private bytes"): 246M, peak: 272M

vm_info: Java HotSpot(TM) 64-Bit Server VM (20+36-2344) for windows-amd64 JRE (20+36-2344), built on 2023-02-10T19:30:15Z by "mach5one" with MS VC++ 17.1 (VS2022)

END.
