#
# A fatal error has been detected by the Java Runtime Environment:
#
#  EXCEPTION_ACCESS_VIOLATION (0xc0000005) at pc=0x00007fffc583faad, pid=5828, tid=6688
#
# JRE version: Java(TM) SE Runtime Environment (20.0+36) (build 20+36-2344)
# Java VM: Java HotSpot(TM) 64-Bit Server VM (20+36-2344, mixed mode, sharing, tiered, compressed oops, compressed class ptrs, g1 gc, windows-amd64)
# Problematic frame:
# C  [ntdll.dll+0x2faad]
#
# No core dump will be written. Minidumps are not enabled by default on client versions of Windows
#
# If you would like to submit a bug report, please visit:
#   https://bugreport.java.com/bugreport/crash.jsp
#

---------------  S U M M A R Y ------------

Command Line: -Dfile.encoding=UTF-8 --module-path=C:\Users\Elvis\Documents\NetBeansProjects\SofwareMatricula\build\classes SoftwareAsistencia.SoftwareMatriculaAppliation

Host: Intel(R) Core(TM) i5-3337U CPU @ 1.80GHz, 4 cores, 7G,  Windows 10 , 64 bit Build 19041 (10.0.19041.3636)
Time: Sat Nov 18 16:27:36 2023 Hora est. Pacífico, Sudamérica elapsed time: 14.141773 seconds (0d 0h 0m 14s)

---------------  T H R E A D  ---------------

Current thread (0x00000140a4c5d4c0):  VMThread "VM Thread" [stack: 0x00000021c6a00000,0x00000021c6b00000] [id=6688]

Stack: [0x00000021c6a00000,0x00000021c6b00000],  sp=0x00000021c6afead0,  free space=1018k
Native frames: (J=compiled Java code, j=interpreted, Vv=VM code, C=native code)
C  [ntdll.dll+0x2faad]
C  [igdrcl64.dll+0x36542]


siginfo: EXCEPTION_ACCESS_VIOLATION (0xc0000005), writing address 0x0000000000000018


Registers:
RAX=0x00000021c5f25000, RBX=0x0000000000000000, RCX=0x0000000000000010, RDX=0x00000140a93883b0
RSP=0x00000021c6afead0, RBP=0x00000140a915c7e8, RSI=0x0000000000000010, RDI=0x00000140a93883b0
R8 =0x0000000000000032, R9 =0x0000000000000032, R10=0x0000000000000032, R11=0x00000021c6afeb10
R12=0x00007fff529b623c, R13=0x00007fff4c8dea90, R14=0x000045d0cdccb30e, R15=0x00000140a915c0b0
RIP=0x00007fffc583faad, EFLAGS=0x0000000000010202


Register to memory mapping:

RIP=0x00007fffc583faad ntdll.dll
RAX=0x00000021c5f25000 points into unknown readable memory: 0x0000000000000000 | 00 00 00 00 00 00 00 00
RBX=0x0 is NULL
RCX=0x0000000000000010 is an unknown value
RDX=0x00000140a93883b0 points into unknown readable memory: 0x00007fff8180ffa0 | a0 ff 80 81 ff 7f 00 00
RSP=0x00000021c6afead0 points into unknown readable memory: 0x0000014086a30000 | 00 00 a3 86 40 01 00 00
RBP=0x00000140a915c7e8 points into unknown readable memory: 0x000045d0cdccb30e | 0e b3 cc cd d0 45 00 00
RSI=0x0000000000000010 is an unknown value
RDI=0x00000140a93883b0 points into unknown readable memory: 0x00007fff8180ffa0 | a0 ff 80 81 ff 7f 00 00
R8 =0x0000000000000032 is an unknown value
R9 =0x0000000000000032 is an unknown value
R10=0x0000000000000032 is an unknown value
R11=0x00000021c6afeb10 points into unknown readable memory: 0x000045d0cdccb30e | 0e b3 cc cd d0 45 00 00
R12=0x00007fff529b623c opencv_java480.dll
R13=0x00007fff4c8dea90 jvm.dll
R14=0x000045d0cdccb30e is an unknown value
R15=0x00000140a915c0b0 points into unknown readable memory: 0x1fff91761ad4b30e | 0e b3 d4 1a 76 91 ff 1f


Top of Stack: (sp=0x00000021c6afead0)
0x00000021c6afead0:   0000014086a30000 000045d0cdccb30e
0x00000021c6afeae0:   00007fff4c8dea90 00007fff529b623c
0x00000021c6afeaf0:   00000140a9902af0 00007fff81666542
0x00000021c6afeb00:   000045f10b635abe 000045d00000000c
0x00000021c6afeb10:   000045d0cdccb30e 00000140a9a98c30
0x00000021c6afeb20:   00000140a99f6c50 00007fff81661145
0x00000021c6afeb30:   0000014086a30000 00000140a93883b0
0x00000021c6afeb40:   00000021c6afecc0 0000000000000000
0x00000021c6afeb50:   00000140a9a98c30 00007fff51cbc109
0x00000021c6afeb60:   00000140a99f7010 000045d0cdccb30e
0x00000021c6afeb70:   00007fff4c8dea90 00007fff529b623c
0x00000021c6afeb80:   00000140a986a7a0 00007fffc58347b1
0x00000021c6afeb90:   00000140a99f7010 0000014086910000
0x00000021c6afeba0:   00000140a915c7e8 0000000000000000
0x00000021c6afebb0:   0000000000000000 000045f10b63586e
0x00000021c6afebc0:   00000140a9a98c30 00007fff51ca4061
0x00000021c6afebd0:   00007fff5356cd48 00000140a9a98c20
0x00000021c6afebe0:   00000140aaaa81e0 00000140a986a870
0x00000021c6afebf0:   00000000ffffffff 00007fff52ae8ac0
0x00000021c6afec00:   00000140a9a98c30 00000140a9a98c20
0x00000021c6afec10:   00000021c6afecc0 0000014088000088
0x00000021c6afec20:   00000140a915c7d0 00007fff52a0442f
0x00000021c6afec30:   00000140a915c0b0 00007fffc5810000
0x00000021c6afec40:   0000000000000001 00000140a97b1310
0x00000021c6afec50:   0000000000000001 00007fff505b0000
0x00000021c6afec60:   00000021c6afecc0 00007fff52a041dd
0x00000021c6afec70:   00000021c6afecf0 00000021c6afed90
0x00000021c6afec80:   0000000000000001 0000014086910000
0x00000021c6afec90:   00000021c6afed70 00007fff52a04501
0x00000021c6afeca0:   00000021c6afed70 0000000000000021
0x00000021c6afecb0:   0000000000000000 00000021c6afecf0
0x00000021c6afecc0:   00000021c6afece0 00007fffb9ea5bc8 

Instructions: (pc=0x00007fffc583faad)
0x00007fffc583f9ad:   48 b8 7f 7f 7f 7f 7f 7f 7f 7f 41 8b c8 48 0b cb
0x00007fffc583f9bd:   48 23 c8 83 e6 1f 49 89 8c f4 40 a5 16 00 48 81
0x00007fffc583f9cd:   c4 98 00 00 00 41 5f 41 5e 41 5d 41 5c 5f 5e 5b
0x00007fffc583f9dd:   5d c3 cc 33 d2 41 8b c6 41 f7 f0 44 8b c8 e9 d6
0x00007fffc583f9ed:   fc ff ff 41 8d 57 ff 41 85 d7 0f 84 13 38 08 00
0x00007fffc583f9fd:   41 b8 00 10 00 00 41 b9 ff ff 00 00 e9 3c 38 08
0x00007fffc583fa0d:   00 cc cc cc cc cc cc 48 8b c4 48 89 58 08 48 89
0x00007fffc583fa1d:   68 10 48 89 70 18 48 89 78 20 41 56 48 83 ec 20
0x00007fffc583fa2d:   40 8a ea 4c 8d 35 99 d1 13 00 48 8b f1 33 db 48
0x00007fffc583fa3d:   8d 0d 9d d1 13 00 e8 58 00 00 00 4c 8b 05 81 d1
0x00007fffc583fa4d:   13 00 4d 3b c6 0f 85 08 3b 08 00 48 85 db 75 33
0x00007fffc583fa5d:   48 8d 0d 7c d1 13 00 e8 c7 f7 ff ff 48 85 db 0f
0x00007fffc583fa6d:   85 23 3b 08 00 33 c0 48 8b 5c 24 30 48 8b 6c 24
0x00007fffc583fa7d:   38 48 8b 74 24 40 48 8b 7c 24 48 48 83 c4 20 41
0x00007fffc583fa8d:   5e c3 cc f0 ff 43 3c eb c7 cc cc cc cc cc cc cc
0x00007fffc583fa9d:   cc cc cc 48 83 ec 28 65 48 8b 04 25 30 00 00 00
0x00007fffc583faad:   f0 0f ba 71 08 00 48 8b 40 48 73 13 48 89 41 10
0x00007fffc583fabd:   33 c0 c7 41 0c 01 00 00 00 48 83 c4 28 c3 cc 48
0x00007fffc583facd:   39 41 10 75 0b ff 41 0c 33 c0 48 83 c4 28 c3 cc
0x00007fffc583fadd:   e8 0e 00 00 00 eb e2 cc cc cc cc cc cc cc cc cc
0x00007fffc583faed:   cc cc cc 48 89 5c 24 18 55 56 57 41 54 41 55 41
0x00007fffc583fafd:   56 41 57 48 83 ec 20 8b 41 20 48 8b f1 48 0f ba
0x00007fffc583fb0d:   e0 1a 0f 82 df 01 00 00 33 ff 40 32 ed 66 83 3c
0x00007fffc583fb1d:   25 6a 03 fe 7f 01 76 19 48 8b 7e 20 48 8b c7 81
0x00007fffc583fb2d:   e7 ff ff ff 00 25 00 00 00 02 48 85 c0 40 0f 95
0x00007fffc583fb3d:   c5 45 32 ff b0 01 45 32 e4 41 bd 01 00 00 00 45
0x00007fffc583fb4d:   33 c0 ba 6a 03 fe 7f 84 c0 0f 84 14 01 00 00 8b
0x00007fffc583fb5d:   46 08 4c 8d 4e 08 45 84 e4 41 be 03 00 00 00 45
0x00007fffc583fb6d:   0f 44 f5 41 84 c5 0f 85 e2 00 00 00 8d 0c bf 03
0x00007fffc583fb7d:   c9 66 44 39 2a 0f 86 e8 00 00 00 4d 85 c9 74 0e
0x00007fffc583fb8d:   80 3c 25 97 02 fe 7f 00 0f 85 29 3a 08 00 0f b7
0x00007fffc583fb9d:   1c 25 d6 02 fe 7f 83 fb 0c 0f 85 a2 00 00 00 b8 


Stack slot to memory mapping:
stack at sp + 0 slots: 0x0000014086a30000 points into unknown readable memory: 0x0000000000000000 | 00 00 00 00 00 00 00 00
stack at sp + 1 slots: 0x000045d0cdccb30e is an unknown value
stack at sp + 2 slots: 0x00007fff4c8dea90 jvm.dll
stack at sp + 3 slots: 0x00007fff529b623c opencv_java480.dll
stack at sp + 4 slots: 0x00000140a9902af0 points into unknown readable memory: 0x00000140a9902af0 | f0 2a 90 a9 40 01 00 00
stack at sp + 5 slots: 0x00007fff81666542 igdrcl64.dll
stack at sp + 6 slots: 0x000045f10b635abe is an unknown value
stack at sp + 7 slots: 0x000045d00000000c is an unknown value

VM_Operation (0x00000021c79fe570): Exit, mode: safepoint, requested by thread 0x00000140a94869f0


---------------  P R O C E S S  ---------------

Threads class SMR info:
_java_thread_list=0x00000140a99f3c80, length=16, elements={
0x00000140a4c79a10, 0x00000140a4c7a690, 0x00000140a4c7e5b0, 0x00000140a4c81d90,
0x00000140a4c822e0, 0x00000140a4c82d10, 0x00000140a4c8bc50, 0x00000140a4c953a0,
0x00000140a907ff80, 0x00000140a915d5e0, 0x00000140a9488f20, 0x00000140a9486f40,
0x00000140a94869f0, 0x00000140a9487f30, 0x00000140a9485a00, 0x00000140a94889d0
}

Java Threads: ( => current thread )
  0x00000140a4c79a10 JavaThread "Reference Handler" daemon [_thread_blocked, id=7872, stack(0x00000021c6b00000,0x00000021c6c00000)]
  0x00000140a4c7a690 JavaThread "Finalizer" daemon [_thread_blocked, id=7828, stack(0x00000021c6c00000,0x00000021c6d00000)]
  0x00000140a4c7e5b0 JavaThread "Signal Dispatcher" daemon [_thread_blocked, id=12240, stack(0x00000021c6d00000,0x00000021c6e00000)]
  0x00000140a4c81d90 JavaThread "Attach Listener" daemon [_thread_blocked, id=11308, stack(0x00000021c6e00000,0x00000021c6f00000)]
  0x00000140a4c822e0 JavaThread "Service Thread" daemon [_thread_blocked, id=9164, stack(0x00000021c6f00000,0x00000021c7000000)]
  0x00000140a4c82d10 JavaThread "Monitor Deflation Thread" daemon [_thread_blocked, id=10416, stack(0x00000021c7000000,0x00000021c7100000)]
  0x00000140a4c8bc50 JavaThread "C2 CompilerThread0" daemon [_thread_blocked, id=7596, stack(0x00000021c7100000,0x00000021c7200000)]
  0x00000140a4c953a0 JavaThread "C1 CompilerThread0" daemon [_thread_blocked, id=304, stack(0x00000021c7200000,0x00000021c7300000)]
  0x00000140a907ff80 JavaThread "Common-Cleaner" daemon [_thread_blocked, id=12172, stack(0x00000021c7300000,0x00000021c7400000)]
  0x00000140a915d5e0 JavaThread "Notification Thread" daemon [_thread_blocked, id=7640, stack(0x00000021c7400000,0x00000021c7500000)]
  0x00000140a9488f20 JavaThread "Java2D Disposer" daemon [_thread_blocked, id=1752, stack(0x00000021c7600000,0x00000021c7700000)]
  0x00000140a9486f40 JavaThread "AWT-Shutdown" [_thread_blocked, id=9820, stack(0x00000021c7700000,0x00000021c7800000)]
  0x00000140a94869f0 JavaThread "AWT-EventQueue-0" [_thread_blocked, id=8664, stack(0x00000021c7900000,0x00000021c7a00000)]
  0x00000140a9487f30 JavaThread "DestroyJavaVM" [_thread_blocked, id=8716, stack(0x00000021c6400000,0x00000021c6500000)]
  0x00000140a9485a00 JavaThread "mysql-cj-abandoned-connection-cleanup" daemon [_thread_blocked, id=2540, stack(0x00000021c8200000,0x00000021c8300000)]
  0x00000140a94889d0 JavaThread "TimerQueue" daemon [_thread_blocked, id=8436, stack(0x00000021c8300000,0x00000021c8400000)]

Other Threads:
=>0x00000140a4c5d4c0 VMThread "VM Thread" [stack: 0x00000021c6a00000,0x00000021c6b00000] [id=6688]
  0x0000014088bb3cb0 WorkerThread "GC Thread#0" [stack: 0x00000021c6500000,0x00000021c6600000] [id=8840]
  0x00000140a96de3d0 WorkerThread "GC Thread#1" [stack: 0x00000021c7b00000,0x00000021c7c00000] [id=4472]
  0x00000140a95bbba0 WorkerThread "GC Thread#2" [stack: 0x00000021c7f00000,0x00000021c8000000] [id=8996]
  0x00000140a95bbe70 WorkerThread "GC Thread#3" [stack: 0x00000021c8000000,0x00000021c8100000] [id=8252]
  0x0000014088bc4b30 ConcurrentGCThread "G1 Main Marker" terminated
  0x0000014088bc6d10 WorkerThread "G1 Conc#0" [stack: 0x00000021c6700000,0x00000021c6800000] [id=11284]
  0x0000014088c1e3d0 ConcurrentGCThread "G1 Refine#0" terminated
  0x0000014088c1ea80 ConcurrentGCThread "G1 Service" terminated

Threads with active compile tasks:

VM state: at safepoint (shutting down)

VM Mutex/Monitor currently owned by a thread:  ([mutex/lock_event])
[0x0000014086a0b660] Threads_lock - owner thread: 0x00000140a4c5d4c0
[0x0000014086a09fe0] Heap_lock - owner thread: 0x00000140a94869f0

Heap address: 0x0000000081800000, size: 2024 MB, Compressed Oops mode: 32-bit

CDS archive(s) mapped at: [0x0000000800000000-0x0000000800c60000-0x0000000800c60000), size 12976128, SharedBaseAddress: 0x0000000800000000, ArchiveRelocationMode: 0.
Compressed class space mapped at: 0x0000000801000000-0x0000000841000000, reserved size: 1073741824
Narrow klass base: 0x0000000800000000, Narrow klass shift: 0, Narrow klass range: 0x100000000

GC Precious Log:
 CardTable entry size: 512
 Card Set container configuration: InlinePtr #cards 5 size 8 Array Of Cards #cards 12 size 40 Howl #buckets 4 coarsen threshold 1843 Howl Bitmap #cards 512 size 80 coarsen threshold 460 Card regions per heap region 1 cards per card region 2048
 CPUs: 4 total, 4 available
 Memory: 8095M
 Large Page Support: Disabled
 NUMA Support: Disabled
 Compressed Oops: Enabled (32-bit)
 Heap Region Size: 1M
 Heap Min Capacity: 8M
 Heap Initial Capacity: 128M
 Heap Max Capacity: 2024M
 Pre-touch: Disabled
 Parallel Workers: 4
 Concurrent Workers: 1
 Concurrent Refinement Workers: 4
 Periodic GC: Disabled

Heap:
 garbage-first heap   total 131072K, used 23965K [0x0000000081800000, 0x0000000100000000)
  region size 1024K, 19 young (19456K), 2 survivors (2048K)
 Metaspace       used 13113K, committed 13376K, reserved 1114112K
  class space    used 1337K, committed 1472K, reserved 1048576K

Heap Regions: E=young(eden), S=young(survivor), O=old, HS=humongous(starts), HC=humongous(continues), CS=collection set, F=free, OA=open archive, CA=closed archive, TAMS=top-at-mark-start, PB=parsable bottom
|   0|0x0000000081800000, 0x0000000081900000, 0x0000000081900000|100%| O|  |TAMS 0x0000000081800000| PB 0x0000000081800000| Untracked 
|   1|0x0000000081900000, 0x0000000081a00000, 0x0000000081a00000|100%| O|  |TAMS 0x0000000081900000| PB 0x0000000081900000| Untracked 
|   2|0x0000000081a00000, 0x0000000081b00000, 0x0000000081b00000|100%| O|  |TAMS 0x0000000081a00000| PB 0x0000000081a00000| Untracked 
|   3|0x0000000081b00000, 0x0000000081bda600, 0x0000000081c00000| 85%| O|  |TAMS 0x0000000081b00000| PB 0x0000000081b00000| Untracked 
|   4|0x0000000081c00000, 0x0000000081d00000, 0x0000000081d00000|100%|HS|  |TAMS 0x0000000081c00000| PB 0x0000000081c00000| Complete 
|   5|0x0000000081d00000, 0x0000000081e00000, 0x0000000081e00000|100%|HS|  |TAMS 0x0000000081d00000| PB 0x0000000081d00000| Complete 
|   6|0x0000000081e00000, 0x0000000081f00000, 0x0000000081f00000|100%|HC|  |TAMS 0x0000000081e00000| PB 0x0000000081e00000| Complete 
|   7|0x0000000081f00000, 0x0000000081f00000, 0x0000000082000000|  0%| F|  |TAMS 0x0000000081f00000| PB 0x0000000081f00000| Untracked 
|   8|0x0000000082000000, 0x0000000082000000, 0x0000000082100000|  0%| F|  |TAMS 0x0000000082000000| PB 0x0000000082000000| Untracked 
|   9|0x0000000082100000, 0x0000000082100000, 0x0000000082200000|  0%| F|  |TAMS 0x0000000082100000| PB 0x0000000082100000| Untracked 
|  10|0x0000000082200000, 0x0000000082200000, 0x0000000082300000|  0%| F|  |TAMS 0x0000000082200000| PB 0x0000000082200000| Untracked 
|  11|0x0000000082300000, 0x0000000082300000, 0x0000000082400000|  0%| F|  |TAMS 0x0000000082300000| PB 0x0000000082300000| Untracked 
|  12|0x0000000082400000, 0x0000000082400000, 0x0000000082500000|  0%| F|  |TAMS 0x0000000082400000| PB 0x0000000082400000| Untracked 
|  13|0x0000000082500000, 0x0000000082500000, 0x0000000082600000|  0%| F|  |TAMS 0x0000000082500000| PB 0x0000000082500000| Untracked 
|  14|0x0000000082600000, 0x0000000082600000, 0x0000000082700000|  0%| F|  |TAMS 0x0000000082600000| PB 0x0000000082600000| Untracked 
|  15|0x0000000082700000, 0x0000000082700000, 0x0000000082800000|  0%| F|  |TAMS 0x0000000082700000| PB 0x0000000082700000| Untracked 
|  16|0x0000000082800000, 0x0000000082800000, 0x0000000082900000|  0%| F|  |TAMS 0x0000000082800000| PB 0x0000000082800000| Untracked 
|  17|0x0000000082900000, 0x0000000082900000, 0x0000000082a00000|  0%| F|  |TAMS 0x0000000082900000| PB 0x0000000082900000| Untracked 
|  18|0x0000000082a00000, 0x0000000082a00000, 0x0000000082b00000|  0%| F|  |TAMS 0x0000000082a00000| PB 0x0000000082a00000| Untracked 
|  19|0x0000000082b00000, 0x0000000082b00000, 0x0000000082c00000|  0%| F|  |TAMS 0x0000000082b00000| PB 0x0000000082b00000| Untracked 
|  20|0x0000000082c00000, 0x0000000082c00000, 0x0000000082d00000|  0%| F|  |TAMS 0x0000000082c00000| PB 0x0000000082c00000| Untracked 
|  21|0x0000000082d00000, 0x0000000082d00000, 0x0000000082e00000|  0%| F|  |TAMS 0x0000000082d00000| PB 0x0000000082d00000| Untracked 
|  22|0x0000000082e00000, 0x0000000082e00000, 0x0000000082f00000|  0%| F|  |TAMS 0x0000000082e00000| PB 0x0000000082e00000| Untracked 
|  23|0x0000000082f00000, 0x0000000082f00000, 0x0000000083000000|  0%| F|  |TAMS 0x0000000082f00000| PB 0x0000000082f00000| Untracked 
|  24|0x0000000083000000, 0x0000000083000000, 0x0000000083100000|  0%| F|  |TAMS 0x0000000083000000| PB 0x0000000083000000| Untracked 
|  25|0x0000000083100000, 0x0000000083100000, 0x0000000083200000|  0%| F|  |TAMS 0x0000000083100000| PB 0x0000000083100000| Untracked 
|  26|0x0000000083200000, 0x0000000083200000, 0x0000000083300000|  0%| F|  |TAMS 0x0000000083200000| PB 0x0000000083200000| Untracked 
|  27|0x0000000083300000, 0x0000000083300000, 0x0000000083400000|  0%| F|  |TAMS 0x0000000083300000| PB 0x0000000083300000| Untracked 
|  28|0x0000000083400000, 0x0000000083400000, 0x0000000083500000|  0%| F|  |TAMS 0x0000000083400000| PB 0x0000000083400000| Untracked 
|  29|0x0000000083500000, 0x0000000083500000, 0x0000000083600000|  0%| F|  |TAMS 0x0000000083500000| PB 0x0000000083500000| Untracked 
|  30|0x0000000083600000, 0x0000000083600000, 0x0000000083700000|  0%| F|  |TAMS 0x0000000083600000| PB 0x0000000083600000| Untracked 
|  31|0x0000000083700000, 0x0000000083700000, 0x0000000083800000|  0%| F|  |TAMS 0x0000000083700000| PB 0x0000000083700000| Untracked 
|  32|0x0000000083800000, 0x0000000083800000, 0x0000000083900000|  0%| F|  |TAMS 0x0000000083800000| PB 0x0000000083800000| Untracked 
|  33|0x0000000083900000, 0x0000000083900000, 0x0000000083a00000|  0%| F|  |TAMS 0x0000000083900000| PB 0x0000000083900000| Untracked 
|  34|0x0000000083a00000, 0x0000000083a00000, 0x0000000083b00000|  0%| F|  |TAMS 0x0000000083a00000| PB 0x0000000083a00000| Untracked 
|  35|0x0000000083b00000, 0x0000000083b00000, 0x0000000083c00000|  0%| F|  |TAMS 0x0000000083b00000| PB 0x0000000083b00000| Untracked 
|  36|0x0000000083c00000, 0x0000000083c00000, 0x0000000083d00000|  0%| F|  |TAMS 0x0000000083c00000| PB 0x0000000083c00000| Untracked 
|  37|0x0000000083d00000, 0x0000000083d00000, 0x0000000083e00000|  0%| F|  |TAMS 0x0000000083d00000| PB 0x0000000083d00000| Untracked 
|  38|0x0000000083e00000, 0x0000000083e00000, 0x0000000083f00000|  0%| F|  |TAMS 0x0000000083e00000| PB 0x0000000083e00000| Untracked 
|  39|0x0000000083f00000, 0x0000000083f00000, 0x0000000084000000|  0%| F|  |TAMS 0x0000000083f00000| PB 0x0000000083f00000| Untracked 
|  40|0x0000000084000000, 0x0000000084000000, 0x0000000084100000|  0%| F|  |TAMS 0x0000000084000000| PB 0x0000000084000000| Untracked 
|  41|0x0000000084100000, 0x0000000084100000, 0x0000000084200000|  0%| F|  |TAMS 0x0000000084100000| PB 0x0000000084100000| Untracked 
|  42|0x0000000084200000, 0x0000000084200000, 0x0000000084300000|  0%| F|  |TAMS 0x0000000084200000| PB 0x0000000084200000| Untracked 
|  43|0x0000000084300000, 0x0000000084300000, 0x0000000084400000|  0%| F|  |TAMS 0x0000000084300000| PB 0x0000000084300000| Untracked 
|  44|0x0000000084400000, 0x0000000084400000, 0x0000000084500000|  0%| F|  |TAMS 0x0000000084400000| PB 0x0000000084400000| Untracked 
|  45|0x0000000084500000, 0x0000000084500000, 0x0000000084600000|  0%| F|  |TAMS 0x0000000084500000| PB 0x0000000084500000| Untracked 
|  46|0x0000000084600000, 0x0000000084600000, 0x0000000084700000|  0%| F|  |TAMS 0x0000000084600000| PB 0x0000000084600000| Untracked 
|  47|0x0000000084700000, 0x0000000084700000, 0x0000000084800000|  0%| F|  |TAMS 0x0000000084700000| PB 0x0000000084700000| Untracked 
|  48|0x0000000084800000, 0x0000000084800000, 0x0000000084900000|  0%| F|  |TAMS 0x0000000084800000| PB 0x0000000084800000| Untracked 
|  49|0x0000000084900000, 0x0000000084900000, 0x0000000084a00000|  0%| F|  |TAMS 0x0000000084900000| PB 0x0000000084900000| Untracked 
|  50|0x0000000084a00000, 0x0000000084a00000, 0x0000000084b00000|  0%| F|  |TAMS 0x0000000084a00000| PB 0x0000000084a00000| Untracked 
|  51|0x0000000084b00000, 0x0000000084b00000, 0x0000000084c00000|  0%| F|  |TAMS 0x0000000084b00000| PB 0x0000000084b00000| Untracked 
|  52|0x0000000084c00000, 0x0000000084c00000, 0x0000000084d00000|  0%| F|  |TAMS 0x0000000084c00000| PB 0x0000000084c00000| Untracked 
|  53|0x0000000084d00000, 0x0000000084d00000, 0x0000000084e00000|  0%| F|  |TAMS 0x0000000084d00000| PB 0x0000000084d00000| Untracked 
|  54|0x0000000084e00000, 0x0000000084e00000, 0x0000000084f00000|  0%| F|  |TAMS 0x0000000084e00000| PB 0x0000000084e00000| Untracked 
|  55|0x0000000084f00000, 0x0000000084f00000, 0x0000000085000000|  0%| F|  |TAMS 0x0000000084f00000| PB 0x0000000084f00000| Untracked 
|  56|0x0000000085000000, 0x0000000085000000, 0x0000000085100000|  0%| F|  |TAMS 0x0000000085000000| PB 0x0000000085000000| Untracked 
|  57|0x0000000085100000, 0x0000000085100000, 0x0000000085200000|  0%| F|  |TAMS 0x0000000085100000| PB 0x0000000085100000| Untracked 
|  58|0x0000000085200000, 0x0000000085200000, 0x0000000085300000|  0%| F|  |TAMS 0x0000000085200000| PB 0x0000000085200000| Untracked 
|  59|0x0000000085300000, 0x0000000085300000, 0x0000000085400000|  0%| F|  |TAMS 0x0000000085300000| PB 0x0000000085300000| Untracked 
|  60|0x0000000085400000, 0x0000000085400000, 0x0000000085500000|  0%| F|  |TAMS 0x0000000085400000| PB 0x0000000085400000| Untracked 
|  61|0x0000000085500000, 0x0000000085500000, 0x0000000085600000|  0%| F|  |TAMS 0x0000000085500000| PB 0x0000000085500000| Untracked 
|  62|0x0000000085600000, 0x0000000085600000, 0x0000000085700000|  0%| F|  |TAMS 0x0000000085600000| PB 0x0000000085600000| Untracked 
|  63|0x0000000085700000, 0x0000000085700000, 0x0000000085800000|  0%| F|  |TAMS 0x0000000085700000| PB 0x0000000085700000| Untracked 
|  64|0x0000000085800000, 0x0000000085800000, 0x0000000085900000|  0%| F|  |TAMS 0x0000000085800000| PB 0x0000000085800000| Untracked 
|  65|0x0000000085900000, 0x0000000085900000, 0x0000000085a00000|  0%| F|  |TAMS 0x0000000085900000| PB 0x0000000085900000| Untracked 
|  66|0x0000000085a00000, 0x0000000085a00000, 0x0000000085b00000|  0%| F|  |TAMS 0x0000000085a00000| PB 0x0000000085a00000| Untracked 
|  67|0x0000000085b00000, 0x0000000085b00000, 0x0000000085c00000|  0%| F|  |TAMS 0x0000000085b00000| PB 0x0000000085b00000| Untracked 
|  68|0x0000000085c00000, 0x0000000085c00000, 0x0000000085d00000|  0%| F|  |TAMS 0x0000000085c00000| PB 0x0000000085c00000| Untracked 
|  69|0x0000000085d00000, 0x0000000085d00000, 0x0000000085e00000|  0%| F|  |TAMS 0x0000000085d00000| PB 0x0000000085d00000| Untracked 
|  70|0x0000000085e00000, 0x0000000085e00000, 0x0000000085f00000|  0%| F|  |TAMS 0x0000000085e00000| PB 0x0000000085e00000| Untracked 
|  71|0x0000000085f00000, 0x0000000085f00000, 0x0000000086000000|  0%| F|  |TAMS 0x0000000085f00000| PB 0x0000000085f00000| Untracked 
|  72|0x0000000086000000, 0x0000000086000000, 0x0000000086100000|  0%| F|  |TAMS 0x0000000086000000| PB 0x0000000086000000| Untracked 
|  73|0x0000000086100000, 0x0000000086100000, 0x0000000086200000|  0%| F|  |TAMS 0x0000000086100000| PB 0x0000000086100000| Untracked 
|  74|0x0000000086200000, 0x0000000086200000, 0x0000000086300000|  0%| F|  |TAMS 0x0000000086200000| PB 0x0000000086200000| Untracked 
|  75|0x0000000086300000, 0x0000000086300000, 0x0000000086400000|  0%| F|  |TAMS 0x0000000086300000| PB 0x0000000086300000| Untracked 
|  76|0x0000000086400000, 0x0000000086400000, 0x0000000086500000|  0%| F|  |TAMS 0x0000000086400000| PB 0x0000000086400000| Untracked 
|  77|0x0000000086500000, 0x0000000086500000, 0x0000000086600000|  0%| F|  |TAMS 0x0000000086500000| PB 0x0000000086500000| Untracked 
|  78|0x0000000086600000, 0x0000000086600000, 0x0000000086700000|  0%| F|  |TAMS 0x0000000086600000| PB 0x0000000086600000| Untracked 
|  79|0x0000000086700000, 0x0000000086700000, 0x0000000086800000|  0%| F|  |TAMS 0x0000000086700000| PB 0x0000000086700000| Untracked 
|  80|0x0000000086800000, 0x0000000086800000, 0x0000000086900000|  0%| F|  |TAMS 0x0000000086800000| PB 0x0000000086800000| Untracked 
|  81|0x0000000086900000, 0x0000000086900000, 0x0000000086a00000|  0%| F|  |TAMS 0x0000000086900000| PB 0x0000000086900000| Untracked 
|  82|0x0000000086a00000, 0x0000000086a00000, 0x0000000086b00000|  0%| F|  |TAMS 0x0000000086a00000| PB 0x0000000086a00000| Untracked 
|  83|0x0000000086b00000, 0x0000000086b00000, 0x0000000086c00000|  0%| F|  |TAMS 0x0000000086b00000| PB 0x0000000086b00000| Untracked 
|  84|0x0000000086c00000, 0x0000000086c00000, 0x0000000086d00000|  0%| F|  |TAMS 0x0000000086c00000| PB 0x0000000086c00000| Untracked 
|  85|0x0000000086d00000, 0x0000000086d00000, 0x0000000086e00000|  0%| F|  |TAMS 0x0000000086d00000| PB 0x0000000086d00000| Untracked 
|  86|0x0000000086e00000, 0x0000000086e00000, 0x0000000086f00000|  0%| F|  |TAMS 0x0000000086e00000| PB 0x0000000086e00000| Untracked 
|  87|0x0000000086f00000, 0x0000000086f00000, 0x0000000087000000|  0%| F|  |TAMS 0x0000000086f00000| PB 0x0000000086f00000| Untracked 
|  88|0x0000000087000000, 0x0000000087000000, 0x0000000087100000|  0%| F|  |TAMS 0x0000000087000000| PB 0x0000000087000000| Untracked 
|  89|0x0000000087100000, 0x0000000087100000, 0x0000000087200000|  0%| F|  |TAMS 0x0000000087100000| PB 0x0000000087100000| Untracked 
|  90|0x0000000087200000, 0x0000000087200000, 0x0000000087300000|  0%| F|  |TAMS 0x0000000087200000| PB 0x0000000087200000| Untracked 
|  91|0x0000000087300000, 0x0000000087300000, 0x0000000087400000|  0%| F|  |TAMS 0x0000000087300000| PB 0x0000000087300000| Untracked 
|  92|0x0000000087400000, 0x0000000087400000, 0x0000000087500000|  0%| F|  |TAMS 0x0000000087400000| PB 0x0000000087400000| Untracked 
|  93|0x0000000087500000, 0x0000000087500000, 0x0000000087600000|  0%| F|  |TAMS 0x0000000087500000| PB 0x0000000087500000| Untracked 
|  94|0x0000000087600000, 0x0000000087600000, 0x0000000087700000|  0%| F|  |TAMS 0x0000000087600000| PB 0x0000000087600000| Untracked 
|  95|0x0000000087700000, 0x0000000087700000, 0x0000000087800000|  0%| F|  |TAMS 0x0000000087700000| PB 0x0000000087700000| Untracked 
|  96|0x0000000087800000, 0x0000000087800000, 0x0000000087900000|  0%| F|  |TAMS 0x0000000087800000| PB 0x0000000087800000| Untracked 
|  97|0x0000000087900000, 0x0000000087900000, 0x0000000087a00000|  0%| F|  |TAMS 0x0000000087900000| PB 0x0000000087900000| Untracked 
|  98|0x0000000087a00000, 0x0000000087a00000, 0x0000000087b00000|  0%| F|  |TAMS 0x0000000087a00000| PB 0x0000000087a00000| Untracked 
|  99|0x0000000087b00000, 0x0000000087b00000, 0x0000000087c00000|  0%| F|  |TAMS 0x0000000087b00000| PB 0x0000000087b00000| Untracked 
| 100|0x0000000087c00000, 0x0000000087c00000, 0x0000000087d00000|  0%| F|  |TAMS 0x0000000087c00000| PB 0x0000000087c00000| Untracked 
| 101|0x0000000087d00000, 0x0000000087d00000, 0x0000000087e00000|  0%| F|  |TAMS 0x0000000087d00000| PB 0x0000000087d00000| Untracked 
| 102|0x0000000087e00000, 0x0000000087e00000, 0x0000000087f00000|  0%| F|  |TAMS 0x0000000087e00000| PB 0x0000000087e00000| Untracked 
| 103|0x0000000087f00000, 0x0000000087f00000, 0x0000000088000000|  0%| F|  |TAMS 0x0000000087f00000| PB 0x0000000087f00000| Untracked 
| 104|0x0000000088000000, 0x0000000088000000, 0x0000000088100000|  0%| F|  |TAMS 0x0000000088000000| PB 0x0000000088000000| Untracked 
| 105|0x0000000088100000, 0x0000000088100000, 0x0000000088200000|  0%| F|  |TAMS 0x0000000088100000| PB 0x0000000088100000| Untracked 
| 106|0x0000000088200000, 0x0000000088200000, 0x0000000088300000|  0%| F|  |TAMS 0x0000000088200000| PB 0x0000000088200000| Untracked 
| 107|0x0000000088300000, 0x0000000088300000, 0x0000000088400000|  0%| F|  |TAMS 0x0000000088300000| PB 0x0000000088300000| Untracked 
| 108|0x0000000088400000, 0x0000000088400000, 0x0000000088500000|  0%| F|  |TAMS 0x0000000088400000| PB 0x0000000088400000| Untracked 
| 109|0x0000000088500000, 0x00000000885fa9e0, 0x0000000088600000| 97%| E|  |TAMS 0x0000000088500000| PB 0x0000000088500000| Complete 
| 110|0x0000000088600000, 0x0000000088700000, 0x0000000088700000|100%| E|  |TAMS 0x0000000088600000| PB 0x0000000088600000| Complete 
| 111|0x0000000088700000, 0x000000008878d080, 0x0000000088800000| 55%| S|CS|TAMS 0x0000000088700000| PB 0x0000000088700000| Complete 
| 112|0x0000000088800000, 0x0000000088900000, 0x0000000088900000|100%| S|CS|TAMS 0x0000000088800000| PB 0x0000000088800000| Complete 
| 113|0x0000000088900000, 0x0000000088a00000, 0x0000000088a00000|100%| E|CS|TAMS 0x0000000088900000| PB 0x0000000088900000| Complete 
| 114|0x0000000088a00000, 0x0000000088b00000, 0x0000000088b00000|100%| E|CS|TAMS 0x0000000088a00000| PB 0x0000000088a00000| Complete 
| 115|0x0000000088b00000, 0x0000000088c00000, 0x0000000088c00000|100%| E|CS|TAMS 0x0000000088b00000| PB 0x0000000088b00000| Complete 
| 116|0x0000000088c00000, 0x0000000088d00000, 0x0000000088d00000|100%| E|CS|TAMS 0x0000000088c00000| PB 0x0000000088c00000| Complete 
| 117|0x0000000088d00000, 0x0000000088e00000, 0x0000000088e00000|100%| E|CS|TAMS 0x0000000088d00000| PB 0x0000000088d00000| Complete 
| 118|0x0000000088e00000, 0x0000000088f00000, 0x0000000088f00000|100%| E|CS|TAMS 0x0000000088e00000| PB 0x0000000088e00000| Complete 
| 119|0x0000000088f00000, 0x0000000089000000, 0x0000000089000000|100%| E|CS|TAMS 0x0000000088f00000| PB 0x0000000088f00000| Complete 
| 120|0x0000000089000000, 0x0000000089100000, 0x0000000089100000|100%| E|CS|TAMS 0x0000000089000000| PB 0x0000000089000000| Complete 
| 121|0x0000000089100000, 0x0000000089200000, 0x0000000089200000|100%| E|CS|TAMS 0x0000000089100000| PB 0x0000000089100000| Complete 
| 122|0x0000000089200000, 0x0000000089300000, 0x0000000089300000|100%| E|CS|TAMS 0x0000000089200000| PB 0x0000000089200000| Complete 
| 123|0x0000000089300000, 0x0000000089400000, 0x0000000089400000|100%| E|CS|TAMS 0x0000000089300000| PB 0x0000000089300000| Complete 
| 124|0x0000000089400000, 0x0000000089500000, 0x0000000089500000|100%| E|CS|TAMS 0x0000000089400000| PB 0x0000000089400000| Complete 
| 125|0x0000000089500000, 0x0000000089600000, 0x0000000089600000|100%| E|CS|TAMS 0x0000000089500000| PB 0x0000000089500000| Complete 
| 126|0x0000000089600000, 0x0000000089700000, 0x0000000089700000|100%| E|CS|TAMS 0x0000000089600000| PB 0x0000000089600000| Complete 
| 127|0x0000000089700000, 0x0000000089800000, 0x0000000089800000|100%| E|CS|TAMS 0x0000000089700000| PB 0x0000000089700000| Complete 

Card table byte_map: [0x00000140a0010000,0x00000140a0410000] _byte_map_base: 0x000001409fc04000

Marking Bits: (CMBitMap*) 0x0000014088bb42e0
 Bits: [0x00000140a0810000, 0x00000140a27b0000)

Polling page: 0x0000014086aa0000

Metaspace:

Usage:
  Non-class:     11.50 MB used.
      Class:      1.31 MB used.
       Both:     12.81 MB used.

Virtual space:
  Non-class space:       64.00 MB reserved,      11.62 MB ( 18%) committed,  1 nodes.
      Class space:        1.00 GB reserved,       1.44 MB ( <1%) committed,  1 nodes.
             Both:        1.06 GB reserved,      13.06 MB (  1%) committed. 

Chunk freelists:
   Non-Class:  3.84 MB
       Class:  2.49 MB
        Both:  6.34 MB

MaxMetaspaceSize: unlimited
CompressedClassSpaceSize: 1.00 GB
Initial GC threshold: 21.00 MB
Current GC threshold: 21.00 MB
CDS: on
MetaspaceReclaimPolicy: balanced
 - commit_granule_bytes: 65536.
 - commit_granule_words: 8192.
 - virtual_space_node_default_size: 8388608.
 - enlarge_chunks_in_place: 1.
 - new_chunks_are_fully_committed: 0.
 - uncommit_free_chunks: 1.
 - use_allocation_guard: 0.


Internal statistics:

num_allocs_failed_limit: 0.
num_arena_births: 190.
num_arena_deaths: 0.
num_vsnodes_births: 2.
num_vsnodes_deaths: 0.
num_space_committed: 209.
num_space_uncommitted: 0.
num_chunks_returned_to_freelist: 0.
num_chunks_taken_from_freelist: 399.
num_chunk_merges: 0.
num_chunk_splits: 232.
num_chunks_enlarged: 106.
num_inconsistent_stats: 0.

CodeHeap 'non-profiled nmethods': size=120000Kb used=627Kb max_used=627Kb free=119372Kb
 bounds [0x00000140986e0000, 0x0000014098950000, 0x000001409fc10000]
CodeHeap 'profiled nmethods': size=120000Kb used=3656Kb max_used=3656Kb free=116343Kb
 bounds [0x0000014090c10000, 0x0000014090fb0000, 0x0000014098140000]
CodeHeap 'non-nmethods': size=5760Kb used=2009Kb max_used=2027Kb free=3750Kb
 bounds [0x0000014098140000, 0x00000140983b0000, 0x00000140986e0000]
 total_blobs=2953 nmethods=1998 adapters=866
 compilation: enabled
              stopped_count=0, restarted_count=0
 full_count=0

Compilation events (20 events):
Event: 12.184 Thread 0x00000140a4c953a0 1989       3       java.awt.Component::dispatchEventImpl (785 bytes)
Event: 12.191 Thread 0x00000140a4c953a0 nmethod 1989 0x0000014090f94390 code [0x0000014090f94c40, 0x0000014090f9b5b0]
Event: 12.200 Thread 0x00000140a4c953a0 1990       3       java.awt.LightweightDispatcher::dispatchEvent (73 bytes)
Event: 12.201 Thread 0x00000140a4c953a0 nmethod 1990 0x0000014090f9ca90 code [0x0000014090f9cc80, 0x0000014090f9d3f0]
Event: 12.240 Thread 0x00000140a4c8bc50 1991       4       java.awt.Component::inside (30 bytes)
Event: 12.240 Thread 0x00000140a4c8bc50 nmethod 1991 0x000001409877cc90 code [0x000001409877ce00, 0x000001409877ceb0]
Event: 12.256 Thread 0x00000140a4c953a0 1992   !   3       java.util.concurrent.locks.AbstractQueuedSynchronizer$ConditionObject::newConditionNode (78 bytes)
Event: 12.257 Thread 0x00000140a4c953a0 nmethod 1992 0x0000014090f9d590 code [0x0000014090f9d7c0, 0x0000014090f9df98]
Event: 12.257 Thread 0x00000140a4c953a0 1993       3       java.util.concurrent.locks.AbstractQueuedSynchronizer$ConditionObject::enableWait (84 bytes)
Event: 12.258 Thread 0x00000140a4c953a0 nmethod 1993 0x0000014090f9e290 code [0x0000014090f9e4a0, 0x0000014090f9ebe8]
Event: 12.263 Thread 0x00000140a4c953a0 1994       3       java.util.concurrent.ForkJoinPool::managedBlock (36 bytes)
Event: 12.265 Thread 0x00000140a4c953a0 nmethod 1994 0x0000014090f9ee90 code [0x0000014090f9f0e0, 0x0000014090f9fe00]
Event: 13.984 Thread 0x00000140a4c953a0 1995       3       java.util.WeakHashMap::matchesKey (33 bytes)
Event: 13.985 Thread 0x00000140a4c953a0 nmethod 1995 0x0000014090fa0190 code [0x0000014090fa0360, 0x0000014090fa0878]
Event: 13.985 Thread 0x00000140a4c953a0 1996       3       sun.util.locale.LocaleObjectCache::cleanStaleEntries (34 bytes)
Event: 13.986 Thread 0x00000140a4c953a0 nmethod 1996 0x0000014090fa0a10 code [0x0000014090fa0be0, 0x0000014090fa1058]
Event: 13.986 Thread 0x00000140a4c953a0 1997  s    3       java.beans.ChangeListenerMap::get (25 bytes)
Event: 13.986 Thread 0x00000140a4c953a0 nmethod 1997 0x0000014090fa1210 code [0x0000014090fa13c0, 0x0000014090fa17b8]
Event: 13.986 Thread 0x00000140a4c953a0 1998   !   3       java.awt.Component::firePropertyChange (59 bytes)
Event: 13.987 Thread 0x00000140a4c953a0 nmethod 1998 0x0000014090fa1890 code [0x0000014090fa1a60, 0x0000014090fa1fc0]

GC Heap History (4 events):
Event: 1.678 GC heap before
{Heap before GC invocations=0 (full 0):
 garbage-first heap   total 131072K, used 13312K [0x0000000081800000, 0x0000000100000000)
  region size 1024K, 13 young (13312K), 0 survivors (0K)
 Metaspace       used 7628K, committed 7872K, reserved 1114112K
  class space    used 827K, committed 960K, reserved 1048576K
}
Event: 1.688 GC heap after
{Heap after GC invocations=1 (full 0):
 garbage-first heap   total 131072K, used 3824K [0x0000000081800000, 0x0000000100000000)
  region size 1024K, 2 young (2048K), 2 survivors (2048K)
 Metaspace       used 7628K, committed 7872K, reserved 1114112K
  class space    used 827K, committed 960K, reserved 1048576K
}
Event: 2.416 GC heap before
{Heap before GC invocations=1 (full 0):
 garbage-first heap   total 131072K, used 16112K [0x0000000081800000, 0x0000000100000000)
  region size 1024K, 15 young (15360K), 2 survivors (2048K)
 Metaspace       used 10825K, committed 11136K, reserved 1114112K
  class space    used 1133K, committed 1280K, reserved 1048576K
}
Event: 2.425 GC heap after
{Heap after GC invocations=2 (full 0):
 garbage-first heap   total 131072K, used 5533K [0x0000000081800000, 0x0000000100000000)
  region size 1024K, 2 young (2048K), 2 survivors (2048K)
 Metaspace       used 10825K, committed 11136K, reserved 1114112K
  class space    used 1133K, committed 1280K, reserved 1048576K
}

Dll operation events (11 events):
Event: 0.019 Loaded shared library C:\Program Files\Java\jdk-20\bin\java.dll
Event: 0.039 Loaded shared library C:\Program Files\Java\jdk-20\bin\jsvml.dll
Event: 0.163 Loaded shared library C:\Program Files\Java\jdk-20\bin\net.dll
Event: 0.168 Loaded shared library C:\Program Files\Java\jdk-20\bin\nio.dll
Event: 0.227 Loaded shared library C:\Program Files\Java\jdk-20\bin\zip.dll
Event: 0.336 Loaded shared library C:\Program Files\Java\jdk-20\bin\jimage.dll
Event: 0.343 Loaded shared library C:\Program Files\Java\jdk-20\bin\awt.dll
Event: 1.079 Loaded shared library C:\Program Files\Java\jdk-20\bin\freetype.dll
Event: 1.080 Loaded shared library C:\Program Files\Java\jdk-20\bin\fontmanager.dll
Event: 2.327 Loaded shared library C:\Program Files\Java\jdk-20\bin\extnet.dll
Event: 5.823 Loaded shared library C:\Users\Elvis\Documents\NetBeansProjects\SofwareMatricula\opencv_java480.dll

Deoptimization events (20 events):
Event: 2.068 Thread 0x00000140a94869f0 Uncommon trap: trap_request=0xffffffde fr.pc=0x0000014098717ec8 relative=0x0000000000000288
Event: 2.068 Thread 0x00000140a94869f0 Uncommon trap: reason=class_check action=maybe_recompile pc=0x0000014098717ec8 method=java.util.regex.Pattern$BmpCharPropertyGreedy.match(Ljava/util/regex/Matcher;ILjava/lang/CharSequence;)Z @ 26 c2
Event: 2.068 Thread 0x00000140a94869f0 DEOPT PACKING pc=0x0000014098717ec8 sp=0x00000021c79fe370
Event: 2.068 Thread 0x00000140a94869f0 DEOPT UNPACKING pc=0x00000140981a9d22 sp=0x00000021c79fe328 mode 2
Event: 2.092 Thread 0x00000140a94869f0 Uncommon trap: trap_request=0xffffff45 fr.pc=0x000001409872e730 relative=0x00000000000000b0
Event: 2.092 Thread 0x00000140a94869f0 Uncommon trap: reason=unstable_if action=reinterpret pc=0x000001409872e730 method=java.nio.Buffer.position(I)Ljava/nio/Buffer; @ 37 c2
Event: 2.092 Thread 0x00000140a94869f0 DEOPT PACKING pc=0x000001409872e730 sp=0x00000021c79fb660
Event: 2.092 Thread 0x00000140a94869f0 DEOPT UNPACKING pc=0x00000140981a9d22 sp=0x00000021c79fb5a0 mode 2
Event: 2.093 Thread 0x00000140a94869f0 Uncommon trap: trap_request=0xffffff45 fr.pc=0x000001409872a9ac relative=0x00000000000000ac
Event: 2.093 Thread 0x00000140a94869f0 Uncommon trap: reason=unstable_if action=reinterpret pc=0x000001409872a9ac method=java.nio.Buffer.position(I)Ljava/nio/Buffer; @ 37 c2
Event: 2.093 Thread 0x00000140a94869f0 DEOPT PACKING pc=0x000001409872a9ac sp=0x00000021c79fb630
Event: 2.094 Thread 0x00000140a94869f0 DEOPT UNPACKING pc=0x00000140981a9d22 sp=0x00000021c79fb5b8 mode 2
Event: 2.548 Thread 0x00000140a94869f0 Uncommon trap: trap_request=0xffffff45 fr.pc=0x00000140987309a8 relative=0x0000000000000108
Event: 2.548 Thread 0x00000140a94869f0 Uncommon trap: reason=unstable_if action=reinterpret pc=0x00000140987309a8 method=java.util.concurrent.locks.ReentrantLock$Sync.tryRelease(I)Z @ 26 c2
Event: 2.548 Thread 0x00000140a94869f0 DEOPT PACKING pc=0x00000140987309a8 sp=0x00000021c79fe620
Event: 2.548 Thread 0x00000140a94869f0 DEOPT UNPACKING pc=0x00000140981a9d22 sp=0x00000021c79fe500 mode 2
Event: 2.549 Thread 0x00000140a94869f0 Uncommon trap: trap_request=0xffffff45 fr.pc=0x00000140987305cc relative=0x00000000000000cc
Event: 2.549 Thread 0x00000140a94869f0 Uncommon trap: reason=unstable_if action=reinterpret pc=0x00000140987305cc method=java.util.concurrent.locks.ReentrantLock$Sync.tryRelease(I)Z @ 26 c2
Event: 2.549 Thread 0x00000140a94869f0 DEOPT PACKING pc=0x00000140987305cc sp=0x00000021c79fe510
Event: 2.549 Thread 0x00000140a94869f0 DEOPT UNPACKING pc=0x00000140981a9d22 sp=0x00000021c79fe4b0 mode 2

Classes loaded (20 events):
Event: 7.955 Loading class java/awt/image/ComponentSampleModel done
Event: 7.955 Loading class java/awt/image/PixelInterleavedSampleModel done
Event: 7.955 Loading class sun/awt/image/ByteInterleavedRaster
Event: 7.956 Loading class sun/awt/image/ByteComponentRaster
Event: 7.956 Loading class sun/awt/image/ByteComponentRaster done
Event: 7.956 Loading class sun/awt/image/ByteInterleavedRaster done
Event: 7.958 Loading class jdk/internal/event/ThreadSleepEvent
Event: 7.958 Loading class javax/swing/CellRendererPane
Event: 7.958 Loading class jdk/internal/event/Event
Event: 7.959 Loading class javax/swing/CellRendererPane done
Event: 7.959 Loading class jdk/internal/event/Event done
Event: 7.959 Loading class jdk/internal/event/ThreadSleepEvent done
Event: 7.959 Loading class javax/swing/RepaintManager$3
Event: 7.959 Loading class javax/swing/RepaintManager$3 done
Event: 13.976 Loading class java/awt/Window$1DisposeAction
Event: 13.976 Loading class java/awt/Window$1DisposeAction done
Event: 13.976 Loading class java/awt/KeyboardFocusManager$2
Event: 13.976 Loading class java/awt/KeyboardFocusManager$2 done
Event: 13.976 Loading class sun/awt/SunToolkit$1
Event: 13.976 Loading class sun/awt/SunToolkit$1 done

Classes unloaded (0 events):
No events

Classes redefined (0 events):
No events

Internal exceptions (20 events):
Event: 0.176 Thread 0x0000014086a0dfb0 Exception <a 'sun/nio/fs/WindowsException'{0x00000000896d12a8}> (0x00000000896d12a8) 
thrown [s\open\src\hotspot\share\prims\jni.cpp, line 519]
Event: 0.177 Thread 0x0000014086a0dfb0 Exception <a 'sun/nio/fs/WindowsException'{0x00000000896d1e40}> (0x00000000896d1e40) 
thrown [s\open\src\hotspot\share\prims\jni.cpp, line 519]
Event: 0.177 Thread 0x0000014086a0dfb0 Exception <a 'sun/nio/fs/WindowsException'{0x00000000896d2910}> (0x00000000896d2910) 
thrown [s\open\src\hotspot\share\prims\jni.cpp, line 519]
Event: 0.319 Thread 0x0000014086a0dfb0 Exception <a 'java/lang/ClassNotFoundException'{0x0000000089449f28}: sun/awt/resources/spi/awtProvider> (0x0000000089449f28) 
thrown [s\open\src\hotspot\share\classfile\systemDictionary.cpp, line 305]
Event: 0.377 Thread 0x0000014086a0dfb0 Exception <a 'java/io/FileNotFoundException'{0x00000000894a2848}> (0x00000000894a2848) 
thrown [s\open\src\hotspot\share\prims\jni.cpp, line 519]
Event: 0.393 Thread 0x0000014086a0dfb0 Exception <a 'java/io/FileNotFoundException'{0x00000000894ccc38}> (0x00000000894ccc38) 
thrown [s\open\src\hotspot\share\prims\jni.cpp, line 519]
Event: 0.594 Thread 0x00000140a94869f0 Exception <a 'java/lang/NoSuchMethodError'{0x0000000089227850}: 'void java.lang.invoke.DirectMethodHandle$Holder.invokeSpecial(java.lang.Object, java.lang.Object, java.lang.Object)'> (0x0000000089227850) 
thrown [s\open\src\hotspot\share\interpreter\linkResolver.cpp, line 773]
Event: 0.617 Thread 0x00000140a94869f0 Exception <a 'java/lang/NoSuchMethodError'{0x00000000892523c0}: 'java.lang.Object java.lang.invoke.DirectMethodHandle$Holder.newInvokeSpecial(java.lang.Object, java.lang.Object, java.lang.Object, java.lang.Object, java.lang.Object)'> (0x00000000892523c0) 
thrown [s\open\src\hotspot\share\interpreter\linkResolver.cpp, line 773]
Event: 0.635 Thread 0x00000140a94869f0 Exception <a 'java/lang/NoSuchMethodError'{0x0000000089282c68}: 'java.lang.Object java.lang.invoke.DirectMethodHandle$Holder.invokeStatic(java.lang.Object, int, java.lang.Object)'> (0x0000000089282c68) 
thrown [s\open\src\hotspot\share\interpreter\linkResolver.cpp, line 773]
Event: 0.706 Thread 0x00000140a94869f0 Exception <a 'java/lang/ClassNotFoundException'{0x000000008913e060}: com/sun/swing/internal/plaf/metal/resources/spi/metalProvider> (0x000000008913e060) 
thrown [s\open\src\hotspot\share\classfile\systemDictionary.cpp, line 305]
Event: 0.709 Thread 0x00000140a94869f0 Exception <a 'java/lang/ClassNotFoundException'{0x0000000089141fc0}: com/sun/swing/internal/plaf/basic/resources/spi/basicProvider> (0x0000000089141fc0) 
thrown [s\open\src\hotspot\share\classfile\systemDictionary.cpp, line 305]
Event: 0.726 Thread 0x00000140a94869f0 Exception <a 'java/lang/NoSuchMethodError'{0x0000000089160fd8}: 'int java.lang.invoke.Invokers$Holder.invokeExact_MT(java.lang.Object, java.lang.Object)'> (0x0000000089160fd8) 
thrown [s\open\src\hotspot\share\interpreter\linkResolver.cpp, line 773]
Event: 0.985 Thread 0x00000140a94879e0 Exception <a 'java/lang/NoSuchMethodError'{0x0000000088f69490}: 'java.lang.Object java.lang.invoke.DirectMethodHandle$Holder.newInvokeSpecial(java.lang.Object, java.lang.Object, java.lang.Object, int, int, int, int, int)'> (0x0000000088f69490) 
thrown [s\open\src\hotspot\share\interpreter\linkResolver.cpp, line 773]
Event: 1.071 Thread 0x00000140a94869f0 Exception <a 'java/lang/NoSuchMethodError'{0x00000000891c14e8}: 'void java.lang.invoke.DirectMethodHandle$Holder.invokeStaticInit(java.lang.Object)'> (0x00000000891c14e8) 
thrown [s\open\src\hotspot\share\interpreter\linkResolver.cpp, line 773]
Event: 2.007 Thread 0x00000140a94864a0 Exception <a 'java/lang/NoSuchMethodError'{0x0000000089056330}: 'void java.lang.invoke.DirectMethodHandle$Holder.invokeVirtual(java.lang.Object, java.lang.Object)'> (0x0000000089056330) 
thrown [s\open\src\hotspot\share\interpreter\linkResolver.cpp, line 773]
Event: 2.027 Thread 0x00000140a94869f0 Implicit null exception at 0x000001409873528c to 0x0000014098735324
Event: 2.082 Thread 0x00000140a94869f0 Exception <a 'java/lang/NoSuchMethodError'{0x0000000088f50048}: 'java.lang.Object java.lang.invoke.DirectMethodHandle$Holder.invokeInterface(java.lang.Object, java.lang.Object)'> (0x0000000088f50048) 
thrown [s\open\src\hotspot\share\interpreter\linkResolver.cpp, line 773]
Event: 2.123 Thread 0x00000140a94869f0 Exception <a 'java/lang/NoSuchMethodError'{0x0000000088fcae30}: 'void java.lang.invoke.DirectMethodHandle$Holder.invokeStatic(java.lang.Object, java.lang.Object, java.lang.Object)'> (0x0000000088fcae30) 
thrown [s\open\src\hotspot\share\interpreter\linkResolver.cpp, line 773]
Event: 2.126 Thread 0x00000140a94869f0 Exception <a 'java/lang/NoSuchMethodError'{0x0000000088fd4940}: 'java.lang.Object java.lang.invoke.DirectMethodHandle$Holder.invokeVirtual(java.lang.Object, java.lang.Object, java.lang.Object)'> (0x0000000088fd4940) 
thrown [s\open\src\hotspot\share\interpreter\linkResolver.cpp, line 773]
Event: 2.330 Thread 0x00000140a94869f0 Exception <a 'java/lang/NoSuchMethodError'{0x0000000088cdb248}: 'void java.lang.invoke.DirectMethodHandle$Holder.invokeStatic(java.lang.Object, java.lang.Object)'> (0x0000000088cdb248) 
thrown [s\open\src\hotspot\share\interpreter\linkResolver.cpp, line 773]

VM Operations (20 events):
Event: 3.610 Executing VM operation: Cleanup done
Event: 4.619 Executing VM operation: Cleanup
Event: 4.619 Executing VM operation: Cleanup done
Event: 5.630 Executing VM operation: Cleanup
Event: 5.630 Executing VM operation: Cleanup done
Event: 6.640 Executing VM operation: Cleanup
Event: 6.641 Executing VM operation: Cleanup done
Event: 7.647 Executing VM operation: Cleanup
Event: 7.647 Executing VM operation: Cleanup done
Event: 8.651 Executing VM operation: Cleanup
Event: 8.651 Executing VM operation: Cleanup done
Event: 9.653 Executing VM operation: Cleanup
Event: 9.653 Executing VM operation: Cleanup done
Event: 10.663 Executing VM operation: Cleanup
Event: 10.663 Executing VM operation: Cleanup done
Event: 11.665 Executing VM operation: Cleanup
Event: 11.665 Executing VM operation: Cleanup done
Event: 12.676 Executing VM operation: Cleanup
Event: 12.676 Executing VM operation: Cleanup done
Event: 14.102 Executing VM operation: Exit

Events (20 events):
Event: 0.475 Thread 0x00000140a9486f40 Thread added: 0x00000140a9486f40
Event: 0.480 Thread 0x00000140a94864a0 Thread added: 0x00000140a94864a0
Event: 0.503 Thread 0x00000140a94869f0 Thread added: 0x00000140a94869f0
Event: 0.504 Thread 0x0000014086a0dfb0 Thread exited: 0x0000014086a0dfb0
Event: 0.504 Thread 0x00000140a9487f30 Thread added: 0x00000140a9487f30
Event: 0.810 Thread 0x00000140a94879e0 Thread added: 0x00000140a94879e0
Event: 0.892 Thread 0x00000140a95d6f00 Thread added: 0x00000140a95d6f00
Event: 1.571 Thread 0x00000140a95d6f00 Thread exited: 0x00000140a95d6f00
Event: 1.864 Thread 0x00000140a98e6120 Thread added: 0x00000140a98e6120
Event: 2.043 Thread 0x00000140a9485a00 Thread added: 0x00000140a9485a00
Event: 2.634 Thread 0x00000140a94889d0 Thread added: 0x00000140a94889d0
Event: 3.141 Thread 0x00000140a98e6120 Thread exited: 0x00000140a98e6120
Event: 6.031 Thread 0x00000140a94879e0 Thread exited: 0x00000140a94879e0
Event: 7.099 Thread 0x00000140a94879e0 Thread added: 0x00000140a94879e0
Event: 11.025 Thread 0x00000140a94879e0 Thread exited: 0x00000140a94879e0
Event: 13.987 Thread 0x00000140a94879e0 Thread added: 0x00000140a94879e0
Event: 13.988 Thread 0x00000140ab359640 Thread added: 0x00000140ab359640
Event: 13.992 Thread 0x00000140a94879e0 Thread exited: 0x00000140a94879e0
Event: 14.026 Thread 0x00000140a94864a0 Thread exited: 0x00000140a94864a0
Event: 14.101 Thread 0x00000140ab359640 Thread exited: 0x00000140ab359640


Dynamic libraries:
0x00007ff607de0000 - 0x00007ff607df0000 	C:\Program Files\Java\jdk-20\bin\java.exe
0x00007fffc5810000 - 0x00007fffc5a08000 	C:\Windows\SYSTEM32\ntdll.dll
0x00007fff634f0000 - 0x00007fff63509000 	C:\Program Files\Avast Software\Avast\aswhook.dll
0x00007fffc4970000 - 0x00007fffc4a2d000 	C:\Windows\System32\KERNEL32.DLL
0x00007fffc31d0000 - 0x00007fffc34c6000 	C:\Windows\System32\KERNELBASE.dll
0x00007fffc3040000 - 0x00007fffc3140000 	C:\Windows\System32\ucrtbase.dll
0x00007fffc04a0000 - 0x00007fffc04bb000 	C:\Program Files\Java\jdk-20\bin\VCRUNTIME140.dll
0x00007fffa59b0000 - 0x00007fffa59c9000 	C:\Program Files\Java\jdk-20\bin\jli.dll
0x00007fffc48c0000 - 0x00007fffc496f000 	C:\Windows\System32\ADVAPI32.dll
0x00007fffc4aa0000 - 0x00007fffc4b3e000 	C:\Windows\System32\msvcrt.dll
0x00007fffc3870000 - 0x00007fffc390c000 	C:\Windows\System32\sechost.dll
0x00007fffc4670000 - 0x00007fffc4796000 	C:\Windows\System32\RPCRT4.dll
0x00007fffc4b40000 - 0x00007fffc4cde000 	C:\Windows\System32\USER32.dll
0x00007fffc34d0000 - 0x00007fffc34f2000 	C:\Windows\System32\win32u.dll
0x00007fffa9720000 - 0x00007fffa99ba000 	C:\Windows\WinSxS\amd64_microsoft.windows.common-controls_6595b64144ccf1df_6.0.19041.3636_none_60b6a03d71f818d5\COMCTL32.dll
0x00007fffc5680000 - 0x00007fffc56ac000 	C:\Windows\System32\GDI32.dll
0x00007fffc3500000 - 0x00007fffc361a000 	C:\Windows\System32\gdi32full.dll
0x00007fffc3670000 - 0x00007fffc370d000 	C:\Windows\System32\msvcp_win.dll
0x00007fffb9430000 - 0x00007fffb943a000 	C:\Windows\SYSTEM32\VERSION.dll
0x00007fffc3970000 - 0x00007fffc39a0000 	C:\Windows\System32\IMM32.DLL
0x00007fffc0490000 - 0x00007fffc049c000 	C:\Program Files\Java\jdk-20\bin\vcruntime140_1.dll
0x00007fffa52c0000 - 0x00007fffa534e000 	C:\Program Files\Java\jdk-20\bin\msvcp140.dll
0x00007fff4bcf0000 - 0x00007fff4c987000 	C:\Program Files\Java\jdk-20\bin\server\jvm.dll
0x00007fffb2e00000 - 0x00007fffb2e09000 	C:\Windows\SYSTEM32\WSOCK32.dll
0x00007fffafa00000 - 0x00007fffafa27000 	C:\Windows\SYSTEM32\WINMM.dll
0x00007fffc5760000 - 0x00007fffc57cb000 	C:\Windows\System32\WS2_32.dll
0x00007fffc0db0000 - 0x00007fffc0dc2000 	C:\Windows\SYSTEM32\kernel.appcore.dll
0x00007fffc0410000 - 0x00007fffc041a000 	C:\Program Files\Java\jdk-20\bin\jimage.dll
0x00007fffb8630000 - 0x00007fffb8814000 	C:\Windows\SYSTEM32\DBGHELP.DLL
0x00007fffb85f0000 - 0x00007fffb8624000 	C:\Windows\SYSTEM32\dbgcore.DLL
0x00007fffc3140000 - 0x00007fffc31c2000 	C:\Windows\System32\bcryptPrimitives.dll
0x00007fffc0420000 - 0x00007fffc0446000 	C:\Program Files\Java\jdk-20\bin\java.dll
0x00007fffbbce0000 - 0x00007fffbbdb7000 	C:\Program Files\Java\jdk-20\bin\jsvml.dll
0x00007fffc3f20000 - 0x00007fffc4664000 	C:\Windows\System32\SHELL32.dll
0x00007fffc0fb0000 - 0x00007fffc174b000 	C:\Windows\SYSTEM32\windows.storage.dll
0x00007fffc4f80000 - 0x00007fffc52d4000 	C:\Windows\System32\combase.dll
0x00007fffc2860000 - 0x00007fffc288d000 	C:\Windows\SYSTEM32\Wldp.dll
0x00007fffc56b0000 - 0x00007fffc575d000 	C:\Windows\System32\SHCORE.dll
0x00007fffc53c0000 - 0x00007fffc5415000 	C:\Windows\System32\shlwapi.dll
0x00007fffc2e20000 - 0x00007fffc2e45000 	C:\Windows\SYSTEM32\profapi.dll
0x00007fffc03f0000 - 0x00007fffc0403000 	C:\Program Files\Java\jdk-20\bin\net.dll
0x00007fffb82d0000 - 0x00007fffb83da000 	C:\Windows\SYSTEM32\WINHTTP.dll
0x00007fffc25c0000 - 0x00007fffc262a000 	C:\Windows\system32\mswsock.dll
0x00007fffbdaa0000 - 0x00007fffbdab6000 	C:\Program Files\Java\jdk-20\bin\nio.dll
0x00007fffbda80000 - 0x00007fffbda98000 	C:\Program Files\Java\jdk-20\bin\zip.dll
0x00007fff55e40000 - 0x00007fff55fd1000 	C:\Program Files\Java\jdk-20\bin\awt.dll
0x00007fffc4cf0000 - 0x00007fffc4dbd000 	C:\Windows\System32\OLEAUT32.dll
0x00007fffc0700000 - 0x00007fffc0790000 	C:\Windows\SYSTEM32\apphelp.dll
0x00007fffc08c0000 - 0x00007fffc095e000 	C:\Windows\system32\uxtheme.dll
0x00007fffc47a0000 - 0x00007fffc48b4000 	C:\Windows\System32\MSCTF.dll
0x00007fffc5530000 - 0x00007fffc565b000 	C:\Windows\System32\ole32.dll
0x00007fffc09e0000 - 0x00007fffc0a0f000 	C:\Windows\system32\DWMAPI.DLL
0x00007fff93470000 - 0x00007fff93595000 	C:\Windows\system32\opengl32.dll
0x00007fff936f0000 - 0x00007fff9371c000 	C:\Windows\SYSTEM32\GLU32.dll
0x00007fffa8ac0000 - 0x00007fffa8b46000 	C:\Program Files\Java\jdk-20\bin\freetype.dll
0x00007fff97520000 - 0x00007fff975e6000 	C:\Program Files\Java\jdk-20\bin\fontmanager.dll
0x00007fffc3e10000 - 0x00007fffc3eb9000 	C:\Windows\System32\clbcatq.dll
0x00007fffbde20000 - 0x00007fffbdfd4000 	C:\Windows\SYSTEM32\WindowsCodecs.dll
0x00007fffc3010000 - 0x00007fffc3037000 	C:\Windows\System32\bcrypt.dll
0x00007fffa08e0000 - 0x00007fffa091e000 	C:\Windows\system32\dataexchange.dll
0x00007fffbfb10000 - 0x00007fffbfcf3000 	C:\Windows\system32\dcomp.dll
0x00007fffbf2e0000 - 0x00007fffbf543000 	C:\Windows\system32\d3d11.dll
0x00007fffc17b0000 - 0x00007fffc18a3000 	C:\Windows\system32\dxgi.dll
0x00007fffbdfe0000 - 0x00007fffbe1e7000 	C:\Windows\system32\twinapi.appcore.dll
0x00007fffc22f0000 - 0x00007fffc23ba000 	C:\Windows\SYSTEM32\DNSAPI.dll
0x00007fffc22b0000 - 0x00007fffc22eb000 	C:\Windows\SYSTEM32\IPHLPAPI.DLL
0x00007fffc4ce0000 - 0x00007fffc4ce8000 	C:\Windows\System32\NSI.dll
0x00007fffb7ec0000 - 0x00007fffb7eca000 	C:\Windows\System32\rasadhlp.dll
0x00007fffb7de0000 - 0x00007fffb7e60000 	C:\Windows\System32\fwpuclnt.dll
0x00007fffa51e0000 - 0x00007fffa51e7000 	C:\Program Files\Java\jdk-20\bin\extnet.dll
0x00007fffad0f0000 - 0x00007fffad1ea000 	C:\Windows\SYSTEM32\textinputframework.dll
0x00007fffc04c0000 - 0x00007fffc05b2000 	C:\Windows\System32\CoreMessaging.dll
0x00007fffbfd00000 - 0x00007fffc005b000 	C:\Windows\System32\CoreUIComponents.dll
0x00007fffbed20000 - 0x00007fffbee75000 	C:\Windows\SYSTEM32\wintypes.dll
0x00007fffc2010000 - 0x00007fffc2043000 	C:\Windows\SYSTEM32\ntmarta.dll
0x00007fff505b0000 - 0x00007fff536d3000 	C:\Users\Elvis\Documents\NetBeansProjects\SofwareMatricula\opencv_java480.dll
0x00007fff899a0000 - 0x00007fff89aaa000 	C:\Windows\SYSTEM32\MFReadWrite.dll
0x00007fffbce90000 - 0x00007fffbd04b000 	C:\Windows\SYSTEM32\MFPlat.DLL
0x00007fffa72b0000 - 0x00007fffa7334000 	C:\Windows\SYSTEM32\MF.dll
0x00007fffc3620000 - 0x00007fffc366e000 	C:\Windows\System32\cfgmgr32.dll
0x00007fff81ac0000 - 0x00007fff81f4e000 	C:\Windows\SYSTEM32\MFCORE.DLL
0x00007fffc3710000 - 0x00007fffc386d000 	C:\Windows\System32\CRYPT32.dll
0x00007fffc2d50000 - 0x00007fffc2d9b000 	C:\Windows\SYSTEM32\powrprof.dll
0x00007fffa5240000 - 0x00007fffa5249000 	C:\Windows\SYSTEM32\ksuser.dll
0x00007fffc27d0000 - 0x00007fffc27dc000 	C:\Windows\SYSTEM32\CRYPTBASE.DLL
0x00007fffbcde0000 - 0x00007fffbce14000 	C:\Windows\SYSTEM32\RTWorkQ.DLL
0x00007fffc2d30000 - 0x00007fffc2d42000 	C:\Windows\SYSTEM32\UMPDC.dll
0x00007fffb9b00000 - 0x00007fffb9f5f000 	C:\Windows\SYSTEM32\igdusc64.dll
0x00007fffbace0000 - 0x00007fffbad1b000 	C:\Windows\SYSTEM32\dxcore.dll
0x00007fffbc010000 - 0x00007fffbc047000 	C:\Windows\SYSTEM32\CompPkgSup.DLL
0x00007fff43670000 - 0x00007fff43d96000 	C:\Windows\System32\Windows.Media.dll
0x00007fffbb6b0000 - 0x00007fffbb796000 	C:\Windows\System32\Windows.ApplicationModel.dll
0x00007fffbb5a0000 - 0x00007fffbb6a2000 	C:\Windows\System32\AppXDeploymentClient.dll
0x00007fff895b0000 - 0x00007fff8961d000 	C:\Windows\System32\FrameServerClient.dll
0x00007fff89490000 - 0x00007fff894f7000 	C:\Windows\System32\MFSENSORGROUP.dll
0x00007fffbe6c0000 - 0x00007fffbe6ca000 	C:\Windows\SYSTEM32\AVRT.dll
0x00007fffbe960000 - 0x00007fffbe96d000 	C:\Windows\System32\vidcap.ax
0x00007fff8b730000 - 0x00007fff8b757000 	C:\Windows\System32\kswdmcap.ax
0x00007fff82460000 - 0x00007fff825cc000 	C:\Windows\System32\MFC42.dll
0x00007fffa5c70000 - 0x00007fffa5db6000 	C:\Windows\System32\Windows.StateRepositoryPS.dll
0x00007fff820c0000 - 0x00007fff821a5000 	C:\Program Files\Intel\Media SDK\mfx_mft_mjpgvd_64.dll
0x00007fffa1a20000 - 0x00007fffa1adf000 	C:\Windows\SYSTEM32\EVR.dll
0x00007fff58bb0000 - 0x00007fff58d7d000 	C:\Windows\SYSTEM32\d3d9.dll
0x00007fffbea60000 - 0x00007fffbeb56000 	C:\Windows\SYSTEM32\PROPSYS.dll
0x00007fff65a70000 - 0x00007fff65a94000 	C:\Windows\SYSTEM32\dxva2.dll
0x00007fff8bd20000 - 0x00007fff8bd3d000 	C:\Windows\System32\mfmjpegdec.dll
0x00007fffb88c0000 - 0x00007fffb89ed000 	C:\Windows\System32\mfperfhelper.dll
0x00007fff42880000 - 0x00007fff429e0000 	C:\Windows\System32\msvproc.dll
0x00007fff8b550000 - 0x00007fff8b565000 	C:\Windows\SYSTEM32\OpenCL.dll
0x00007fff82e40000 - 0x00007fff82ea2000 	C:\Windows\SYSTEM32\IntelOpenCL64.dll
0x00007fff819c0000 - 0x00007fff81abd000 	C:\Program Files (x86)\Common Files\Intel\OpenCL\bin\x64\intelocl64.dll
0x00007fff81940000 - 0x00007fff819b6000 	C:\Program Files (x86)\Common Files\Intel\OpenCL\bin\x64\task_executor64.dll
0x00007fff818a0000 - 0x00007fff81935000 	C:\Program Files (x86)\Common Files\Intel\OpenCL\bin\x64\cpu_device64.dll
0x00007fff81830000 - 0x00007fff81899000 	C:\Program Files (x86)\Common Files\Intel\OpenCL\bin\x64\tbb\tbb.dll
0x00007fff81630000 - 0x00007fff81824000 	C:\Windows\SYSTEM32\igdrcl64.dll
0x00007fff80040000 - 0x00007fff81622000 	C:\Windows\SYSTEM32\igdfcl64.dll
0x00007fff7ffe0000 - 0x00007fff8003f000 	C:\Windows\SYSTEM32\igdbcl64.dll

dbghelp: loaded successfully - version: 4.0.5 - missing functions: none
symbol engine: initialized successfully - sym options: 0x614 - pdb path: .;C:\Program Files\Java\jdk-20\bin;C:\Windows\SYSTEM32;C:\Program Files\Avast Software\Avast;C:\Windows\WinSxS\amd64_microsoft.windows.common-controls_6595b64144ccf1df_6.0.19041.3636_none_60b6a03d71f818d5;C:\Program Files\Java\jdk-20\bin\server;C:\Users\Elvis\Documents\NetBeansProjects\SofwareMatricula;C:\Program Files\Intel\Media SDK;C:\Program Files (x86)\Common Files\Intel\OpenCL\bin\x64;C:\Program Files (x86)\Common Files\Intel\OpenCL\bin\x64\tbb

VM Arguments:
jvm_args: -Dfile.encoding=UTF-8 --module-path=C:\Users\Elvis\Documents\NetBeansProjects\SofwareMatricula\build\classes 
java_command: SoftwareAsistencia.SoftwareMatriculaAppliation
java_class_path (initial): C:\Program Files\NetBeans-15\netbeans\java\modules\ext\AbsoluteLayout.jar;C:\Users\Elvis\Desktop\Software Farmacia\JarFiles_ProyectFarmacia\JarFiles_ProyectFarmacia\Librerias\Librerias\AbsoluteLayout.jar;C:\Users\Elvis\Downloads\opencv\build\java\opencv-480.jar;C:\Users\Elvis\Downloads\mysql-connector-j-8.2.0\mysql-connector-j-8.2.0.jar;C:\Users\Elvis\Downloads\libs\artoolkitplus-2.3.1-1.3-linux-ppc64le.jar;C:\Users\Elvis\Downloads\libs\artoolkitplus-2.3.1-1.3-linux-x86.jar;C:\Users\Elvis\Downloads\libs\artoolkitplus-2.3.1-1.3-macosx-x86_64.jar;C:\Users\Elvis\Downloads\libs\artoolkitplus-2.3.1-1.3.jar;C:\Users\Elvis\Downloads\libs\bridj-0.7.0.jar;C:\Users\Elvis\Downloads\libs\flandmark-1.07-1.3-macosx-x86_64.jar;C:\Users\Elvis\Downloads\libs\flandmark-1.07-1.3-windows-x86_64.jar;C:\Users\Elvis\Downloads\libs\flycapture-2.9.3.43-1.3-linux-x86_64.jar;C:\Users\Elvis\Downloads\libs\flycapture-2.9.3.43-1.3-windows-x86.jar;C:\Users\Elvis\Downloads\libs\flycapture-2.9.3.43-1.3.jar;C:\Users\Elvis\Downloads\libs\javacv-1.3.3.jar;C:\Users\Elvis\Downloads\libs\javacv-platform-1.3.3.jar;C:\Users\Elvis\Downloads\libs\libdc1394-2.2.4-1.3-windows-x86.jar;C:\Users\Elvis\Downloads\libs\libdc1394-platform-2.2.4-1.3.jar;C:\Users\Elvis\Downloads\libs\libfreenect-0.5.3-1.3-windows-x86.jar;C:\Users\Elvis\Downloads\libs\libfreenect2-0.2.0-1.3.jar;C:\Users\Elvis\Downloads\libs\opencv-3.2.0-1.3-linux-armhf.jar;C:\Users\Elvis\Downloads\libs\opencv-3.2.0-1.3-linux-x86_64.jar;C:\Users\Elvis\Downloads\libs\opencv-3.2.0-1.3-macosx-x86_64.jar;C:\Users\Elvis\Downloads\libs\opencv-3.2.0-1.3-windows-x86_64.jar;C:\Users\Elvis\Downloads\libs\opencv-platform-3.2.0-1.3.jar;C:\Users\Elvis\Downloads\libs\slf4j-api-1.7.2.jar;C:\Users\Elvis\Downloads\libs\v4l4j-0.9.1-r507.jar;C:\Users\Elvis\Downloads\libs\webcam-capture-0.3.12.jar;C:\Users\Elvis\Documents\NetBeansProjects\SofwareMatricula\build\classes
Launcher Type: SUN_STANDARD

[Global flags]
     intx CICompilerCount                          = 3                                         {product} {ergonomic}
     uint ConcGCThreads                            = 1                                         {product} {ergonomic}
     uint G1ConcRefinementThreads                  = 4                                         {product} {ergonomic}
   size_t G1HeapRegionSize                         = 1048576                                   {product} {ergonomic}
    uintx GCDrainStackTargetSize                   = 64                                        {product} {ergonomic}
   size_t InitialHeapSize                          = 134217728                                 {product} {ergonomic}
   size_t MarkStackSize                            = 4194304                                   {product} {ergonomic}
   size_t MaxHeapSize                              = 2122317824                                {product} {ergonomic}
   size_t MaxNewSize                               = 1272971264                                {product} {ergonomic}
   size_t MinHeapDeltaBytes                        = 1048576                                   {product} {ergonomic}
   size_t MinHeapSize                              = 8388608                                   {product} {ergonomic}
    uintx NonNMethodCodeHeapSize                   = 5832780                                {pd product} {ergonomic}
    uintx NonProfiledCodeHeapSize                  = 122912730                              {pd product} {ergonomic}
    uintx ProfiledCodeHeapSize                     = 122912730                              {pd product} {ergonomic}
    uintx ReservedCodeCacheSize                    = 251658240                              {pd product} {ergonomic}
     bool SegmentedCodeCache                       = true                                      {product} {ergonomic}
   size_t SoftMaxHeapSize                          = 2122317824                             {manageable} {ergonomic}
     bool UseCompressedClassPointers               = true                           {product lp64_product} {ergonomic}
     bool UseCompressedOops                        = true                           {product lp64_product} {ergonomic}
     bool UseG1GC                                  = true                                      {product} {ergonomic}
     bool UseLargePagesIndividualAllocation        = false                                  {pd product} {ergonomic}

Logging:
Log output configuration:
 #0: stdout all=off uptime,level,tags foldmultilines=false
 #1: stderr all=off uptime,level,tags foldmultilines=false

Environment Variables:
PATH=C:\Program Files (x86)\VMware\VMware Workstation\bin\;C:\Program Files\Microsoft MPI\Bin\;C:\Program Files\Common Files\Oracle\Java\javapath;C:\Program Files (x86)\Common Files\Oracle\Java\javapath;C:\Windows\system32;C:\Windows;C:\Windows\System32\Wbem;C:\Windows\System32\WindowsPowerShell\v1.0\;C:\Windows\System32\OpenSSH\;C:\Program Files\Git\cmd;C:\Program Files (x86)\Microsoft SQL Server\160\Tools\Binn\;C:\Program Files\Microsoft SQL Server\160\Tools\Binn\;C:\Program Files\Microsoft SQL Server\Client SDK\ODBC\170\Tools\Binn\;C:\Program Files\Microsoft SQL Server\160\DTS\Binn\;C:\Program Files (x86)\Microsoft SQL Server\160\DTS\Binn\;C:\Program Files\Azure Data Studio\bin;C:\ProgramData\chocolatey\bin;C:\Python\Python312\Scripts\;C:\Python\Python312\;C:\Users\Elvis\AppData\Local\Microsoft\WindowsApps;;C:\Users\Elvis\AppData\Local\Programs\Microsoft VS Code\bin;C:\Program Files\Azure Data Studio\bin;C:\Program Files\Azure Data Studio\bin;C:\Program Files\Azure Data Studio\bin
USERNAME=Elvis
OS=Windows_NT
PROCESSOR_IDENTIFIER=Intel64 Family 6 Model 58 Stepping 9, GenuineIntel
TMP=C:\Users\Elvis\AppData\Local\Temp
TEMP=C:\Users\Elvis\AppData\Local\Temp




---------------  S Y S T E M  ---------------

OS:
 Windows 10 , 64 bit Build 19041 (10.0.19041.3636)
OS uptime: 0 days 2:19 hours

CPU: total 4 (initial active 4) (2 cores per cpu, 2 threads per core) family 6 model 58 stepping 9 microcode 0x21, cx8, cmov, fxsr, ht, mmx, sse, sse2, sse3, ssse3, sse4.1, sse4.2, popcnt, tsc, tscinvbit, avx, aes, erms, clmul, vzeroupper, clflush, rdtscp, f16c

Memory: 4k page, system-wide physical 8095M (1616M free)
TotalPageFile size 10655M (AvailPageFile size 1596M)
current process WorkingSet (physical memory assigned to process): 141M, peak: 157M
current process commit charge ("private bytes"): 264M, peak: 284M

vm_info: Java HotSpot(TM) 64-Bit Server VM (20+36-2344) for windows-amd64 JRE (20+36-2344), built on 2023-02-10T19:30:15Z by "mach5one" with MS VC++ 17.1 (VS2022)

END.
